0.000011 : createing logger StdoutLogger
0.000467 : RadarCommunicator: 28
0.000493 : parser constructor
0.000521 : RadarInterface - base -- begin
0.000538 : log_trace -- begin
0.000587 : log_trace -- end
0.000607 : git sha: 3ae25d11eed0
0.000622 : build date: 2017-11-28 11:32:05
0.000640 : subscribe_to_presence_single -- begin
0.000692 : subscribe_to_presence_single -- end
0.000710 : subscribe_to_presence_movinglist -- begin
0.000736 : subscribe_to_presence_movinglist -- end
0.000755 : subscribe_to_data_float -- begin
0.000779 : subscribe_to_data_float -- end
0.000793 : subscribe_to_data_string -- begin
0.000823 : subscribe_to_data_string -- end
0.000836 : subscribe_to_data_byte -- begin
0.000862 : subscribe_to_data_byte -- end
0.000880 : subscribe_to_baseband_iq -- begin
0.000905 : subscribe_to_baseband_iq -- end
0.000921 : subscribe_to_baseband_ap -- begin
0.000944 : subscribe_to_baseband_ap -- end
0.000962 : subscribe_to_pulsedoppler_float -- begin
0.000986 : subscribe_to_pulsedoppler_float -- end
0.001006 : subscribe_to_noisemap_float -- begin
0.001029 : subscribe_to_noisemap_float -- end
0.001776 : subscribe_to_pulsedoppler_byte -- begin
0.001815 : subscribe_to_pulsedoppler_byte -- end
0.001832 : subscribe_to_noisemap_byte -- begin
0.001856 : subscribe_to_noisemap_byte -- end
0.001871 : subscribe_to_system_status -- begin
0.001892 : subscribe_to_system_status -- end
0.001911 : subscribe_to_resp_status -- begin
0.001935 : subscribe_to_resp_status -- end
0.001968 : subscribe_to_sleep_status -- begin
0.001994 : subscribe_to_sleep_status -- end
0.002009 : subscribe_to_respiration_movinglist -- begin
0.002031 : subscribe_to_respiration_movinglist -- end
0.002047 : subscribe_to_respiration_detectionlist -- begin
0.002068 : subscribe_to_respiration_detectionlist -- end
0.002083 : open -- begin
0.002096 : creating LinuxModuleIo
0.002236 : LinuxModuleIo::open /dev/cu.usbmodem1411 -- begin
0.003875 : LinuxModuleIo::open /dev/cu.usbmodem1411 -- end
0.003932 : open -- end
0.003949 : RadarInterface - base -- end
0.004057 : subscribe_to_radar_settings -- begin
0.004093 : subscribe_to_radar_settings -- end
0.004137 : ping -- begin
0.004171 : sending: 
0.004198 : 8: {0x7d, 0x1, 0xae, 0xea, 0xaa, 0xee, 0x7c, 0x7e, }
0.004230 : sent
0.004396 : 8: {0x7d, 0x1, 0xea, 0xae, 0xee, 0xaa, 0x7c, 0x7e, }
0.004419 : dispatching packet: 
0.004437 : 5: {0x1, 0xea, 0xae, 0xee, 0xaa, }
0.004498 : ping -- end
0.004554 : unsubscribe -- begin
0.004575 : unsubscribe -- end
0.004600 : task ending: recorder
0.004668 : ~ActiveThread: recorder
0.004694 : ~RadarInterface -- begin
0.004709 : ~RadarInterface -- end
0.004724 : ~RadarCommunicator -- begin
0.006045 : task ending: writer
0.006142 : ~ActiveThread: writer
0.025449 : task ending: reader
0.025577 : ~ActiveThread: reader
0.025605 : Closing: /dev/cu.usbmodem1411
0.026293 : ~RadarCommunicator -- end
0.026345 : ~PacketDispatcher -- begin
0.026384 : task ending: dispatcher
0.026459 : ~PacketDispatcher -- end
0.026485 : ~ActiveThread: dispatcher
0.026520 : ~StdoutLogger
