0.000023 : createing logger StdoutLogger
0.002649 : RadarCommunicator: 28
0.002679 : parser constructor
0.002700 : RadarInterface - base -- begin
0.002712 : log_trace -- begin
0.002755 : log_trace -- end
0.002770 : git sha: 3ae25d11eed0
0.002781 : build date: 2017-11-28 11:32:05
0.002795 : subscribe_to_presence_single -- begin
0.002897 : subscribe_to_presence_single -- end
0.002913 : subscribe_to_presence_movinglist -- begin
0.002933 : subscribe_to_presence_movinglist -- end
0.002945 : subscribe_to_data_float -- begin
0.002963 : subscribe_to_data_float -- end
0.002977 : subscribe_to_data_string -- begin
0.002994 : subscribe_to_data_string -- end
0.003005 : subscribe_to_data_byte -- begin
0.003024 : subscribe_to_data_byte -- end
0.003038 : subscribe_to_baseband_iq -- begin
0.003054 : subscribe_to_baseband_iq -- end
0.003065 : subscribe_to_baseband_ap -- begin
0.003082 : subscribe_to_baseband_ap -- end
0.003096 : subscribe_to_pulsedoppler_float -- begin
0.003113 : subscribe_to_pulsedoppler_float -- end
0.003127 : subscribe_to_noisemap_float -- begin
0.003144 : subscribe_to_noisemap_float -- end
0.003155 : subscribe_to_pulsedoppler_byte -- begin
0.003180 : subscribe_to_pulsedoppler_byte -- end
0.004470 : subscribe_to_noisemap_byte -- begin
0.004516 : subscribe_to_noisemap_byte -- end
0.004533 : subscribe_to_system_status -- begin
0.004560 : subscribe_to_system_status -- end
0.004656 : subscribe_to_resp_status -- begin
0.004700 : subscribe_to_resp_status -- end
0.004717 : subscribe_to_sleep_status -- begin
0.004742 : subscribe_to_sleep_status -- end
0.004756 : subscribe_to_respiration_movinglist -- begin
0.004780 : subscribe_to_respiration_movinglist -- end
0.004794 : subscribe_to_respiration_detectionlist -- begin
0.004814 : subscribe_to_respiration_detectionlist -- end
0.004828 : open -- begin
0.004841 : creating LinuxModuleIo
0.004981 : LinuxModuleIo::open /dev/cu.usbmodem1411 -- begin
0.005874 : LinuxModuleIo::open /dev/cu.usbmodem1411 -- end
0.005921 : open -- end
0.005939 : RadarInterface - base -- end
0.006080 : subscribe_to_radar_settings -- begin
0.006116 : subscribe_to_radar_settings -- end
0.006298 : ping -- begin
0.006345 : sending: 
0.006404 : 8: {0x7d, 0x1, 0xae, 0xea, 0xaa, 0xee, 0x7c, 0x7e, }
0.006512 : sent
0.025585 : 262: {0x7c, 0x7c, 0x7c, 0x7c, 0xfd, 0x0, 0x0, 0x0, 0x0, 0x50, 0xd, 0x0, 0x0, 0x0, 0xea, 0x84, 0x0, 0x0, 0x1c, 0x0, ..., 0x92, 0x3b, 0xbf}
0.025648 : dispatching packet: 
0.025689 : 253: {0x50, 0xd, 0x0, 0x0, 0x0, 0xea, 0x84, 0x0, 0x0, 0x1c, 0x0, 0x0, 0x0, 0x18, 0xb3, 0x52, 0x3d, 0xa1, 0xce, 0x2d, ..., 0x92, 0x3b, 0xbf}
0.025858 : 32: {0x7d, 0x50, 0x26, 0xfe, 0x75, 0x23, 0xe4, 0x84, 0x0, 0x0, 0x2, 0x0, 0x0, 0x0, 0x0, 0x0, 0x0, 0x0, 0xad, 0x41, ..., 0x0, 0x18, 0x7e}
0.025882 : dispatching packet: 
0.025909 : 29: {0x50, 0x26, 0xfe, 0x75, 0x23, 0xe4, 0x84, 0x0, 0x0, 0x2, 0x0, 0x0, 0x0, 0x0, 0x0, 0x0, 0x0, 0xad, 0x41, 0xe, ..., 0x0, 0x0, 0x0}
0.084245 : 262: {0x7c, 0x7c, 0x7c, 0x7c, 0xfd, 0x0, 0x0, 0x0, 0x0, 0x50, 0xd, 0x0, 0x0, 0x0, 0xeb, 0x84, 0x0, 0x0, 0x1c, 0x0, ..., 0xad, 0x9a, 0xbf}
0.084357 : dispatching packet: 
0.084397 : 253: {0x50, 0xd, 0x0, 0x0, 0x0, 0xeb, 0x84, 0x0, 0x0, 0x1c, 0x0, 0x0, 0x0, 0x18, 0xb3, 0x52, 0x3d, 0xa1, 0xce, 0x2d, ..., 0xad, 0x9a, 0xbf}
0.086065 : 32: {0x7d, 0x50, 0x26, 0xfe, 0x75, 0x23, 0xe4, 0x84, 0x0, 0x0, 0x2, 0x0, 0x0, 0x0, 0x0, 0x0, 0x0, 0x0, 0xad, 0x41, ..., 0x0, 0x18, 0x7e}
0.086113 : dispatching packet: 
0.086142 : 29: {0x50, 0x26, 0xfe, 0x75, 0x23, 0xe4, 0x84, 0x0, 0x0, 0x2, 0x0, 0x0, 0x0, 0x0, 0x0, 0x0, 0x0, 0xad, 0x41, 0xe, ..., 0x0, 0x0, 0x0}
0.142875 : 262: {0x7c, 0x7c, 0x7c, 0x7c, 0xfd, 0x0, 0x0, 0x0, 0x0, 0x50, 0xd, 0x0, 0x0, 0x0, 0xec, 0x84, 0x0, 0x0, 0x1c, 0x0, ..., 0x21, 0x95, 0xbf}
0.142953 : dispatching packet: 
0.143009 : 253: {0x50, 0xd, 0x0, 0x0, 0x0, 0xec, 0x84, 0x0, 0x0, 0x1c, 0x0, 0x0, 0x0, 0x18, 0xb3, 0x52, 0x3d, 0xa1, 0xce, 0x2d, ..., 0x21, 0x95, 0xbf}
0.143189 : 32: {0x7d, 0x50, 0x26, 0xfe, 0x75, 0x23, 0xe4, 0x84, 0x0, 0x0, 0x2, 0x0, 0x0, 0x0, 0x0, 0x0, 0x0, 0x0, 0xad, 0x41, ..., 0x0, 0x18, 0x7e}
0.143214 : dispatching packet: 
0.143383 : 29: {0x50, 0x26, 0xfe, 0x75, 0x23, 0xe4, 0x84, 0x0, 0x0, 0x2, 0x0, 0x0, 0x0, 0x0, 0x0, 0x0, 0x0, 0xad, 0x41, 0xe, ..., 0x0, 0x0, 0x0}
0.201555 : 262: {0x7c, 0x7c, 0x7c, 0x7c, 0xfd, 0x0, 0x0, 0x0, 0x0, 0x50, 0xd, 0x0, 0x0, 0x0, 0xed, 0x84, 0x0, 0x0, 0x1c, 0x0, ..., 0x26, 0x97, 0xbf}
0.201655 : dispatching packet: 
0.201691 : 253: {0x50, 0xd, 0x0, 0x0, 0x0, 0xed, 0x84, 0x0, 0x0, 0x1c, 0x0, 0x0, 0x0, 0x18, 0xb3, 0x52, 0x3d, 0xa1, 0xce, 0x2d, ..., 0x26, 0x97, 0xbf}
0.202583 : 520: {0x7c, 0x7c, 0x7c, 0x7c, 0x79, 0x0, 0x0, 0x0, 0x0, 0x50, 0x11, 0x0, 0x0, 0x0, 0xed, 0x84, 0x0, 0x0, 0x37, 0x1, ..., 0x8a, 0x85, 0x8b}
0.202667 : dispatching packet: 
0.202846 : 121: {0x50, 0x11, 0x0, 0x0, 0x0, 0xed, 0x84, 0x0, 0x0, 0x37, 0x1, 0x0, 0x0, 0x0, 0x0, 0x0, 0x0, 0x1c, 0x0, 0x0, ..., 0x6f, 0x88, 0x91}
0.203211 : dispatching packet: 
0.203320 : 121: {0x50, 0x11, 0x0, 0x0, 0x0, 0xed, 0x84, 0x0, 0x0, 0x37, 0x1, 0x0, 0x0, 0x0, 0x0, 0x0, 0x0, 0x1c, 0x0, 0x0, ..., 0x69, 0x60, 0x67}
0.203396 : dispatching packet: 
0.203545 : 121: {0x50, 0x11, 0x0, 0x0, 0x0, 0xed, 0x84, 0x0, 0x0, 0x37, 0x1, 0x0, 0x0, 0x1, 0x0, 0x0, 0x0, 0x1c, 0x0, 0x0, ..., 0x7f, 0x8a, 0x91}
0.203614 : dispatching packet: 
0.203708 : 121: {0x50, 0x11, 0x0, 0x0, 0x0, 0xed, 0x84, 0x0, 0x0, 0x37, 0x1, 0x0, 0x0, 0x1, 0x0, 0x0, 0x0, 0x1c, 0x0, 0x0, ..., 0x8a, 0x85, 0x8b}
0.203852 : 260: {0x7c, 0x7c, 0x7c, 0x7c, 0x79, 0x0, 0x0, 0x0, 0x0, 0x50, 0x11, 0x0, 0x0, 0x0, 0xed, 0x84, 0x0, 0x0, 0x37, 0x1, ..., 0xa8, 0xa9, 0xaa}
0.203882 : dispatching packet: 
0.203913 : 121: {0x50, 0x11, 0x0, 0x0, 0x0, 0xed, 0x84, 0x0, 0x0, 0x37, 0x1, 0x0, 0x0, 0x3, 0x0, 0x0, 0x0, 0x1c, 0x0, 0x0, ..., 0xb3, 0xb1, 0xa1}
0.203955 : dispatching packet: 
0.203988 : 121: {0x50, 0x11, 0x0, 0x0, 0x0, 0xed, 0x84, 0x0, 0x0, 0x37, 0x1, 0x0, 0x0, 0x3, 0x0, 0x0, 0x0, 0x1c, 0x0, 0x0, ..., 0xa8, 0xa9, 0xaa}
0.205105 : 260: {0x7c, 0x7c, 0x7c, 0x7c, 0x79, 0x0, 0x0, 0x0, 0x0, 0x50, 0x11, 0x0, 0x0, 0x0, 0xed, 0x84, 0x0, 0x0, 0x37, 0x1, ..., 0xa8, 0xa8, 0xa9}
0.205179 : dispatching packet: 
0.205227 : 121: {0x50, 0x11, 0x0, 0x0, 0x0, 0xed, 0x84, 0x0, 0x0, 0x37, 0x1, 0x0, 0x0, 0x4, 0x0, 0x0, 0x0, 0x1c, 0x0, 0x0, ..., 0xcb, 0xcc, 0xbd}
0.205344 : dispatching packet: 
0.205371 : 121: {0x50, 0x11, 0x0, 0x0, 0x0, 0xed, 0x84, 0x0, 0x0, 0x37, 0x1, 0x0, 0x0, 0x4, 0x0, 0x0, 0x0, 0x1c, 0x0, 0x0, ..., 0xa8, 0xa8, 0xa9}
0.206872 : 130: {0x7c, 0x7c, 0x7c, 0x7c, 0x79, 0x0, 0x0, 0x0, 0x0, 0x50, 0x11, 0x0, 0x0, 0x0, 0xed, 0x84, 0x0, 0x0, 0x37, 0x1, ..., 0xe3, 0xec, 0xe8}
0.206930 : dispatching packet: 
0.207004 : 121: {0x50, 0x11, 0x0, 0x0, 0x0, 0xed, 0x84, 0x0, 0x0, 0x37, 0x1, 0x0, 0x0, 0x7, 0x0, 0x0, 0x0, 0x1c, 0x0, 0x0, ..., 0xe3, 0xec, 0xe8}
0.208820 : 260: {0x7c, 0x7c, 0x7c, 0x7c, 0x79, 0x0, 0x0, 0x0, 0x0, 0x50, 0x11, 0x0, 0x0, 0x0, 0xed, 0x84, 0x0, 0x0, 0x37, 0x1, ..., 0xc6, 0xc7, 0xc7}
0.209104 : dispatching packet: 
0.209330 : 121: {0x50, 0x11, 0x0, 0x0, 0x0, 0xed, 0x84, 0x0, 0x0, 0x37, 0x1, 0x0, 0x0, 0x9, 0x0, 0x0, 0x0, 0x1c, 0x0, 0x0, ..., 0xdc, 0xe6, 0xe5}
0.209535 : dispatching packet: 
0.209639 : 121: {0x50, 0x11, 0x0, 0x0, 0x0, 0xed, 0x84, 0x0, 0x0, 0x37, 0x1, 0x0, 0x0, 0x9, 0x0, 0x0, 0x0, 0x1c, 0x0, 0x0, ..., 0xc6, 0xc7, 0xc7}
0.210426 : 260: {0x7c, 0x7c, 0x7c, 0x7c, 0x79, 0x0, 0x0, 0x0, 0x0, 0x50, 0x11, 0x0, 0x0, 0x0, 0xed, 0x84, 0x0, 0x0, 0x37, 0x1, ..., 0xae, 0xad, 0xaf}
0.211380 : dispatching packet: 
0.211657 : 121: {0x50, 0x11, 0x0, 0x0, 0x0, 0xed, 0x84, 0x0, 0x0, 0x37, 0x1, 0x0, 0x0, 0xb, 0x0, 0x0, 0x0, 0x1c, 0x0, 0x0, ..., 0xca, 0xd2, 0xd0}
0.211797 : dispatching packet: 
0.212042 : 121: {0x50, 0x11, 0x0, 0x0, 0x0, 0xed, 0x84, 0x0, 0x0, 0x37, 0x1, 0x0, 0x0, 0xb, 0x0, 0x0, 0x0, 0x1c, 0x0, 0x0, ..., 0xae, 0xad, 0xaf}
0.212440 : 260: {0x7c, 0x7c, 0x7c, 0x7c, 0x79, 0x0, 0x0, 0x0, 0x0, 0x50, 0x11, 0x0, 0x0, 0x0, 0xed, 0x84, 0x0, 0x0, 0x37, 0x1, ..., 0x89, 0x87, 0x81}
0.212540 : dispatching packet: 
0.212576 : 121: {0x50, 0x11, 0x0, 0x0, 0x0, 0xed, 0x84, 0x0, 0x0, 0x37, 0x1, 0x0, 0x0, 0xe, 0x0, 0x0, 0x0, 0x1c, 0x0, 0x0, ..., 0xb5, 0xb2, 0xc1}
0.212677 : dispatching packet: 
0.212722 : 121: {0x50, 0x11, 0x0, 0x0, 0x0, 0xed, 0x84, 0x0, 0x0, 0x37, 0x1, 0x0, 0x0, 0xe, 0x0, 0x0, 0x0, 0x1c, 0x0, 0x0, ..., 0x89, 0x87, 0x81}
0.213198 : 260: {0x7c, 0x7c, 0x7c, 0x7c, 0x79, 0x0, 0x0, 0x0, 0x0, 0x50, 0x11, 0x0, 0x0, 0x0, 0xed, 0x84, 0x0, 0x0, 0x37, 0x1, ..., 0x84, 0x81, 0x80}
0.213280 : dispatching packet: 
0.213310 : 121: {0x50, 0x11, 0x0, 0x0, 0x0, 0xed, 0x84, 0x0, 0x0, 0x37, 0x1, 0x0, 0x0, 0xf, 0x0, 0x0, 0x0, 0x1c, 0x0, 0x0, ..., 0xab, 0xb3, 0xc0}
0.213335 : dispatching packet: 
0.213361 : 121: {0x50, 0x11, 0x0, 0x0, 0x0, 0xed, 0x84, 0x0, 0x0, 0x37, 0x1, 0x0, 0x0, 0xf, 0x0, 0x0, 0x0, 0x1c, 0x0, 0x0, ..., 0x84, 0x81, 0x80}
0.213750 : 260: {0x7c, 0x7c, 0x7c, 0x7c, 0x79, 0x0, 0x0, 0x0, 0x0, 0x50, 0x11, 0x0, 0x0, 0x0, 0xed, 0x84, 0x0, 0x0, 0x37, 0x1, ..., 0x75, 0x7b, 0x7b}
0.213793 : dispatching packet: 
0.213826 : 121: {0x50, 0x11, 0x0, 0x0, 0x0, 0xed, 0x84, 0x0, 0x0, 0x37, 0x1, 0x0, 0x0, 0x10, 0x0, 0x0, 0x0, 0x1c, 0x0, 0x0, ..., 0xac, 0xae, 0xbb}
0.213852 : dispatching packet: 
0.213880 : 121: {0x50, 0x11, 0x0, 0x0, 0x0, 0xed, 0x84, 0x0, 0x0, 0x37, 0x1, 0x0, 0x0, 0x10, 0x0, 0x0, 0x0, 0x1c, 0x0, 0x0, ..., 0x75, 0x7b, 0x7b}
0.214590 : 260: {0x7c, 0x7c, 0x7c, 0x7c, 0x79, 0x0, 0x0, 0x0, 0x0, 0x50, 0x11, 0x0, 0x0, 0x0, 0xed, 0x84, 0x0, 0x0, 0x37, 0x1, ..., 0x85, 0x8a, 0x8e}
0.214666 : dispatching packet: 
0.214714 : 121: {0x50, 0x11, 0x0, 0x0, 0x0, 0xed, 0x84, 0x0, 0x0, 0x37, 0x1, 0x0, 0x0, 0x11, 0x0, 0x0, 0x0, 0x1c, 0x0, 0x0, ..., 0xad, 0xa4, 0xae}
0.214772 : dispatching packet: 
0.214827 : 121: {0x50, 0x11, 0x0, 0x0, 0x0, 0xed, 0x84, 0x0, 0x0, 0x37, 0x1, 0x0, 0x0, 0x11, 0x0, 0x0, 0x0, 0x1c, 0x0, 0x0, ..., 0x85, 0x8a, 0x8e}
0.218148 : 130: {0x7c, 0x7c, 0x7c, 0x7c, 0x79, 0x0, 0x0, 0x0, 0x0, 0x50, 0x11, 0x0, 0x0, 0x0, 0xed, 0x84, 0x0, 0x0, 0x37, 0x1, ..., 0xaa, 0xac, 0xad}
0.218344 : dispatching packet: 
0.218380 : 121: {0x50, 0x11, 0x0, 0x0, 0x0, 0xed, 0x84, 0x0, 0x0, 0x37, 0x1, 0x0, 0x0, 0x16, 0x0, 0x0, 0x0, 0x1c, 0x0, 0x0, ..., 0xaa, 0xac, 0xad}
0.218888 : 130: {0x7c, 0x7c, 0x7c, 0x7c, 0x79, 0x0, 0x0, 0x0, 0x0, 0x50, 0x11, 0x0, 0x0, 0x0, 0xed, 0x84, 0x0, 0x0, 0x37, 0x1, ..., 0xab, 0xa9, 0xab}
0.218929 : dispatching packet: 
0.218957 : 121: {0x50, 0x11, 0x0, 0x0, 0x0, 0xed, 0x84, 0x0, 0x0, 0x37, 0x1, 0x0, 0x0, 0x17, 0x0, 0x0, 0x0, 0x1c, 0x0, 0x0, ..., 0xab, 0xa9, 0xab}
0.219693 : 260: {0x7c, 0x7c, 0x7c, 0x7c, 0x79, 0x0, 0x0, 0x0, 0x0, 0x50, 0x11, 0x0, 0x0, 0x0, 0xed, 0x84, 0x0, 0x0, 0x37, 0x1, ..., 0x6d, 0x6f, 0x6a}
0.219734 : dispatching packet: 
0.219754 : 121: {0x50, 0x11, 0x0, 0x0, 0x0, 0xed, 0x84, 0x0, 0x0, 0x37, 0x1, 0x0, 0x0, 0x18, 0x0, 0x0, 0x0, 0x1c, 0x0, 0x0, ..., 0xa8, 0xa1, 0xa8}
0.219776 : dispatching packet: 
0.219799 : 121: {0x50, 0x11, 0x0, 0x0, 0x0, 0xed, 0x84, 0x0, 0x0, 0x37, 0x1, 0x0, 0x0, 0x18, 0x0, 0x0, 0x0, 0x1c, 0x0, 0x0, ..., 0x6d, 0x6f, 0x6a}
0.220351 : 260: {0x7c, 0x7c, 0x7c, 0x7c, 0x79, 0x0, 0x0, 0x0, 0x0, 0x50, 0x11, 0x0, 0x0, 0x0, 0xed, 0x84, 0x0, 0x0, 0x37, 0x1, ..., 0x81, 0x82, 0x79}
0.220391 : dispatching packet: 
0.220422 : 121: {0x50, 0x11, 0x0, 0x0, 0x0, 0xed, 0x84, 0x0, 0x0, 0x37, 0x1, 0x0, 0x0, 0x19, 0x0, 0x0, 0x0, 0x1c, 0x0, 0x0, ..., 0xaa, 0xa0, 0xae}
0.220446 : dispatching packet: 
0.220470 : 121: {0x50, 0x11, 0x0, 0x0, 0x0, 0xed, 0x84, 0x0, 0x0, 0x37, 0x1, 0x0, 0x0, 0x19, 0x0, 0x0, 0x0, 0x1c, 0x0, 0x0, ..., 0x81, 0x82, 0x79}
0.222352 : 255: {0x7d, 0x50, 0x0, 0x3b, 0xa, 0x61, 0xed, 0x84, 0x0, 0x0, 0x1a, 0x0, 0x0, 0x0, 0x78, 0x4c, 0xe4, 0x41, 0x0, 0x0, ..., 0x0, 0xbc, 0x7e}
0.222427 : dispatching packet: 
0.222450 : 221: {0x50, 0x0, 0x3b, 0xa, 0x61, 0xed, 0x84, 0x0, 0x0, 0x1a, 0x0, 0x0, 0x0, 0x78, 0x4c, 0xe4, 0x41, 0x0, 0x0, 0x0, ..., 0x9c, 0x82, 0x3f}
0.222498 : dispatching packet: 
0.222529 : 25: {0x50, 0x2, 0x3b, 0xa, 0x61, 0xed, 0x84, 0x0, 0x0, 0x1, 0x0, 0x0, 0x0, 0xad, 0x41, 0xe, 0x3f, 0x46, 0xc2, 0x30, ..., 0x0, 0x0, 0x0}
0.260421 : 32: {0x7d, 0x50, 0x26, 0xfe, 0x75, 0x23, 0xe4, 0x84, 0x0, 0x0, 0x2, 0x0, 0x0, 0x0, 0x0, 0x0, 0x0, 0x0, 0xad, 0x41, ..., 0x0, 0x18, 0x7e}
0.260472 : dispatching packet: 
0.260514 : 29: {0x50, 0x26, 0xfe, 0x75, 0x23, 0xe4, 0x84, 0x0, 0x0, 0x2, 0x0, 0x0, 0x0, 0x0, 0x0, 0x0, 0x0, 0xad, 0x41, 0xe, ..., 0x0, 0x0, 0x0}
0.377423 : 262: {0x7c, 0x7c, 0x7c, 0x7c, 0xfd, 0x0, 0x0, 0x0, 0x0, 0x50, 0xd, 0x0, 0x0, 0x0, 0xf0, 0x84, 0x0, 0x0, 0x1c, 0x0, ..., 0xe3, 0xaf, 0xbf}
0.377471 : dispatching packet: 
0.377524 : 253: {0x50, 0xd, 0x0, 0x0, 0x0, 0xf0, 0x84, 0x0, 0x0, 0x1c, 0x0, 0x0, 0x0, 0x18, 0xb3, 0x52, 0x3d, 0xa1, 0xce, 0x2d, ..., 0xe3, 0xaf, 0xbf}
0.436460 : 262: {0x7c, 0x7c, 0x7c, 0x7c, 0xfd, 0x0, 0x0, 0x0, 0x0, 0x50, 0xd, 0x0, 0x0, 0x0, 0xf1, 0x84, 0x0, 0x0, 0x1c, 0x0, ..., 0x46, 0xb8, 0xbf}
0.436511 : dispatching packet: 
0.436541 : 253: {0x50, 0xd, 0x0, 0x0, 0x0, 0xf1, 0x84, 0x0, 0x0, 0x1c, 0x0, 0x0, 0x0, 0x18, 0xb3, 0x52, 0x3d, 0xa1, 0xce, 0x2d, ..., 0x46, 0xb8, 0xbf}
0.436589 : 32: {0x7d, 0x50, 0x26, 0xfe, 0x75, 0x23, 0xe4, 0x84, 0x0, 0x0, 0x2, 0x0, 0x0, 0x0, 0x0, 0x0, 0x0, 0x0, 0xad, 0x41, ..., 0x0, 0x18, 0x7e}
0.436633 : dispatching packet: 
0.436720 : 29: {0x50, 0x26, 0xfe, 0x75, 0x23, 0xe4, 0x84, 0x0, 0x0, 0x2, 0x0, 0x0, 0x0, 0x0, 0x0, 0x0, 0x0, 0xad, 0x41, 0xe, ..., 0x0, 0x0, 0x0}
0.494706 : 262: {0x7c, 0x7c, 0x7c, 0x7c, 0xfd, 0x0, 0x0, 0x0, 0x0, 0x50, 0xd, 0x0, 0x0, 0x0, 0xf2, 0x84, 0x0, 0x0, 0x1c, 0x0, ..., 0xc1, 0xb8, 0xbf}
0.494788 : dispatching packet: 
0.494830 : 253: {0x50, 0xd, 0x0, 0x0, 0x0, 0xf2, 0x84, 0x0, 0x0, 0x1c, 0x0, 0x0, 0x0, 0x18, 0xb3, 0x52, 0x3d, 0xa1, 0xce, 0x2d, ..., 0xc1, 0xb8, 0xbf}
0.494980 : 32: {0x7d, 0x50, 0x26, 0xfe, 0x75, 0x23, 0xe4, 0x84, 0x0, 0x0, 0x2, 0x0, 0x0, 0x0, 0x0, 0x0, 0x0, 0x0, 0xad, 0x41, ..., 0x0, 0x18, 0x7e}
0.495012 : dispatching packet: 
0.495071 : 29: {0x50, 0x26, 0xfe, 0x75, 0x23, 0xe4, 0x84, 0x0, 0x0, 0x2, 0x0, 0x0, 0x0, 0x0, 0x0, 0x0, 0x0, 0xad, 0x41, 0xe, ..., 0x0, 0x0, 0x0}
0.612203 : 262: {0x7c, 0x7c, 0x7c, 0x7c, 0xfd, 0x0, 0x0, 0x0, 0x0, 0x50, 0xd, 0x0, 0x0, 0x0, 0xf4, 0x84, 0x0, 0x0, 0x1c, 0x0, ..., 0x4d, 0xba, 0xbf}
0.612912 : dispatching packet: 
0.613086 : 253: {0x50, 0xd, 0x0, 0x0, 0x0, 0xf4, 0x84, 0x0, 0x0, 0x1c, 0x0, 0x0, 0x0, 0x18, 0xb3, 0x52, 0x3d, 0xa1, 0xce, 0x2d, ..., 0x4d, 0xba, 0xbf}
0.672920 : 1020: {0x7c, 0x7c, 0x7c, 0x7c, 0x39, 0x2, 0x0, 0x0, 0x0, 0x50, 0x11, 0x0, 0x0, 0x0, 0xf5, 0x84, 0x0, 0x0, 0x2a, 0x1, ..., 0x58, 0x57, 0x50}
0.673124 : dispatching packet: 
0.673209 : 569: {0x50, 0x11, 0x0, 0x0, 0x0, 0xf5, 0x84, 0x0, 0x0, 0x2a, 0x1, 0x0, 0x0, 0x0, 0x0, 0x0, 0x0, 0x1c, 0x0, 0x0, ..., 0x95, 0x8f, 0x85}
0.674835 : 136: {0x68, 0x69, 0x69, 0x67, 0x69, 0x6e, 0x70, 0x6f, 0x6a, 0x62, 0x60, 0x61, 0x60, 0x64, 0x6c, 0x70, 0x71, 0x6d, 0x65, 0x62, ..., 0x6f, 0x6c, 0x6e}
0.674944 : dispatching packet: 
0.675054 : 569: {0x50, 0x11, 0x0, 0x0, 0x0, 0xf5, 0x84, 0x0, 0x0, 0x2a, 0x1, 0x0, 0x0, 0x0, 0x0, 0x0, 0x0, 0x1c, 0x0, 0x0, ..., 0x6f, 0x6c, 0x6e}
0.677306 : 1020: {0x7c, 0x7c, 0x7c, 0x7c, 0x39, 0x2, 0x0, 0x0, 0x0, 0x50, 0x11, 0x0, 0x0, 0x0, 0xf5, 0x84, 0x0, 0x0, 0x2a, 0x1, ..., 0x7e, 0x7c, 0x79}
0.677363 : dispatching packet: 
0.677391 : 569: {0x50, 0x11, 0x0, 0x0, 0x0, 0xf5, 0x84, 0x0, 0x0, 0x2a, 0x1, 0x0, 0x0, 0x2, 0x0, 0x0, 0x0, 0x1c, 0x0, 0x0, ..., 0x9d, 0x9c, 0x96}
0.680196 : 136: {0x7b, 0x7c, 0x7d, 0x7c, 0x7d, 0x7f, 0x80, 0x7f, 0x7a, 0x76, 0x7b, 0x80, 0x83, 0x84, 0x85, 0x86, 0x86, 0x83, 0x7d, 0x7a, ..., 0x8e, 0x8e, 0x8d}
0.680356 : dispatching packet: 
0.680401 : 569: {0x50, 0x11, 0x0, 0x0, 0x0, 0xf5, 0x84, 0x0, 0x0, 0x2a, 0x1, 0x0, 0x0, 0x2, 0x0, 0x0, 0x0, 0x1c, 0x0, 0x0, ..., 0x8e, 0x8e, 0x8d}
0.682928 : 578: {0x7c, 0x7c, 0x7c, 0x7c, 0x39, 0x2, 0x0, 0x0, 0x0, 0x50, 0x11, 0x0, 0x0, 0x0, 0xf5, 0x84, 0x0, 0x0, 0x2a, 0x1, ..., 0x98, 0x98, 0x97}
0.682976 : dispatching packet: 
0.683019 : 569: {0x50, 0x11, 0x0, 0x0, 0x0, 0xf5, 0x84, 0x0, 0x0, 0x2a, 0x1, 0x0, 0x0, 0x4, 0x0, 0x0, 0x0, 0x1c, 0x0, 0x0, ..., 0x98, 0x98, 0x97}
0.685774 : 1020: {0x7c, 0x7c, 0x7c, 0x7c, 0x39, 0x2, 0x0, 0x0, 0x0, 0x50, 0x11, 0x0, 0x0, 0x0, 0xf5, 0x84, 0x0, 0x0, 0x2a, 0x1, ..., 0x85, 0x8c, 0x8f}
0.685822 : dispatching packet: 
0.685855 : 569: {0x50, 0x11, 0x0, 0x0, 0x0, 0xf5, 0x84, 0x0, 0x0, 0x2a, 0x1, 0x0, 0x0, 0x5, 0x0, 0x0, 0x0, 0x1c, 0x0, 0x0, ..., 0xdf, 0xdd, 0xd3}
0.688629 : 1020: {0x7c, 0x7c, 0x7c, 0x7c, 0x39, 0x2, 0x0, 0x0, 0x0, 0x50, 0x11, 0x0, 0x0, 0x0, 0xf5, 0x84, 0x0, 0x0, 0x2a, 0x1, ..., 0x87, 0x8e, 0x8f}
0.688689 : dispatching packet: 
0.688720 : 569: {0x50, 0x11, 0x0, 0x0, 0x0, 0xf5, 0x84, 0x0, 0x0, 0x2a, 0x1, 0x0, 0x0, 0x5, 0x0, 0x0, 0x0, 0x1c, 0x0, 0x0, ..., 0xa2, 0xa4, 0xa5}
0.691693 : 1020: {0x7c, 0x7c, 0x7c, 0x7c, 0x39, 0x2, 0x0, 0x0, 0x0, 0x50, 0x11, 0x0, 0x0, 0x0, 0xf5, 0x84, 0x0, 0x0, 0x2a, 0x1, ..., 0x91, 0x90, 0x92}
0.691731 : dispatching packet: 
0.691753 : 569: {0x50, 0x11, 0x0, 0x0, 0x0, 0xf5, 0x84, 0x0, 0x0, 0x2a, 0x1, 0x0, 0x0, 0x6, 0x0, 0x0, 0x0, 0x1c, 0x0, 0x0, ..., 0xb0, 0xb0, 0xaf}
0.694691 : 578: {0x7c, 0x7c, 0x7c, 0x7c, 0x39, 0x2, 0x0, 0x0, 0x0, 0x50, 0x11, 0x0, 0x0, 0x0, 0xf5, 0x84, 0x0, 0x0, 0x2a, 0x1, ..., 0xa9, 0xaa, 0xaa}
0.694731 : dispatching packet: 
0.694757 : 569: {0x50, 0x11, 0x0, 0x0, 0x0, 0xf5, 0x84, 0x0, 0x0, 0x2a, 0x1, 0x0, 0x0, 0x7, 0x0, 0x0, 0x0, 0x1c, 0x0, 0x0, ..., 0xc6, 0xc6, 0xc6}
0.697547 : 136: {0xb6, 0xb5, 0xb3, 0xb0, 0xab, 0xa2, 0x91, 0x95, 0xa4, 0xab, 0xaf, 0xb2, 0xb4, 0xb4, 0xb4, 0xb2, 0xaf, 0xaa, 0xa2, 0x92, ..., 0xb2, 0xb2, 0xb1}
0.700744 : 1020: {0x7c, 0x7c, 0x7c, 0x7c, 0x39, 0x2, 0x0, 0x0, 0x0, 0x50, 0x11, 0x0, 0x0, 0x0, 0xf5, 0x84, 0x0, 0x0, 0x2a, 0x1, ..., 0xb5, 0xb6, 0xb6}
0.700961 : dispatching packet: 
0.701337 : 569: {0x50, 0x11, 0x0, 0x0, 0x0, 0xf5, 0x84, 0x0, 0x0, 0x2a, 0x1, 0x0, 0x0, 0xa, 0x0, 0x0, 0x0, 0x1c, 0x0, 0x0, ..., 0xd6, 0xd5, 0xce}
0.705992 : 1020: {0x7c, 0x7c, 0x7c, 0x7c, 0x39, 0x2, 0x0, 0x0, 0x0, 0x50, 0x11, 0x0, 0x0, 0x0, 0xf5, 0x84, 0x0, 0x0, 0x2a, 0x1, ..., 0x98, 0x99, 0x98}
0.706051 : dispatching packet: 
0.706076 : 569: {0x50, 0x11, 0x0, 0x0, 0x0, 0xf5, 0x84, 0x0, 0x0, 0x2a, 0x1, 0x0, 0x0, 0xa, 0x0, 0x0, 0x0, 0x1c, 0x0, 0x0, ..., 0x9b, 0x9a, 0x99}
0.706110 : Error parsing incoming data: lost bytes
0.706128 : Error parsing incoming data: lost bytes
0.706143 : Error parsing incoming data: lost bytes
0.706153 : Error parsing incoming data: CRC error
0.706183 : Error parsing incoming data: CRC error
0.708921 : 1020: {0x7c, 0x7c, 0x7c, 0x7c, 0x39, 0x2, 0x0, 0x0, 0x0, 0x50, 0x11, 0x0, 0x0, 0x0, 0xf5, 0x84, 0x0, 0x0, 0x2a, 0x1, ..., 0x82, 0x85, 0x87}
0.708973 : dispatching packet: 
0.709016 : 569: {0x50, 0x11, 0x0, 0x0, 0x0, 0xf5, 0x84, 0x0, 0x0, 0x2a, 0x1, 0x0, 0x0, 0xc, 0x0, 0x0, 0x0, 0x1c, 0x0, 0x0, ..., 0x86, 0x83, 0x7f}
0.709076 : Error parsing incoming data: CRC error
0.709121 : Error parsing incoming data: lost bytes
0.709137 : Error parsing incoming data: lost bytes
0.709147 : Error parsing incoming data: CRC error
0.709156 : Error parsing incoming data: CRC error
0.709166 : Error parsing incoming data: lost bytes
0.709175 : Error parsing incoming data: CRC error
0.709184 : Error parsing incoming data: CRC error
0.711973 : 136: {0x92, 0x93, 0x93, 0x93, 0x92, 0x92, 0x91, 0x90, 0x8e, 0x8d, 0x8c, 0x8b, 0x8a, 0x89, 0x88, 0x88, 0x87, 0x86, 0x85, 0x84, ..., 0x86, 0x84, 0x81}
0.712137 : dispatching packet: 
0.712213 : 569: {0x50, 0x11, 0x0, 0x0, 0x0, 0xf5, 0x84, 0x0, 0x0, 0x2a, 0x1, 0x0, 0x0, 0xd, 0x0, 0x0, 0x0, 0x1c, 0x0, 0x0, ..., 0x86, 0x84, 0x81}
0.714559 : 578: {0x7c, 0x7c, 0x7c, 0x7c, 0x39, 0x2, 0x0, 0x0, 0x0, 0x50, 0x11, 0x0, 0x0, 0x0, 0xf5, 0x84, 0x0, 0x0, 0x2a, 0x1, ..., 0xab, 0xaa, 0xa7}
0.714611 : dispatching packet: 
0.714644 : 569: {0x50, 0x11, 0x0, 0x0, 0x0, 0xf5, 0x84, 0x0, 0x0, 0x2a, 0x1, 0x0, 0x0, 0xf, 0x0, 0x0, 0x0, 0x1c, 0x0, 0x0, ..., 0xab, 0xaa, 0xa7}
0.717474 : 136: {0x8b, 0x8b, 0x8b, 0x8b, 0x8b, 0x8a, 0x89, 0x87, 0x86, 0x85, 0x84, 0x84, 0x83, 0x83, 0x83, 0x82, 0x81, 0x81, 0x80, 0x81, ..., 0x7a, 0x79, 0x79}
0.717517 : Error parsing incoming data: CRC error
0.717529 : Error parsing incoming data: lost bytes
0.717538 : Error parsing incoming data: incomplete packer
0.717563 : Error parsing incoming data: CRC error
0.717588 : Error parsing incoming data: lost bytes
0.717603 : Error parsing incoming data: lost bytes
0.717616 : Error parsing incoming data: lost bytes
0.717651 : Error parsing incoming data: incomplete packer
0.717660 : Error parsing incoming data: lost bytes
0.720323 : 70: {0x87, 0x88, 0x89, 0x8a, 0x8a, 0x89, 0x88, 0x87, 0x86, 0x85, 0x83, 0x82, 0x81, 0x81, 0x82, 0x83, 0x85, 0x86, 0x87, 0x87, ..., 0x6b, 0x70, 0x75}
0.720381 : Error parsing incoming data: CRC error
0.720412 : Error parsing incoming data: CRC error
0.720435 : Error parsing incoming data: lost bytes
0.720446 : Error parsing incoming data: incomplete packer
0.720481 : Error parsing incoming data: incomplete packer
0.720497 : Error parsing incoming data: incomplete packer
0.723116 : 136: {0x7f, 0x84, 0x87, 0x8a, 0x8b, 0x8b, 0x8b, 0x8a, 0x88, 0x86, 0x83, 0x80, 0x7e, 0x7f, 0x82, 0x85, 0x87, 0x88, 0x89, 0x89, ..., 0x84, 0x83, 0x80}
0.723165 : Error parsing incoming data: CRC error
0.723240 : Error parsing incoming data: lost bytes
0.723256 : Error parsing incoming data: CRC error
0.723269 : Error parsing incoming data: lost bytes
0.723285 : Error parsing incoming data: CRC error
0.723295 : Error parsing incoming data: CRC error
0.725899 : 578: {0x7c, 0x7c, 0x7c, 0x7c, 0x39, 0x2, 0x0, 0x0, 0x0, 0x50, 0x11, 0x0, 0x0, 0x0, 0xf5, 0x84, 0x0, 0x0, 0x2a, 0x1, ..., 0xae, 0xad, 0xa6}
0.726246 : dispatching packet: 
0.726276 : 569: {0x50, 0x11, 0x0, 0x0, 0x0, 0xf5, 0x84, 0x0, 0x0, 0x2a, 0x1, 0x0, 0x0, 0x13, 0x0, 0x0, 0x0, 0x1c, 0x0, 0x0, ..., 0xae, 0xad, 0xa6}
0.728777 : 136: {0x73, 0x75, 0x77, 0x78, 0x79, 0x79, 0x78, 0x76, 0x72, 0x6c, 0x61, 0x61, 0x6b, 0x71, 0x74, 0x77, 0x78, 0x78, 0x77, 0x75, ..., 0x81, 0x81, 0x81}
0.728821 : Error parsing incoming data: CRC error
0.731844 : 136: {0x73, 0x71, 0x6d, 0x67, 0x60, 0x59, 0x4f, 0x53, 0x63, 0x6c, 0x71, 0x73, 0x74, 0x74, 0x73, 0x72, 0x71, 0x70, 0x6f, 0x70, ..., 0x7c, 0x7e, 0x7f}
0.731887 : Error parsing incoming data: lost bytes
0.731900 : Error parsing incoming data: incomplete packer
0.731912 : Error parsing incoming data: incomplete packer
0.731923 : Error parsing incoming data: lost bytes
0.731934 : Error parsing incoming data: incomplete packer
0.731945 : Error parsing incoming data: incomplete packer
0.731956 : Error parsing incoming data: incomplete packer
0.731967 : Error parsing incoming data: incomplete packer
0.731978 : Error parsing incoming data: incomplete packer
0.749232 : Error parsing incoming data: lost bytes
0.749263 : Error parsing incoming data: lost bytes
0.749279 : Error parsing incoming data: CRC error
0.749386 : 36: {0x7d, 0x50, 0x6c, 0xa1, 0x75, 0x23, 0xf5, 0x84, 0x0, 0x0, 0x2, 0x0, 0x0, 0x0, 0x0, 0x0, 0x0, 0x0, 0x55, 0x27, ..., 0x42, 0xb9, 0x7e}
0.749409 : Error parsing incoming data: CRC error
0.787885 : 262: {0x7c, 0x7c, 0x7c, 0x7c, 0xfd, 0x0, 0x0, 0x0, 0x0, 0x50, 0xd, 0x0, 0x0, 0x0, 0xf7, 0x84, 0x0, 0x0, 0x1c, 0x0, ..., 0x6d, 0xc4, 0xbf}
0.787928 : dispatching packet: 
0.787955 : 253: {0x50, 0xd, 0x0, 0x0, 0x0, 0xf7, 0x84, 0x0, 0x0, 0x1c, 0x0, 0x0, 0x0, 0x18, 0xb3, 0x52, 0x3d, 0xa1, 0xce, 0x2d, ..., 0x6d, 0xc4, 0xbf}
0.789696 : 32: {0x7d, 0x50, 0x26, 0xfe, 0x75, 0x23, 0xf5, 0x84, 0x0, 0x0, 0x2, 0x0, 0x0, 0x0, 0x0, 0x0, 0x0, 0x0, 0x55, 0x27, ..., 0x0, 0x9e, 0x7e}
0.789733 : dispatching packet: 
0.789760 : 29: {0x50, 0x26, 0xfe, 0x75, 0x23, 0xf5, 0x84, 0x0, 0x0, 0x2, 0x0, 0x0, 0x0, 0x0, 0x0, 0x0, 0x0, 0x55, 0x27, 0x6, ..., 0x0, 0x0, 0x0}
0.905518 : 262: {0x7c, 0x7c, 0x7c, 0x7c, 0xfd, 0x0, 0x0, 0x0, 0x0, 0x50, 0xd, 0x0, 0x0, 0x0, 0xf9, 0x84, 0x0, 0x0, 0x1c, 0x0, ..., 0x47, 0xd3, 0xbf}
0.905759 : dispatching packet: 
0.905905 : 253: {0x50, 0xd, 0x0, 0x0, 0x0, 0xf9, 0x84, 0x0, 0x0, 0x1c, 0x0, 0x0, 0x0, 0x18, 0xb3, 0x52, 0x3d, 0xa1, 0xce, 0x2d, ..., 0x47, 0xd3, 0xbf}
0.963851 : 262: {0x7c, 0x7c, 0x7c, 0x7c, 0xfd, 0x0, 0x0, 0x0, 0x0, 0x50, 0xd, 0x0, 0x0, 0x0, 0xfa, 0x84, 0x0, 0x0, 0x1c, 0x0, ..., 0xf8, 0xd1, 0xbf}
0.964171 : dispatching packet: 
0.964213 : 253: {0x50, 0xd, 0x0, 0x0, 0x0, 0xfa, 0x84, 0x0, 0x0, 0x1c, 0x0, 0x0, 0x0, 0x18, 0xb3, 0x52, 0x3d, 0xa1, 0xce, 0x2d, ..., 0xf8, 0xd1, 0xbf}
1.081110 : 262: {0x7c, 0x7c, 0x7c, 0x7c, 0xfd, 0x0, 0x0, 0x0, 0x0, 0x50, 0xd, 0x0, 0x0, 0x0, 0xfc, 0x84, 0x0, 0x0, 0x1c, 0x0, ..., 0x37, 0xc0, 0xbf}
1.081221 : dispatching packet: 
1.081515 : 253: {0x50, 0xd, 0x0, 0x0, 0x0, 0xfc, 0x84, 0x0, 0x0, 0x1c, 0x0, 0x0, 0x0, 0x18, 0xb3, 0x52, 0x3d, 0xa1, 0xce, 0x2d, ..., 0x37, 0xc0, 0xbf}
1.081583 : 32: {0x7d, 0x50, 0x26, 0xfe, 0x75, 0x23, 0xf5, 0x84, 0x0, 0x0, 0x2, 0x0, 0x0, 0x0, 0x0, 0x0, 0x0, 0x0, 0x55, 0x27, ..., 0x0, 0x9e, 0x7e}
1.081628 : dispatching packet: 
1.081648 : 29: {0x50, 0x26, 0xfe, 0x75, 0x23, 0xf5, 0x84, 0x0, 0x0, 0x2, 0x0, 0x0, 0x0, 0x0, 0x0, 0x0, 0x0, 0x55, 0x27, 0x6, ..., 0x0, 0x0, 0x0}
1.200053 : 1020: {0x7c, 0x7c, 0x7c, 0x7c, 0xfd, 0x0, 0x0, 0x0, 0x0, 0x50, 0xd, 0x0, 0x0, 0x0, 0xfe, 0x84, 0x0, 0x0, 0x1c, 0x0, ..., 0xa5, 0xa5, 0xa4}
1.200549 : dispatching packet: 
1.200626 : 253: {0x50, 0xd, 0x0, 0x0, 0x0, 0xfe, 0x84, 0x0, 0x0, 0x1c, 0x0, 0x0, 0x0, 0x18, 0xb3, 0x52, 0x3d, 0xa1, 0xce, 0x2d, ..., 0x47, 0xbb, 0xbf}
1.200744 : dispatching packet: 
1.200865 : 121: {0x50, 0x11, 0x0, 0x0, 0x0, 0xfe, 0x84, 0x0, 0x0, 0x38, 0x1, 0x0, 0x0, 0x0, 0x0, 0x0, 0x0, 0x1c, 0x0, 0x0, ..., 0x89, 0x71, 0x91}
1.200922 : dispatching packet: 
1.200950 : 121: {0x50, 0x11, 0x0, 0x0, 0x0, 0xfe, 0x84, 0x0, 0x0, 0x38, 0x1, 0x0, 0x0, 0x0, 0x0, 0x0, 0x0, 0x1c, 0x0, 0x0, ..., 0x6a, 0x5b, 0x5c}
1.201063 : dispatching packet: 
1.201178 : 121: {0x50, 0x11, 0x0, 0x0, 0x0, 0xfe, 0x84, 0x0, 0x0, 0x38, 0x1, 0x0, 0x0, 0x1, 0x0, 0x0, 0x0, 0x1c, 0x0, 0x0, ..., 0x90, 0x79, 0x8a}
1.201221 : dispatching packet: 
1.201280 : 121: {0x50, 0x11, 0x0, 0x0, 0x0, 0xfe, 0x84, 0x0, 0x0, 0x38, 0x1, 0x0, 0x0, 0x1, 0x0, 0x0, 0x0, 0x1c, 0x0, 0x0, ..., 0x89, 0x89, 0x8b}
1.201302 : dispatching packet: 
1.201328 : 121: {0x50, 0x11, 0x0, 0x0, 0x0, 0xfe, 0x84, 0x0, 0x0, 0x38, 0x1, 0x0, 0x0, 0x2, 0x0, 0x0, 0x0, 0x1c, 0x0, 0x0, ..., 0x9d, 0x93, 0x91}
1.201530 : 542: {0xa3, 0xa2, 0xa0, 0x9f, 0x9d, 0x9d, 0x9c, 0x9d, 0x9d, 0x9c, 0x9b, 0x9b, 0x9a, 0x99, 0x98, 0x97, 0x99, 0x9c, 0x9d, 0x9e, ..., 0xaa, 0xa8, 0xa7}
1.201557 : dispatching packet: 
1.201714 : 121: {0x50, 0x11, 0x0, 0x0, 0x0, 0xfe, 0x84, 0x0, 0x0, 0x38, 0x1, 0x0, 0x0, 0x2, 0x0, 0x0, 0x0, 0x1c, 0x0, 0x0, ..., 0x9e, 0xa0, 0xa1}
1.201740 : dispatching packet: 
1.201765 : 121: {0x50, 0x11, 0x0, 0x0, 0x0, 0xfe, 0x84, 0x0, 0x0, 0x38, 0x1, 0x0, 0x0, 0x3, 0x0, 0x0, 0x0, 0x1c, 0x0, 0x0, ..., 0xb4, 0xae, 0xa6}
1.201880 : dispatching packet: 
1.201910 : 121: {0x50, 0x11, 0x0, 0x0, 0x0, 0xfe, 0x84, 0x0, 0x0, 0x38, 0x1, 0x0, 0x0, 0x3, 0x0, 0x0, 0x0, 0x1c, 0x0, 0x0, ..., 0xa9, 0xa9, 0xaa}
1.201926 : dispatching packet: 
1.201946 : 121: {0x50, 0x11, 0x0, 0x0, 0x0, 0xfe, 0x84, 0x0, 0x0, 0x38, 0x1, 0x0, 0x0, 0x4, 0x0, 0x0, 0x0, 0x1c, 0x0, 0x0, ..., 0xcd, 0xc9, 0xbe}
1.201970 : dispatching packet: 
1.202029 : 121: {0x50, 0x11, 0x0, 0x0, 0x0, 0xfe, 0x84, 0x0, 0x0, 0x38, 0x1, 0x0, 0x0, 0x4, 0x0, 0x0, 0x0, 0x1c, 0x0, 0x0, ..., 0xaa, 0xa8, 0xa7}
1.202346 : 260: {0x7c, 0x7c, 0x7c, 0x7c, 0x79, 0x0, 0x0, 0x0, 0x0, 0x50, 0x11, 0x0, 0x0, 0x0, 0xfe, 0x84, 0x0, 0x0, 0x38, 0x1, ..., 0xa2, 0x8e, 0x9f}
1.202377 : dispatching packet: 
1.202432 : 121: {0x50, 0x11, 0x0, 0x0, 0x0, 0xfe, 0x84, 0x0, 0x0, 0x38, 0x1, 0x0, 0x0, 0x5, 0x0, 0x0, 0x0, 0x1c, 0x0, 0x0, ..., 0xdf, 0xdc, 0xd3}
1.202456 : dispatching packet: 
1.202478 : 121: {0x50, 0x11, 0x0, 0x0, 0x0, 0xfe, 0x84, 0x0, 0x0, 0x38, 0x1, 0x0, 0x0, 0x5, 0x0, 0x0, 0x0, 0x1c, 0x0, 0x0, ..., 0xa2, 0x8e, 0x9f}
1.203776 : 260: {0x7c, 0x7c, 0x7c, 0x7c, 0x79, 0x0, 0x0, 0x0, 0x0, 0x50, 0x11, 0x0, 0x0, 0x0, 0xfe, 0x84, 0x0, 0x0, 0x38, 0x1, ..., 0xb5, 0xbf, 0xc1}
1.203856 : dispatching packet: 
1.204592 : 121: {0x50, 0x11, 0x0, 0x0, 0x0, 0xfe, 0x84, 0x0, 0x0, 0x38, 0x1, 0x0, 0x0, 0x7, 0x0, 0x0, 0x0, 0x1c, 0x0, 0x0, ..., 0xe8, 0xe6, 0xe1}
1.204657 : dispatching packet: 
1.204692 : 121: {0x50, 0x11, 0x0, 0x0, 0x0, 0xfe, 0x84, 0x0, 0x0, 0x38, 0x1, 0x0, 0x0, 0x7, 0x0, 0x0, 0x0, 0x1c, 0x0, 0x0, ..., 0xb5, 0xbf, 0xc1}
1.204853 : 260: {0x7c, 0x7c, 0x7c, 0x7c, 0x79, 0x0, 0x0, 0x0, 0x0, 0x50, 0x11, 0x0, 0x0, 0x0, 0xfe, 0x84, 0x0, 0x0, 0x38, 0x1, ..., 0xc1, 0xc7, 0xc7}
1.204875 : dispatching packet: 
1.205024 : 121: {0x50, 0x11, 0x0, 0x0, 0x0, 0xfe, 0x84, 0x0, 0x0, 0x38, 0x1, 0x0, 0x0, 0x8, 0x0, 0x0, 0x0, 0x1c, 0x0, 0x0, ..., 0xe4, 0xe3, 0xdf}
1.205165 : dispatching packet: 
1.205197 : 121: {0x50, 0x11, 0x0, 0x0, 0x0, 0xfe, 0x84, 0x0, 0x0, 0x38, 0x1, 0x0, 0x0, 0x8, 0x0, 0x0, 0x0, 0x1c, 0x0, 0x0, ..., 0xc1, 0xc7, 0xc7}
1.205402 : 260: {0x7c, 0x7c, 0x7c, 0x7c, 0x79, 0x0, 0x0, 0x0, 0x0, 0x50, 0x11, 0x0, 0x0, 0x0, 0xfe, 0x84, 0x0, 0x0, 0x38, 0x1, ..., 0xc4, 0xc7, 0xc7}
1.206326 : dispatching packet: 
1.206453 : 121: {0x50, 0x11, 0x0, 0x0, 0x0, 0xfe, 0x84, 0x0, 0x0, 0x38, 0x1, 0x0, 0x0, 0x9, 0x0, 0x0, 0x0, 0x1c, 0x0, 0x0, ..., 0xe0, 0xe0, 0xdf}
1.206479 : dispatching packet: 
1.206554 : 121: {0x50, 0x11, 0x0, 0x0, 0x0, 0xfe, 0x84, 0x0, 0x0, 0x38, 0x1, 0x0, 0x0, 0x9, 0x0, 0x0, 0x0, 0x1c, 0x0, 0x0, ..., 0xc4, 0xc7, 0xc7}
1.206956 : 260: {0x7c, 0x7c, 0x7c, 0x7c, 0x79, 0x0, 0x0, 0x0, 0x0, 0x50, 0x11, 0x0, 0x0, 0x0, 0xfe, 0x84, 0x0, 0x0, 0x38, 0x1, ..., 0xad, 0xad, 0xb0}
1.206985 : dispatching packet: 
1.207015 : 121: {0x50, 0x11, 0x0, 0x0, 0x0, 0xfe, 0x84, 0x0, 0x0, 0x38, 0x1, 0x0, 0x0, 0xb, 0x0, 0x0, 0x0, 0x1c, 0x0, 0x0, ..., 0xcc, 0xcc, 0xc2}
1.207036 : dispatching packet: 
1.207081 : 121: {0x50, 0x11, 0x0, 0x0, 0x0, 0xfe, 0x84, 0x0, 0x0, 0x38, 0x1, 0x0, 0x0, 0xb, 0x0, 0x0, 0x0, 0x1c, 0x0, 0x0, ..., 0xad, 0xad, 0xb0}
1.207648 : 260: {0x7c, 0x7c, 0x7c, 0x7c, 0x79, 0x0, 0x0, 0x0, 0x0, 0x50, 0x11, 0x0, 0x0, 0x0, 0xfe, 0x84, 0x0, 0x0, 0x38, 0x1, ..., 0x9b, 0x8e, 0x94}
1.207727 : dispatching packet: 
1.207757 : 121: {0x50, 0x11, 0x0, 0x0, 0x0, 0xfe, 0x84, 0x0, 0x0, 0x38, 0x1, 0x0, 0x0, 0xc, 0x0, 0x0, 0x0, 0x1c, 0x0, 0x0, ..., 0xb7, 0xbe, 0xba}
1.207838 : dispatching packet: 
1.207866 : 121: {0x50, 0x11, 0x0, 0x0, 0x0, 0xfe, 0x84, 0x0, 0x0, 0x38, 0x1, 0x0, 0x0, 0xc, 0x0, 0x0, 0x0, 0x1c, 0x0, 0x0, ..., 0x9b, 0x8e, 0x94}
1.208430 : 130: {0x7c, 0x7c, 0x7c, 0x7c, 0x79, 0x0, 0x0, 0x0, 0x0, 0x50, 0x11, 0x0, 0x0, 0x0, 0xfe, 0x84, 0x0, 0x0, 0x38, 0x1, ..., 0x8d, 0x83, 0x72}
1.208463 : dispatching packet: 
1.208495 : 121: {0x50, 0x11, 0x0, 0x0, 0x0, 0xfe, 0x84, 0x0, 0x0, 0x38, 0x1, 0x0, 0x0, 0xd, 0x0, 0x0, 0x0, 0x1c, 0x0, 0x0, ..., 0x8d, 0x83, 0x72}
1.210220 : 520: {0x7c, 0x7c, 0x7c, 0x7c, 0x79, 0x0, 0x0, 0x0, 0x0, 0x50, 0x11, 0x0, 0x0, 0x0, 0xfe, 0x84, 0x0, 0x0, 0x38, 0x1, ..., 0x84, 0x81, 0x7f}
1.210268 : dispatching packet: 
1.210294 : 121: {0x50, 0x11, 0x0, 0x0, 0x0, 0xfe, 0x84, 0x0, 0x0, 0x38, 0x1, 0x0, 0x0, 0xe, 0x0, 0x0, 0x0, 0x1c, 0x0, 0x0, ..., 0xa7, 0xae, 0xb6}
1.210331 : dispatching packet: 
1.210376 : 121: {0x50, 0x11, 0x0, 0x0, 0x0, 0xfe, 0x84, 0x0, 0x0, 0x38, 0x1, 0x0, 0x0, 0xe, 0x0, 0x0, 0x0, 0x1c, 0x0, 0x0, ..., 0x88, 0x8a, 0x7e}
1.210418 : dispatching packet: 
1.210475 : 121: {0x50, 0x11, 0x0, 0x0, 0x0, 0xfe, 0x84, 0x0, 0x0, 0x38, 0x1, 0x0, 0x0, 0xf, 0x0, 0x0, 0x0, 0x1c, 0x0, 0x0, ..., 0x97, 0xb5, 0xb9}
1.210497 : dispatching packet: 
1.210522 : 121: {0x50, 0x11, 0x0, 0x0, 0x0, 0xfe, 0x84, 0x0, 0x0, 0x38, 0x1, 0x0, 0x0, 0xf, 0x0, 0x0, 0x0, 0x1c, 0x0, 0x0, ..., 0x84, 0x81, 0x7f}
1.210707 : 260: {0x7c, 0x7c, 0x7c, 0x7c, 0x79, 0x0, 0x0, 0x0, 0x0, 0x50, 0x11, 0x0, 0x0, 0x0, 0xfe, 0x84, 0x0, 0x0, 0x38, 0x1, ..., 0x6a, 0x7b, 0x77}
1.210811 : dispatching packet: 
1.210841 : 121: {0x50, 0x11, 0x0, 0x0, 0x0, 0xfe, 0x84, 0x0, 0x0, 0x38, 0x1, 0x0, 0x0, 0x10, 0x0, 0x0, 0x0, 0x1c, 0x0, 0x0, ..., 0xa4, 0xb4, 0xb5}
1.210857 : dispatching packet: 
1.211020 : 121: {0x50, 0x11, 0x0, 0x0, 0x0, 0xfe, 0x84, 0x0, 0x0, 0x38, 0x1, 0x0, 0x0, 0x10, 0x0, 0x0, 0x0, 0x1c, 0x0, 0x0, ..., 0x6a, 0x7b, 0x77}
1.212032 : 260: {0x7c, 0x7c, 0x7c, 0x7c, 0x79, 0x0, 0x0, 0x0, 0x0, 0x50, 0x11, 0x0, 0x0, 0x0, 0xfe, 0x84, 0x0, 0x0, 0x38, 0x1, ..., 0x82, 0x8b, 0x8a}
1.212160 : dispatching packet: 
1.212192 : 121: {0x50, 0x11, 0x0, 0x0, 0x0, 0xfe, 0x84, 0x0, 0x0, 0x38, 0x1, 0x0, 0x0, 0x11, 0x0, 0x0, 0x0, 0x1c, 0x0, 0x0, ..., 0xa9, 0xae, 0xa8}
1.212217 : dispatching packet: 
1.212244 : 121: {0x50, 0x11, 0x0, 0x0, 0x0, 0xfe, 0x84, 0x0, 0x0, 0x38, 0x1, 0x0, 0x0, 0x11, 0x0, 0x0, 0x0, 0x1c, 0x0, 0x0, ..., 0x82, 0x8b, 0x8a}
1.212867 : 130: {0x7c, 0x7c, 0x7c, 0x7c, 0x79, 0x0, 0x0, 0x0, 0x0, 0x50, 0x11, 0x0, 0x0, 0x0, 0xfe, 0x84, 0x0, 0x0, 0x38, 0x1, ..., 0x79, 0x88, 0x8a}
1.212902 : dispatching packet: 
1.212930 : 121: {0x50, 0x11, 0x0, 0x0, 0x0, 0xfe, 0x84, 0x0, 0x0, 0x38, 0x1, 0x0, 0x0, 0x13, 0x0, 0x0, 0x0, 0x1c, 0x0, 0x0, ..., 0x79, 0x88, 0x8a}
1.213640 : 130: {0x7c, 0x7c, 0x7c, 0x7c, 0x79, 0x0, 0x0, 0x0, 0x0, 0x50, 0x11, 0x0, 0x0, 0x0, 0xfe, 0x84, 0x0, 0x0, 0x38, 0x1, ..., 0x83, 0x84, 0x7d}
1.213691 : dispatching packet: 
1.213720 : 121: {0x50, 0x11, 0x0, 0x0, 0x0, 0xfe, 0x84, 0x0, 0x0, 0x38, 0x1, 0x0, 0x0, 0x14, 0x0, 0x0, 0x0, 0x1c, 0x0, 0x0, ..., 0x83, 0x84, 0x7d}
1.214387 : 130: {0x7c, 0x7c, 0x7c, 0x7c, 0x79, 0x0, 0x0, 0x0, 0x0, 0x50, 0x11, 0x0, 0x0, 0x0, 0xfe, 0x84, 0x0, 0x0, 0x38, 0x1, ..., 0x8a, 0x85, 0x7e}
1.214413 : dispatching packet: 
1.214444 : 121: {0x50, 0x11, 0x0, 0x0, 0x0, 0xfe, 0x84, 0x0, 0x0, 0x38, 0x1, 0x0, 0x0, 0x15, 0x0, 0x0, 0x0, 0x1c, 0x0, 0x0, ..., 0x8a, 0x85, 0x7e}
1.215156 : 130: {0x7c, 0x7c, 0x7c, 0x7c, 0x79, 0x0, 0x0, 0x0, 0x0, 0x50, 0x11, 0x0, 0x0, 0x0, 0xfe, 0x84, 0x0, 0x0, 0x38, 0x1, ..., 0x88, 0x81, 0x7f}
1.215187 : dispatching packet: 
1.215222 : 121: {0x50, 0x11, 0x0, 0x0, 0x0, 0xfe, 0x84, 0x0, 0x0, 0x38, 0x1, 0x0, 0x0, 0x16, 0x0, 0x0, 0x0, 0x1c, 0x0, 0x0, ..., 0x88, 0x81, 0x7f}
1.216642 : 260: {0x7c, 0x7c, 0x7c, 0x7c, 0x79, 0x0, 0x0, 0x0, 0x0, 0x50, 0x11, 0x0, 0x0, 0x0, 0xfe, 0x84, 0x0, 0x0, 0x38, 0x1, ..., 0x6d, 0x71, 0x6c}
1.216680 : dispatching packet: 
1.216717 : 121: {0x50, 0x11, 0x0, 0x0, 0x0, 0xfe, 0x84, 0x0, 0x0, 0x38, 0x1, 0x0, 0x0, 0x18, 0x0, 0x0, 0x0, 0x1c, 0x0, 0x0, ..., 0xa8, 0xa9, 0xa7}
1.216742 : dispatching packet: 
1.216768 : 121: {0x50, 0x11, 0x0, 0x0, 0x0, 0xfe, 0x84, 0x0, 0x0, 0x38, 0x1, 0x0, 0x0, 0x18, 0x0, 0x0, 0x0, 0x1c, 0x0, 0x0, ..., 0x6d, 0x71, 0x6c}
1.217380 : 260: {0x7c, 0x7c, 0x7c, 0x7c, 0x79, 0x0, 0x0, 0x0, 0x0, 0x50, 0x11, 0x0, 0x0, 0x0, 0xfe, 0x84, 0x0, 0x0, 0x38, 0x1, ..., 0x7f, 0x81, 0x7a}
1.217421 : dispatching packet: 
1.217454 : 121: {0x50, 0x11, 0x0, 0x0, 0x0, 0xfe, 0x84, 0x0, 0x0, 0x38, 0x1, 0x0, 0x0, 0x19, 0x0, 0x0, 0x0, 0x1c, 0x0, 0x0, ..., 0xa6, 0xaa, 0xa9}
1.217484 : dispatching packet: 
1.217548 : 121: {0x50, 0x11, 0x0, 0x0, 0x0, 0xfe, 0x84, 0x0, 0x0, 0x38, 0x1, 0x0, 0x0, 0x19, 0x0, 0x0, 0x0, 0x1c, 0x0, 0x0, ..., 0x7f, 0x81, 0x7a}
1.218129 : 260: {0x7c, 0x7c, 0x7c, 0x7c, 0x79, 0x0, 0x0, 0x0, 0x0, 0x50, 0x11, 0x0, 0x0, 0x0, 0xfe, 0x84, 0x0, 0x0, 0x38, 0x1, ..., 0x86, 0x85, 0x80}
1.218169 : dispatching packet: 
1.218198 : 121: {0x50, 0x11, 0x0, 0x0, 0x0, 0xfe, 0x84, 0x0, 0x0, 0x38, 0x1, 0x0, 0x0, 0x1a, 0x0, 0x0, 0x0, 0x1c, 0x0, 0x0, ..., 0xa2, 0xac, 0xaf}
1.218219 : dispatching packet: 
1.218239 : 121: {0x50, 0x11, 0x0, 0x0, 0x0, 0xfe, 0x84, 0x0, 0x0, 0x38, 0x1, 0x0, 0x0, 0x1a, 0x0, 0x0, 0x0, 0x1c, 0x0, 0x0, ..., 0x86, 0x85, 0x80}
1.218878 : 260: {0x7c, 0x7c, 0x7c, 0x7c, 0x79, 0x0, 0x0, 0x0, 0x0, 0x50, 0x11, 0x0, 0x0, 0x0, 0xfe, 0x84, 0x0, 0x0, 0x38, 0x1, ..., 0x82, 0x80, 0x7d}
1.218922 : dispatching packet: 
1.218951 : 121: {0x50, 0x11, 0x0, 0x0, 0x0, 0xfe, 0x84, 0x0, 0x0, 0x38, 0x1, 0x0, 0x0, 0x1b, 0x0, 0x0, 0x0, 0x1c, 0x0, 0x0, ..., 0xa3, 0xad, 0xb0}
1.218993 : dispatching packet: 
1.219025 : 121: {0x50, 0x11, 0x0, 0x0, 0x0, 0xfe, 0x84, 0x0, 0x0, 0x38, 0x1, 0x0, 0x0, 0x1b, 0x0, 0x0, 0x0, 0x1c, 0x0, 0x0, ..., 0x82, 0x80, 0x7d}
1.219340 : 256: {0x7d, 0x50, 0x0, 0x3b, 0xa, 0x61, 0xfe, 0x84, 0x0, 0x0, 0x1a, 0x0, 0x0, 0x0, 0xe6, 0x1d, 0xe8, 0x41, 0x0, 0x0, ..., 0x0, 0xcb, 0x7e}
1.219366 : dispatching packet: 
1.219403 : 221: {0x50, 0x0, 0x3b, 0xa, 0x61, 0xfe, 0x84, 0x0, 0x0, 0x1a, 0x0, 0x0, 0x0, 0xe6, 0x1d, 0xe8, 0x41, 0x0, 0x0, 0x0, ..., 0x9c, 0x82, 0x3f}
1.219428 : dispatching packet: 
1.219459 : 25: {0x50, 0x2, 0x3b, 0xa, 0x61, 0xfe, 0x84, 0x0, 0x0, 0x1, 0x0, 0x0, 0x0, 0x55, 0x27, 0x6, 0x3f, 0xda, 0xb1, 0x2d, ..., 0x0, 0x0, 0x0}
1.219941 : 32: {0x7d, 0x50, 0x26, 0xfe, 0x75, 0x23, 0xf5, 0x84, 0x0, 0x0, 0x2, 0x0, 0x0, 0x0, 0x0, 0x0, 0x0, 0x0, 0x55, 0x27, ..., 0x0, 0x9e, 0x7e}
1.220111 : dispatching packet: 
1.220238 : 29: {0x50, 0x26, 0xfe, 0x75, 0x23, 0xf5, 0x84, 0x0, 0x0, 0x2, 0x0, 0x0, 0x0, 0x0, 0x0, 0x0, 0x0, 0x55, 0x27, 0x6, ..., 0x0, 0x0, 0x0}
1.315575 : 262: {0x7c, 0x7c, 0x7c, 0x7c, 0xfd, 0x0, 0x0, 0x0, 0x0, 0x50, 0xd, 0x0, 0x0, 0x0, 0x0, 0x85, 0x0, 0x0, 0x1c, 0x0, ..., 0xd8, 0xc1, 0xbf}
1.315627 : dispatching packet: 
1.315710 : 253: {0x50, 0xd, 0x0, 0x0, 0x0, 0x0, 0x85, 0x0, 0x0, 0x1c, 0x0, 0x0, 0x0, 0x18, 0xb3, 0x52, 0x3d, 0xa1, 0xce, 0x2d, ..., 0xd8, 0xc1, 0xbf}
1.315902 : 32: {0x7d, 0x50, 0x26, 0xfe, 0x75, 0x23, 0xf5, 0x84, 0x0, 0x0, 0x2, 0x0, 0x0, 0x0, 0x0, 0x0, 0x0, 0x0, 0x55, 0x27, ..., 0x0, 0x9e, 0x7e}
1.316044 : dispatching packet: 
1.316323 : 29: {0x50, 0x26, 0xfe, 0x75, 0x23, 0xf5, 0x84, 0x0, 0x0, 0x2, 0x0, 0x0, 0x0, 0x0, 0x0, 0x0, 0x0, 0x55, 0x27, 0x6, ..., 0x0, 0x0, 0x0}
1.374576 : 32: {0x7d, 0x50, 0x26, 0xfe, 0x75, 0x23, 0xf5, 0x84, 0x0, 0x0, 0x2, 0x0, 0x0, 0x0, 0x0, 0x0, 0x0, 0x0, 0x55, 0x27, ..., 0x0, 0x9e, 0x7e}
1.374725 : dispatching packet: 
1.374825 : 29: {0x50, 0x26, 0xfe, 0x75, 0x23, 0xf5, 0x84, 0x0, 0x0, 0x2, 0x0, 0x0, 0x0, 0x0, 0x0, 0x0, 0x0, 0x55, 0x27, 0x6, ..., 0x0, 0x0, 0x0}
1.432925 : 262: {0x7c, 0x7c, 0x7c, 0x7c, 0xfd, 0x0, 0x0, 0x0, 0x0, 0x50, 0xd, 0x0, 0x0, 0x0, 0x2, 0x85, 0x0, 0x0, 0x1c, 0x0, ..., 0x1f, 0xbf, 0xbf}
1.434030 : dispatching packet: 
1.434065 : 253: {0x50, 0xd, 0x0, 0x0, 0x0, 0x2, 0x85, 0x0, 0x0, 0x1c, 0x0, 0x0, 0x0, 0x18, 0xb3, 0x52, 0x3d, 0xa1, 0xce, 0x2d, ..., 0x1f, 0xbf, 0xbf}
1.491537 : 262: {0x7c, 0x7c, 0x7c, 0x7c, 0xfd, 0x0, 0x0, 0x0, 0x0, 0x50, 0xd, 0x0, 0x0, 0x0, 0x3, 0x85, 0x0, 0x0, 0x1c, 0x0, ..., 0x9b, 0xc0, 0xbf}
1.491603 : dispatching packet: 
1.491634 : 253: {0x50, 0xd, 0x0, 0x0, 0x0, 0x3, 0x85, 0x0, 0x0, 0x1c, 0x0, 0x0, 0x0, 0x18, 0xb3, 0x52, 0x3d, 0xa1, 0xce, 0x2d, ..., 0x9b, 0xc0, 0xbf}
1.550451 : 32: {0x7d, 0x50, 0x26, 0xfe, 0x75, 0x23, 0xf5, 0x84, 0x0, 0x0, 0x2, 0x0, 0x0, 0x0, 0x0, 0x0, 0x0, 0x0, 0x55, 0x27, ..., 0x0, 0x9e, 0x7e}
1.550505 : dispatching packet: 
1.550530 : 29: {0x50, 0x26, 0xfe, 0x75, 0x23, 0xf5, 0x84, 0x0, 0x0, 0x2, 0x0, 0x0, 0x0, 0x0, 0x0, 0x0, 0x0, 0x55, 0x27, 0x6, ..., 0x0, 0x0, 0x0}
1.667467 : 262: {0x7c, 0x7c, 0x7c, 0x7c, 0xfd, 0x0, 0x0, 0x0, 0x0, 0x50, 0xd, 0x0, 0x0, 0x0, 0x6, 0x85, 0x0, 0x0, 0x1c, 0x0, ..., 0x3c, 0xca, 0xbf}
1.668425 : dispatching packet: 
1.668509 : 253: {0x50, 0xd, 0x0, 0x0, 0x0, 0x6, 0x85, 0x0, 0x0, 0x1c, 0x0, 0x0, 0x0, 0x18, 0xb3, 0x52, 0x3d, 0xa1, 0xce, 0x2d, ..., 0x3c, 0xca, 0xbf}
1.669593 : 136: {0x53, 0x57, 0x59, 0x57, 0x52, 0x52, 0x56, 0x57, 0x52, 0x43, 0x3c, 0x4d, 0x55, 0x5a, 0x5e, 0x5f, 0x5d, 0x56, 0x4e, 0x4e, ..., 0x5d, 0x58, 0x54}
1.671788 : 1020: {0x7c, 0x7c, 0x7c, 0x7c, 0x39, 0x2, 0x0, 0x0, 0x0, 0x50, 0x11, 0x0, 0x0, 0x0, 0x6, 0x85, 0x0, 0x0, 0x2b, 0x1, ..., 0x74, 0x72, 0x70}
1.671955 : dispatching packet: 
1.672016 : 569: {0x50, 0x11, 0x0, 0x0, 0x0, 0x6, 0x85, 0x0, 0x0, 0x2b, 0x1, 0x0, 0x0, 0x1, 0x0, 0x0, 0x0, 0x1c, 0x0, 0x0, ..., 0x74, 0x73, 0x80}
1.674281 : 1020: {0x7c, 0x7c, 0x7c, 0x7c, 0x39, 0x2, 0x0, 0x0, 0x0, 0x50, 0x11, 0x0, 0x0, 0x0, 0x6, 0x85, 0x0, 0x0, 0x2b, 0x1, ..., 0x84, 0x83, 0x81}
1.674397 : dispatching packet: 
1.674432 : 569: {0x50, 0x11, 0x0, 0x0, 0x0, 0x6, 0x85, 0x0, 0x0, 0x2b, 0x1, 0x0, 0x0, 0x1, 0x0, 0x0, 0x0, 0x1c, 0x0, 0x0, ..., 0x84, 0x82, 0x80}
1.674467 : Error parsing incoming data: lost bytes
1.674484 : Error parsing incoming data: lost bytes
1.674507 : Error parsing incoming data: lost bytes
1.674538 : Error parsing incoming data: CRC error
1.674605 : Error parsing incoming data: lost bytes
1.677233 : 1020: {0x7c, 0x7c, 0x7c, 0x7c, 0x39, 0x2, 0x0, 0x0, 0x0, 0x50, 0x11, 0x0, 0x0, 0x0, 0x6, 0x85, 0x0, 0x0, 0x2b, 0x1, ..., 0x88, 0x87, 0x85}
1.680285 : dispatching packet: 
1.680328 : 569: {0x50, 0x11, 0x0, 0x0, 0x0, 0x6, 0x85, 0x0, 0x0, 0x2b, 0x1, 0x0, 0x0, 0x2, 0x0, 0x0, 0x0, 0x1c, 0x0, 0x0, ..., 0x8e, 0x8d, 0x8c}
1.680361 : Error parsing incoming data: lost bytes
1.680381 : Error parsing incoming data: CRC error
1.682618 : 136: {0x94, 0x92, 0x8e, 0x84, 0x6b, 0x8a, 0x96, 0x9c, 0xa0, 0xa2, 0xa3, 0xa3, 0xa2, 0xa0, 0x9e, 0x9c, 0x9b, 0x9a, 0x9c, 0x9e, ..., 0xa5, 0xa6, 0xa6}
1.682656 : dispatching packet: 
1.682671 : 569: {0x50, 0x11, 0x0, 0x0, 0x0, 0x6, 0x85, 0x0, 0x0, 0x2b, 0x1, 0x0, 0x0, 0x3, 0x0, 0x0, 0x0, 0x1c, 0x0, 0x0, ..., 0xa5, 0xa6, 0xa6}
1.685457 : 578: {0x7c, 0x7c, 0x7c, 0x7c, 0x39, 0x2, 0x0, 0x0, 0x0, 0x50, 0x11, 0x0, 0x0, 0x0, 0x6, 0x85, 0x0, 0x0, 0x2b, 0x1, ..., 0xe9, 0xe7, 0xda}
1.685524 : dispatching packet: 
1.685555 : 569: {0x50, 0x11, 0x0, 0x0, 0x0, 0x6, 0x85, 0x0, 0x0, 0x2b, 0x1, 0x0, 0x0, 0x6, 0x0, 0x0, 0x0, 0x1c, 0x0, 0x0, ..., 0xe9, 0xe7, 0xda}
1.688550 : 136: {0x95, 0x9a, 0x9e, 0xa1, 0xa3, 0xa4, 0xa4, 0xa3, 0xa0, 0x9b, 0x91, 0x8c, 0x98, 0xa0, 0xa5, 0xa8, 0xab, 0xac, 0xac, 0xab, ..., 0x9e, 0xa4, 0xa8}
1.691628 : 136: {0xb0, 0xaf, 0xae, 0xac, 0xa8, 0xa2, 0x9b, 0x9b, 0xa3, 0xa9, 0xae, 0xb1, 0xb4, 0xb5, 0xb5, 0xb4, 0xb2, 0xb0, 0xab, 0xa4, ..., 0xae, 0xae, 0xae}
1.695105 : 1020: {0x7c, 0x7c, 0x7c, 0x7c, 0x39, 0x2, 0x0, 0x0, 0x0, 0x50, 0x11, 0x0, 0x0, 0x0, 0x6, 0x85, 0x0, 0x0, 0x2b, 0x1, ..., 0xb7, 0xb8, 0xb9}
1.695156 : dispatching packet: 
1.695185 : 569: {0x50, 0x11, 0x0, 0x0, 0x0, 0x6, 0x85, 0x0, 0x0, 0x2b, 0x1, 0x0, 0x0, 0x9, 0x0, 0x0, 0x0, 0x1c, 0x0, 0x0, ..., 0xda, 0xdb, 0xd6}
1.697299 : 1020: {0x7c, 0x7c, 0x7c, 0x7c, 0x39, 0x2, 0x0, 0x0, 0x0, 0x50, 0x11, 0x0, 0x0, 0x0, 0x6, 0x85, 0x0, 0x0, 0x2b, 0x1, ..., 0xb7, 0xb7, 0xb7}
1.697361 : dispatching packet: 
1.697392 : 569: {0x50, 0x11, 0x0, 0x0, 0x0, 0x6, 0x85, 0x0, 0x0, 0x2b, 0x1, 0x0, 0x0, 0x9, 0x0, 0x0, 0x0, 0x1c, 0x0, 0x0, ..., 0xa8, 0xa8, 0xa9}
1.697478 : Error parsing incoming data: lost bytes
1.697498 : Error parsing incoming data: lost bytes
1.697542 : 136: {0xb7, 0xb6, 0xb4, 0xb1, 0xad, 0xa7, 0x9d, 0x8e, 0x98, 0xa2, 0xa8, 0xac, 0xae, 0xaf, 0xae, 0xad, 0xaa, 0xa8, 0xa5, 0xa5, ..., 0xaf, 0xae, 0xac}
1.697560 : dispatching packet: 
1.697586 : 569: {0x50, 0x11, 0x0, 0x0, 0x0, 0x6, 0x85, 0x0, 0x0, 0x2b, 0x1, 0x0, 0x0, 0xa, 0x0, 0x0, 0x0, 0x1c, 0x0, 0x0, ..., 0xaf, 0xae, 0xac}
1.702822 : 1020: {0x7c, 0x7c, 0x7c, 0x7c, 0x39, 0x2, 0x0, 0x0, 0x0, 0x50, 0x11, 0x0, 0x0, 0x0, 0x6, 0x85, 0x0, 0x0, 0x2b, 0x1, ..., 0x99, 0x99, 0x98}
1.702958 : dispatching packet: 
1.703059 : 569: {0x50, 0x11, 0x0, 0x0, 0x0, 0x6, 0x85, 0x0, 0x0, 0x2b, 0x1, 0x0, 0x0, 0xc, 0x0, 0x0, 0x0, 0x1c, 0x0, 0x0, ..., 0xbe, 0xbc, 0xb2}
1.705692 : 578: {0x7c, 0x7c, 0x7c, 0x7c, 0x39, 0x2, 0x0, 0x0, 0x0, 0x50, 0x11, 0x0, 0x0, 0x0, 0x6, 0x85, 0x0, 0x0, 0x2b, 0x1, ..., 0xb3, 0xb2, 0xaa}
1.705868 : dispatching packet: 
1.706087 : 569: {0x50, 0x11, 0x0, 0x0, 0x0, 0x6, 0x85, 0x0, 0x0, 0x2b, 0x1, 0x0, 0x0, 0xc, 0x0, 0x0, 0x0, 0x1c, 0x0, 0x0, ..., 0x88, 0x84, 0x7e}
1.706158 : Error parsing incoming data: lost bytes
1.706273 : Error parsing incoming data: lost bytes
1.706298 : Error parsing incoming data: CRC error
1.706379 : Error parsing incoming data: CRC error
1.706418 : Error parsing incoming data: lost bytes
1.706436 : Error parsing incoming data: lost bytes
1.706449 : Error parsing incoming data: CRC error
1.708685 : 1020: {0x7c, 0x7c, 0x7c, 0x7c, 0x39, 0x2, 0x0, 0x0, 0x0, 0x50, 0x11, 0x0, 0x0, 0x0, 0x6, 0x85, 0x0, 0x0, 0x2b, 0x1, ..., 0x90, 0x91, 0x92}
1.708738 : dispatching packet: 
1.708768 : 569: {0x50, 0x11, 0x0, 0x0, 0x0, 0x6, 0x85, 0x0, 0x0, 0x2b, 0x1, 0x0, 0x0, 0xe, 0x0, 0x0, 0x0, 0x1c, 0x0, 0x0, ..., 0xaf, 0xb0, 0xad}
1.714681 : 1020: {0x7c, 0x7c, 0x7c, 0x7c, 0x39, 0x2, 0x0, 0x0, 0x0, 0x50, 0x11, 0x0, 0x0, 0x0, 0x6, 0x85, 0x0, 0x0, 0x2b, 0x1, ..., 0x8c, 0x8c, 0x8b}
1.714753 : dispatching packet: 
1.714784 : 569: {0x50, 0x11, 0x0, 0x0, 0x0, 0x6, 0x85, 0x0, 0x0, 0x2b, 0x1, 0x0, 0x0, 0xe, 0x0, 0x0, 0x0, 0x1c, 0x0, 0x0, ..., 0x74, 0x78, 0x7a}
1.714836 : Error parsing incoming data: lost bytes
1.714918 : Error parsing incoming data: incomplete packer
1.714942 : Error parsing incoming data: incomplete packer
1.714957 : Error parsing incoming data: CRC error
1.715023 : Error parsing incoming data: CRC error
1.715043 : Error parsing incoming data: lost bytes
1.715060 : Error parsing incoming data: CRC error
1.715077 : Error parsing incoming data: lost bytes
1.715094 : Error parsing incoming data: CRC error
1.715109 : Error parsing incoming data: lost bytes
1.715125 : Error parsing incoming data: incomplete packer
1.715141 : Error parsing incoming data: CRC error
1.715160 : Error parsing incoming data: lost bytes
1.715201 : Error parsing incoming data: lost bytes
1.715226 : Error parsing incoming data: CRC error
1.715244 : Error parsing incoming data: lost bytes
1.716731 : Error parsing incoming data: incomplete packer
1.717422 : Error parsing incoming data: CRC error
1.717448 : Error parsing incoming data: lost bytes
1.717675 : Error parsing incoming data: lost bytes
1.717738 : Error parsing incoming data: CRC error
1.717765 : Error parsing incoming data: lost bytes
1.717803 : Error parsing incoming data: CRC error
1.717908 : Error parsing incoming data: lost bytes
1.717930 : Error parsing incoming data: CRC error
1.720155 : 1020: {0x7c, 0x7c, 0x7c, 0x7c, 0x39, 0x2, 0x0, 0x0, 0x0, 0x50, 0x11, 0x0, 0x0, 0x0, 0x6, 0x85, 0x0, 0x0, 0x2b, 0x1, ..., 0x5b, 0x6d, 0x79}
1.720204 : dispatching packet: 
1.720232 : 569: {0x50, 0x11, 0x0, 0x0, 0x0, 0x6, 0x85, 0x0, 0x0, 0x2b, 0x1, 0x0, 0x0, 0x10, 0x0, 0x0, 0x0, 0x1c, 0x0, 0x0, ..., 0x7b, 0x7a, 0x7a}
1.720261 : Error parsing incoming data: CRC error
1.720275 : Error parsing incoming data: CRC error
1.720287 : Error parsing incoming data: CRC error
1.720300 : Error parsing incoming data: lost bytes
1.720312 : Error parsing incoming data: lost bytes
1.720325 : Error parsing incoming data: lost bytes
1.720336 : Error parsing incoming data: CRC error
1.720348 : Error parsing incoming data: lost bytes
1.720360 : Error parsing incoming data: lost bytes
1.720372 : Error parsing incoming data: lost bytes
1.720385 : Error parsing incoming data: CRC error
1.720397 : Error parsing incoming data: lost bytes
1.720409 : Error parsing incoming data: lost bytes
1.720422 : Error parsing incoming data: CRC error
1.740994 : Error parsing incoming data: lost bytes
1.741016 : Error parsing incoming data: CRC error
1.741029 : Error parsing incoming data: lost bytes
1.741041 : Error parsing incoming data: lost bytes
1.741053 : Error parsing incoming data: lost bytes
1.742854 : 1020: {0x7c, 0x7c, 0x7c, 0x7c, 0x39, 0x2, 0x0, 0x0, 0x0, 0x50, 0x11, 0x0, 0x0, 0x0, 0x6, 0x85, 0x0, 0x0, 0x2b, 0x1, ..., 0x6d, 0x6e, 0x6f}
1.744915 : dispatching packet: 
1.744964 : 569: {0x50, 0x11, 0x0, 0x0, 0x0, 0x6, 0x85, 0x0, 0x0, 0x2b, 0x1, 0x0, 0x0, 0x12, 0x0, 0x0, 0x0, 0x1c, 0x0, 0x0, ..., 0x71, 0x71, 0x70}
1.744999 : Error parsing incoming data: CRC error
1.745014 : Error parsing incoming data: CRC error
1.745025 : Error parsing incoming data: lost bytes
1.745036 : Error parsing incoming data: incomplete packer
1.745586 : 1020: {0x7c, 0x7c, 0x7c, 0x7c, 0x39, 0x2, 0x0, 0x0, 0x0, 0x50, 0x11, 0x0, 0x0, 0x0, 0x6, 0x85, 0x0, 0x0, 0x2b, 0x1, ..., 0x73, 0x75, 0x76}
1.746225 : 36: {0x7d, 0x50, 0x6c, 0xa1, 0x75, 0x23, 0x6, 0x85, 0x0, 0x0, 0x2, 0x0, 0x0, 0x0, 0x0, 0x0, 0x0, 0x0, 0xc4, 0x2a, ..., 0x41, 0x67, 0x7e}
1.748555 : 32: {0x7d, 0x50, 0x26, 0xfe, 0x75, 0x23, 0x6, 0x85, 0x0, 0x0, 0x2, 0x0, 0x0, 0x0, 0x0, 0x0, 0x0, 0x0, 0xc4, 0x2a, ..., 0x0, 0xf1, 0x7e}
1.787006 : 294: {0x7c, 0x7c, 0x7c, 0x7c, 0xfd, 0x0, 0x0, 0x0, 0x0, 0x50, 0xd, 0x0, 0x0, 0x0, 0x8, 0x85, 0x0, 0x0, 0x1c, 0x0, ..., 0x0, 0xf1, 0x7e}
2.007081 : Timeout waiting for response
2.007224 : ping -- end
2.007390 : unsubscribe -- begin
2.007420 : unsubscribe -- end
2.007494 : task ending: recorder
2.007632 : ~ActiveThread: recorder
2.007659 : ~RadarInterface -- begin
2.007674 : ~RadarInterface -- end
2.007689 : ~RadarCommunicator -- begin
2.007773 : task ending: writer
2.007834 : ~ActiveThread: writer
2.019305 : 262: {0x7c, 0x7c, 0x7c, 0x7c, 0xfd, 0x0, 0x0, 0x0, 0x0, 0x50, 0xd, 0x0, 0x0, 0x0, 0xc, 0x85, 0x0, 0x0, 0x1c, 0x0, ..., 0x56, 0xc3, 0xbf}
2.019808 : 32: {0x7d, 0x50, 0x26, 0xfe, 0x75, 0x23, 0x6, 0x85, 0x0, 0x0, 0x2, 0x0, 0x0, 0x0, 0x0, 0x0, 0x0, 0x0, 0xc4, 0x2a, ..., 0x0, 0xf1, 0x7e}
2.020342 : task ending: reader
2.020407 : ~ActiveThread: reader
2.020427 : Closing: /dev/cu.usbmodem1411
2.020478 : ~RadarCommunicator -- end
2.020533 : ~PacketDispatcher -- begin
2.020566 : task ending: dispatcher
2.020620 : ~PacketDispatcher -- end
2.020641 : ~ActiveThread: dispatcher
2.020663 : ~StdoutLogger
