0.000011 : createing logger StdoutLogger
0.000521 : RadarCommunicator: 28
0.000552 : parser constructor
0.000598 : RadarInterface - base -- begin
0.000623 : log_trace -- begin
0.000694 : log_trace -- end
0.000727 : git sha: 3ae25d11eed0
0.000743 : build date: 2017-11-28 11:32:05
0.000763 : subscribe_to_presence_single -- begin
0.000814 : subscribe_to_presence_single -- end
0.000831 : subscribe_to_presence_movinglist -- begin
0.000865 : subscribe_to_presence_movinglist -- end
0.000879 : subscribe_to_data_float -- begin
0.000902 : subscribe_to_data_float -- end
0.000917 : subscribe_to_data_string -- begin
0.000938 : subscribe_to_data_string -- end
0.000952 : subscribe_to_data_byte -- begin
0.000977 : subscribe_to_data_byte -- end
0.000995 : subscribe_to_baseband_iq -- begin
0.001016 : subscribe_to_baseband_iq -- end
0.001030 : subscribe_to_baseband_ap -- begin
0.001051 : subscribe_to_baseband_ap -- end
0.001069 : subscribe_to_pulsedoppler_float -- begin
0.001099 : subscribe_to_pulsedoppler_float -- end
0.001119 : subscribe_to_noisemap_float -- begin
0.001151 : subscribe_to_noisemap_float -- end
0.001167 : subscribe_to_pulsedoppler_byte -- begin
0.001829 : subscribe_to_pulsedoppler_byte -- end
0.001849 : subscribe_to_noisemap_byte -- begin
0.001874 : subscribe_to_noisemap_byte -- end
0.001891 : subscribe_to_system_status -- begin
0.001922 : subscribe_to_system_status -- end
0.001940 : subscribe_to_resp_status -- begin
0.002083 : subscribe_to_resp_status -- end
0.002109 : subscribe_to_sleep_status -- begin
0.002140 : subscribe_to_sleep_status -- end
0.002158 : subscribe_to_respiration_movinglist -- begin
0.002186 : subscribe_to_respiration_movinglist -- end
0.002203 : subscribe_to_respiration_detectionlist -- begin
0.002230 : subscribe_to_respiration_detectionlist -- end
0.002247 : open -- begin
0.002262 : creating LinuxModuleIo
0.002410 : LinuxModuleIo::open /dev/cu.usbmodem1411 -- begin
0.003695 : LinuxModuleIo::open /dev/cu.usbmodem1411 -- end
0.003750 : open -- end
0.003765 : RadarInterface - base -- end
0.003900 : subscribe_to_radar_settings -- begin
0.003933 : subscribe_to_radar_settings -- end
0.004030 : ping -- begin
0.004071 : sending: 
0.004097 : 8: {0x7d, 0x1, 0xae, 0xea, 0xaa, 0xee, 0x7c, 0x7e, }
0.004127 : sent
0.095748 : 262: {0x7c, 0x7c, 0x7c, 0x7c, 0xfd, 0x0, 0x0, 0x0, 0x0, 0x50, 0xd, 0x0, 0x0, 0x0, 0x58, 0x21, 0x0, 0x0, 0x1c, 0x0, ..., 0x0, 0x31, 0xc0}
0.095804 : dispatching packet: 
0.095828 : 253: {0x50, 0xd, 0x0, 0x0, 0x0, 0x58, 0x21, 0x0, 0x0, 0x1c, 0x0, 0x0, 0x0, 0x18, 0xb3, 0x52, 0x3d, 0xa1, 0xce, 0x2d, ..., 0x0, 0x31, 0xc0}
0.096234 : 130: {0x7c, 0x7c, 0x7c, 0x7c, 0x79, 0x0, 0x0, 0x0, 0x0, 0x50, 0x11, 0x0, 0x0, 0x0, 0x58, 0x21, 0x0, 0x0, 0xdb, 0x0, ..., 0x64, 0x60, 0x64}
0.096278 : dispatching packet: 
0.096307 : 121: {0x50, 0x11, 0x0, 0x0, 0x0, 0x58, 0x21, 0x0, 0x0, 0xdb, 0x0, 0x0, 0x0, 0x0, 0x0, 0x0, 0x0, 0x1c, 0x0, 0x0, ..., 0x64, 0x60, 0x64}
0.096720 : 130: {0x7c, 0x7c, 0x7c, 0x7c, 0x79, 0x0, 0x0, 0x0, 0x0, 0x50, 0x11, 0x0, 0x0, 0x0, 0x58, 0x21, 0x0, 0x0, 0xdb, 0x0, ..., 0x78, 0x79, 0x8f}
0.096752 : dispatching packet: 
0.096779 : 121: {0x50, 0x11, 0x0, 0x0, 0x0, 0x58, 0x21, 0x0, 0x0, 0xdb, 0x0, 0x0, 0x0, 0x1, 0x0, 0x0, 0x0, 0x1c, 0x0, 0x0, ..., 0x78, 0x79, 0x8f}
0.097500 : 260: {0x7c, 0x7c, 0x7c, 0x7c, 0x79, 0x0, 0x0, 0x0, 0x0, 0x50, 0x11, 0x0, 0x0, 0x0, 0x58, 0x21, 0x0, 0x0, 0xdb, 0x0, ..., 0x68, 0x64, 0x5e}
0.097570 : dispatching packet: 
0.097607 : 121: {0x50, 0x11, 0x0, 0x0, 0x0, 0x58, 0x21, 0x0, 0x0, 0xdb, 0x0, 0x0, 0x0, 0x2, 0x0, 0x0, 0x0, 0x1c, 0x0, 0x0, ..., 0x88, 0x81, 0x74}
0.097644 : dispatching packet: 
0.097699 : 121: {0x50, 0x11, 0x0, 0x0, 0x0, 0x58, 0x21, 0x0, 0x0, 0xdb, 0x0, 0x0, 0x0, 0x2, 0x0, 0x0, 0x0, 0x1c, 0x0, 0x0, ..., 0x68, 0x64, 0x5e}
0.098138 : 260: {0x7c, 0x7c, 0x7c, 0x7c, 0x79, 0x0, 0x0, 0x0, 0x0, 0x50, 0x11, 0x0, 0x0, 0x0, 0x58, 0x21, 0x0, 0x0, 0xdb, 0x0, ..., 0x6e, 0x6a, 0x65}
0.098181 : dispatching packet: 
0.098214 : 121: {0x50, 0x11, 0x0, 0x0, 0x0, 0x58, 0x21, 0x0, 0x0, 0xdb, 0x0, 0x0, 0x0, 0x3, 0x0, 0x0, 0x0, 0x1c, 0x0, 0x0, ..., 0xae, 0xaa, 0x91}
0.098262 : dispatching packet: 
0.098330 : 121: {0x50, 0x11, 0x0, 0x0, 0x0, 0x58, 0x21, 0x0, 0x0, 0xdb, 0x0, 0x0, 0x0, 0x3, 0x0, 0x0, 0x0, 0x1c, 0x0, 0x0, ..., 0x6e, 0x6a, 0x65}
0.098828 : 130: {0x7c, 0x7c, 0x7c, 0x7c, 0x79, 0x0, 0x0, 0x0, 0x0, 0x50, 0x11, 0x0, 0x0, 0x0, 0x58, 0x21, 0x0, 0x0, 0xdb, 0x0, ..., 0x4d, 0x69, 0x6c}
0.098861 : dispatching packet: 
0.098891 : 121: {0x50, 0x11, 0x0, 0x0, 0x0, 0x58, 0x21, 0x0, 0x0, 0xdb, 0x0, 0x0, 0x0, 0x4, 0x0, 0x0, 0x0, 0x1c, 0x0, 0x0, ..., 0x4d, 0x69, 0x6c}
0.100273 : 130: {0x7c, 0x7c, 0x7c, 0x7c, 0x79, 0x0, 0x0, 0x0, 0x0, 0x50, 0x11, 0x0, 0x0, 0x0, 0x58, 0x21, 0x0, 0x0, 0xdb, 0x0, ..., 0xdb, 0xd7, 0xb6}
0.100320 : dispatching packet: 
0.100369 : 121: {0x50, 0x11, 0x0, 0x0, 0x0, 0x58, 0x21, 0x0, 0x0, 0xdb, 0x0, 0x0, 0x0, 0x6, 0x0, 0x0, 0x0, 0x1c, 0x0, 0x0, ..., 0xdb, 0xd7, 0xb6}
0.101054 : 130: {0x7c, 0x7c, 0x7c, 0x7c, 0x79, 0x0, 0x0, 0x0, 0x0, 0x50, 0x11, 0x0, 0x0, 0x0, 0x58, 0x21, 0x0, 0x0, 0xdb, 0x0, ..., 0x75, 0x73, 0x6e}
0.101089 : dispatching packet: 
0.101117 : 121: {0x50, 0x11, 0x0, 0x0, 0x0, 0x58, 0x21, 0x0, 0x0, 0xdb, 0x0, 0x0, 0x0, 0x7, 0x0, 0x0, 0x0, 0x1c, 0x0, 0x0, ..., 0x75, 0x73, 0x6e}
0.101832 : 130: {0x7c, 0x7c, 0x7c, 0x7c, 0x79, 0x0, 0x0, 0x0, 0x0, 0x50, 0x11, 0x0, 0x0, 0x0, 0x58, 0x21, 0x0, 0x0, 0xdb, 0x0, ..., 0x68, 0x79, 0x7a}
0.101866 : dispatching packet: 
0.101892 : 121: {0x50, 0x11, 0x0, 0x0, 0x0, 0x58, 0x21, 0x0, 0x0, 0xdb, 0x0, 0x0, 0x0, 0x8, 0x0, 0x0, 0x0, 0x1c, 0x0, 0x0, ..., 0x68, 0x79, 0x7a}
0.102554 : 130: {0x7c, 0x7c, 0x7c, 0x7c, 0x79, 0x0, 0x0, 0x0, 0x0, 0x50, 0x11, 0x0, 0x0, 0x0, 0x58, 0x21, 0x0, 0x0, 0xdb, 0x0, ..., 0x70, 0x71, 0x72}
0.102586 : dispatching packet: 
0.102614 : 121: {0x50, 0x11, 0x0, 0x0, 0x0, 0x58, 0x21, 0x0, 0x0, 0xdb, 0x0, 0x0, 0x0, 0x9, 0x0, 0x0, 0x0, 0x1c, 0x0, 0x0, ..., 0x70, 0x71, 0x72}
0.103275 : 130: {0x7c, 0x7c, 0x7c, 0x7c, 0x79, 0x0, 0x0, 0x0, 0x0, 0x50, 0x11, 0x0, 0x0, 0x0, 0x58, 0x21, 0x0, 0x0, 0xdb, 0x0, ..., 0xbb, 0xb6, 0xa5}
0.103312 : dispatching packet: 
0.103338 : 121: {0x50, 0x11, 0x0, 0x0, 0x0, 0x58, 0x21, 0x0, 0x0, 0xdb, 0x0, 0x0, 0x0, 0xa, 0x0, 0x0, 0x0, 0x1c, 0x0, 0x0, ..., 0xbb, 0xb6, 0xa5}
0.104074 : 260: {0x7c, 0x7c, 0x7c, 0x7c, 0x79, 0x0, 0x0, 0x0, 0x0, 0x50, 0x11, 0x0, 0x0, 0x0, 0x58, 0x21, 0x0, 0x0, 0xdb, 0x0, ..., 0x66, 0x5f, 0x5b}
0.104151 : dispatching packet: 
0.104183 : 121: {0x50, 0x11, 0x0, 0x0, 0x0, 0x58, 0x21, 0x0, 0x0, 0xdb, 0x0, 0x0, 0x0, 0xb, 0x0, 0x0, 0x0, 0x1c, 0x0, 0x0, ..., 0xaf, 0xa9, 0x9b}
0.104212 : dispatching packet: 
0.104237 : 121: {0x50, 0x11, 0x0, 0x0, 0x0, 0x58, 0x21, 0x0, 0x0, 0xdb, 0x0, 0x0, 0x0, 0xb, 0x0, 0x0, 0x0, 0x1c, 0x0, 0x0, ..., 0x66, 0x5f, 0x5b}
0.105520 : 130: {0x7c, 0x7c, 0x7c, 0x7c, 0x79, 0x0, 0x0, 0x0, 0x0, 0x50, 0x11, 0x0, 0x0, 0x0, 0x58, 0x21, 0x0, 0x0, 0xdb, 0x0, ..., 0x8c, 0x80, 0x85}
0.105577 : dispatching packet: 
0.105612 : 121: {0x50, 0x11, 0x0, 0x0, 0x0, 0x58, 0x21, 0x0, 0x0, 0xdb, 0x0, 0x0, 0x0, 0xd, 0x0, 0x0, 0x0, 0x1c, 0x0, 0x0, ..., 0x8c, 0x80, 0x85}
0.106236 : 130: {0x7c, 0x7c, 0x7c, 0x7c, 0x79, 0x0, 0x0, 0x0, 0x0, 0x50, 0x11, 0x0, 0x0, 0x0, 0x58, 0x21, 0x0, 0x0, 0xdb, 0x0, ..., 0x66, 0x7a, 0x83}
0.106277 : dispatching packet: 
0.106305 : 121: {0x50, 0x11, 0x0, 0x0, 0x0, 0x58, 0x21, 0x0, 0x0, 0xdb, 0x0, 0x0, 0x0, 0xe, 0x0, 0x0, 0x0, 0x1c, 0x0, 0x0, ..., 0x66, 0x7a, 0x83}
0.106973 : 130: {0x7c, 0x7c, 0x7c, 0x7c, 0x79, 0x0, 0x0, 0x0, 0x0, 0x50, 0x11, 0x0, 0x0, 0x0, 0x58, 0x21, 0x0, 0x0, 0xdb, 0x0, ..., 0x8f, 0x94, 0x88}
0.107010 : dispatching packet: 
0.107038 : 121: {0x50, 0x11, 0x0, 0x0, 0x0, 0x58, 0x21, 0x0, 0x0, 0xdb, 0x0, 0x0, 0x0, 0xf, 0x0, 0x0, 0x0, 0x1c, 0x0, 0x0, ..., 0x8f, 0x94, 0x88}
0.107697 : 130: {0x7c, 0x7c, 0x7c, 0x7c, 0x79, 0x0, 0x0, 0x0, 0x0, 0x50, 0x11, 0x0, 0x0, 0x0, 0x58, 0x21, 0x0, 0x0, 0xdb, 0x0, ..., 0x97, 0x99, 0x88}
0.107732 : dispatching packet: 
0.107759 : 121: {0x50, 0x11, 0x0, 0x0, 0x0, 0x58, 0x21, 0x0, 0x0, 0xdb, 0x0, 0x0, 0x0, 0x10, 0x0, 0x0, 0x0, 0x1c, 0x0, 0x0, ..., 0x97, 0x99, 0x88}
0.108453 : 130: {0x7c, 0x7c, 0x7c, 0x7c, 0x79, 0x0, 0x0, 0x0, 0x0, 0x50, 0x11, 0x0, 0x0, 0x0, 0x58, 0x21, 0x0, 0x0, 0xdb, 0x0, ..., 0x97, 0x97, 0x87}
0.108517 : dispatching packet: 
0.108550 : 121: {0x50, 0x11, 0x0, 0x0, 0x0, 0x58, 0x21, 0x0, 0x0, 0xdb, 0x0, 0x0, 0x0, 0x11, 0x0, 0x0, 0x0, 0x1c, 0x0, 0x0, ..., 0x97, 0x97, 0x87}
0.109240 : 130: {0x7c, 0x7c, 0x7c, 0x7c, 0x79, 0x0, 0x0, 0x0, 0x0, 0x50, 0x11, 0x0, 0x0, 0x0, 0x58, 0x21, 0x0, 0x0, 0xdb, 0x0, ..., 0x54, 0x45, 0x38}
0.109279 : dispatching packet: 
0.109311 : 121: {0x50, 0x11, 0x0, 0x0, 0x0, 0x58, 0x21, 0x0, 0x0, 0xdb, 0x0, 0x0, 0x0, 0x12, 0x0, 0x0, 0x0, 0x1c, 0x0, 0x0, ..., 0x54, 0x45, 0x38}
0.109979 : 130: {0x7c, 0x7c, 0x7c, 0x7c, 0x79, 0x0, 0x0, 0x0, 0x0, 0x50, 0x11, 0x0, 0x0, 0x0, 0x58, 0x21, 0x0, 0x0, 0xdb, 0x0, ..., 0x60, 0x59, 0x53}
0.110015 : dispatching packet: 
0.110043 : 121: {0x50, 0x11, 0x0, 0x0, 0x0, 0x58, 0x21, 0x0, 0x0, 0xdb, 0x0, 0x0, 0x0, 0x13, 0x0, 0x0, 0x0, 0x1c, 0x0, 0x0, ..., 0x60, 0x59, 0x53}
0.111450 : 260: {0x7c, 0x7c, 0x7c, 0x7c, 0x79, 0x0, 0x0, 0x0, 0x0, 0x50, 0x11, 0x0, 0x0, 0x0, 0x58, 0x21, 0x0, 0x0, 0xdb, 0x0, ..., 0x59, 0x67, 0x68}
0.111504 : dispatching packet: 
0.111556 : 121: {0x50, 0x11, 0x0, 0x0, 0x0, 0x58, 0x21, 0x0, 0x0, 0xdb, 0x0, 0x0, 0x0, 0x15, 0x0, 0x0, 0x0, 0x1c, 0x0, 0x0, ..., 0xa0, 0x9d, 0x9b}
0.111592 : dispatching packet: 
0.111669 : 121: {0x50, 0x11, 0x0, 0x0, 0x0, 0x58, 0x21, 0x0, 0x0, 0xdb, 0x0, 0x0, 0x0, 0x15, 0x0, 0x0, 0x0, 0x1c, 0x0, 0x0, ..., 0x59, 0x67, 0x68}
0.112220 : 260: {0x7c, 0x7c, 0x7c, 0x7c, 0x79, 0x0, 0x0, 0x0, 0x0, 0x50, 0x11, 0x0, 0x0, 0x0, 0x58, 0x21, 0x0, 0x0, 0xdb, 0x0, ..., 0x67, 0x64, 0x65}
0.112267 : dispatching packet: 
0.112298 : 121: {0x50, 0x11, 0x0, 0x0, 0x0, 0x58, 0x21, 0x0, 0x0, 0xdb, 0x0, 0x0, 0x0, 0x16, 0x0, 0x0, 0x0, 0x1c, 0x0, 0x0, ..., 0xa1, 0xa1, 0x94}
0.112324 : dispatching packet: 
0.112411 : 121: {0x50, 0x11, 0x0, 0x0, 0x0, 0x58, 0x21, 0x0, 0x0, 0xdb, 0x0, 0x0, 0x0, 0x16, 0x0, 0x0, 0x0, 0x1c, 0x0, 0x0, ..., 0x67, 0x64, 0x65}
0.113029 : 260: {0x7c, 0x7c, 0x7c, 0x7c, 0x79, 0x0, 0x0, 0x0, 0x0, 0x50, 0x11, 0x0, 0x0, 0x0, 0x58, 0x21, 0x0, 0x0, 0xdb, 0x0, ..., 0x6b, 0x6c, 0x5d}
0.113069 : dispatching packet: 
0.113118 : 121: {0x50, 0x11, 0x0, 0x0, 0x0, 0x58, 0x21, 0x0, 0x0, 0xdb, 0x0, 0x0, 0x0, 0x17, 0x0, 0x0, 0x0, 0x1c, 0x0, 0x0, ..., 0xa8, 0xa5, 0x87}
0.113176 : dispatching packet: 
0.113321 : 121: {0x50, 0x11, 0x0, 0x0, 0x0, 0x58, 0x21, 0x0, 0x0, 0xdb, 0x0, 0x0, 0x0, 0x17, 0x0, 0x0, 0x0, 0x1c, 0x0, 0x0, ..., 0x6b, 0x6c, 0x5d}
0.113713 : 260: {0x7c, 0x7c, 0x7c, 0x7c, 0x79, 0x0, 0x0, 0x0, 0x0, 0x50, 0x11, 0x0, 0x0, 0x0, 0x58, 0x21, 0x0, 0x0, 0xdb, 0x0, ..., 0x6d, 0x6c, 0x60}
0.113738 : dispatching packet: 
0.113766 : 121: {0x50, 0x11, 0x0, 0x0, 0x0, 0x58, 0x21, 0x0, 0x0, 0xdb, 0x0, 0x0, 0x0, 0x18, 0x0, 0x0, 0x0, 0x1c, 0x0, 0x0, ..., 0xa4, 0x9e, 0x80}
0.113793 : dispatching packet: 
0.113822 : 121: {0x50, 0x11, 0x0, 0x0, 0x0, 0x58, 0x21, 0x0, 0x0, 0xdb, 0x0, 0x0, 0x0, 0x18, 0x0, 0x0, 0x0, 0x1c, 0x0, 0x0, ..., 0x6d, 0x6c, 0x60}
0.114429 : 130: {0x7c, 0x7c, 0x7c, 0x7c, 0x79, 0x0, 0x0, 0x0, 0x0, 0x50, 0x11, 0x0, 0x0, 0x0, 0x58, 0x21, 0x0, 0x0, 0xdb, 0x0, ..., 0x68, 0x65, 0x64}
0.114463 : dispatching packet: 
0.114496 : 121: {0x50, 0x11, 0x0, 0x0, 0x0, 0x58, 0x21, 0x0, 0x0, 0xdb, 0x0, 0x0, 0x0, 0x19, 0x0, 0x0, 0x0, 0x1c, 0x0, 0x0, ..., 0x68, 0x65, 0x64}
0.115144 : 130: {0x7c, 0x7c, 0x7c, 0x7c, 0x79, 0x0, 0x0, 0x0, 0x0, 0x50, 0x11, 0x0, 0x0, 0x0, 0x58, 0x21, 0x0, 0x0, 0xdb, 0x0, ..., 0x75, 0x71, 0x71}
0.115177 : dispatching packet: 
0.115208 : 121: {0x50, 0x11, 0x0, 0x0, 0x0, 0x58, 0x21, 0x0, 0x0, 0xdb, 0x0, 0x0, 0x0, 0x1a, 0x0, 0x0, 0x0, 0x1c, 0x0, 0x0, ..., 0x75, 0x71, 0x71}
0.115895 : 130: {0x7c, 0x7c, 0x7c, 0x7c, 0x79, 0x0, 0x0, 0x0, 0x0, 0x50, 0x11, 0x0, 0x0, 0x0, 0x58, 0x21, 0x0, 0x0, 0xdb, 0x0, ..., 0x89, 0x8a, 0x83}
0.115930 : dispatching packet: 
0.115966 : 121: {0x50, 0x11, 0x0, 0x0, 0x0, 0x58, 0x21, 0x0, 0x0, 0xdb, 0x0, 0x0, 0x0, 0x1b, 0x0, 0x0, 0x0, 0x1c, 0x0, 0x0, ..., 0x89, 0x8a, 0x83}
0.116397 : 227: {0x7d, 0x50, 0x0, 0x3b, 0xa, 0x61, 0x58, 0x21, 0x0, 0x0, 0x1a, 0x0, 0x0, 0x0, 0xfc, 0x14, 0x86, 0x41, 0x5f, 0x25, ..., 0x0, 0x31, 0x7e}
0.116432 : dispatching packet: 
0.116459 : 221: {0x50, 0x0, 0x3b, 0xa, 0x61, 0x58, 0x21, 0x0, 0x0, 0x1a, 0x0, 0x0, 0x0, 0xfc, 0x14, 0x86, 0x41, 0x5f, 0x25, 0xc, ..., 0x0, 0x0, 0x0}
0.213057 : 262: {0x7c, 0x7c, 0x7c, 0x7c, 0xfd, 0x0, 0x0, 0x0, 0x0, 0x50, 0xd, 0x0, 0x0, 0x0, 0x5a, 0x21, 0x0, 0x0, 0x1c, 0x0, ..., 0x31, 0x2b, 0xc0}
0.213110 : dispatching packet: 
0.213136 : 253: {0x50, 0xd, 0x0, 0x0, 0x0, 0x5a, 0x21, 0x0, 0x0, 0x1c, 0x0, 0x0, 0x0, 0x18, 0xb3, 0x52, 0x3d, 0xa1, 0xce, 0x2d, ..., 0x31, 0x2b, 0xc0}
0.271674 : 262: {0x7c, 0x7c, 0x7c, 0x7c, 0xfd, 0x0, 0x0, 0x0, 0x0, 0x50, 0xd, 0x0, 0x0, 0x0, 0x5b, 0x21, 0x0, 0x0, 0x1c, 0x0, ..., 0x32, 0x30, 0xc0}
0.271732 : dispatching packet: 
0.271761 : 253: {0x50, 0xd, 0x0, 0x0, 0x0, 0x5b, 0x21, 0x0, 0x0, 0x1c, 0x0, 0x0, 0x0, 0x18, 0xb3, 0x52, 0x3d, 0xa1, 0xce, 0x2d, ..., 0x32, 0x30, 0xc0}
0.271942 : 32: {0x7d, 0x50, 0x26, 0xfe, 0x75, 0x23, 0x4f, 0x21, 0x0, 0x0, 0x2, 0x0, 0x0, 0x0, 0x0, 0x0, 0x0, 0x0, 0xb7, 0x26, ..., 0x0, 0x66, 0x7e}
0.271965 : dispatching packet: 
0.271990 : 29: {0x50, 0x26, 0xfe, 0x75, 0x23, 0x4f, 0x21, 0x0, 0x0, 0x2, 0x0, 0x0, 0x0, 0x0, 0x0, 0x0, 0x0, 0xb7, 0x26, 0x1, ..., 0x0, 0x0, 0x0}
0.389213 : 32: {0x7d, 0x50, 0x26, 0xfe, 0x75, 0x23, 0x4f, 0x21, 0x0, 0x0, 0x2, 0x0, 0x0, 0x0, 0x0, 0x0, 0x0, 0x0, 0xb7, 0x26, ..., 0x0, 0x66, 0x7e}
0.389267 : dispatching packet: 
0.389293 : 29: {0x50, 0x26, 0xfe, 0x75, 0x23, 0x4f, 0x21, 0x0, 0x0, 0x2, 0x0, 0x0, 0x0, 0x0, 0x0, 0x0, 0x0, 0xb7, 0x26, 0x1, ..., 0x0, 0x0, 0x0}
0.447788 : 262: {0x7c, 0x7c, 0x7c, 0x7c, 0xfd, 0x0, 0x0, 0x0, 0x0, 0x50, 0xd, 0x0, 0x0, 0x0, 0x5e, 0x21, 0x0, 0x0, 0x1c, 0x0, ..., 0xc2, 0x21, 0xc0}
0.448141 : dispatching packet: 
0.448224 : 253: {0x50, 0xd, 0x0, 0x0, 0x0, 0x5e, 0x21, 0x0, 0x0, 0x1c, 0x0, 0x0, 0x0, 0x18, 0xb3, 0x52, 0x3d, 0xa1, 0xce, 0x2d, ..., 0xc2, 0x21, 0xc0}
0.449576 : 32: {0x7d, 0x50, 0x26, 0xfe, 0x75, 0x23, 0x4f, 0x21, 0x0, 0x0, 0x2, 0x0, 0x0, 0x0, 0x0, 0x0, 0x0, 0x0, 0xb7, 0x26, ..., 0x0, 0x66, 0x7e}
0.449652 : dispatching packet: 
0.449732 : 29: {0x50, 0x26, 0xfe, 0x75, 0x23, 0x4f, 0x21, 0x0, 0x0, 0x2, 0x0, 0x0, 0x0, 0x0, 0x0, 0x0, 0x0, 0xb7, 0x26, 0x1, ..., 0x0, 0x0, 0x0}
0.506230 : 262: {0x7c, 0x7c, 0x7c, 0x7c, 0xfd, 0x0, 0x0, 0x0, 0x0, 0x50, 0xd, 0x0, 0x0, 0x0, 0x5f, 0x21, 0x0, 0x0, 0x1c, 0x0, ..., 0x8d, 0x21, 0xc0}
0.506289 : dispatching packet: 
0.506317 : 253: {0x50, 0xd, 0x0, 0x0, 0x0, 0x5f, 0x21, 0x0, 0x0, 0x1c, 0x0, 0x0, 0x0, 0x18, 0xb3, 0x52, 0x3d, 0xa1, 0xce, 0x2d, ..., 0x8d, 0x21, 0xc0}
0.506487 : 32: {0x7d, 0x50, 0x26, 0xfe, 0x75, 0x23, 0x4f, 0x21, 0x0, 0x0, 0x2, 0x0, 0x0, 0x0, 0x0, 0x0, 0x0, 0x0, 0xb7, 0x26, ..., 0x0, 0x66, 0x7e}
0.506511 : dispatching packet: 
0.506535 : 29: {0x50, 0x26, 0xfe, 0x75, 0x23, 0x4f, 0x21, 0x0, 0x0, 0x2, 0x0, 0x0, 0x0, 0x0, 0x0, 0x0, 0x0, 0xb7, 0x26, 0x1, ..., 0x0, 0x0, 0x0}
0.564896 : 262: {0x7c, 0x7c, 0x7c, 0x7c, 0xfd, 0x0, 0x0, 0x0, 0x0, 0x50, 0xd, 0x0, 0x0, 0x0, 0x60, 0x21, 0x0, 0x0, 0x1c, 0x0, ..., 0xe0, 0x18, 0xc0}
0.565654 : dispatching packet: 
0.565692 : 253: {0x50, 0xd, 0x0, 0x0, 0x0, 0x60, 0x21, 0x0, 0x0, 0x1c, 0x0, 0x0, 0x0, 0x18, 0xb3, 0x52, 0x3d, 0xa1, 0xce, 0x2d, ..., 0xe0, 0x18, 0xc0}
0.566947 : 578: {0x7c, 0x7c, 0x7c, 0x7c, 0x39, 0x2, 0x0, 0x0, 0x0, 0x50, 0x11, 0x0, 0x0, 0x0, 0x60, 0x21, 0x0, 0x0, 0xce, 0x0, ..., 0x4e, 0x61, 0x6f}
0.566998 : dispatching packet: 
0.567025 : 569: {0x50, 0x11, 0x0, 0x0, 0x0, 0x60, 0x21, 0x0, 0x0, 0xce, 0x0, 0x0, 0x0, 0x0, 0x0, 0x0, 0x0, 0x1c, 0x0, 0x0, ..., 0x4e, 0x61, 0x6f}
0.569177 : 136: {0x8c, 0x8b, 0x8b, 0x8a, 0x89, 0x88, 0x86, 0x84, 0x82, 0x80, 0x80, 0x7f, 0x7e, 0x7c, 0x7c, 0x7f, 0x82, 0x85, 0x86, 0x87, ..., 0x67, 0x6e, 0x75}
0.569351 : Error parsing incoming data: lost bytes
0.569387 : Error parsing incoming data: lost bytes
0.569411 : Error parsing incoming data: lost bytes
0.569424 : Error parsing incoming data: lost bytes
0.569437 : Error parsing incoming data: lost bytes
0.569509 : Error parsing incoming data: CRC error
0.569590 : Error parsing incoming data: incomplete packer
0.571516 : 1020: {0x7c, 0x7c, 0x7c, 0x7c, 0x39, 0x2, 0x0, 0x0, 0x0, 0x50, 0x11, 0x0, 0x0, 0x0, 0x60, 0x21, 0x0, 0x0, 0xce, 0x0, ..., 0x83, 0x83, 0x82}
0.571571 : dispatching packet: 
0.571600 : 569: {0x50, 0x11, 0x0, 0x0, 0x0, 0x60, 0x21, 0x0, 0x0, 0xce, 0x0, 0x0, 0x0, 0x2, 0x0, 0x0, 0x0, 0x1c, 0x0, 0x0, ..., 0xc4, 0xc0, 0xb8}
0.574449 : 1020: {0x7c, 0x7c, 0x7c, 0x7c, 0x39, 0x2, 0x0, 0x0, 0x0, 0x50, 0x11, 0x0, 0x0, 0x0, 0x60, 0x21, 0x0, 0x0, 0xce, 0x0, ..., 0x82, 0x81, 0x80}
0.574507 : dispatching packet: 
0.574543 : 569: {0x50, 0x11, 0x0, 0x0, 0x0, 0x60, 0x21, 0x0, 0x0, 0xce, 0x0, 0x0, 0x0, 0x2, 0x0, 0x0, 0x0, 0x1c, 0x0, 0x0, ..., 0x7a, 0x7a, 0x79}
0.574579 : Error parsing incoming data: lost bytes
0.574597 : Error parsing incoming data: incomplete packer
0.574611 : Error parsing incoming data: incomplete packer
0.574656 : Error parsing incoming data: CRC error
0.574677 : Error parsing incoming data: CRC error
0.574745 : Error parsing incoming data: incomplete packer
0.574795 : Error parsing incoming data: lost bytes
0.574831 : Error parsing incoming data: incomplete packer
0.574868 : Error parsing incoming data: CRC error
0.574910 : dispatching packet: 
0.574969 : 22: {0x7b, 0x78, 0x75, 0x74, 0x75, 0x77, 0x79, 0x7b, 0x7c, 0x7c, 0x7a, 0x78, 0x76, 0x73, 0x72, 0x72, 0x73, 0x75, 0x76, 0x77, ..., 0x77, 0x79, 0x7a}
0.575013 : Error parsing incoming data: lost bytes
0.575137 : do_dispatch_packet, 84 -- we did not find a handler for this package
0.575218 : 22: {0x7b, 0x78, 0x75, 0x74, 0x75, 0x77, 0x79, 0x7b, 0x7c, 0x7c, 0x7a, 0x78, 0x76, 0x73, 0x72, 0x72, 0x73, 0x75, 0x76, 0x77, ..., 0x77, 0x79, 0x7a}
0.577263 : 1020: {0x7c, 0x7c, 0x7c, 0x7c, 0x39, 0x2, 0x0, 0x0, 0x0, 0x50, 0x11, 0x0, 0x0, 0x0, 0x60, 0x21, 0x0, 0x0, 0xce, 0x0, ..., 0x8b, 0x8c, 0x8d}
0.577315 : dispatching packet: 
0.577344 : 569: {0x50, 0x11, 0x0, 0x0, 0x0, 0x60, 0x21, 0x0, 0x0, 0xce, 0x0, 0x0, 0x0, 0x3, 0x0, 0x0, 0x0, 0x1c, 0x0, 0x0, ..., 0x81, 0x80, 0x7e}
0.577375 : Error parsing incoming data: incomplete packer
0.577391 : Error parsing incoming data: incomplete packer
0.577422 : Error parsing incoming data: CRC error
0.577440 : Error parsing incoming data: lost bytes
0.577453 : Error parsing incoming data: lost bytes
0.577465 : Error parsing incoming data: lost bytes
0.577477 : Error parsing incoming data: incomplete packer
0.577490 : Error parsing incoming data: incomplete packer
0.577502 : Error parsing incoming data: CRC error
0.577513 : Error parsing incoming data: incomplete packer
0.577526 : Error parsing incoming data: CRC error
0.580217 : 1020: {0x7c, 0x7c, 0x7c, 0x7c, 0x39, 0x2, 0x0, 0x0, 0x0, 0x50, 0x11, 0x0, 0x0, 0x0, 0x60, 0x21, 0x0, 0x0, 0xce, 0x0, ..., 0x93, 0x95, 0x97}
0.580270 : dispatching packet: 
0.580298 : 569: {0x50, 0x11, 0x0, 0x0, 0x0, 0x60, 0x21, 0x0, 0x0, 0xce, 0x0, 0x0, 0x0, 0x4, 0x0, 0x0, 0x0, 0x1c, 0x0, 0x0, ..., 0x7c, 0x7c, 0x7d}
0.580403 : Error parsing incoming data: lost bytes
0.583079 : 1020: {0x7c, 0x7c, 0x7c, 0x7c, 0x39, 0x2, 0x0, 0x0, 0x0, 0x50, 0x11, 0x0, 0x0, 0x0, 0x60, 0x21, 0x0, 0x0, 0xce, 0x0, ..., 0x93, 0x96, 0x9a}
0.583128 : dispatching packet: 
0.583156 : 569: {0x50, 0x11, 0x0, 0x0, 0x0, 0x60, 0x21, 0x0, 0x0, 0xce, 0x0, 0x0, 0x0, 0x5, 0x0, 0x0, 0x0, 0x1c, 0x0, 0x0, ..., 0x6c, 0x68, 0x5e}
0.583197 : Error parsing incoming data: lost bytes
0.583214 : Error parsing incoming data: CRC error
0.583230 : Error parsing incoming data: CRC error
0.583245 : Error parsing incoming data: lost bytes
0.592185 : 1020: {0x7c, 0x7c, 0x7c, 0x7c, 0x39, 0x2, 0x0, 0x0, 0x0, 0x50, 0x11, 0x0, 0x0, 0x0, 0x60, 0x21, 0x0, 0x0, 0xce, 0x0, ..., 0x91, 0x90, 0x90}
0.592230 : dispatching packet: 
0.592256 : 569: {0x50, 0x11, 0x0, 0x0, 0x0, 0x60, 0x21, 0x0, 0x0, 0xce, 0x0, 0x0, 0x0, 0x6, 0x0, 0x0, 0x0, 0x1c, 0x0, 0x0, ..., 0x74, 0x76, 0x79}
0.609535 : Error parsing incoming data: lost bytes
0.609561 : Error parsing incoming data: incomplete packer
0.609575 : Error parsing incoming data: lost bytes
0.609587 : Error parsing incoming data: lost bytes
0.609599 : Error parsing incoming data: CRC error
0.609612 : Error parsing incoming data: lost bytes
0.609624 : Error parsing incoming data: lost bytes
0.609635 : Error parsing incoming data: lost bytes
0.609648 : Error parsing incoming data: lost bytes
0.611707 : 1020: {0x7c, 0x7c, 0x7c, 0x7c, 0x39, 0x2, 0x0, 0x0, 0x0, 0x50, 0x11, 0x0, 0x0, 0x0, 0x60, 0x21, 0x0, 0x0, 0xce, 0x0, ..., 0x71, 0x71, 0x71}
0.611786 : dispatching packet: 
0.611812 : 569: {0x50, 0x11, 0x0, 0x0, 0x0, 0x60, 0x21, 0x0, 0x0, 0xce, 0x0, 0x0, 0x0, 0x8, 0x0, 0x0, 0x0, 0x1c, 0x0, 0x0, ..., 0x60, 0x5f, 0x5f}
0.611842 : Error parsing incoming data: lost bytes
0.611886 : Error parsing incoming data: incomplete packer
0.611904 : Error parsing incoming data: incomplete packer
0.611918 : Error parsing incoming data: incomplete packer
0.611930 : Error parsing incoming data: incomplete packer
0.611942 : Error parsing incoming data: incomplete packer
0.611954 : Error parsing incoming data: incomplete packer
0.611966 : Error parsing incoming data: incomplete packer
0.611977 : Error parsing incoming data: incomplete packer
0.611990 : Error parsing incoming data: CRC error
0.612123 : Error parsing incoming data: CRC error
0.612139 : Error parsing incoming data: lost bytes
0.612153 : Error parsing incoming data: lost bytes
0.612165 : Error parsing incoming data: incomplete packer
0.612178 : Error parsing incoming data: lost bytes
0.612192 : Error parsing incoming data: CRC error
0.614573 : 136: {0x73, 0x73, 0x74, 0x74, 0x75, 0x74, 0x73, 0x71, 0x6e, 0x6a, 0x65, 0x61, 0x5d, 0x5b, 0x5b, 0x5c, 0x5d, 0x5f, 0x60, 0x62, ..., 0x66, 0x65, 0x63}
0.614625 : dispatching packet: 
0.614653 : 569: {0x50, 0x11, 0x0, 0x0, 0x0, 0x60, 0x21, 0x0, 0x0, 0xce, 0x0, 0x0, 0x0, 0x10, 0x0, 0x0, 0x0, 0x1c, 0x0, 0x0, ..., 0x66, 0x65, 0x63}
0.617378 : 136: {0x6f, 0x70, 0x70, 0x71, 0x71, 0x70, 0x6e, 0x6a, 0x66, 0x60, 0x58, 0x51, 0x4e, 0x52, 0x57, 0x5a, 0x5d, 0x5f, 0x62, 0x64, ..., 0x66, 0x67, 0x67}
0.620350 : 136: {0x60, 0x64, 0x65, 0x64, 0x60, 0x59, 0x52, 0x54, 0x58, 0x5b, 0x5b, 0x59, 0x55, 0x50, 0x4d, 0x4d, 0x4f, 0x54, 0x5a, 0x5f, ..., 0x63, 0x64, 0x66}
0.623232 : 578: {0x7c, 0x7c, 0x7c, 0x7c, 0x39, 0x2, 0x0, 0x0, 0x0, 0x50, 0x11, 0x0, 0x0, 0x0, 0x60, 0x21, 0x0, 0x0, 0xce, 0x0, ..., 0x5c, 0x5d, 0x61}
0.623310 : dispatching packet: 
0.623385 : 569: {0x50, 0x11, 0x0, 0x0, 0x0, 0x60, 0x21, 0x0, 0x0, 0xce, 0x0, 0x0, 0x0, 0x14, 0x0, 0x0, 0x0, 0x1c, 0x0, 0x0, ..., 0x5c, 0x5d, 0x61}
0.626143 : 1020: {0x7c, 0x7c, 0x7c, 0x7c, 0x39, 0x2, 0x0, 0x0, 0x0, 0x50, 0x11, 0x0, 0x0, 0x0, 0x60, 0x21, 0x0, 0x0, 0xce, 0x0, ..., 0x4e, 0x57, 0x61}
0.626962 : dispatching packet: 
0.627175 : 569: {0x50, 0x11, 0x0, 0x0, 0x0, 0x60, 0x21, 0x0, 0x0, 0xce, 0x0, 0x0, 0x0, 0x15, 0x0, 0x0, 0x0, 0x1c, 0x0, 0x0, ..., 0x9d, 0x99, 0x8c}
0.629218 : 1020: {0x7c, 0x7c, 0x7c, 0x7c, 0x39, 0x2, 0x0, 0x0, 0x0, 0x50, 0x11, 0x0, 0x0, 0x0, 0x60, 0x21, 0x0, 0x0, 0xce, 0x0, ..., 0x5e, 0x65, 0x6a}
0.629373 : dispatching packet: 
0.629403 : 569: {0x50, 0x11, 0x0, 0x0, 0x0, 0x60, 0x21, 0x0, 0x0, 0xce, 0x0, 0x0, 0x0, 0x15, 0x0, 0x0, 0x0, 0x1c, 0x0, 0x0, ..., 0x75, 0x71, 0x6d}
0.629435 : Error parsing incoming data: CRC error
0.629448 : Error parsing incoming data: incomplete packer
0.629459 : Error parsing incoming data: incomplete packer
0.629473 : Error parsing incoming data: lost bytes
0.629488 : Error parsing incoming data: CRC error
0.629501 : Error parsing incoming data: CRC error
0.629513 : Error parsing incoming data: lost bytes
0.629524 : Error parsing incoming data: lost bytes
0.629536 : Error parsing incoming data: lost bytes
0.629547 : Error parsing incoming data: lost bytes
0.629558 : Error parsing incoming data: CRC error
0.629570 : Error parsing incoming data: lost bytes
0.631780 : 1020: {0x7c, 0x7c, 0x7c, 0x7c, 0x39, 0x2, 0x0, 0x0, 0x0, 0x50, 0x11, 0x0, 0x0, 0x0, 0x60, 0x21, 0x0, 0x0, 0xce, 0x0, ..., 0x6b, 0x6b, 0x6c}
0.631833 : dispatching packet: 
0.631873 : 569: {0x50, 0x11, 0x0, 0x0, 0x0, 0x60, 0x21, 0x0, 0x0, 0xce, 0x0, 0x0, 0x0, 0x16, 0x0, 0x0, 0x0, 0x1c, 0x0, 0x0, ..., 0x75, 0x71, 0x6c}
0.631915 : Error parsing incoming data: lost bytes
0.631933 : Error parsing incoming data: CRC error
0.631958 : Error parsing incoming data: lost bytes
0.631978 : Error parsing incoming data: lost bytes
0.632004 : Error parsing incoming data: lost bytes
0.632019 : Error parsing incoming data: CRC error
0.632032 : dispatching packet: 
0.632075 : 12: {0x7c, 0x7a, 0x79, 0x78, 0x78, 0x78, 0x7a, 0x7b, 0x7b, 0x7c, 0x7b, 0x7b, }
0.632093 : Error parsing incoming data: CRC error
0.632106 : Error parsing incoming data: CRC error
0.632117 : Error parsing incoming data: lost bytes
0.632130 : Error parsing incoming data: lost bytes
0.632184 : do_dispatch_packet, 84 -- we did not find a handler for this package
0.632232 : 12: {0x7c, 0x7a, 0x79, 0x78, 0x78, 0x78, 0x7a, 0x7b, 0x7b, 0x7c, 0x7b, 0x7b, }
0.634610 : 136: {0x68, 0x64, 0x61, 0x5f, 0x60, 0x63, 0x65, 0x68, 0x6a, 0x6c, 0x6d, 0x6d, 0x6b, 0x67, 0x63, 0x5d, 0x57, 0x54, 0x56, 0x5c, ..., 0x64, 0x5e, 0x54}
0.634662 : dispatching packet: 
0.634689 : 569: {0x50, 0x11, 0x0, 0x0, 0x0, 0x60, 0x21, 0x0, 0x0, 0xce, 0x0, 0x0, 0x0, 0x17, 0x0, 0x0, 0x0, 0x1c, 0x0, 0x0, ..., 0x64, 0x5e, 0x54}
0.637458 : 1020: {0x7c, 0x7c, 0x7c, 0x7c, 0x39, 0x2, 0x0, 0x0, 0x0, 0x50, 0x11, 0x0, 0x0, 0x0, 0x60, 0x21, 0x0, 0x0, 0xce, 0x0, ..., 0x69, 0x6a, 0x68}
0.637515 : dispatching packet: 
0.637552 : 569: {0x50, 0x11, 0x0, 0x0, 0x0, 0x60, 0x21, 0x0, 0x0, 0xce, 0x0, 0x0, 0x0, 0x19, 0x0, 0x0, 0x0, 0x1c, 0x0, 0x0, ..., 0x9e, 0x9b, 0x90}
0.640429 : 1020: {0x7c, 0x7c, 0x7c, 0x7c, 0x39, 0x2, 0x0, 0x0, 0x0, 0x50, 0x11, 0x0, 0x0, 0x0, 0x60, 0x21, 0x0, 0x0, 0xce, 0x0, ..., 0x57, 0x59, 0x59}
0.640597 : dispatching packet: 
0.640669 : 569: {0x50, 0x11, 0x0, 0x0, 0x0, 0x60, 0x21, 0x0, 0x0, 0xce, 0x0, 0x0, 0x0, 0x19, 0x0, 0x0, 0x0, 0x1c, 0x0, 0x0, ..., 0x5b, 0x55, 0x4e}
0.640733 : Error parsing incoming data: lost bytes
0.640756 : Error parsing incoming data: lost bytes
0.640796 : Error parsing incoming data: lost bytes
0.640846 : Error parsing incoming data: CRC error
0.640868 : Error parsing incoming data: lost bytes
0.640884 : Error parsing incoming data: CRC error
0.640898 : Error parsing incoming data: CRC error
0.640912 : Error parsing incoming data: incomplete packer
0.643049 : 578: {0x7c, 0x7c, 0x7c, 0x7c, 0x39, 0x2, 0x0, 0x0, 0x0, 0x50, 0x11, 0x0, 0x0, 0x0, 0x60, 0x21, 0x0, 0x0, 0xce, 0x0, ..., 0x9d, 0x9a, 0x91}
0.643140 : dispatching packet: 
0.643179 : 569: {0x50, 0x11, 0x0, 0x0, 0x0, 0x60, 0x21, 0x0, 0x0, 0xce, 0x0, 0x0, 0x0, 0x1a, 0x0, 0x0, 0x0, 0x1c, 0x0, 0x0, ..., 0x4f, 0x54, 0x59}
0.643215 : Error parsing incoming data: lost bytes
0.643611 : 36: {0x7d, 0x50, 0x6c, 0xa1, 0x75, 0x23, 0x60, 0x21, 0x0, 0x0, 0x2, 0x0, 0x0, 0x0, 0x0, 0x0, 0x0, 0x0, 0xda, 0xff, ..., 0x3d, 0xf2, 0x7e}
0.643639 : Error parsing incoming data: lost bytes
0.643785 : dispatching packet: 
0.643902 : 33: {0x50, 0x6c, 0xa1, 0x75, 0x23, 0x60, 0x21, 0x0, 0x0, 0x2, 0x0, 0x0, 0x0, 0x0, 0x0, 0x0, 0x0, 0xda, 0xff, 0xff, ..., 0xc0, 0x20, 0x3d}
0.644101 : 294: {0x7d, 0x50, 0x26, 0xfe, 0x75, 0x23, 0x60, 0x21, 0x0, 0x0, 0x2, 0x0, 0x0, 0x0, 0x0, 0x0, 0x0, 0x0, 0xda, 0xff, ..., 0x16, 0x13, 0xc0}
0.644269 : dispatching packet: 
0.644301 : 29: {0x50, 0x26, 0xfe, 0x75, 0x23, 0x60, 0x21, 0x0, 0x0, 0x2, 0x0, 0x0, 0x0, 0x0, 0x0, 0x0, 0x0, 0xda, 0xff, 0xff, ..., 0x0, 0x0, 0x0}
0.644321 : dispatching packet: 
0.644346 : 253: {0x50, 0xd, 0x0, 0x0, 0x0, 0x61, 0x21, 0x0, 0x0, 0x1c, 0x0, 0x0, 0x0, 0x18, 0xb3, 0x52, 0x3d, 0xa1, 0xce, 0x2d, ..., 0x16, 0x13, 0xc0}
0.644421 : 32: {0x7d, 0x50, 0x26, 0xfe, 0x75, 0x23, 0x60, 0x21, 0x0, 0x0, 0x2, 0x0, 0x0, 0x0, 0x0, 0x0, 0x0, 0x0, 0xda, 0xff, ..., 0x0, 0x2, 0x7e}
0.644441 : dispatching packet: 
0.644467 : 29: {0x50, 0x26, 0xfe, 0x75, 0x23, 0x60, 0x21, 0x0, 0x0, 0x2, 0x0, 0x0, 0x0, 0x0, 0x0, 0x0, 0x0, 0xda, 0xff, 0xff, ..., 0x0, 0x0, 0x0}
0.682135 : 262: {0x7c, 0x7c, 0x7c, 0x7c, 0xfd, 0x0, 0x0, 0x0, 0x0, 0x50, 0xd, 0x0, 0x0, 0x0, 0x62, 0x21, 0x0, 0x0, 0x1c, 0x0, ..., 0x85, 0x12, 0xc0}
0.682186 : dispatching packet: 
0.682221 : 253: {0x50, 0xd, 0x0, 0x0, 0x0, 0x62, 0x21, 0x0, 0x0, 0x1c, 0x0, 0x0, 0x0, 0x18, 0xb3, 0x52, 0x3d, 0xa1, 0xce, 0x2d, ..., 0x85, 0x12, 0xc0}
0.740760 : 262: {0x7c, 0x7c, 0x7c, 0x7c, 0xfd, 0x0, 0x0, 0x0, 0x0, 0x50, 0xd, 0x0, 0x0, 0x0, 0x63, 0x21, 0x0, 0x0, 0x1c, 0x0, ..., 0x52, 0x16, 0xc0}
0.740813 : dispatching packet: 
0.740892 : 253: {0x50, 0xd, 0x0, 0x0, 0x0, 0x63, 0x21, 0x0, 0x0, 0x1c, 0x0, 0x0, 0x0, 0x18, 0xb3, 0x52, 0x3d, 0xa1, 0xce, 0x2d, ..., 0x52, 0x16, 0xc0}
0.741063 : 32: {0x7d, 0x50, 0x26, 0xfe, 0x75, 0x23, 0x60, 0x21, 0x0, 0x0, 0x2, 0x0, 0x0, 0x0, 0x0, 0x0, 0x0, 0x0, 0xda, 0xff, ..., 0x0, 0x2, 0x7e}
0.741345 : dispatching packet: 
0.741516 : 29: {0x50, 0x26, 0xfe, 0x75, 0x23, 0x60, 0x21, 0x0, 0x0, 0x2, 0x0, 0x0, 0x0, 0x0, 0x0, 0x0, 0x0, 0xda, 0xff, 0xff, ..., 0x0, 0x0, 0x0}
0.858035 : 262: {0x7c, 0x7c, 0x7c, 0x7c, 0xfd, 0x0, 0x0, 0x0, 0x0, 0x50, 0xd, 0x0, 0x0, 0x0, 0x65, 0x21, 0x0, 0x0, 0x1c, 0x0, ..., 0x96, 0x20, 0xc0}
0.858095 : dispatching packet: 
0.858136 : 253: {0x50, 0xd, 0x0, 0x0, 0x0, 0x65, 0x21, 0x0, 0x0, 0x1c, 0x0, 0x0, 0x0, 0x18, 0xb3, 0x52, 0x3d, 0xa1, 0xce, 0x2d, ..., 0x96, 0x20, 0xc0}
0.858457 : 32: {0x7d, 0x50, 0x26, 0xfe, 0x75, 0x23, 0x60, 0x21, 0x0, 0x0, 0x2, 0x0, 0x0, 0x0, 0x0, 0x0, 0x0, 0x0, 0xda, 0xff, ..., 0x0, 0x2, 0x7e}
0.858507 : dispatching packet: 
0.858583 : 29: {0x50, 0x26, 0xfe, 0x75, 0x23, 0x60, 0x21, 0x0, 0x0, 0x2, 0x0, 0x0, 0x0, 0x0, 0x0, 0x0, 0x0, 0xda, 0xff, 0xff, ..., 0x0, 0x0, 0x0}
0.916679 : 262: {0x7c, 0x7c, 0x7c, 0x7c, 0xfd, 0x0, 0x0, 0x0, 0x0, 0x50, 0xd, 0x0, 0x0, 0x0, 0x66, 0x21, 0x0, 0x0, 0x1c, 0x0, ..., 0x56, 0x21, 0xc0}
0.916735 : dispatching packet: 
0.916791 : 253: {0x50, 0xd, 0x0, 0x0, 0x0, 0x66, 0x21, 0x0, 0x0, 0x1c, 0x0, 0x0, 0x0, 0x18, 0xb3, 0x52, 0x3d, 0xa1, 0xce, 0x2d, ..., 0x56, 0x21, 0xc0}
0.975334 : 262: {0x7c, 0x7c, 0x7c, 0x7c, 0xfd, 0x0, 0x0, 0x0, 0x0, 0x50, 0xd, 0x0, 0x0, 0x0, 0x67, 0x21, 0x0, 0x0, 0x1c, 0x0, ..., 0xdc, 0x3f, 0xc0}
0.975391 : dispatching packet: 
0.975428 : 253: {0x50, 0xd, 0x0, 0x0, 0x0, 0x67, 0x21, 0x0, 0x0, 0x1c, 0x0, 0x0, 0x0, 0x18, 0xb3, 0x52, 0x3d, 0xa1, 0xce, 0x2d, ..., 0xdc, 0x3f, 0xc0}
1.033953 : 262: {0x7c, 0x7c, 0x7c, 0x7c, 0xfd, 0x0, 0x0, 0x0, 0x0, 0x50, 0xd, 0x0, 0x0, 0x0, 0x68, 0x21, 0x0, 0x0, 0x1c, 0x0, ..., 0xba, 0x3e, 0xc0}
1.034015 : dispatching packet: 
1.034047 : 253: {0x50, 0xd, 0x0, 0x0, 0x0, 0x68, 0x21, 0x0, 0x0, 0x1c, 0x0, 0x0, 0x0, 0x18, 0xb3, 0x52, 0x3d, 0xa1, 0xce, 0x2d, ..., 0xba, 0x3e, 0xc0}
1.093069 : 130: {0x7c, 0x7c, 0x7c, 0x7c, 0x79, 0x0, 0x0, 0x0, 0x0, 0x50, 0x11, 0x0, 0x0, 0x0, 0x69, 0x21, 0x0, 0x0, 0xdc, 0x0, ..., 0x5b, 0x71, 0x6b}
1.093127 : dispatching packet: 
1.093285 : 121: {0x50, 0x11, 0x0, 0x0, 0x0, 0x69, 0x21, 0x0, 0x0, 0xdc, 0x0, 0x0, 0x0, 0x0, 0x0, 0x0, 0x0, 0x1c, 0x0, 0x0, ..., 0x5b, 0x71, 0x6b}
1.093540 : 260: {0x7c, 0x7c, 0x7c, 0x7c, 0x79, 0x0, 0x0, 0x0, 0x0, 0x50, 0x11, 0x0, 0x0, 0x0, 0x69, 0x21, 0x0, 0x0, 0xdc, 0x0, ..., 0x64, 0x6c, 0x63}
1.093604 : dispatching packet: 
1.093645 : 121: {0x50, 0x11, 0x0, 0x0, 0x0, 0x69, 0x21, 0x0, 0x0, 0xdc, 0x0, 0x0, 0x0, 0x1, 0x0, 0x0, 0x0, 0x1c, 0x0, 0x0, ..., 0x7e, 0x82, 0x91}
1.093667 : dispatching packet: 
1.093689 : 121: {0x50, 0x11, 0x0, 0x0, 0x0, 0x69, 0x21, 0x0, 0x0, 0xdc, 0x0, 0x0, 0x0, 0x1, 0x0, 0x0, 0x0, 0x1c, 0x0, 0x0, ..., 0x64, 0x6c, 0x63}
1.094159 : 130: {0x7c, 0x7c, 0x7c, 0x7c, 0x79, 0x0, 0x0, 0x0, 0x0, 0x50, 0x11, 0x0, 0x0, 0x0, 0x69, 0x21, 0x0, 0x0, 0xdc, 0x0, ..., 0x8a, 0x88, 0x6f}
1.094197 : dispatching packet: 
1.094226 : 121: {0x50, 0x11, 0x0, 0x0, 0x0, 0x69, 0x21, 0x0, 0x0, 0xdc, 0x0, 0x0, 0x0, 0x2, 0x0, 0x0, 0x0, 0x1c, 0x0, 0x0, ..., 0x8a, 0x88, 0x6f}
1.094277 : 130: {0x7c, 0x7c, 0x7c, 0x7c, 0x79, 0x0, 0x0, 0x0, 0x0, 0x50, 0x11, 0x0, 0x0, 0x0, 0x69, 0x21, 0x0, 0x0, 0xdc, 0x0, ..., 0x6c, 0x6a, 0x52}
1.094299 : dispatching packet: 
1.094321 : 121: {0x50, 0x11, 0x0, 0x0, 0x0, 0x69, 0x21, 0x0, 0x0, 0xdc, 0x0, 0x0, 0x0, 0x2, 0x0, 0x0, 0x0, 0x1c, 0x0, 0x0, ..., 0x6c, 0x6a, 0x52}
1.095747 : 260: {0x7c, 0x7c, 0x7c, 0x7c, 0x79, 0x0, 0x0, 0x0, 0x0, 0x50, 0x11, 0x0, 0x0, 0x0, 0x69, 0x21, 0x0, 0x0, 0xdc, 0x0, ..., 0x5b, 0x6a, 0x6d}
1.095796 : dispatching packet: 
1.095827 : 121: {0x50, 0x11, 0x0, 0x0, 0x0, 0x69, 0x21, 0x0, 0x0, 0xdc, 0x0, 0x0, 0x0, 0x4, 0x0, 0x0, 0x0, 0x1c, 0x0, 0x0, ..., 0xc8, 0xc8, 0xae}
1.095859 : dispatching packet: 
1.095886 : 121: {0x50, 0x11, 0x0, 0x0, 0x0, 0x69, 0x21, 0x0, 0x0, 0xdc, 0x0, 0x0, 0x0, 0x4, 0x0, 0x0, 0x0, 0x1c, 0x0, 0x0, ..., 0x5b, 0x6a, 0x6d}
1.100906 : 260: {0x7c, 0x7c, 0x7c, 0x7c, 0x79, 0x0, 0x0, 0x0, 0x0, 0x50, 0x11, 0x0, 0x0, 0x0, 0x69, 0x21, 0x0, 0x0, 0xdc, 0x0, ..., 0x5e, 0x66, 0x63}
1.101014 : dispatching packet: 
1.101056 : 121: {0x50, 0x11, 0x0, 0x0, 0x0, 0x69, 0x21, 0x0, 0x0, 0xdc, 0x0, 0x0, 0x0, 0xb, 0x0, 0x0, 0x0, 0x1c, 0x0, 0x0, ..., 0xae, 0xa7, 0x99}
1.101094 : dispatching packet: 
1.101127 : 121: {0x50, 0x11, 0x0, 0x0, 0x0, 0x69, 0x21, 0x0, 0x0, 0xdc, 0x0, 0x0, 0x0, 0xb, 0x0, 0x0, 0x0, 0x1c, 0x0, 0x0, ..., 0x5e, 0x66, 0x63}
1.101653 : 260: {0x7c, 0x7c, 0x7c, 0x7c, 0x79, 0x0, 0x0, 0x0, 0x0, 0x50, 0x11, 0x0, 0x0, 0x0, 0x69, 0x21, 0x0, 0x0, 0xdc, 0x0, ..., 0x5c, 0x5b, 0x58}
1.101688 : dispatching packet: 
1.101717 : 121: {0x50, 0x11, 0x0, 0x0, 0x0, 0x69, 0x21, 0x0, 0x0, 0xdc, 0x0, 0x0, 0x0, 0xc, 0x0, 0x0, 0x0, 0x1c, 0x0, 0x0, ..., 0x9f, 0x99, 0x90}
1.101743 : dispatching packet: 
1.101772 : 121: {0x50, 0x11, 0x0, 0x0, 0x0, 0x69, 0x21, 0x0, 0x0, 0xdc, 0x0, 0x0, 0x0, 0xc, 0x0, 0x0, 0x0, 0x1c, 0x0, 0x0, ..., 0x5c, 0x5b, 0x58}
1.102393 : 130: {0x7c, 0x7c, 0x7c, 0x7c, 0x79, 0x0, 0x0, 0x0, 0x0, 0x50, 0x11, 0x0, 0x0, 0x0, 0x69, 0x21, 0x0, 0x0, 0xdc, 0x0, ..., 0x52, 0x4d, 0x52}
1.102422 : dispatching packet: 
1.106575 : 121: {0x50, 0x11, 0x0, 0x0, 0x0, 0x69, 0x21, 0x0, 0x0, 0xdc, 0x0, 0x0, 0x0, 0xd, 0x0, 0x0, 0x0, 0x1c, 0x0, 0x0, ..., 0x52, 0x4d, 0x52}
1.106876 : 260: {0x7c, 0x7c, 0x7c, 0x7c, 0x79, 0x0, 0x0, 0x0, 0x0, 0x50, 0x11, 0x0, 0x0, 0x0, 0x69, 0x21, 0x0, 0x0, 0xdc, 0x0, ..., 0x60, 0x2b, 0x5b}
1.106949 : dispatching packet: 
1.106996 : 121: {0x50, 0x11, 0x0, 0x0, 0x0, 0x69, 0x21, 0x0, 0x0, 0xdc, 0x0, 0x0, 0x0, 0x13, 0x0, 0x0, 0x0, 0x1c, 0x0, 0x0, ..., 0x9b, 0x9f, 0x92}
1.107030 : dispatching packet: 
1.107059 : 121: {0x50, 0x11, 0x0, 0x0, 0x0, 0x69, 0x21, 0x0, 0x0, 0xdc, 0x0, 0x0, 0x0, 0x13, 0x0, 0x0, 0x0, 0x1c, 0x0, 0x0, ..., 0x60, 0x2b, 0x5b}
1.107655 : 260: {0x7c, 0x7c, 0x7c, 0x7c, 0x79, 0x0, 0x0, 0x0, 0x0, 0x50, 0x11, 0x0, 0x0, 0x0, 0x69, 0x21, 0x0, 0x0, 0xdc, 0x0, ..., 0x4c, 0x4f, 0x5f}
1.107698 : dispatching packet: 
1.107785 : 121: {0x50, 0x11, 0x0, 0x0, 0x0, 0x69, 0x21, 0x0, 0x0, 0xdc, 0x0, 0x0, 0x0, 0x14, 0x0, 0x0, 0x0, 0x1c, 0x0, 0x0, ..., 0xa2, 0xa5, 0x99}
1.107819 : dispatching packet: 
1.107848 : 121: {0x50, 0x11, 0x0, 0x0, 0x0, 0x69, 0x21, 0x0, 0x0, 0xdc, 0x0, 0x0, 0x0, 0x14, 0x0, 0x0, 0x0, 0x1c, 0x0, 0x0, ..., 0x4c, 0x4f, 0x5f}
1.108340 : 130: {0x7c, 0x7c, 0x7c, 0x7c, 0x79, 0x0, 0x0, 0x0, 0x0, 0x50, 0x11, 0x0, 0x0, 0x0, 0x69, 0x21, 0x0, 0x0, 0xdc, 0x0, ..., 0xa1, 0xa4, 0x95}
1.108375 : dispatching packet: 
1.108403 : 121: {0x50, 0x11, 0x0, 0x0, 0x0, 0x69, 0x21, 0x0, 0x0, 0xdc, 0x0, 0x0, 0x0, 0x15, 0x0, 0x0, 0x0, 0x1c, 0x0, 0x0, ..., 0xa1, 0xa4, 0x95}
1.109064 : 130: {0x7c, 0x7c, 0x7c, 0x7c, 0x79, 0x0, 0x0, 0x0, 0x0, 0x50, 0x11, 0x0, 0x0, 0x0, 0x69, 0x21, 0x0, 0x0, 0xdc, 0x0, ..., 0xa4, 0xa4, 0x88}
1.109099 : dispatching packet: 
1.109129 : 121: {0x50, 0x11, 0x0, 0x0, 0x0, 0x69, 0x21, 0x0, 0x0, 0xdc, 0x0, 0x0, 0x0, 0x16, 0x0, 0x0, 0x0, 0x1c, 0x0, 0x0, ..., 0xa4, 0xa4, 0x88}
1.109824 : 260: {0x7c, 0x7c, 0x7c, 0x7c, 0x79, 0x0, 0x0, 0x0, 0x0, 0x50, 0x11, 0x0, 0x0, 0x0, 0x69, 0x21, 0x0, 0x0, 0xdc, 0x0, ..., 0x51, 0x67, 0x57}
1.109862 : dispatching packet: 
1.109922 : 121: {0x50, 0x11, 0x0, 0x0, 0x0, 0x69, 0x21, 0x0, 0x0, 0xdc, 0x0, 0x0, 0x0, 0x17, 0x0, 0x0, 0x0, 0x1c, 0x0, 0x0, ..., 0xa9, 0xa9, 0x93}
1.109983 : dispatching packet: 
1.110059 : 121: {0x50, 0x11, 0x0, 0x0, 0x0, 0x69, 0x21, 0x0, 0x0, 0xdc, 0x0, 0x0, 0x0, 0x17, 0x0, 0x0, 0x0, 0x1c, 0x0, 0x0, ..., 0x51, 0x67, 0x57}
1.110583 : 260: {0x7c, 0x7c, 0x7c, 0x7c, 0x79, 0x0, 0x0, 0x0, 0x0, 0x50, 0x11, 0x0, 0x0, 0x0, 0x69, 0x21, 0x0, 0x0, 0xdc, 0x0, ..., 0x5c, 0x62, 0x5f}
1.110613 : dispatching packet: 
1.110658 : 121: {0x50, 0x11, 0x0, 0x0, 0x0, 0x69, 0x21, 0x0, 0x0, 0xdc, 0x0, 0x0, 0x0, 0x18, 0x0, 0x0, 0x0, 0x1c, 0x0, 0x0, ..., 0xa4, 0xa5, 0x95}
1.110689 : dispatching packet: 
1.110716 : 121: {0x50, 0x11, 0x0, 0x0, 0x0, 0x69, 0x21, 0x0, 0x0, 0xdc, 0x0, 0x0, 0x0, 0x18, 0x0, 0x0, 0x0, 0x1c, 0x0, 0x0, ..., 0x5c, 0x62, 0x5f}
1.111307 : 130: {0x7c, 0x7c, 0x7c, 0x7c, 0x79, 0x0, 0x0, 0x0, 0x0, 0x50, 0x11, 0x0, 0x0, 0x0, 0x69, 0x21, 0x0, 0x0, 0xdc, 0x0, ..., 0x96, 0x99, 0x91}
1.111368 : dispatching packet: 
1.111396 : 121: {0x50, 0x11, 0x0, 0x0, 0x0, 0x69, 0x21, 0x0, 0x0, 0xdc, 0x0, 0x0, 0x0, 0x19, 0x0, 0x0, 0x0, 0x1c, 0x0, 0x0, ..., 0x96, 0x99, 0x91}
1.112035 : 130: {0x7c, 0x7c, 0x7c, 0x7c, 0x79, 0x0, 0x0, 0x0, 0x0, 0x50, 0x11, 0x0, 0x0, 0x0, 0x69, 0x21, 0x0, 0x0, 0xdc, 0x0, ..., 0x6f, 0x80, 0x83}
1.112113 : dispatching packet: 
1.112143 : 121: {0x50, 0x11, 0x0, 0x0, 0x0, 0x69, 0x21, 0x0, 0x0, 0xdc, 0x0, 0x0, 0x0, 0x1a, 0x0, 0x0, 0x0, 0x1c, 0x0, 0x0, ..., 0x6f, 0x80, 0x83}
1.112794 : 130: {0x7c, 0x7c, 0x7c, 0x7c, 0x79, 0x0, 0x0, 0x0, 0x0, 0x50, 0x11, 0x0, 0x0, 0x0, 0x69, 0x21, 0x0, 0x0, 0xdc, 0x0, ..., 0x8d, 0x8b, 0x71}
1.112828 : dispatching packet: 
1.112859 : 121: {0x50, 0x11, 0x0, 0x0, 0x0, 0x69, 0x21, 0x0, 0x0, 0xdc, 0x0, 0x0, 0x0, 0x1b, 0x0, 0x0, 0x0, 0x1c, 0x0, 0x0, ..., 0x8d, 0x8b, 0x71}
1.113327 : 253: {0x7d, 0x50, 0x0, 0x3b, 0xa, 0x61, 0x69, 0x21, 0x0, 0x0, 0x1a, 0x0, 0x0, 0x0, 0xc2, 0xd8, 0x84, 0x41, 0x5f, 0x25, ..., 0x0, 0x78, 0x7e}
1.113358 : dispatching packet: 
1.113385 : 221: {0x50, 0x0, 0x3b, 0xa, 0x61, 0x69, 0x21, 0x0, 0x0, 0x1a, 0x0, 0x0, 0x0, 0xc2, 0xd8, 0x84, 0x41, 0x5f, 0x25, 0xc, ..., 0x0, 0x0, 0x0}
1.113407 : dispatching packet: 
1.113472 : 25: {0x50, 0x2, 0x3b, 0xa, 0x61, 0x69, 0x21, 0x0, 0x0, 0x1, 0x0, 0x0, 0x0, 0xda, 0xff, 0xff, 0x3e, 0xfc, 0xa3, 0x37, ..., 0x0, 0x0, 0x0}
1.113618 : 32: {0x7d, 0x50, 0x26, 0xfe, 0x75, 0x23, 0x60, 0x21, 0x0, 0x0, 0x2, 0x0, 0x0, 0x0, 0x0, 0x0, 0x0, 0x0, 0xda, 0xff, ..., 0x0, 0x2, 0x7e}
1.113668 : dispatching packet: 
1.113699 : 29: {0x50, 0x26, 0xfe, 0x75, 0x23, 0x60, 0x21, 0x0, 0x0, 0x2, 0x0, 0x0, 0x0, 0x0, 0x0, 0x0, 0x0, 0xda, 0xff, 0xff, ..., 0x0, 0x0, 0x0}
1.153081 : 32: {0x7d, 0x50, 0x26, 0xfe, 0x75, 0x23, 0x60, 0x21, 0x0, 0x0, 0x2, 0x0, 0x0, 0x0, 0x0, 0x0, 0x0, 0x0, 0xda, 0xff, ..., 0x0, 0x2, 0x7e}
1.153137 : dispatching packet: 
1.153175 : 29: {0x50, 0x26, 0xfe, 0x75, 0x23, 0x60, 0x21, 0x0, 0x0, 0x2, 0x0, 0x0, 0x0, 0x0, 0x0, 0x0, 0x0, 0xda, 0xff, 0xff, ..., 0x0, 0x0, 0x0}
1.209858 : 262: {0x7c, 0x7c, 0x7c, 0x7c, 0xfd, 0x0, 0x0, 0x0, 0x0, 0x50, 0xd, 0x0, 0x0, 0x0, 0x6b, 0x21, 0x0, 0x0, 0x1c, 0x0, ..., 0xfd, 0x14, 0xc0}
1.209948 : dispatching packet: 
1.209983 : 253: {0x50, 0xd, 0x0, 0x0, 0x0, 0x6b, 0x21, 0x0, 0x0, 0x1c, 0x0, 0x0, 0x0, 0x18, 0xb3, 0x52, 0x3d, 0xa1, 0xce, 0x2d, ..., 0xfd, 0x14, 0xc0}
1.268512 : 262: {0x7c, 0x7c, 0x7c, 0x7c, 0xfd, 0x0, 0x0, 0x0, 0x0, 0x50, 0xd, 0x0, 0x0, 0x0, 0x6c, 0x21, 0x0, 0x0, 0x1c, 0x0, ..., 0x83, 0x1f, 0xc0}
1.268565 : dispatching packet: 
1.268593 : 253: {0x50, 0xd, 0x0, 0x0, 0x0, 0x6c, 0x21, 0x0, 0x0, 0x1c, 0x0, 0x0, 0x0, 0x18, 0xb3, 0x52, 0x3d, 0xa1, 0xce, 0x2d, ..., 0x83, 0x1f, 0xc0}
1.268783 : 32: {0x7d, 0x50, 0x26, 0xfe, 0x75, 0x23, 0x60, 0x21, 0x0, 0x0, 0x2, 0x0, 0x0, 0x0, 0x0, 0x0, 0x0, 0x0, 0xda, 0xff, ..., 0x0, 0x2, 0x7e}
1.268798 : dispatching packet: 
1.268813 : 29: {0x50, 0x26, 0xfe, 0x75, 0x23, 0x60, 0x21, 0x0, 0x0, 0x2, 0x0, 0x0, 0x0, 0x0, 0x0, 0x0, 0x0, 0xda, 0xff, 0xff, ..., 0x0, 0x0, 0x0}
1.385784 : 262: {0x7c, 0x7c, 0x7c, 0x7c, 0xfd, 0x0, 0x0, 0x0, 0x0, 0x50, 0xd, 0x0, 0x0, 0x0, 0x6e, 0x21, 0x0, 0x0, 0x1c, 0x0, ..., 0xe, 0x1a, 0xc0}
1.385836 : dispatching packet: 
1.385873 : 253: {0x50, 0xd, 0x0, 0x0, 0x0, 0x6e, 0x21, 0x0, 0x0, 0x1c, 0x0, 0x0, 0x0, 0x18, 0xb3, 0x52, 0x3d, 0xa1, 0xce, 0x2d, ..., 0xe, 0x1a, 0xc0}
1.444399 : 262: {0x7c, 0x7c, 0x7c, 0x7c, 0xfd, 0x0, 0x0, 0x0, 0x0, 0x50, 0xd, 0x0, 0x0, 0x0, 0x6f, 0x21, 0x0, 0x0, 0x1c, 0x0, ..., 0x5c, 0x11, 0xc0}
1.444450 : dispatching packet: 
1.444481 : 253: {0x50, 0xd, 0x0, 0x0, 0x0, 0x6f, 0x21, 0x0, 0x0, 0x1c, 0x0, 0x0, 0x0, 0x18, 0xb3, 0x52, 0x3d, 0xa1, 0xce, 0x2d, ..., 0x5c, 0x11, 0xc0}
1.444683 : 32: {0x7d, 0x50, 0x26, 0xfe, 0x75, 0x23, 0x60, 0x21, 0x0, 0x0, 0x2, 0x0, 0x0, 0x0, 0x0, 0x0, 0x0, 0x0, 0xda, 0xff, ..., 0x0, 0x2, 0x7e}
1.444705 : dispatching packet: 
1.444878 : 29: {0x50, 0x26, 0xfe, 0x75, 0x23, 0x60, 0x21, 0x0, 0x0, 0x2, 0x0, 0x0, 0x0, 0x0, 0x0, 0x0, 0x0, 0xda, 0xff, 0xff, ..., 0x0, 0x0, 0x0}
1.503057 : 262: {0x7c, 0x7c, 0x7c, 0x7c, 0xfd, 0x0, 0x0, 0x0, 0x0, 0x50, 0xd, 0x0, 0x0, 0x0, 0x70, 0x21, 0x0, 0x0, 0x1c, 0x0, ..., 0x78, 0xd, 0xc0}
1.503517 : dispatching packet: 
1.503558 : 253: {0x50, 0xd, 0x0, 0x0, 0x0, 0x70, 0x21, 0x0, 0x0, 0x1c, 0x0, 0x0, 0x0, 0x18, 0xb3, 0x52, 0x3d, 0xa1, 0xce, 0x2d, ..., 0x78, 0xd, 0xc0}
1.566022 : 1020: {0x7c, 0x7c, 0x7c, 0x7c, 0x39, 0x2, 0x0, 0x0, 0x0, 0x50, 0x11, 0x0, 0x0, 0x0, 0x71, 0x21, 0x0, 0x0, 0xcf, 0x0, ..., 0x95, 0x94, 0x93}
1.566310 : dispatching packet: 
1.566347 : 569: {0x50, 0x11, 0x0, 0x0, 0x0, 0x71, 0x21, 0x0, 0x0, 0xcf, 0x0, 0x0, 0x0, 0x0, 0x0, 0x0, 0x0, 0x1c, 0x0, 0x0, ..., 0xda, 0xd6, 0xce}
1.566533 : 272: {0x98, 0x98, 0x97, 0x96, 0x95, 0x94, 0x93, 0x92, 0x92, 0x91, 0x90, 0x8e, 0x8c, 0x8a, 0x87, 0x83, 0x7c, 0x6d, 0x67, 0x7a, ..., 0x67, 0x6f, 0x75}
1.566560 : dispatching packet: 
1.566586 : 569: {0x50, 0x11, 0x0, 0x0, 0x0, 0x71, 0x21, 0x0, 0x0, 0xcf, 0x0, 0x0, 0x0, 0x0, 0x0, 0x0, 0x0, 0x1c, 0x0, 0x0, ..., 0x8e, 0x8e, 0x8d}
1.566614 : Error parsing incoming data: CRC error
1.566629 : Error parsing incoming data: lost bytes
1.566642 : Error parsing incoming data: lost bytes
1.566656 : Error parsing incoming data: lost bytes
1.566670 : Error parsing incoming data: lost bytes
1.566711 : Error parsing incoming data: CRC error
1.566761 : Error parsing incoming data: incomplete packer
1.566792 : Error parsing incoming data: CRC error
1.569682 : 1020: {0x7c, 0x7c, 0x7c, 0x7c, 0x39, 0x2, 0x0, 0x0, 0x0, 0x50, 0x11, 0x0, 0x0, 0x0, 0x71, 0x21, 0x0, 0x0, 0xcf, 0x0, ..., 0x84, 0x83, 0x82}
1.569737 : dispatching packet: 
1.569769 : 569: {0x50, 0x11, 0x0, 0x0, 0x0, 0x71, 0x21, 0x0, 0x0, 0xcf, 0x0, 0x0, 0x0, 0x2, 0x0, 0x0, 0x0, 0x1c, 0x0, 0x0, ..., 0xc3, 0xc0, 0xb8}
1.571707 : 1020: {0x7c, 0x7c, 0x7c, 0x7c, 0x39, 0x2, 0x0, 0x0, 0x0, 0x50, 0x11, 0x0, 0x0, 0x0, 0x71, 0x21, 0x0, 0x0, 0xcf, 0x0, ..., 0x82, 0x81, 0x80}
1.571792 : dispatching packet: 
1.571827 : 569: {0x50, 0x11, 0x0, 0x0, 0x0, 0x71, 0x21, 0x0, 0x0, 0xcf, 0x0, 0x0, 0x0, 0x2, 0x0, 0x0, 0x0, 0x1c, 0x0, 0x0, ..., 0x7a, 0x7a, 0x79}
1.571878 : Error parsing incoming data: lost bytes
1.571923 : Error parsing incoming data: incomplete packer
1.571942 : Error parsing incoming data: lost bytes
1.571957 : Error parsing incoming data: CRC error
1.571972 : Error parsing incoming data: CRC error
1.571987 : Error parsing incoming data: incomplete packer
1.572001 : Error parsing incoming data: CRC error
1.574840 : Error parsing incoming data: incomplete packer
1.574882 : Error parsing incoming data: CRC error
1.574906 : Error parsing incoming data: CRC error
1.577649 : 1020: {0x7c, 0x7c, 0x7c, 0x7c, 0x39, 0x2, 0x0, 0x0, 0x0, 0x50, 0x11, 0x0, 0x0, 0x0, 0x71, 0x21, 0x0, 0x0, 0xcf, 0x0, ..., 0x93, 0x95, 0x97}
1.577805 : dispatching packet: 
1.577857 : 569: {0x50, 0x11, 0x0, 0x0, 0x0, 0x71, 0x21, 0x0, 0x0, 0xcf, 0x0, 0x0, 0x0, 0x3, 0x0, 0x0, 0x0, 0x1c, 0x0, 0x0, ..., 0x7c, 0x7b, 0x7c}
1.577900 : Error parsing incoming data: incomplete packer
1.577923 : Error parsing incoming data: lost bytes
1.577975 : Error parsing incoming data: CRC error
1.579932 : 1020: {0x7c, 0x7c, 0x7c, 0x7c, 0x39, 0x2, 0x0, 0x0, 0x0, 0x50, 0x11, 0x0, 0x0, 0x0, 0x71, 0x21, 0x0, 0x0, 0xcf, 0x0, ..., 0x94, 0x97, 0x9a}
1.579979 : dispatching packet: 
1.580014 : 569: {0x50, 0x11, 0x0, 0x0, 0x0, 0x71, 0x21, 0x0, 0x0, 0xcf, 0x0, 0x0, 0x0, 0x5, 0x0, 0x0, 0x0, 0x1c, 0x0, 0x0, ..., 0x6c, 0x6b, 0x61}
1.580050 : Error parsing incoming data: lost bytes
1.580067 : Error parsing incoming data: CRC error
1.582776 : 1020: {0x7c, 0x7c, 0x7c, 0x7c, 0x39, 0x2, 0x0, 0x0, 0x0, 0x50, 0x11, 0x0, 0x0, 0x0, 0x71, 0x21, 0x0, 0x0, 0xcf, 0x0, ..., 0x91, 0x93, 0x95}
1.582822 : dispatching packet: 
1.582851 : 569: {0x50, 0x11, 0x0, 0x0, 0x0, 0x71, 0x21, 0x0, 0x0, 0xcf, 0x0, 0x0, 0x0, 0x6, 0x0, 0x0, 0x0, 0x1c, 0x0, 0x0, ..., 0x81, 0x82, 0x82}
1.582879 : Error parsing incoming data: lost bytes
1.582893 : Error parsing incoming data: lost bytes
1.582906 : Error parsing incoming data: lost bytes
1.582940 : Error parsing incoming data: lost bytes
1.582960 : Error parsing incoming data: lost bytes
1.582974 : Error parsing incoming data: lost bytes
1.585860 : 1020: {0x7c, 0x7c, 0x7c, 0x7c, 0x39, 0x2, 0x0, 0x0, 0x0, 0x50, 0x11, 0x0, 0x0, 0x0, 0x71, 0x21, 0x0, 0x0, 0xcf, 0x0, ..., 0x92, 0x91, 0x91}
1.586475 : dispatching packet: 
1.586559 : 569: {0x50, 0x11, 0x0, 0x0, 0x0, 0x71, 0x21, 0x0, 0x0, 0xcf, 0x0, 0x0, 0x0, 0x7, 0x0, 0x0, 0x0, 0x1c, 0x0, 0x0, ..., 0x74, 0x76, 0x79}
1.586591 : Error parsing incoming data: lost bytes
1.586620 : Error parsing incoming data: incomplete packer
1.586637 : Error parsing incoming data: CRC error
1.586651 : Error parsing incoming data: lost bytes
1.586664 : Error parsing incoming data: CRC error
1.586676 : Error parsing incoming data: lost bytes
1.586688 : Error parsing incoming data: CRC error
1.588606 : 578: {0x7c, 0x7c, 0x7c, 0x7c, 0x39, 0x2, 0x0, 0x0, 0x0, 0x50, 0x11, 0x0, 0x0, 0x0, 0x71, 0x21, 0x0, 0x0, 0xcf, 0x0, ..., 0xdb, 0xd8, 0xd0}
1.588670 : dispatching packet: 
1.588719 : 569: {0x50, 0x11, 0x0, 0x0, 0x0, 0x71, 0x21, 0x0, 0x0, 0xcf, 0x0, 0x0, 0x0, 0x8, 0x0, 0x0, 0x0, 0x1c, 0x0, 0x0, ..., 0x82, 0x82, 0x81}
1.588764 : Error parsing incoming data: CRC error
1.588779 : Error parsing incoming data: incomplete packer
1.588807 : Error parsing incoming data: incomplete packer
1.588823 : Error parsing incoming data: CRC error
1.588837 : Error parsing incoming data: lost bytes
1.588849 : Error parsing incoming data: CRC error
1.588861 : Error parsing incoming data: lost bytes
1.588873 : Error parsing incoming data: lost bytes
1.588886 : Error parsing incoming data: CRC error
1.591517 : 578: {0x7c, 0x7c, 0x7c, 0x7c, 0x39, 0x2, 0x0, 0x0, 0x0, 0x50, 0x11, 0x0, 0x0, 0x0, 0x71, 0x21, 0x0, 0x0, 0xcf, 0x0, ..., 0x78, 0x76, 0x74}
1.591572 : dispatching packet: 
1.591620 : 569: {0x50, 0x11, 0x0, 0x0, 0x0, 0x71, 0x21, 0x0, 0x0, 0xcf, 0x0, 0x0, 0x0, 0xa, 0x0, 0x0, 0x0, 0x1c, 0x0, 0x0, ..., 0x78, 0x76, 0x74}
1.594451 : 1020: {0x7c, 0x7c, 0x7c, 0x7c, 0x39, 0x2, 0x0, 0x0, 0x0, 0x50, 0x11, 0x0, 0x0, 0x0, 0x71, 0x21, 0x0, 0x0, 0xcf, 0x0, ..., 0x8b, 0x8b, 0x8a}
1.594517 : dispatching packet: 
1.594543 : 569: {0x50, 0x11, 0x0, 0x0, 0x0, 0x71, 0x21, 0x0, 0x0, 0xcf, 0x0, 0x0, 0x0, 0xb, 0x0, 0x0, 0x0, 0x1c, 0x0, 0x0, ..., 0xcc, 0xcb, 0xc3}
1.597195 : 1020: {0x7c, 0x7c, 0x7c, 0x7c, 0x39, 0x2, 0x0, 0x0, 0x0, 0x50, 0x11, 0x0, 0x0, 0x0, 0x71, 0x21, 0x0, 0x0, 0xcf, 0x0, ..., 0x78, 0x78, 0x78}
1.597238 : dispatching packet: 
1.597271 : 569: {0x50, 0x11, 0x0, 0x0, 0x0, 0x71, 0x21, 0x0, 0x0, 0xcf, 0x0, 0x0, 0x0, 0xb, 0x0, 0x0, 0x0, 0x1c, 0x0, 0x0, ..., 0x70, 0x70, 0x70}
1.600056 : 578: {0x7c, 0x7c, 0x7c, 0x7c, 0x39, 0x2, 0x0, 0x0, 0x0, 0x50, 0x11, 0x0, 0x0, 0x0, 0x71, 0x21, 0x0, 0x0, 0xcf, 0x0, ..., 0x78, 0x78, 0x78}
1.602929 : 578: {0x7c, 0x7c, 0x7c, 0x7c, 0x39, 0x2, 0x0, 0x0, 0x0, 0x50, 0x11, 0x0, 0x0, 0x0, 0x71, 0x21, 0x0, 0x0, 0xcf, 0x0, ..., 0x75, 0x75, 0x74}
1.605798 : 136: {0x68, 0x67, 0x66, 0x65, 0x63, 0x61, 0x60, 0x62, 0x66, 0x69, 0x6b, 0x6a, 0x68, 0x65, 0x61, 0x5f, 0x5d, 0x5b, 0x59, 0x56, ..., 0x73, 0x72, 0x72}
1.608619 : 1020: {0x7c, 0x7c, 0x7c, 0x7c, 0x39, 0x2, 0x0, 0x0, 0x0, 0x50, 0x11, 0x0, 0x0, 0x0, 0x71, 0x21, 0x0, 0x0, 0xcf, 0x0, ..., 0x72, 0x71, 0x71}
1.611427 : 1020: {0x7c, 0x7c, 0x7c, 0x7c, 0x39, 0x2, 0x0, 0x0, 0x0, 0x50, 0x11, 0x0, 0x0, 0x0, 0x71, 0x21, 0x0, 0x0, 0xcf, 0x0, ..., 0x73, 0x73, 0x73}
1.614277 : 1020: {0x7c, 0x7c, 0x7c, 0x7c, 0x39, 0x2, 0x0, 0x0, 0x0, 0x50, 0x11, 0x0, 0x0, 0x0, 0x71, 0x21, 0x0, 0x0, 0xcf, 0x0, ..., 0x6c, 0x6e, 0x6f}
1.617132 : 1020: {0x7c, 0x7c, 0x7c, 0x7c, 0x39, 0x2, 0x0, 0x0, 0x0, 0x50, 0x11, 0x0, 0x0, 0x0, 0x71, 0x21, 0x0, 0x0, 0xcf, 0x0, ..., 0x53, 0x54, 0x5b}
1.620126 : 578: {0x7c, 0x7c, 0x7c, 0x7c, 0x39, 0x2, 0x0, 0x0, 0x0, 0x50, 0x11, 0x0, 0x0, 0x0, 0x71, 0x21, 0x0, 0x0, 0xcf, 0x0, ..., 0x9d, 0x9c, 0x94}
1.623073 : 136: {0x67, 0x68, 0x66, 0x60, 0x54, 0x4b, 0x55, 0x58, 0x5a, 0x5d, 0x60, 0x62, 0x62, 0x62, 0x62, 0x64, 0x66, 0x68, 0x69, 0x6b, ..., 0x5b, 0x5f, 0x64}
1.625933 : 136: {0x6d, 0x6d, 0x6b, 0x67, 0x5d, 0x45, 0x50, 0x5c, 0x60, 0x61, 0x62, 0x63, 0x65, 0x67, 0x69, 0x6a, 0x6b, 0x6c, 0x6e, 0x70, ..., 0x59, 0x5a, 0x5b}
1.628774 : 136: {0x6b, 0x6a, 0x67, 0x64, 0x60, 0x5f, 0x61, 0x64, 0x66, 0x67, 0x69, 0x6b, 0x6b, 0x6b, 0x6a, 0x69, 0x67, 0x66, 0x66, 0x67, ..., 0x62, 0x5f, 0x5b}
1.631570 : 1020: {0x7c, 0x7c, 0x7c, 0x7c, 0x39, 0x2, 0x0, 0x0, 0x0, 0x50, 0x11, 0x0, 0x0, 0x0, 0x71, 0x21, 0x0, 0x0, 0xcf, 0x0, ..., 0x6f, 0x6d, 0x6b}
1.634436 : 136: {0x67, 0x66, 0x67, 0x67, 0x68, 0x67, 0x66, 0x66, 0x65, 0x64, 0x61, 0x5b, 0x4d, 0x4e, 0x5c, 0x63, 0x65, 0x66, 0x65, 0x64, ..., 0x61, 0x60, 0x61}
1.637219 : 1020: {0x7c, 0x7c, 0x7c, 0x7c, 0x39, 0x2, 0x0, 0x0, 0x0, 0x50, 0x11, 0x0, 0x0, 0x0, 0x71, 0x21, 0x0, 0x0, 0xcf, 0x0, ..., 0x58, 0x59, 0x5a}
1.679234 : 32: {0x7d, 0x50, 0x26, 0xfe, 0x75, 0x23, 0x71, 0x21, 0x0, 0x0, 0x2, 0x0, 0x0, 0x0, 0x0, 0x0, 0x0, 0x0, 0x90, 0x86, ..., 0x0, 0xf6, 0x7e}
1.913530 : 262: {0x7c, 0x7c, 0x7c, 0x7c, 0xfd, 0x0, 0x0, 0x0, 0x0, 0x50, 0xd, 0x0, 0x0, 0x0, 0x77, 0x21, 0x0, 0x0, 0x1c, 0x0, ..., 0x7, 0x1b, 0xc0}
1.972449 : 32: {0x7d, 0x50, 0x26, 0xfe, 0x75, 0x23, 0x71, 0x21, 0x0, 0x0, 0x2, 0x0, 0x0, 0x0, 0x0, 0x0, 0x0, 0x0, 0x90, 0x86, ..., 0x0, 0xf6, 0x7e}
2.004637 : Timeout waiting for response
2.004794 : ping -- end
2.005016 : unsubscribe -- begin
2.005053 : unsubscribe -- end
2.005301 : task ending: recorder
2.005399 : ~ActiveThread: recorder
2.005436 : ~RadarInterface -- begin
2.005454 : ~RadarInterface -- end
2.005471 : ~RadarCommunicator -- begin
2.005554 : task ending: writer
2.005615 : ~ActiveThread: writer
2.027617 : task ending: reader
2.027746 : ~ActiveThread: reader
2.027771 : Closing: /dev/cu.usbmodem1411
2.027832 : ~RadarCommunicator -- end
2.027887 : ~PacketDispatcher -- begin
2.027924 : task ending: dispatcher
2.027988 : ~PacketDispatcher -- end
2.028011 : ~ActiveThread: dispatcher
2.028034 : ~StdoutLogger
