0.000012 : createing logger StdoutLogger
0.000630 : RadarCommunicator: 28
0.000707 : parser constructor
0.000753 : RadarInterface - base -- begin
0.000776 : log_trace -- begin
0.000827 : log_trace -- end
0.000847 : git sha: 3ae25d11eed0
0.000864 : build date: 2017-11-28 11:32:05
0.000883 : subscribe_to_presence_single -- begin
0.000933 : subscribe_to_presence_single -- end
0.000950 : subscribe_to_presence_movinglist -- begin
0.000973 : subscribe_to_presence_movinglist -- end
0.000986 : subscribe_to_data_float -- begin
0.001005 : subscribe_to_data_float -- end
0.001018 : subscribe_to_data_string -- begin
0.001039 : subscribe_to_data_string -- end
0.001052 : subscribe_to_data_byte -- begin
0.001078 : subscribe_to_data_byte -- end
0.001097 : subscribe_to_baseband_iq -- begin
0.001122 : subscribe_to_baseband_iq -- end
0.001137 : subscribe_to_baseband_ap -- begin
0.001159 : subscribe_to_baseband_ap -- end
0.001175 : subscribe_to_pulsedoppler_float -- begin
0.001202 : subscribe_to_pulsedoppler_float -- end
0.001217 : subscribe_to_noisemap_float -- begin
0.001235 : subscribe_to_noisemap_float -- end
0.005341 : subscribe_to_pulsedoppler_byte -- begin
0.005402 : subscribe_to_pulsedoppler_byte -- end
0.005429 : subscribe_to_noisemap_byte -- begin
0.005455 : subscribe_to_noisemap_byte -- end
0.005471 : subscribe_to_system_status -- begin
0.005539 : subscribe_to_system_status -- end
0.005647 : subscribe_to_resp_status -- begin
0.005675 : subscribe_to_resp_status -- end
0.005691 : subscribe_to_sleep_status -- begin
0.005714 : subscribe_to_sleep_status -- end
0.005753 : subscribe_to_respiration_movinglist -- begin
0.005810 : subscribe_to_respiration_movinglist -- end
0.005829 : subscribe_to_respiration_detectionlist -- begin
0.005873 : subscribe_to_respiration_detectionlist -- end
0.005900 : open -- begin
0.005917 : creating LinuxModuleIo
0.006067 : LinuxModuleIo::open /dev/cu.usbmodem1411 -- begin
0.007068 : LinuxModuleIo::open /dev/cu.usbmodem1411 -- end
0.007182 : open -- end
0.007230 : RadarInterface - base -- end
0.007489 : subscribe_to_radar_settings -- begin
0.007553 : subscribe_to_radar_settings -- end
0.007601 : ping -- begin
0.007672 : sending: 
0.007758 : 8: {0x7d, 0x1, 0xae, 0xea, 0xaa, 0xee, 0x7c, 0x7e, }
0.007898 : sent
0.051293 : 262: {0x7c, 0x7c, 0x7c, 0x7c, 0xfd, 0x0, 0x0, 0x0, 0x0, 0x50, 0xd, 0x0, 0x0, 0x0, 0x1, 0x3a, 0x0, 0x0, 0x1c, 0x0, ..., 0x1c, 0x34, 0xc0}
0.051365 : dispatching packet: 
0.051396 : 253: {0x50, 0xd, 0x0, 0x0, 0x0, 0x1, 0x3a, 0x0, 0x0, 0x1c, 0x0, 0x0, 0x0, 0x18, 0xb3, 0x52, 0x3d, 0xa1, 0xce, 0x2d, ..., 0x1c, 0x34, 0xc0}
0.051548 : 32: {0x7d, 0x50, 0x26, 0xfe, 0x75, 0x23, 0xf2, 0x39, 0x0, 0x0, 0x2, 0x0, 0x0, 0x0, 0x0, 0x0, 0x0, 0x0, 0x53, 0x36, ..., 0x0, 0x86, 0x7e}
0.051570 : dispatching packet: 
0.051598 : 29: {0x50, 0x26, 0xfe, 0x75, 0x23, 0xf2, 0x39, 0x0, 0x0, 0x2, 0x0, 0x0, 0x0, 0x0, 0x0, 0x0, 0x0, 0x53, 0x36, 0xbf, ..., 0x0, 0x0, 0x0}
0.111725 : 32: {0x7d, 0x50, 0x26, 0xfe, 0x75, 0x23, 0xf2, 0x39, 0x0, 0x0, 0x2, 0x0, 0x0, 0x0, 0x0, 0x0, 0x0, 0x0, 0x53, 0x36, ..., 0x0, 0x86, 0x7e}
0.111783 : dispatching packet: 
0.111813 : 29: {0x50, 0x26, 0xfe, 0x75, 0x23, 0xf2, 0x39, 0x0, 0x0, 0x2, 0x0, 0x0, 0x0, 0x0, 0x0, 0x0, 0x0, 0x53, 0x36, 0xbf, ..., 0x0, 0x0, 0x0}
0.168539 : 262: {0x7c, 0x7c, 0x7c, 0x7c, 0xfd, 0x0, 0x0, 0x0, 0x0, 0x50, 0xd, 0x0, 0x0, 0x0, 0x3, 0x3a, 0x0, 0x0, 0x1c, 0x0, ..., 0xd8, 0x23, 0x40}
0.169003 : dispatching packet: 
0.169041 : 253: {0x50, 0xd, 0x0, 0x0, 0x0, 0x3, 0x3a, 0x0, 0x0, 0x1c, 0x0, 0x0, 0x0, 0x18, 0xb3, 0x52, 0x3d, 0xa1, 0xce, 0x2d, ..., 0xd8, 0x23, 0x40}
0.170662 : 136: {0x95, 0x9a, 0x99, 0x91, 0x8e, 0x9c, 0xa3, 0xa6, 0xa6, 0xa1, 0x97, 0x94, 0xa2, 0xaa, 0xad, 0xad, 0xac, 0xab, 0xae, 0xb1, ..., 0x9a, 0x91, 0x76}
0.172702 : 136: {0xad, 0xb3, 0xb4, 0xb2, 0xab, 0x9f, 0xa8, 0xb2, 0xb6, 0xb7, 0xb4, 0xaf, 0xac, 0xb1, 0xb6, 0xb8, 0xb7, 0xb4, 0xb4, 0xb8, ..., 0xad, 0xa3, 0x98}
0.175222 : 1020: {0x7c, 0x7c, 0x7c, 0x7c, 0x39, 0x2, 0x0, 0x0, 0x0, 0x50, 0x11, 0x0, 0x0, 0x0, 0x3, 0x3a, 0x0, 0x0, 0x41, 0x2, ..., 0xb4, 0xb1, 0xa8}
0.175276 : dispatching packet: 
0.175305 : 569: {0x50, 0x11, 0x0, 0x0, 0x0, 0x3, 0x3a, 0x0, 0x0, 0x41, 0x2, 0x0, 0x0, 0x2, 0x0, 0x0, 0x0, 0x1c, 0x0, 0x0, ..., 0xd9, 0xda, 0xd9}
0.178273 : 578: {0x7c, 0x7c, 0x7c, 0x7c, 0x39, 0x2, 0x0, 0x0, 0x0, 0x50, 0x11, 0x0, 0x0, 0x0, 0x3, 0x3a, 0x0, 0x0, 0x41, 0x2, ..., 0xbb, 0xb6, 0xb4}
0.178381 : dispatching packet: 
0.178419 : 569: {0x50, 0x11, 0x0, 0x0, 0x0, 0x3, 0x3a, 0x0, 0x0, 0x41, 0x2, 0x0, 0x0, 0x2, 0x0, 0x0, 0x0, 0x1c, 0x0, 0x0, ..., 0xc0, 0xbf, 0xc4}
0.181314 : 1020: {0x7c, 0x7c, 0x7c, 0x7c, 0x39, 0x2, 0x0, 0x0, 0x0, 0x50, 0x11, 0x0, 0x0, 0x0, 0x3, 0x3a, 0x0, 0x0, 0x41, 0x2, ..., 0xbb, 0xbc, 0xbd}
0.181372 : dispatching packet: 
0.181401 : 569: {0x50, 0x11, 0x0, 0x0, 0x0, 0x3, 0x3a, 0x0, 0x0, 0x41, 0x2, 0x0, 0x0, 0x4, 0x0, 0x0, 0x0, 0x1c, 0x0, 0x0, ..., 0xde, 0xdc, 0xda}
0.184173 : 1020: {0x7c, 0x7c, 0x7c, 0x7c, 0x39, 0x2, 0x0, 0x0, 0x0, 0x50, 0x11, 0x0, 0x0, 0x0, 0x3, 0x3a, 0x0, 0x0, 0x41, 0x2, ..., 0xbd, 0xbf, 0xc1}
0.184231 : dispatching packet: 
0.184262 : 569: {0x50, 0x11, 0x0, 0x0, 0x0, 0x3, 0x3a, 0x0, 0x0, 0x41, 0x2, 0x0, 0x0, 0x4, 0x0, 0x0, 0x0, 0x1c, 0x0, 0x0, ..., 0xb3, 0xae, 0xa4}
0.187042 : 578: {0x7c, 0x7c, 0x7c, 0x7c, 0x39, 0x2, 0x0, 0x0, 0x0, 0x50, 0x11, 0x0, 0x0, 0x0, 0x3, 0x3a, 0x0, 0x0, 0x41, 0x2, ..., 0x8b, 0x9d, 0xa8}
0.187099 : dispatching packet: 
0.187133 : 569: {0x50, 0x11, 0x0, 0x0, 0x0, 0x3, 0x3a, 0x0, 0x0, 0x41, 0x2, 0x0, 0x0, 0x5, 0x0, 0x0, 0x0, 0x1c, 0x0, 0x0, ..., 0xd3, 0xd4, 0xd8}
0.189785 : 136: {0xba, 0xbb, 0xb9, 0xb5, 0xb3, 0xb5, 0xb8, 0xba, 0xb9, 0xb7, 0xb4, 0xb2, 0xb1, 0xb1, 0xb1, 0xb0, 0xb0, 0xb1, 0xb3, 0xb3, ..., 0x9a, 0xa1, 0x9f}
0.192519 : 1020: {0x7c, 0x7c, 0x7c, 0x7c, 0x39, 0x2, 0x0, 0x0, 0x0, 0x50, 0x11, 0x0, 0x0, 0x0, 0x3, 0x3a, 0x0, 0x0, 0x41, 0x2, ..., 0xa2, 0xa6, 0xa9}
0.192577 : dispatching packet: 
0.192609 : 569: {0x50, 0x11, 0x0, 0x0, 0x0, 0x3, 0x3a, 0x0, 0x0, 0x41, 0x2, 0x0, 0x0, 0x8, 0x0, 0x0, 0x0, 0x1c, 0x0, 0x0, ..., 0xd9, 0xd6, 0xd3}
0.195416 : 1020: {0x7c, 0x7c, 0x7c, 0x7c, 0x39, 0x2, 0x0, 0x0, 0x0, 0x50, 0x11, 0x0, 0x0, 0x0, 0x3, 0x3a, 0x0, 0x0, 0x41, 0x2, ..., 0x96, 0x98, 0x98}
0.195467 : dispatching packet: 
0.195493 : 569: {0x50, 0x11, 0x0, 0x0, 0x0, 0x3, 0x3a, 0x0, 0x0, 0x41, 0x2, 0x0, 0x0, 0x8, 0x0, 0x0, 0x0, 0x1c, 0x0, 0x0, ..., 0xa5, 0xa8, 0xa8}
0.198414 : 1020: {0x7c, 0x7c, 0x7c, 0x7c, 0x39, 0x2, 0x0, 0x0, 0x0, 0x50, 0x11, 0x0, 0x0, 0x0, 0x3, 0x3a, 0x0, 0x0, 0x41, 0x2, ..., 0x93, 0x93, 0x90}
0.198464 : dispatching packet: 
0.198501 : 569: {0x50, 0x11, 0x0, 0x0, 0x0, 0x3, 0x3a, 0x0, 0x0, 0x41, 0x2, 0x0, 0x0, 0x9, 0x0, 0x0, 0x0, 0x1c, 0x0, 0x0, ..., 0x93, 0x99, 0x99}
0.198536 : Error parsing incoming data: lost bytes
0.198576 : Error parsing incoming data: CRC error
0.201179 : 1020: {0x7c, 0x7c, 0x7c, 0x7c, 0x39, 0x2, 0x0, 0x0, 0x0, 0x50, 0x11, 0x0, 0x0, 0x0, 0x3, 0x3a, 0x0, 0x0, 0x41, 0x2, ..., 0x8e, 0x8a, 0x84}
0.201234 : dispatching packet: 
0.201264 : 569: {0x50, 0x11, 0x0, 0x0, 0x0, 0x3, 0x3a, 0x0, 0x0, 0x41, 0x2, 0x0, 0x0, 0xa, 0x0, 0x0, 0x0, 0x1c, 0x0, 0x0, ..., 0x7f, 0x83, 0x86}
0.201297 : Error parsing incoming data: CRC error
0.201315 : Error parsing incoming data: CRC error
0.201330 : Error parsing incoming data: CRC error
0.201370 : Error parsing incoming data: lost bytes
0.204164 : 1020: {0x7c, 0x7c, 0x7c, 0x7c, 0x39, 0x2, 0x0, 0x0, 0x0, 0x50, 0x11, 0x0, 0x0, 0x0, 0x3, 0x3a, 0x0, 0x0, 0x41, 0x2, ..., 0x8d, 0x8c, 0x8e}
0.204306 : dispatching packet: 
0.204434 : 569: {0x50, 0x11, 0x0, 0x0, 0x0, 0x3, 0x3a, 0x0, 0x0, 0x41, 0x2, 0x0, 0x0, 0xb, 0x0, 0x0, 0x0, 0x1c, 0x0, 0x0, ..., 0x84, 0x79, 0x60}
0.204474 : Error parsing incoming data: lost bytes
0.204507 : Error parsing incoming data: lost bytes
0.204521 : Error parsing incoming data: lost bytes
0.204532 : Error parsing incoming data: CRC error
0.204544 : Error parsing incoming data: CRC error
0.204556 : Error parsing incoming data: lost bytes
0.204585 : Error parsing incoming data: CRC error
0.204604 : Error parsing incoming data: CRC error
0.204616 : Error parsing incoming data: CRC error
0.204626 : Error parsing incoming data: lost bytes
0.204639 : Error parsing incoming data: CRC error
0.206879 : 1020: {0x7c, 0x7c, 0x7c, 0x7c, 0x39, 0x2, 0x0, 0x0, 0x0, 0x50, 0x11, 0x0, 0x0, 0x0, 0x3, 0x3a, 0x0, 0x0, 0x41, 0x2, ..., 0x8b, 0x8e, 0x90}
0.206960 : dispatching packet: 
0.206991 : 569: {0x50, 0x11, 0x0, 0x0, 0x0, 0x3, 0x3a, 0x0, 0x0, 0x41, 0x2, 0x0, 0x0, 0xc, 0x0, 0x0, 0x0, 0x1c, 0x0, 0x0, ..., 0x8c, 0x88, 0x81}
0.207236 : Error parsing incoming data: lost bytes
0.207307 : Error parsing incoming data: lost bytes
0.207361 : Error parsing incoming data: lost bytes
0.207474 : Error parsing incoming data: CRC error
0.207529 : Error parsing incoming data: CRC error
0.207621 : Error parsing incoming data: lost bytes
0.207642 : Error parsing incoming data: lost bytes
0.207797 : Error parsing incoming data: lost bytes
0.207814 : Error parsing incoming data: lost bytes
0.207829 : Error parsing incoming data: CRC error
0.209754 : Error parsing incoming data: lost bytes
0.209988 : Error parsing incoming data: lost bytes
0.210006 : Error parsing incoming data: lost bytes
0.210077 : Error parsing incoming data: lost bytes
0.210145 : Error parsing incoming data: lost bytes
0.210167 : Error parsing incoming data: CRC error
0.210183 : Error parsing incoming data: lost bytes
0.210208 : Error parsing incoming data: CRC error
0.210239 : Error parsing incoming data: CRC error
0.210278 : Error parsing incoming data: lost bytes
0.212596 : 1020: {0x7c, 0x7c, 0x7c, 0x7c, 0x39, 0x2, 0x0, 0x0, 0x0, 0x50, 0x11, 0x0, 0x0, 0x0, 0x3, 0x3a, 0x0, 0x0, 0x41, 0x2, ..., 0x76, 0x83, 0x88}
0.212646 : dispatching packet: 
0.212672 : 569: {0x50, 0x11, 0x0, 0x0, 0x0, 0x3, 0x3a, 0x0, 0x0, 0x41, 0x2, 0x0, 0x0, 0xd, 0x0, 0x0, 0x0, 0x1c, 0x0, 0x0, ..., 0x82, 0x7d, 0x7d}
0.212704 : Error parsing incoming data: incomplete packer
0.212719 : Error parsing incoming data: lost bytes
0.212734 : Error parsing incoming data: incomplete packer
0.212748 : dispatching packet: 
0.212764 : 4: {0x7a, 0x7c, 0x80, 0x81, }
0.212787 : Error parsing incoming data: CRC error
0.212801 : Error parsing incoming data: CRC error
0.212820 : do_dispatch_packet, 84 -- we did not find a handler for this package
0.212863 : Error parsing incoming data: CRC error
0.212891 : 4: {0x7a, 0x7c, 0x80, 0x81, }
0.212915 : Error parsing incoming data: lost bytes
0.212936 : Error parsing incoming data: CRC error
0.212951 : Error parsing incoming data: lost bytes
0.212965 : Error parsing incoming data: CRC error
0.212977 : Error parsing incoming data: CRC error
0.212990 : Error parsing incoming data: lost bytes
0.213004 : Error parsing incoming data: CRC error
0.213017 : Error parsing incoming data: CRC error
0.213030 : Error parsing incoming data: lost bytes
0.213043 : Error parsing incoming data: CRC error
0.213056 : Error parsing incoming data: lost bytes
0.213070 : Error parsing incoming data: CRC error
0.215383 : 136: {0x7e, 0x7d, 0x75, 0x5c, 0x7a, 0x84, 0x87, 0x85, 0x7d, 0x66, 0x7e, 0x88, 0x8c, 0x8b, 0x85, 0x7c, 0x83, 0x89, 0x8b, 0x88, ..., 0x79, 0x7f, 0x86}
0.215533 : dispatching packet: 
0.215571 : 569: {0x50, 0x11, 0x0, 0x0, 0x0, 0x3, 0x3a, 0x0, 0x0, 0x41, 0x2, 0x0, 0x0, 0xf, 0x0, 0x0, 0x0, 0x1c, 0x0, 0x0, ..., 0x79, 0x7f, 0x86}
0.218263 : 1020: {0x7c, 0x7c, 0x7c, 0x7c, 0x39, 0x2, 0x0, 0x0, 0x0, 0x50, 0x11, 0x0, 0x0, 0x0, 0x3, 0x3a, 0x0, 0x0, 0x41, 0x2, ..., 0x7c, 0x78, 0x84}
0.218324 : dispatching packet: 
0.218355 : 569: {0x50, 0x11, 0x0, 0x0, 0x0, 0x3, 0x3a, 0x0, 0x0, 0x41, 0x2, 0x0, 0x0, 0x11, 0x0, 0x0, 0x0, 0x1c, 0x0, 0x0, ..., 0x84, 0x87, 0x92}
0.221033 : 136: {0x91, 0x91, 0x8e, 0x8d, 0x8f, 0x93, 0x94, 0x94, 0x92, 0x90, 0x91, 0x93, 0x94, 0x92, 0x90, 0x90, 0x91, 0x92, 0x91, 0x8f, ..., 0x7c, 0x71, 0x76}
0.221158 : dispatching packet: 
0.221219 : 569: {0x50, 0x11, 0x0, 0x0, 0x0, 0x3, 0x3a, 0x0, 0x0, 0x41, 0x2, 0x0, 0x0, 0x11, 0x0, 0x0, 0x0, 0x1c, 0x0, 0x0, ..., 0x7c, 0x71, 0x76}
0.223872 : 1020: {0x7c, 0x7c, 0x7c, 0x7c, 0x39, 0x2, 0x0, 0x0, 0x0, 0x50, 0x11, 0x0, 0x0, 0x0, 0x3, 0x3a, 0x0, 0x0, 0x41, 0x2, ..., 0x8c, 0x90, 0x92}
0.223922 : dispatching packet: 
0.223947 : 569: {0x50, 0x11, 0x0, 0x0, 0x0, 0x3, 0x3a, 0x0, 0x0, 0x41, 0x2, 0x0, 0x0, 0x13, 0x0, 0x0, 0x0, 0x1c, 0x0, 0x0, ..., 0xa9, 0xaa, 0xa9}
0.226609 : 1020: {0x7c, 0x7c, 0x7c, 0x7c, 0x39, 0x2, 0x0, 0x0, 0x0, 0x50, 0x11, 0x0, 0x0, 0x0, 0x3, 0x3a, 0x0, 0x0, 0x41, 0x2, ..., 0x8c, 0x8f, 0x8f}
0.226657 : dispatching packet: 
0.226688 : 569: {0x50, 0x11, 0x0, 0x0, 0x0, 0x3, 0x3a, 0x0, 0x0, 0x41, 0x2, 0x0, 0x0, 0x13, 0x0, 0x0, 0x0, 0x1c, 0x0, 0x0, ..., 0x92, 0x91, 0x8f}
0.226723 : Error parsing incoming data: CRC error
0.226740 : Error parsing incoming data: CRC error
0.226754 : Error parsing incoming data: lost bytes
0.226768 : Error parsing incoming data: CRC error
0.253362 : Error parsing incoming data: CRC error
0.253397 : Error parsing incoming data: lost bytes
0.253414 : Error parsing incoming data: CRC error
0.253429 : Error parsing incoming data: CRC error
0.253445 : Error parsing incoming data: CRC error
0.253460 : Error parsing incoming data: CRC error
0.253473 : Error parsing incoming data: lost bytes
0.253485 : Error parsing incoming data: lost bytes
0.253497 : Error parsing incoming data: lost bytes
0.253510 : Error parsing incoming data: CRC error
0.253524 : Error parsing incoming data: lost bytes
0.285954 : 262: {0x7c, 0x7c, 0x7c, 0x7c, 0xfd, 0x0, 0x0, 0x0, 0x0, 0x50, 0xd, 0x0, 0x0, 0x0, 0x5, 0x3a, 0x0, 0x0, 0x1c, 0x0, ..., 0x15, 0x3d, 0x40}
0.286129 : dispatching packet: 
0.286161 : 569: {0x50, 0x11, 0x0, 0x0, 0x0, 0x3, 0x3a, 0x0, 0x0, 0x41, 0x2, 0x0, 0x0, 0x14, 0x0, 0x0, 0x0, 0x1c, 0x0, 0x0, ..., 0x34, 0x1f, 0xa8}
0.344522 : 32: {0x7d, 0x50, 0x26, 0xfe, 0x75, 0x23, 0x3, 0x3a, 0x0, 0x0, 0x1, 0x0, 0x0, 0x0, 0x0, 0x0, 0x0, 0x0, 0x6, 0xec, ..., 0x0, 0xfa, 0x7e}
0.344573 : Error parsing incoming data: lost bytes
0.344591 : dispatching packet: 
0.344615 : 29: {0x50, 0x26, 0xfe, 0x75, 0x23, 0x3, 0x3a, 0x0, 0x0, 0x1, 0x0, 0x0, 0x0, 0x0, 0x0, 0x0, 0x0, 0x6, 0xec, 0xbd, ..., 0x0, 0x0, 0x0}
0.403208 : 294: {0x7c, 0x7c, 0x7c, 0x7c, 0xfd, 0x0, 0x0, 0x0, 0x0, 0x50, 0xd, 0x0, 0x0, 0x0, 0x7, 0x3a, 0x0, 0x0, 0x1c, 0x0, ..., 0x0, 0xfa, 0x7e}
0.403264 : dispatching packet: 
0.403292 : 253: {0x50, 0xd, 0x0, 0x0, 0x0, 0x7, 0x3a, 0x0, 0x0, 0x1c, 0x0, 0x0, 0x0, 0x18, 0xb3, 0x52, 0x3d, 0xa1, 0xce, 0x2d, ..., 0xa8, 0x35, 0x40}
0.403321 : dispatching packet: 
0.403346 : 29: {0x50, 0x26, 0xfe, 0x75, 0x23, 0x3, 0x3a, 0x0, 0x0, 0x1, 0x0, 0x0, 0x0, 0x0, 0x0, 0x0, 0x0, 0x6, 0xec, 0xbd, ..., 0x0, 0x0, 0x0}
0.520355 : 262: {0x7c, 0x7c, 0x7c, 0x7c, 0xfd, 0x0, 0x0, 0x0, 0x0, 0x50, 0xd, 0x0, 0x0, 0x0, 0x9, 0x3a, 0x0, 0x0, 0x1c, 0x0, ..., 0x4, 0x45, 0xc0}
0.520420 : dispatching packet: 
0.520449 : 253: {0x50, 0xd, 0x0, 0x0, 0x0, 0x9, 0x3a, 0x0, 0x0, 0x1c, 0x0, 0x0, 0x0, 0x18, 0xb3, 0x52, 0x3d, 0xa1, 0xce, 0x2d, ..., 0x4, 0x45, 0xc0}
0.578996 : 262: {0x7c, 0x7c, 0x7c, 0x7c, 0xfd, 0x0, 0x0, 0x0, 0x0, 0x50, 0xd, 0x0, 0x0, 0x0, 0xa, 0x3a, 0x0, 0x0, 0x1c, 0x0, ..., 0x10, 0x2f, 0xc0}
0.579071 : dispatching packet: 
0.579112 : 253: {0x50, 0xd, 0x0, 0x0, 0x0, 0xa, 0x3a, 0x0, 0x0, 0x1c, 0x0, 0x0, 0x0, 0x18, 0xb3, 0x52, 0x3d, 0xa1, 0xce, 0x2d, ..., 0x10, 0x2f, 0xc0}
0.637619 : 262: {0x7c, 0x7c, 0x7c, 0x7c, 0xfd, 0x0, 0x0, 0x0, 0x0, 0x50, 0xd, 0x0, 0x0, 0x0, 0xb, 0x3a, 0x0, 0x0, 0x1c, 0x0, ..., 0xf5, 0xe, 0xc0}
0.637693 : dispatching packet: 
0.637721 : 253: {0x50, 0xd, 0x0, 0x0, 0x0, 0xb, 0x3a, 0x0, 0x0, 0x1c, 0x0, 0x0, 0x0, 0x18, 0xb3, 0x52, 0x3d, 0xa1, 0xce, 0x2d, ..., 0xf5, 0xe, 0xc0}
0.696273 : 262: {0x7c, 0x7c, 0x7c, 0x7c, 0xfd, 0x0, 0x0, 0x0, 0x0, 0x50, 0xd, 0x0, 0x0, 0x0, 0xc, 0x3a, 0x0, 0x0, 0x1c, 0x0, ..., 0x9a, 0x0, 0xc0}
0.696329 : dispatching packet: 
0.696355 : 253: {0x50, 0xd, 0x0, 0x0, 0x0, 0xc, 0x3a, 0x0, 0x0, 0x1c, 0x0, 0x0, 0x0, 0x18, 0xb3, 0x52, 0x3d, 0xa1, 0xce, 0x2d, ..., 0x9a, 0x0, 0xc0}
0.696752 : 130: {0x7c, 0x7c, 0x7c, 0x7c, 0x79, 0x0, 0x0, 0x0, 0x0, 0x50, 0x11, 0x0, 0x0, 0x0, 0xc, 0x3a, 0x0, 0x0, 0x4f, 0x2, ..., 0xa5, 0xab, 0x9c}
0.696792 : dispatching packet: 
0.696820 : 121: {0x50, 0x11, 0x0, 0x0, 0x0, 0xc, 0x3a, 0x0, 0x0, 0x4f, 0x2, 0x0, 0x0, 0x0, 0x0, 0x0, 0x0, 0x1c, 0x0, 0x0, ..., 0xa5, 0xab, 0x9c}
0.697850 : 130: {0x7c, 0x7c, 0x7c, 0x7c, 0x79, 0x0, 0x0, 0x0, 0x0, 0x50, 0x11, 0x0, 0x0, 0x0, 0xc, 0x3a, 0x0, 0x0, 0x4f, 0x2, ..., 0xc4, 0xc9, 0xae}
0.697891 : dispatching packet: 
0.697947 : 121: {0x50, 0x11, 0x0, 0x0, 0x0, 0xc, 0x3a, 0x0, 0x0, 0x4f, 0x2, 0x0, 0x0, 0x2, 0x0, 0x0, 0x0, 0x1c, 0x0, 0x0, ..., 0xc4, 0xc9, 0xae}
0.698611 : 130: {0x7c, 0x7c, 0x7c, 0x7c, 0x79, 0x0, 0x0, 0x0, 0x0, 0x50, 0x11, 0x0, 0x0, 0x0, 0xc, 0x3a, 0x0, 0x0, 0x4f, 0x2, ..., 0xcf, 0xc4, 0xcd}
0.698682 : dispatching packet: 
0.698718 : 121: {0x50, 0x11, 0x0, 0x0, 0x0, 0xc, 0x3a, 0x0, 0x0, 0x4f, 0x2, 0x0, 0x0, 0x3, 0x0, 0x0, 0x0, 0x1c, 0x0, 0x0, ..., 0xcf, 0xc4, 0xcd}
0.698771 : 130: {0x7c, 0x7c, 0x7c, 0x7c, 0x79, 0x0, 0x0, 0x0, 0x0, 0x50, 0x11, 0x0, 0x0, 0x0, 0xc, 0x3a, 0x0, 0x0, 0x4f, 0x2, ..., 0xbc, 0xbc, 0xbe}
0.718606 : dispatching packet: 
0.718643 : 121: {0x50, 0x11, 0x0, 0x0, 0x0, 0xc, 0x3a, 0x0, 0x0, 0x4f, 0x2, 0x0, 0x0, 0x3, 0x0, 0x0, 0x0, 0x1c, 0x0, 0x0, ..., 0xbc, 0xbc, 0xbe}
0.755004 : 32: {0x7d, 0x50, 0x26, 0xfe, 0x75, 0x23, 0x3, 0x3a, 0x0, 0x0, 0x1, 0x0, 0x0, 0x0, 0x0, 0x0, 0x0, 0x0, 0x6, 0xec, ..., 0x0, 0xfa, 0x7e}
0.755063 : dispatching packet: 
0.755107 : 29: {0x50, 0x26, 0xfe, 0x75, 0x23, 0x3, 0x3a, 0x0, 0x0, 0x1, 0x0, 0x0, 0x0, 0x0, 0x0, 0x0, 0x0, 0x6, 0xec, 0xbd, ..., 0x0, 0x0, 0x0}
0.813538 : 262: {0x7c, 0x7c, 0x7c, 0x7c, 0xfd, 0x0, 0x0, 0x0, 0x0, 0x50, 0xd, 0x0, 0x0, 0x0, 0xe, 0x3a, 0x0, 0x0, 0x1c, 0x0, ..., 0x13, 0xa1, 0xbf}
0.813605 : dispatching packet: 
0.813644 : 253: {0x50, 0xd, 0x0, 0x0, 0x0, 0xe, 0x3a, 0x0, 0x0, 0x1c, 0x0, 0x0, 0x0, 0x18, 0xb3, 0x52, 0x3d, 0xa1, 0xce, 0x2d, ..., 0x13, 0xa1, 0xbf}
0.872251 : 32: {0x7d, 0x50, 0x26, 0xfe, 0x75, 0x23, 0x3, 0x3a, 0x0, 0x0, 0x1, 0x0, 0x0, 0x0, 0x0, 0x0, 0x0, 0x0, 0x6, 0xec, ..., 0x0, 0xfa, 0x7e}
0.872306 : dispatching packet: 
0.872333 : 29: {0x50, 0x26, 0xfe, 0x75, 0x23, 0x3, 0x3a, 0x0, 0x0, 0x1, 0x0, 0x0, 0x0, 0x0, 0x0, 0x0, 0x0, 0x6, 0xec, 0xbd, ..., 0x0, 0x0, 0x0}
0.989467 : 262: {0x7c, 0x7c, 0x7c, 0x7c, 0xfd, 0x0, 0x0, 0x0, 0x0, 0x50, 0xd, 0x0, 0x0, 0x0, 0x11, 0x3a, 0x0, 0x0, 0x1c, 0x0, ..., 0x16, 0x30, 0xbf}
0.989555 : dispatching packet: 
0.989743 : 253: {0x50, 0xd, 0x0, 0x0, 0x0, 0x11, 0x3a, 0x0, 0x0, 0x1c, 0x0, 0x0, 0x0, 0x18, 0xb3, 0x52, 0x3d, 0xa1, 0xce, 0x2d, ..., 0x16, 0x30, 0xbf}
1.048179 : 32: {0x7d, 0x50, 0x26, 0xfe, 0x75, 0x23, 0x3, 0x3a, 0x0, 0x0, 0x1, 0x0, 0x0, 0x0, 0x0, 0x0, 0x0, 0x0, 0x6, 0xec, ..., 0x0, 0xfa, 0x7e}
1.048237 : dispatching packet: 
1.048277 : 29: {0x50, 0x26, 0xfe, 0x75, 0x23, 0x3, 0x3a, 0x0, 0x0, 0x1, 0x0, 0x0, 0x0, 0x0, 0x0, 0x0, 0x0, 0x6, 0xec, 0xbd, ..., 0x0, 0x0, 0x0}
1.106736 : 262: {0x7c, 0x7c, 0x7c, 0x7c, 0xfd, 0x0, 0x0, 0x0, 0x0, 0x50, 0xd, 0x0, 0x0, 0x0, 0x13, 0x3a, 0x0, 0x0, 0x1c, 0x0, ..., 0xa0, 0xbf, 0xbf}
1.106813 : dispatching packet: 
1.106853 : 253: {0x50, 0xd, 0x0, 0x0, 0x0, 0x13, 0x3a, 0x0, 0x0, 0x1c, 0x0, 0x0, 0x0, 0x18, 0xb3, 0x52, 0x3d, 0xa1, 0xce, 0x2d, ..., 0xa0, 0xbf, 0xbf}
1.165395 : 262: {0x7c, 0x7c, 0x7c, 0x7c, 0xfd, 0x0, 0x0, 0x0, 0x0, 0x50, 0xd, 0x0, 0x0, 0x0, 0x14, 0x3a, 0x0, 0x0, 0x1c, 0x0, ..., 0x8f, 0x3, 0xc0}
1.165457 : dispatching packet: 
1.165495 : 253: {0x50, 0xd, 0x0, 0x0, 0x0, 0x14, 0x3a, 0x0, 0x0, 0x1c, 0x0, 0x0, 0x0, 0x18, 0xb3, 0x52, 0x3d, 0xa1, 0xce, 0x2d, ..., 0x8f, 0x3, 0xc0}
1.167460 : 578: {0x7c, 0x7c, 0x7c, 0x7c, 0x39, 0x2, 0x0, 0x0, 0x0, 0x50, 0x11, 0x0, 0x0, 0x0, 0x14, 0x3a, 0x0, 0x0, 0x42, 0x2, ..., 0x9a, 0x93, 0x88}
1.167512 : dispatching packet: 
1.167547 : 569: {0x50, 0x11, 0x0, 0x0, 0x0, 0x14, 0x3a, 0x0, 0x0, 0x42, 0x2, 0x0, 0x0, 0x0, 0x0, 0x0, 0x0, 0x1c, 0x0, 0x0, ..., 0x9a, 0x93, 0x88}
1.169543 : 1020: {0x7c, 0x7c, 0x7c, 0x7c, 0x39, 0x2, 0x0, 0x0, 0x0, 0x50, 0x11, 0x0, 0x0, 0x0, 0x14, 0x3a, 0x0, 0x0, 0x42, 0x2, ..., 0xb1, 0xae, 0xac}
1.169589 : dispatching packet: 
1.169640 : 569: {0x50, 0x11, 0x0, 0x0, 0x0, 0x14, 0x3a, 0x0, 0x0, 0x42, 0x2, 0x0, 0x0, 0x1, 0x0, 0x0, 0x0, 0x1c, 0x0, 0x0, ..., 0xdb, 0xd9, 0xd9}
1.172120 : 136: {0xae, 0xb4, 0xb7, 0xb7, 0xb4, 0xab, 0xa4, 0xae, 0xb5, 0xb9, 0xba, 0xb8, 0xb5, 0xb5, 0xb8, 0xbb, 0xbb, 0xb9, 0xb7, 0xba, ..., 0xb7, 0xb2, 0xaf}
1.172213 : dispatching packet: 
1.172247 : 569: {0x50, 0x11, 0x0, 0x0, 0x0, 0x14, 0x3a, 0x0, 0x0, 0x42, 0x2, 0x0, 0x0, 0x1, 0x0, 0x0, 0x0, 0x1c, 0x0, 0x0, ..., 0xb7, 0xb2, 0xaf}
1.175076 : 1020: {0x7c, 0x7c, 0x7c, 0x7c, 0x39, 0x2, 0x0, 0x0, 0x0, 0x50, 0x11, 0x0, 0x0, 0x0, 0x14, 0x3a, 0x0, 0x0, 0x42, 0x2, ..., 0xad, 0xaf, 0xad}
1.175154 : dispatching packet: 
1.175188 : 569: {0x50, 0x11, 0x0, 0x0, 0x0, 0x14, 0x3a, 0x0, 0x0, 0x42, 0x2, 0x0, 0x0, 0x3, 0x0, 0x0, 0x0, 0x1c, 0x0, 0x0, ..., 0xca, 0xc2, 0xc3}
1.178095 : 578: {0x7c, 0x7c, 0x7c, 0x7c, 0x39, 0x2, 0x0, 0x0, 0x0, 0x50, 0x11, 0x0, 0x0, 0x0, 0x14, 0x3a, 0x0, 0x0, 0x42, 0x2, ..., 0xba, 0xb9, 0xb9}
1.178163 : dispatching packet: 
1.178289 : 569: {0x50, 0x11, 0x0, 0x0, 0x0, 0x14, 0x3a, 0x0, 0x0, 0x42, 0x2, 0x0, 0x0, 0x3, 0x0, 0x0, 0x0, 0x1c, 0x0, 0x0, ..., 0xc7, 0xc0, 0xd0}
1.181013 : 136: {0xc1, 0xc0, 0xbd, 0xb8, 0xb5, 0xba, 0xbf, 0xc2, 0xc2, 0xc0, 0xbd, 0xba, 0xba, 0xbb, 0xbc, 0xbc, 0xbc, 0xbd, 0xbc, 0xba, ..., 0xae, 0xae, 0xb3}
1.183822 : 136: {0xc2, 0xc2, 0xc1, 0xbd, 0xb9, 0xbb, 0xbf, 0xc1, 0xc2, 0xc1, 0xbe, 0xbb, 0xb9, 0xb9, 0xb9, 0xb9, 0xba, 0xbb, 0xbb, 0xba, ..., 0x82, 0x98, 0xa6}
1.186426 : 578: {0x7c, 0x7c, 0x7c, 0x7c, 0x39, 0x2, 0x0, 0x0, 0x0, 0x50, 0x11, 0x0, 0x0, 0x0, 0x14, 0x3a, 0x0, 0x0, 0x42, 0x2, ..., 0xe7, 0xe3, 0xe0}
1.186469 : dispatching packet: 
1.186499 : 569: {0x50, 0x11, 0x0, 0x0, 0x0, 0x14, 0x3a, 0x0, 0x0, 0x42, 0x2, 0x0, 0x0, 0x7, 0x0, 0x0, 0x0, 0x1c, 0x0, 0x0, ..., 0xe7, 0xe3, 0xe0}
1.189165 : 1020: {0x7c, 0x7c, 0x7c, 0x7c, 0x39, 0x2, 0x0, 0x0, 0x0, 0x50, 0x11, 0x0, 0x0, 0x0, 0x14, 0x3a, 0x0, 0x0, 0x42, 0x2, ..., 0xa2, 0xa6, 0xaa}
1.189209 : dispatching packet: 
1.189240 : 569: {0x50, 0x11, 0x0, 0x0, 0x0, 0x14, 0x3a, 0x0, 0x0, 0x42, 0x2, 0x0, 0x0, 0x8, 0x0, 0x0, 0x0, 0x1c, 0x0, 0x0, ..., 0xd6, 0xd2, 0xcd}
1.192026 : 578: {0x7c, 0x7c, 0x7c, 0x7c, 0x39, 0x2, 0x0, 0x0, 0x0, 0x50, 0x11, 0x0, 0x0, 0x0, 0x14, 0x3a, 0x0, 0x0, 0x42, 0x2, ..., 0xc0, 0xc1, 0xc0}
1.192073 : dispatching packet: 
1.192099 : 569: {0x50, 0x11, 0x0, 0x0, 0x0, 0x14, 0x3a, 0x0, 0x0, 0x42, 0x2, 0x0, 0x0, 0x8, 0x0, 0x0, 0x0, 0x1c, 0x0, 0x0, ..., 0xa5, 0xa8, 0xaa}
1.194994 : 136: {0x8e, 0x81, 0x81, 0x90, 0x97, 0x9a, 0x9a, 0x96, 0x8e, 0x8f, 0x98, 0x9c, 0x9d, 0x9b, 0x96, 0x8f, 0x8d, 0x8f, 0x8f, 0x8d, ..., 0x89, 0x8f, 0x91}
1.197728 : 1020: {0x7c, 0x7c, 0x7c, 0x7c, 0x39, 0x2, 0x0, 0x0, 0x0, 0x50, 0x11, 0x0, 0x0, 0x0, 0x14, 0x3a, 0x0, 0x0, 0x42, 0x2, ..., 0x91, 0x8f, 0x8b}
1.197779 : dispatching packet: 
1.197806 : 569: {0x50, 0x11, 0x0, 0x0, 0x0, 0x14, 0x3a, 0x0, 0x0, 0x42, 0x2, 0x0, 0x0, 0xb, 0x0, 0x0, 0x0, 0x1c, 0x0, 0x0, ..., 0x97, 0xa6, 0xa8}
1.200455 : 1020: {0x7c, 0x7c, 0x7c, 0x7c, 0x39, 0x2, 0x0, 0x0, 0x0, 0x50, 0x11, 0x0, 0x0, 0x0, 0x14, 0x3a, 0x0, 0x0, 0x42, 0x2, ..., 0x92, 0x92, 0x92}
1.200518 : dispatching packet: 
1.200556 : 569: {0x50, 0x11, 0x0, 0x0, 0x0, 0x14, 0x3a, 0x0, 0x0, 0x42, 0x2, 0x0, 0x0, 0xb, 0x0, 0x0, 0x0, 0x1c, 0x0, 0x0, ..., 0x7b, 0x6a, 0x6d}
1.200589 : Error parsing incoming data: lost bytes
1.200607 : Error parsing incoming data: lost bytes
1.200620 : Error parsing incoming data: CRC error
1.200658 : Error parsing incoming data: lost bytes
1.200678 : Error parsing incoming data: lost bytes
1.200694 : Error parsing incoming data: lost bytes
1.200711 : Error parsing incoming data: lost bytes
1.200726 : Error parsing incoming data: lost bytes
1.200742 : Error parsing incoming data: CRC error
1.203298 : 578: {0x7c, 0x7c, 0x7c, 0x7c, 0x39, 0x2, 0x0, 0x0, 0x0, 0x50, 0x11, 0x0, 0x0, 0x0, 0x14, 0x3a, 0x0, 0x0, 0x42, 0x2, ..., 0xb6, 0xb6, 0xb4}
1.203357 : dispatching packet: 
1.203396 : 569: {0x50, 0x11, 0x0, 0x0, 0x0, 0x14, 0x3a, 0x0, 0x0, 0x42, 0x2, 0x0, 0x0, 0xc, 0x0, 0x0, 0x0, 0x1c, 0x0, 0x0, ..., 0x8a, 0x86, 0x7e}
1.203429 : Error parsing incoming data: CRC error
1.203445 : Error parsing incoming data: CRC error
1.203459 : Error parsing incoming data: lost bytes
1.203474 : Error parsing incoming data: lost bytes
1.203487 : Error parsing incoming data: CRC error
1.203537 : Error parsing incoming data: lost bytes
1.203561 : Error parsing incoming data: CRC error
1.203576 : Error parsing incoming data: CRC error
1.203588 : Error parsing incoming data: CRC error
1.203599 : Error parsing incoming data: lost bytes
1.203611 : Error parsing incoming data: CRC error
1.203650 : Error parsing incoming data: lost bytes
1.203676 : Error parsing incoming data: CRC error
1.203728 : Error parsing incoming data: CRC error
1.203779 : 578: {0x7c, 0x7c, 0x7c, 0x7c, 0x39, 0x2, 0x0, 0x0, 0x0, 0x50, 0x11, 0x0, 0x0, 0x0, 0x14, 0x3a, 0x0, 0x0, 0x42, 0x2, ..., 0x88, 0x8e, 0x91}
1.203828 : dispatching packet: 
1.203855 : 569: {0x50, 0x11, 0x0, 0x0, 0x0, 0x14, 0x3a, 0x0, 0x0, 0x42, 0x2, 0x0, 0x0, 0xd, 0x0, 0x0, 0x0, 0x1c, 0x0, 0x0, ..., 0x88, 0x8e, 0x91}
1.206110 : 578: {0x7c, 0x7c, 0x7c, 0x7c, 0x39, 0x2, 0x0, 0x0, 0x0, 0x50, 0x11, 0x0, 0x0, 0x0, 0x14, 0x3a, 0x0, 0x0, 0x42, 0x2, ..., 0x85, 0x89, 0x8c}
1.206215 : dispatching packet: 
1.206250 : 569: {0x50, 0x11, 0x0, 0x0, 0x0, 0x14, 0x3a, 0x0, 0x0, 0x42, 0x2, 0x0, 0x0, 0xe, 0x0, 0x0, 0x0, 0x1c, 0x0, 0x0, ..., 0x85, 0x89, 0x8c}
1.208945 : 578: {0x7c, 0x7c, 0x7c, 0x7c, 0x39, 0x2, 0x0, 0x0, 0x0, 0x50, 0x11, 0x0, 0x0, 0x0, 0x14, 0x3a, 0x0, 0x0, 0x42, 0x2, ..., 0x7e, 0x82, 0x86}
1.209020 : dispatching packet: 
1.209059 : 569: {0x50, 0x11, 0x0, 0x0, 0x0, 0x14, 0x3a, 0x0, 0x0, 0x42, 0x2, 0x0, 0x0, 0xf, 0x0, 0x0, 0x0, 0x1c, 0x0, 0x0, ..., 0x7e, 0x82, 0x86}
1.211731 : 578: {0x7c, 0x7c, 0x7c, 0x7c, 0x39, 0x2, 0x0, 0x0, 0x0, 0x50, 0x11, 0x0, 0x0, 0x0, 0x14, 0x3a, 0x0, 0x0, 0x42, 0x2, ..., 0xa3, 0x98, 0x82}
1.211780 : dispatching packet: 
1.211809 : 569: {0x50, 0x11, 0x0, 0x0, 0x0, 0x14, 0x3a, 0x0, 0x0, 0x42, 0x2, 0x0, 0x0, 0x10, 0x0, 0x0, 0x0, 0x1c, 0x0, 0x0, ..., 0xa3, 0x98, 0x82}
1.214686 : 1020: {0x7c, 0x7c, 0x7c, 0x7c, 0x39, 0x2, 0x0, 0x0, 0x0, 0x50, 0x11, 0x0, 0x0, 0x0, 0x14, 0x3a, 0x0, 0x0, 0x42, 0x2, ..., 0x7d, 0x7c, 0x84}
1.214900 : dispatching packet: 
1.214928 : 569: {0x50, 0x11, 0x0, 0x0, 0x0, 0x14, 0x3a, 0x0, 0x0, 0x42, 0x2, 0x0, 0x0, 0x11, 0x0, 0x0, 0x0, 0x1c, 0x0, 0x0, ..., 0x93, 0x81, 0x87}
1.217858 : 1020: {0x7c, 0x7c, 0x7c, 0x7c, 0x39, 0x2, 0x0, 0x0, 0x0, 0x50, 0x11, 0x0, 0x0, 0x0, 0x14, 0x3a, 0x0, 0x0, 0x42, 0x2, ..., 0x87, 0x8b, 0x8f}
1.218141 : dispatching packet: 
1.218174 : 569: {0x50, 0x11, 0x0, 0x0, 0x0, 0x14, 0x3a, 0x0, 0x0, 0x42, 0x2, 0x0, 0x0, 0x11, 0x0, 0x0, 0x0, 0x1c, 0x0, 0x0, ..., 0x85, 0x82, 0x7a}
1.218210 : Error parsing incoming data: lost bytes
1.218229 : Error parsing incoming data: CRC error
1.218244 : Error parsing incoming data: CRC error
1.220236 : 1020: {0x7c, 0x7c, 0x7c, 0x7c, 0x39, 0x2, 0x0, 0x0, 0x0, 0x50, 0x11, 0x0, 0x0, 0x0, 0x14, 0x3a, 0x0, 0x0, 0x42, 0x2, ..., 0x8e, 0x90, 0x92}
1.220287 : dispatching packet: 
1.220317 : 569: {0x50, 0x11, 0x0, 0x0, 0x0, 0x14, 0x3a, 0x0, 0x0, 0x42, 0x2, 0x0, 0x0, 0x12, 0x0, 0x0, 0x0, 0x1c, 0x0, 0x0, ..., 0x92, 0x91, 0x8f}
1.220350 : Error parsing incoming data: CRC error
1.220367 : Error parsing incoming data: lost bytes
1.220383 : Error parsing incoming data: lost bytes
1.220398 : Error parsing incoming data: lost bytes
1.220412 : Error parsing incoming data: CRC error
1.220425 : Error parsing incoming data: incomplete packer
1.220439 : Error parsing incoming data: lost bytes
1.220453 : Error parsing incoming data: CRC error
1.250635 : Error parsing incoming data: CRC error
1.250661 : Error parsing incoming data: lost bytes
1.250674 : Error parsing incoming data: CRC error
1.250695 : Error parsing incoming data: incomplete packer
1.250710 : Error parsing incoming data: CRC error
1.250724 : Error parsing incoming data: CRC error
1.250739 : Error parsing incoming data: CRC error
1.250753 : Error parsing incoming data: CRC error
1.291873 : 294: {0x7c, 0x7c, 0x7c, 0x7c, 0xfd, 0x0, 0x0, 0x0, 0x0, 0x50, 0xd, 0x0, 0x0, 0x0, 0x16, 0x3a, 0x0, 0x0, 0x1c, 0x0, ..., 0x0, 0x80, 0x7e}
1.293341 : dispatching packet: 
1.294846 : 569: {0x50, 0x11, 0x0, 0x0, 0x0, 0x14, 0x3a, 0x0, 0x0, 0x42, 0x2, 0x0, 0x0, 0x13, 0x0, 0x0, 0x0, 0x1c, 0x0, 0x0, ..., 0x33, 0x4c, 0xb}
1.295151 : Error parsing incoming data: lost bytes
1.295221 : Error parsing incoming data: lost bytes
1.295244 : dispatching packet: 
1.295274 : 29: {0x50, 0x26, 0xfe, 0x75, 0x23, 0x14, 0x3a, 0x0, 0x0, 0x1, 0x0, 0x0, 0x0, 0x0, 0x0, 0x0, 0x0, 0xd, 0x83, 0xbb, ..., 0x0, 0x0, 0x0}
1.341246 : 262: {0x7c, 0x7c, 0x7c, 0x7c, 0xfd, 0x0, 0x0, 0x0, 0x0, 0x50, 0xd, 0x0, 0x0, 0x0, 0x17, 0x3a, 0x0, 0x0, 0x1c, 0x0, ..., 0x9, 0x2a, 0xc0}
1.341355 : dispatching packet: 
1.341389 : 253: {0x50, 0xd, 0x0, 0x0, 0x0, 0x17, 0x3a, 0x0, 0x0, 0x1c, 0x0, 0x0, 0x0, 0x18, 0xb3, 0x52, 0x3d, 0xa1, 0xce, 0x2d, ..., 0x9, 0x2a, 0xc0}
1.400280 : 32: {0x7d, 0x50, 0x26, 0xfe, 0x75, 0x23, 0x14, 0x3a, 0x0, 0x0, 0x1, 0x0, 0x0, 0x0, 0x0, 0x0, 0x0, 0x0, 0xd, 0x83, ..., 0x0, 0x80, 0x7e}
1.400499 : dispatching packet: 
1.400565 : 29: {0x50, 0x26, 0xfe, 0x75, 0x23, 0x14, 0x3a, 0x0, 0x0, 0x1, 0x0, 0x0, 0x0, 0x0, 0x0, 0x0, 0x0, 0xd, 0x83, 0xbb, ..., 0x0, 0x0, 0x0}
1.458563 : 262: {0x7c, 0x7c, 0x7c, 0x7c, 0xfd, 0x0, 0x0, 0x0, 0x0, 0x50, 0xd, 0x0, 0x0, 0x0, 0x19, 0x3a, 0x0, 0x0, 0x1c, 0x0, ..., 0x24, 0x17, 0xc0}
1.458623 : dispatching packet: 
1.458686 : 253: {0x50, 0xd, 0x0, 0x0, 0x0, 0x19, 0x3a, 0x0, 0x0, 0x1c, 0x0, 0x0, 0x0, 0x18, 0xb3, 0x52, 0x3d, 0xa1, 0xce, 0x2d, ..., 0x24, 0x17, 0xc0}
1.458824 : 32: {0x7d, 0x50, 0x26, 0xfe, 0x75, 0x23, 0x14, 0x3a, 0x0, 0x0, 0x1, 0x0, 0x0, 0x0, 0x0, 0x0, 0x0, 0x0, 0xd, 0x83, ..., 0x0, 0x80, 0x7e}
1.458872 : dispatching packet: 
1.458956 : 29: {0x50, 0x26, 0xfe, 0x75, 0x23, 0x14, 0x3a, 0x0, 0x0, 0x1, 0x0, 0x0, 0x0, 0x0, 0x0, 0x0, 0x0, 0xd, 0x83, 0xbb, ..., 0x0, 0x0, 0x0}
1.575993 : 262: {0x7c, 0x7c, 0x7c, 0x7c, 0xfd, 0x0, 0x0, 0x0, 0x0, 0x50, 0xd, 0x0, 0x0, 0x0, 0x1b, 0x3a, 0x0, 0x0, 0x1c, 0x0, ..., 0x29, 0x36, 0xc0}
1.576066 : dispatching packet: 
1.576098 : 253: {0x50, 0xd, 0x0, 0x0, 0x0, 0x1b, 0x3a, 0x0, 0x0, 0x1c, 0x0, 0x0, 0x0, 0x18, 0xb3, 0x52, 0x3d, 0xa1, 0xce, 0x2d, ..., 0x29, 0x36, 0xc0}
1.634465 : 262: {0x7c, 0x7c, 0x7c, 0x7c, 0xfd, 0x0, 0x0, 0x0, 0x0, 0x50, 0xd, 0x0, 0x0, 0x0, 0x1c, 0x3a, 0x0, 0x0, 0x1c, 0x0, ..., 0x34, 0x42, 0xc0}
1.634620 : dispatching packet: 
1.634805 : 253: {0x50, 0xd, 0x0, 0x0, 0x0, 0x1c, 0x3a, 0x0, 0x0, 0x1c, 0x0, 0x0, 0x0, 0x18, 0xb3, 0x52, 0x3d, 0xa1, 0xce, 0x2d, ..., 0x34, 0x42, 0xc0}
1.693098 : 262: {0x7c, 0x7c, 0x7c, 0x7c, 0xfd, 0x0, 0x0, 0x0, 0x0, 0x50, 0xd, 0x0, 0x0, 0x0, 0x1d, 0x3a, 0x0, 0x0, 0x1c, 0x0, ..., 0x3d, 0x45, 0xc0}
1.693159 : dispatching packet: 
1.693202 : 253: {0x50, 0xd, 0x0, 0x0, 0x0, 0x1d, 0x3a, 0x0, 0x0, 0x1c, 0x0, 0x0, 0x0, 0x18, 0xb3, 0x52, 0x3d, 0xa1, 0xce, 0x2d, ..., 0x3d, 0x45, 0xc0}
1.694008 : 130: {0x7c, 0x7c, 0x7c, 0x7c, 0x79, 0x0, 0x0, 0x0, 0x0, 0x50, 0x11, 0x0, 0x0, 0x0, 0x1d, 0x3a, 0x0, 0x0, 0x50, 0x2, ..., 0xc1, 0xc6, 0xbb}
1.694047 : dispatching packet: 
1.694077 : 121: {0x50, 0x11, 0x0, 0x0, 0x0, 0x1d, 0x3a, 0x0, 0x0, 0x50, 0x2, 0x0, 0x0, 0x1, 0x0, 0x0, 0x0, 0x1c, 0x0, 0x0, ..., 0xc1, 0xc6, 0xbb}
1.694634 : 130: {0x7c, 0x7c, 0x7c, 0x7c, 0x79, 0x0, 0x0, 0x0, 0x0, 0x50, 0x11, 0x0, 0x0, 0x0, 0x1d, 0x3a, 0x0, 0x0, 0x50, 0x2, ..., 0xcf, 0xd2, 0xca}
1.694693 : dispatching packet: 
1.694725 : 121: {0x50, 0x11, 0x0, 0x0, 0x0, 0x1d, 0x3a, 0x0, 0x0, 0x50, 0x2, 0x0, 0x0, 0x2, 0x0, 0x0, 0x0, 0x1c, 0x0, 0x0, ..., 0xcf, 0xd2, 0xca}
1.695426 : 130: {0x7c, 0x7c, 0x7c, 0x7c, 0x79, 0x0, 0x0, 0x0, 0x0, 0x50, 0x11, 0x0, 0x0, 0x0, 0x1d, 0x3a, 0x0, 0x0, 0x50, 0x2, ..., 0xd7, 0xd4, 0xd5}
1.695453 : dispatching packet: 
1.695477 : 121: {0x50, 0x11, 0x0, 0x0, 0x0, 0x1d, 0x3a, 0x0, 0x0, 0x50, 0x2, 0x0, 0x0, 0x3, 0x0, 0x0, 0x0, 0x1c, 0x0, 0x0, ..., 0xd7, 0xd4, 0xd5}
1.705464 : 260: {0x7c, 0x7c, 0x7c, 0x7c, 0x79, 0x0, 0x0, 0x0, 0x0, 0x50, 0x11, 0x0, 0x0, 0x0, 0x1d, 0x3a, 0x0, 0x0, 0x50, 0x2, ..., 0x7c, 0x7e, 0x7e}
1.705519 : dispatching packet: 
1.705578 : 121: {0x50, 0x11, 0x0, 0x0, 0x0, 0x1d, 0x3a, 0x0, 0x0, 0x50, 0x2, 0x0, 0x0, 0x10, 0x0, 0x0, 0x0, 0x1c, 0x0, 0x0, ..., 0x7c, 0x92, 0x97}
1.705616 : dispatching packet: 
1.705648 : 121: {0x50, 0x11, 0x0, 0x0, 0x0, 0x1d, 0x3a, 0x0, 0x0, 0x50, 0x2, 0x0, 0x0, 0x10, 0x0, 0x0, 0x0, 0x1c, 0x0, 0x0, ..., 0x7c, 0x7e, 0x7e}
1.706131 : 130: {0x7c, 0x7c, 0x7c, 0x7c, 0x79, 0x0, 0x0, 0x0, 0x0, 0x50, 0x11, 0x0, 0x0, 0x0, 0x1d, 0x3a, 0x0, 0x0, 0x50, 0x2, ..., 0x77, 0x95, 0x9d}
1.706158 : dispatching packet: 
1.706195 : 121: {0x50, 0x11, 0x0, 0x0, 0x0, 0x1d, 0x3a, 0x0, 0x0, 0x50, 0x2, 0x0, 0x0, 0x11, 0x0, 0x0, 0x0, 0x1c, 0x0, 0x0, ..., 0x77, 0x95, 0x9d}
1.706871 : 130: {0x7c, 0x7c, 0x7c, 0x7c, 0x79, 0x0, 0x0, 0x0, 0x0, 0x50, 0x11, 0x0, 0x0, 0x0, 0x1d, 0x3a, 0x0, 0x0, 0x50, 0x2, ..., 0x90, 0x92, 0x91}
1.706978 : dispatching packet: 
1.707040 : 121: {0x50, 0x11, 0x0, 0x0, 0x0, 0x1d, 0x3a, 0x0, 0x0, 0x50, 0x2, 0x0, 0x0, 0x12, 0x0, 0x0, 0x0, 0x1c, 0x0, 0x0, ..., 0x90, 0x92, 0x91}
1.707640 : 260: {0x7c, 0x7c, 0x7c, 0x7c, 0x79, 0x0, 0x0, 0x0, 0x0, 0x50, 0x11, 0x0, 0x0, 0x0, 0x1d, 0x3a, 0x0, 0x0, 0x50, 0x2, ..., 0x77, 0x7d, 0x83}
1.707665 : dispatching packet: 
1.707685 : 121: {0x50, 0x11, 0x0, 0x0, 0x0, 0x1d, 0x3a, 0x0, 0x0, 0x50, 0x2, 0x0, 0x0, 0x13, 0x0, 0x0, 0x0, 0x1c, 0x0, 0x0, ..., 0x86, 0x96, 0x95}
1.707702 : dispatching packet: 
1.707725 : 121: {0x50, 0x11, 0x0, 0x0, 0x0, 0x1d, 0x3a, 0x0, 0x0, 0x50, 0x2, 0x0, 0x0, 0x13, 0x0, 0x0, 0x0, 0x1c, 0x0, 0x0, ..., 0x77, 0x7d, 0x83}
1.708406 : 130: {0x7c, 0x7c, 0x7c, 0x7c, 0x79, 0x0, 0x0, 0x0, 0x0, 0x50, 0x11, 0x0, 0x0, 0x0, 0x1d, 0x3a, 0x0, 0x0, 0x50, 0x2, ..., 0x8e, 0x8a, 0x8a}
1.708466 : dispatching packet: 
1.708498 : 121: {0x50, 0x11, 0x0, 0x0, 0x0, 0x1d, 0x3a, 0x0, 0x0, 0x50, 0x2, 0x0, 0x0, 0x14, 0x0, 0x0, 0x0, 0x1c, 0x0, 0x0, ..., 0x8e, 0x8a, 0x8a}
1.709178 : 260: {0x7c, 0x7c, 0x7c, 0x7c, 0x79, 0x0, 0x0, 0x0, 0x0, 0x50, 0x11, 0x0, 0x0, 0x0, 0x1d, 0x3a, 0x0, 0x0, 0x50, 0x2, ..., 0x90, 0x8a, 0x89}
1.709213 : dispatching packet: 
1.709244 : 121: {0x50, 0x11, 0x0, 0x0, 0x0, 0x1d, 0x3a, 0x0, 0x0, 0x50, 0x2, 0x0, 0x0, 0x15, 0x0, 0x0, 0x0, 0x1c, 0x0, 0x0, ..., 0xa5, 0xa2, 0x99}
1.709266 : dispatching packet: 
1.709292 : 121: {0x50, 0x11, 0x0, 0x0, 0x0, 0x1d, 0x3a, 0x0, 0x0, 0x50, 0x2, 0x0, 0x0, 0x15, 0x0, 0x0, 0x0, 0x1c, 0x0, 0x0, ..., 0x90, 0x8a, 0x89}
1.709845 : 130: {0x7c, 0x7c, 0x7c, 0x7c, 0x79, 0x0, 0x0, 0x0, 0x0, 0x50, 0x11, 0x0, 0x0, 0x0, 0x1d, 0x3a, 0x0, 0x0, 0x50, 0x2, ..., 0x86, 0x74, 0x78}
1.709885 : dispatching packet: 
1.709979 : 121: {0x50, 0x11, 0x0, 0x0, 0x0, 0x1d, 0x3a, 0x0, 0x0, 0x50, 0x2, 0x0, 0x0, 0x16, 0x0, 0x0, 0x0, 0x1c, 0x0, 0x0, ..., 0x86, 0x74, 0x78}
1.711377 : 260: {0x7c, 0x7c, 0x7c, 0x7c, 0x79, 0x0, 0x0, 0x0, 0x0, 0x50, 0x11, 0x0, 0x0, 0x0, 0x1d, 0x3a, 0x0, 0x0, 0x50, 0x2, ..., 0x78, 0x75, 0x60}
1.711430 : dispatching packet: 
1.711469 : 121: {0x50, 0x11, 0x0, 0x0, 0x0, 0x1d, 0x3a, 0x0, 0x0, 0x50, 0x2, 0x0, 0x0, 0x18, 0x0, 0x0, 0x0, 0x1c, 0x0, 0x0, ..., 0xa1, 0xa1, 0x94}
1.711495 : dispatching packet: 
1.711520 : 121: {0x50, 0x11, 0x0, 0x0, 0x0, 0x1d, 0x3a, 0x0, 0x0, 0x50, 0x2, 0x0, 0x0, 0x18, 0x0, 0x0, 0x0, 0x1c, 0x0, 0x0, ..., 0x78, 0x75, 0x60}
1.712108 : 130: {0x7c, 0x7c, 0x7c, 0x7c, 0x79, 0x0, 0x0, 0x0, 0x0, 0x50, 0x11, 0x0, 0x0, 0x0, 0x1d, 0x3a, 0x0, 0x0, 0x50, 0x2, ..., 0x76, 0x70, 0x75}
1.712150 : dispatching packet: 
1.712191 : 121: {0x50, 0x11, 0x0, 0x0, 0x0, 0x1d, 0x3a, 0x0, 0x0, 0x50, 0x2, 0x0, 0x0, 0x19, 0x0, 0x0, 0x0, 0x1c, 0x0, 0x0, ..., 0x76, 0x70, 0x75}
1.712825 : 260: {0x7c, 0x7c, 0x7c, 0x7c, 0x79, 0x0, 0x0, 0x0, 0x0, 0x50, 0x11, 0x0, 0x0, 0x0, 0x1d, 0x3a, 0x0, 0x0, 0x50, 0x2, ..., 0x74, 0x7a, 0x80}
1.712861 : dispatching packet: 
1.712882 : 121: {0x50, 0x11, 0x0, 0x0, 0x0, 0x1d, 0x3a, 0x0, 0x0, 0x50, 0x2, 0x0, 0x0, 0x1a, 0x0, 0x0, 0x0, 0x1c, 0x0, 0x0, ..., 0x95, 0x97, 0x8e}
1.712902 : dispatching packet: 
1.712924 : 121: {0x50, 0x11, 0x0, 0x0, 0x0, 0x1d, 0x3a, 0x0, 0x0, 0x50, 0x2, 0x0, 0x0, 0x1a, 0x0, 0x0, 0x0, 0x1c, 0x0, 0x0, ..., 0x74, 0x7a, 0x80}
1.714047 : 227: {0x7d, 0x50, 0x0, 0x3b, 0xa, 0x61, 0x1d, 0x3a, 0x0, 0x0, 0x1a, 0x0, 0x0, 0x0, 0xfa, 0xe4, 0x13, 0x42, 0x50, 0xed, ..., 0x41, 0xc7, 0x7e}
1.714080 : dispatching packet: 
1.714111 : 221: {0x50, 0x0, 0x3b, 0xa, 0x61, 0x1d, 0x3a, 0x0, 0x0, 0x1a, 0x0, 0x0, 0x0, 0xfa, 0xe4, 0x13, 0x42, 0x50, 0xed, 0x81, ..., 0xf0, 0x12, 0x41}
1.714372 : 32: {0x7d, 0x50, 0x26, 0xfe, 0x75, 0x23, 0x14, 0x3a, 0x0, 0x0, 0x1, 0x0, 0x0, 0x0, 0x0, 0x0, 0x0, 0x0, 0xd, 0x83, ..., 0x0, 0x80, 0x7e}
1.714422 : dispatching packet: 
1.714454 : 29: {0x50, 0x26, 0xfe, 0x75, 0x23, 0x14, 0x3a, 0x0, 0x0, 0x1, 0x0, 0x0, 0x0, 0x0, 0x0, 0x0, 0x0, 0xd, 0x83, 0xbb, ..., 0x0, 0x0, 0x0}
1.753586 : 32: {0x7d, 0x50, 0x26, 0xfe, 0x75, 0x23, 0x14, 0x3a, 0x0, 0x0, 0x1, 0x0, 0x0, 0x0, 0x0, 0x0, 0x0, 0x0, 0xd, 0x83, ..., 0x0, 0x80, 0x7e}
1.753720 : dispatching packet: 
1.753777 : 29: {0x50, 0x26, 0xfe, 0x75, 0x23, 0x14, 0x3a, 0x0, 0x0, 0x1, 0x0, 0x0, 0x0, 0x0, 0x0, 0x0, 0x0, 0xd, 0x83, 0xbb, ..., 0x0, 0x0, 0x0}
1.810692 : 32: {0x7d, 0x50, 0x26, 0xfe, 0x75, 0x23, 0x14, 0x3a, 0x0, 0x0, 0x1, 0x0, 0x0, 0x0, 0x0, 0x0, 0x0, 0x0, 0xd, 0x83, ..., 0x0, 0x80, 0x7e}
1.810783 : dispatching packet: 
1.810834 : 29: {0x50, 0x26, 0xfe, 0x75, 0x23, 0x14, 0x3a, 0x0, 0x0, 0x1, 0x0, 0x0, 0x0, 0x0, 0x0, 0x0, 0x0, 0xd, 0x83, 0xbb, ..., 0x0, 0x0, 0x0}
1.927748 : 262: {0x7c, 0x7c, 0x7c, 0x7c, 0xfd, 0x0, 0x0, 0x0, 0x0, 0x50, 0xd, 0x0, 0x0, 0x0, 0x21, 0x3a, 0x0, 0x0, 0x1c, 0x0, ..., 0x95, 0xd, 0xc0}
1.927807 : dispatching packet: 
1.927915 : 253: {0x50, 0xd, 0x0, 0x0, 0x0, 0x21, 0x3a, 0x0, 0x0, 0x1c, 0x0, 0x0, 0x0, 0x18, 0xb3, 0x52, 0x3d, 0xa1, 0xce, 0x2d, ..., 0x95, 0xd, 0xc0}
1.988117 : 32: {0x7d, 0x50, 0x26, 0xfe, 0x75, 0x23, 0x14, 0x3a, 0x0, 0x0, 0x1, 0x0, 0x0, 0x0, 0x0, 0x0, 0x0, 0x0, 0xd, 0x83, ..., 0x0, 0x80, 0x7e}
1.988173 : dispatching packet: 
1.988202 : 29: {0x50, 0x26, 0xfe, 0x75, 0x23, 0x14, 0x3a, 0x0, 0x0, 0x1, 0x0, 0x0, 0x0, 0x0, 0x0, 0x0, 0x0, 0xd, 0x83, 0xbb, ..., 0x0, 0x0, 0x0}
2.009267 : Timeout waiting for response
2.009513 : ping -- end
2.009794 : unsubscribe -- begin
2.009845 : unsubscribe -- end
2.009919 : task ending: recorder
2.010021 : ~ActiveThread: recorder
2.010065 : ~RadarInterface -- begin
2.010084 : ~RadarInterface -- end
2.010110 : ~RadarCommunicator -- begin
2.010205 : task ending: writer
2.010367 : ~ActiveThread: writer
2.033686 : task ending: reader
2.033861 : ~ActiveThread: reader
2.033906 : Closing: /dev/cu.usbmodem1411
2.033995 : ~RadarCommunicator -- end
2.034074 : ~PacketDispatcher -- begin
2.034129 : task ending: dispatcher
2.034204 : ~PacketDispatcher -- end
2.034240 : ~ActiveThread: dispatcher
2.034273 : ~StdoutLogger
