0.000013 : createing logger StdoutLogger
0.000494 : RadarCommunicator: 28
0.000524 : parser constructor
0.000552 : RadarInterface - base -- begin
0.000569 : log_trace -- begin
0.000617 : log_trace -- end
0.000643 : git sha: 3ae25d11eed0
0.000657 : build date: 2017-11-28 11:32:05
0.000675 : subscribe_to_presence_single -- begin
0.000727 : subscribe_to_presence_single -- end
0.000745 : subscribe_to_presence_movinglist -- begin
0.000773 : subscribe_to_presence_movinglist -- end
0.000806 : subscribe_to_data_float -- begin
0.000831 : subscribe_to_data_float -- end
0.000847 : subscribe_to_data_string -- begin
0.000870 : subscribe_to_data_string -- end
0.000886 : subscribe_to_data_byte -- begin
0.000914 : subscribe_to_data_byte -- end
0.000936 : subscribe_to_baseband_iq -- begin
0.000965 : subscribe_to_baseband_iq -- end
0.000981 : subscribe_to_baseband_ap -- begin
0.001007 : subscribe_to_baseband_ap -- end
0.001028 : subscribe_to_pulsedoppler_float -- begin
0.001056 : subscribe_to_pulsedoppler_float -- end
0.001084 : subscribe_to_noisemap_float -- begin
0.001107 : subscribe_to_noisemap_float -- end
0.001120 : subscribe_to_pulsedoppler_byte -- begin
0.046003 : subscribe_to_pulsedoppler_byte -- end
0.046035 : subscribe_to_noisemap_byte -- begin
0.046065 : subscribe_to_noisemap_byte -- end
0.046083 : subscribe_to_system_status -- begin
0.046109 : subscribe_to_system_status -- end
0.046130 : subscribe_to_resp_status -- begin
0.046158 : subscribe_to_resp_status -- end
0.046174 : subscribe_to_sleep_status -- begin
0.046208 : subscribe_to_sleep_status -- end
0.046227 : subscribe_to_respiration_movinglist -- begin
0.046254 : subscribe_to_respiration_movinglist -- end
0.046272 : subscribe_to_respiration_detectionlist -- begin
0.046299 : subscribe_to_respiration_detectionlist -- end
0.046316 : open -- begin
0.046332 : creating LinuxModuleIo
0.046571 : LinuxModuleIo::open /dev/cu.usbmodem1411 -- begin
0.048940 : LinuxModuleIo::open /dev/cu.usbmodem1411 -- end
0.049021 : open -- end
0.049040 : RadarInterface - base -- end
0.049157 : subscribe_to_radar_settings -- begin
0.049197 : subscribe_to_radar_settings -- end
0.049244 : ping -- begin
0.049282 : sending: 
0.049310 : 8: {0x7d, 0x1, 0xae, 0xea, 0xaa, 0xee, 0x7c, 0x7e, }
0.049345 : sent
0.049537 : 8: {0x7d, 0x1, 0xea, 0xae, 0xee, 0xaa, 0x7c, 0x7e, }
0.049561 : dispatching packet: 
0.049578 : 5: {0x1, 0xea, 0xae, 0xee, 0xaa, }
0.049638 : ping -- end
0.049698 : unsubscribe -- begin
0.049721 : unsubscribe -- end
0.049750 : task ending: recorder
0.049828 : ~ActiveThread: recorder
0.049853 : ~RadarInterface -- begin
0.049867 : ~RadarInterface -- end
0.049881 : ~RadarCommunicator -- begin
0.049952 : task ending: writer
0.050020 : ~ActiveThread: writer
0.072617 : task ending: reader
0.072729 : ~ActiveThread: reader
0.072769 : Closing: /dev/cu.usbmodem1411
0.073415 : ~RadarCommunicator -- end
0.073470 : ~PacketDispatcher -- begin
0.073508 : task ending: dispatcher
0.073605 : ~PacketDispatcher -- end
0.073629 : ~ActiveThread: dispatcher
0.073652 : ~StdoutLogger
