0.000011 : createing logger StdoutLogger
0.000867 : RadarCommunicator: 28
0.000900 : parser constructor
0.000927 : RadarInterface - base -- begin
0.000945 : log_trace -- begin
0.001008 : log_trace -- end
0.001026 : git sha: 3ae25d11eed0
0.001042 : build date: 2017-11-28 11:32:05
0.001064 : subscribe_to_presence_single -- begin
0.001136 : subscribe_to_presence_single -- end
0.001160 : subscribe_to_presence_movinglist -- begin
0.001189 : subscribe_to_presence_movinglist -- end
0.001206 : subscribe_to_data_float -- begin
0.001226 : subscribe_to_data_float -- end
0.001240 : subscribe_to_data_string -- begin
0.001263 : subscribe_to_data_string -- end
0.001278 : subscribe_to_data_byte -- begin
0.001304 : subscribe_to_data_byte -- end
0.001323 : subscribe_to_baseband_iq -- begin
0.001347 : subscribe_to_baseband_iq -- end
0.001362 : subscribe_to_baseband_ap -- begin
0.001385 : subscribe_to_baseband_ap -- end
0.001402 : subscribe_to_pulsedoppler_float -- begin
0.001426 : subscribe_to_pulsedoppler_float -- end
0.001445 : subscribe_to_noisemap_float -- begin
0.001466 : subscribe_to_noisemap_float -- end
0.001479 : subscribe_to_pulsedoppler_byte -- begin
0.056320 : subscribe_to_pulsedoppler_byte -- end
0.056346 : subscribe_to_noisemap_byte -- begin
0.056368 : subscribe_to_noisemap_byte -- end
0.056383 : subscribe_to_system_status -- begin
0.056404 : subscribe_to_system_status -- end
0.056425 : subscribe_to_resp_status -- begin
0.056451 : subscribe_to_resp_status -- end
0.056466 : subscribe_to_sleep_status -- begin
0.056490 : subscribe_to_sleep_status -- end
0.056506 : subscribe_to_respiration_movinglist -- begin
0.056530 : subscribe_to_respiration_movinglist -- end
0.056548 : subscribe_to_respiration_detectionlist -- begin
0.056572 : subscribe_to_respiration_detectionlist -- end
0.056628 : open -- begin
0.056677 : creating LinuxModuleIo
0.056809 : LinuxModuleIo::open /dev/cu.usbmodem1411 -- begin
0.058226 : LinuxModuleIo::open /dev/cu.usbmodem1411 -- end
0.058302 : open -- end
0.058319 : RadarInterface - base -- end
0.058421 : subscribe_to_radar_settings -- begin
0.058445 : subscribe_to_radar_settings -- end
0.058486 : ping -- begin
0.058523 : sending: 
0.058548 : 8: {0x7d, 0x1, 0xae, 0xea, 0xaa, 0xee, 0x7c, 0x7e, }
0.058578 : sent
0.058743 : 8: {0x7d, 0x1, 0xea, 0xae, 0xee, 0xaa, 0x7c, 0x7e, }
0.058766 : dispatching packet: 
0.058815 : 5: {0x1, 0xea, 0xae, 0xee, 0xaa, }
0.058880 : ping -- end
0.058930 : unsubscribe -- begin
0.058953 : unsubscribe -- end
0.058991 : task ending: recorder
0.059049 : ~ActiveThread: recorder
0.059073 : ~RadarInterface -- begin
0.059088 : ~RadarInterface -- end
0.059103 : ~RadarCommunicator -- begin
0.059266 : task ending: writer
0.059327 : ~ActiveThread: writer
0.079991 : task ending: reader
0.080088 : ~ActiveThread: reader
0.080112 : Closing: /dev/cu.usbmodem1411
0.080702 : ~RadarCommunicator -- end
0.080758 : ~PacketDispatcher -- begin
0.080795 : task ending: dispatcher
0.080866 : ~PacketDispatcher -- end
0.080886 : ~ActiveThread: dispatcher
0.080910 : ~StdoutLogger
