0.000014 : createing logger StdoutLogger
0.000668 : RadarCommunicator: 28
0.000707 : parser constructor
0.000765 : RadarInterface - base -- begin
0.000793 : log_trace -- begin
0.000849 : log_trace -- end
0.000872 : git sha: 3ae25d11eed0
0.000888 : build date: 2017-11-28 11:32:05
0.000906 : subscribe_to_presence_single -- begin
0.000982 : subscribe_to_presence_single -- end
0.001016 : subscribe_to_presence_movinglist -- begin
0.001042 : subscribe_to_presence_movinglist -- end
0.001056 : subscribe_to_data_float -- begin
0.001076 : subscribe_to_data_float -- end
0.001087 : subscribe_to_data_string -- begin
0.001106 : subscribe_to_data_string -- end
0.001140 : subscribe_to_data_byte -- begin
0.001165 : subscribe_to_data_byte -- end
0.001214 : subscribe_to_baseband_iq -- begin
0.001324 : subscribe_to_baseband_iq -- end
0.001345 : subscribe_to_baseband_ap -- begin
0.001368 : subscribe_to_baseband_ap -- end
0.001385 : subscribe_to_pulsedoppler_float -- begin
0.001406 : subscribe_to_pulsedoppler_float -- end
0.001422 : subscribe_to_noisemap_float -- begin
0.001442 : subscribe_to_noisemap_float -- end
0.001860 : subscribe_to_pulsedoppler_byte -- begin
0.001902 : subscribe_to_pulsedoppler_byte -- end
0.001918 : subscribe_to_noisemap_byte -- begin
0.001939 : subscribe_to_noisemap_byte -- end
0.001951 : subscribe_to_system_status -- begin
0.002001 : subscribe_to_system_status -- end
0.002033 : subscribe_to_resp_status -- begin
0.002100 : subscribe_to_resp_status -- end
0.002118 : subscribe_to_sleep_status -- begin
0.002143 : subscribe_to_sleep_status -- end
0.002158 : subscribe_to_respiration_movinglist -- begin
0.002182 : subscribe_to_respiration_movinglist -- end
0.002197 : subscribe_to_respiration_detectionlist -- begin
0.002220 : subscribe_to_respiration_detectionlist -- end
0.002235 : open -- begin
0.002249 : creating LinuxModuleIo
0.002381 : LinuxModuleIo::open /dev/cu.usbmodem1411 -- begin
0.007078 : LinuxModuleIo::open /dev/cu.usbmodem1411 -- end
0.007155 : open -- end
0.007244 : RadarInterface - base -- end
0.007373 : subscribe_to_radar_settings -- begin
0.007407 : subscribe_to_radar_settings -- end
0.007467 : ping -- begin
0.007560 : sending: 
0.007593 : 8: {0x7d, 0x1, 0xae, 0xea, 0xaa, 0xee, 0x7c, 0x7e, }
0.007698 : sent
0.059939 : 262: {0x7c, 0x7c, 0x7c, 0x7c, 0xfd, 0x0, 0x0, 0x0, 0x0, 0x50, 0xd, 0x0, 0x0, 0x0, 0xef, 0xb0, 0x0, 0x0, 0x1c, 0x0, ..., 0xd0, 0x30, 0xc0}
0.059987 : dispatching packet: 
0.060016 : 253: {0x50, 0xd, 0x0, 0x0, 0x0, 0xef, 0xb0, 0x0, 0x0, 0x1c, 0x0, 0x0, 0x0, 0x18, 0xb3, 0x52, 0x3d, 0xa1, 0xce, 0x2d, ..., 0xd0, 0x30, 0xc0}
0.118652 : 262: {0x7c, 0x7c, 0x7c, 0x7c, 0xfd, 0x0, 0x0, 0x0, 0x0, 0x50, 0xd, 0x0, 0x0, 0x0, 0xf0, 0xb0, 0x0, 0x0, 0x1c, 0x0, ..., 0x82, 0x30, 0xc0}
0.118712 : dispatching packet: 
0.118737 : 253: {0x50, 0xd, 0x0, 0x0, 0x0, 0xf0, 0xb0, 0x0, 0x0, 0x1c, 0x0, 0x0, 0x0, 0x18, 0xb3, 0x52, 0x3d, 0xa1, 0xce, 0x2d, ..., 0x82, 0x30, 0xc0}
0.118847 : 32: {0x7d, 0x50, 0x26, 0xfe, 0x75, 0x23, 0xeb, 0xb0, 0x0, 0x0, 0x0, 0x0, 0x0, 0x0, 0x15, 0x0, 0x0, 0x0, 0xb2, 0xa1, ..., 0x0, 0xea, 0x7e}
0.118871 : dispatching packet: 
0.118894 : 29: {0x50, 0x26, 0xfe, 0x75, 0x23, 0xeb, 0xb0, 0x0, 0x0, 0x0, 0x0, 0x0, 0x0, 0x15, 0x0, 0x0, 0x0, 0xb2, 0xa1, 0x21, ..., 0x0, 0x0, 0x0}
0.177505 : 32: {0x7d, 0x50, 0x26, 0xfe, 0x75, 0x23, 0xeb, 0xb0, 0x0, 0x0, 0x0, 0x0, 0x0, 0x0, 0x15, 0x0, 0x0, 0x0, 0xb2, 0xa1, ..., 0x0, 0xea, 0x7e}
0.177560 : dispatching packet: 
0.177586 : 29: {0x50, 0x26, 0xfe, 0x75, 0x23, 0xeb, 0xb0, 0x0, 0x0, 0x0, 0x0, 0x0, 0x0, 0x15, 0x0, 0x0, 0x0, 0xb2, 0xa1, 0x21, ..., 0x0, 0x0, 0x0}
0.294475 : 262: {0x7c, 0x7c, 0x7c, 0x7c, 0xfd, 0x0, 0x0, 0x0, 0x0, 0x50, 0xd, 0x0, 0x0, 0x0, 0xf3, 0xb0, 0x0, 0x0, 0x1c, 0x0, ..., 0x6, 0x34, 0xc0}
0.294529 : dispatching packet: 
0.294558 : 253: {0x50, 0xd, 0x0, 0x0, 0x0, 0xf3, 0xb0, 0x0, 0x0, 0x1c, 0x0, 0x0, 0x0, 0x18, 0xb3, 0x52, 0x3d, 0xa1, 0xce, 0x2d, ..., 0x6, 0x34, 0xc0}
0.296486 : 32: {0x7d, 0x50, 0x26, 0xfe, 0x75, 0x23, 0xeb, 0xb0, 0x0, 0x0, 0x0, 0x0, 0x0, 0x0, 0x15, 0x0, 0x0, 0x0, 0xb2, 0xa1, ..., 0x0, 0xea, 0x7e}
0.296700 : dispatching packet: 
0.296763 : 29: {0x50, 0x26, 0xfe, 0x75, 0x23, 0xeb, 0xb0, 0x0, 0x0, 0x0, 0x0, 0x0, 0x0, 0x15, 0x0, 0x0, 0x0, 0xb2, 0xa1, 0x21, ..., 0x0, 0x0, 0x0}
0.353540 : 130: {0x7c, 0x7c, 0x7c, 0x7c, 0x79, 0x0, 0x0, 0x0, 0x0, 0x50, 0x11, 0x0, 0x0, 0x0, 0xf4, 0xb0, 0x0, 0x0, 0xce, 0x3, ..., 0x97, 0x8c, 0x9b}
0.353592 : dispatching packet: 
0.353617 : 121: {0x50, 0x11, 0x0, 0x0, 0x0, 0xf4, 0xb0, 0x0, 0x0, 0xce, 0x3, 0x0, 0x0, 0x0, 0x0, 0x0, 0x0, 0x1c, 0x0, 0x0, ..., 0x97, 0x8c, 0x9b}
0.354018 : 130: {0x7c, 0x7c, 0x7c, 0x7c, 0x79, 0x0, 0x0, 0x0, 0x0, 0x50, 0x11, 0x0, 0x0, 0x0, 0xf4, 0xb0, 0x0, 0x0, 0xce, 0x3, ..., 0x8e, 0x82, 0x99}
0.354041 : dispatching packet: 
0.354064 : 121: {0x50, 0x11, 0x0, 0x0, 0x0, 0xf4, 0xb0, 0x0, 0x0, 0xce, 0x3, 0x0, 0x0, 0x1, 0x0, 0x0, 0x0, 0x1c, 0x0, 0x0, ..., 0x8e, 0x82, 0x99}
0.354723 : 130: {0x7c, 0x7c, 0x7c, 0x7c, 0x79, 0x0, 0x0, 0x0, 0x0, 0x50, 0x11, 0x0, 0x0, 0x0, 0xf4, 0xb0, 0x0, 0x0, 0xce, 0x3, ..., 0x6f, 0x67, 0x6a}
0.354746 : dispatching packet: 
0.354769 : 121: {0x50, 0x11, 0x0, 0x0, 0x0, 0xf4, 0xb0, 0x0, 0x0, 0xce, 0x3, 0x0, 0x0, 0x2, 0x0, 0x0, 0x0, 0x1c, 0x0, 0x0, ..., 0x6f, 0x67, 0x6a}
0.356180 : 130: {0x7c, 0x7c, 0x7c, 0x7c, 0x79, 0x0, 0x0, 0x0, 0x0, 0x50, 0x11, 0x0, 0x0, 0x0, 0xf4, 0xb0, 0x0, 0x0, 0xce, 0x3, ..., 0xc7, 0xc8, 0xba}
0.356210 : dispatching packet: 
0.356235 : 121: {0x50, 0x11, 0x0, 0x0, 0x0, 0xf4, 0xb0, 0x0, 0x0, 0xce, 0x3, 0x0, 0x0, 0x4, 0x0, 0x0, 0x0, 0x1c, 0x0, 0x0, ..., 0xc7, 0xc8, 0xba}
0.360831 : 130: {0x7c, 0x7c, 0x7c, 0x7c, 0x79, 0x0, 0x0, 0x0, 0x0, 0x50, 0x11, 0x0, 0x0, 0x0, 0xf4, 0xb0, 0x0, 0x0, 0xce, 0x3, ..., 0xc3, 0xd2, 0xd2}
0.360893 : dispatching packet: 
0.360921 : 121: {0x50, 0x11, 0x0, 0x0, 0x0, 0xf4, 0xb0, 0x0, 0x0, 0xce, 0x3, 0x0, 0x0, 0xa, 0x0, 0x0, 0x0, 0x1c, 0x0, 0x0, ..., 0xc3, 0xd2, 0xd2}
0.361610 : 260: {0x7c, 0x7c, 0x7c, 0x7c, 0x79, 0x0, 0x0, 0x0, 0x0, 0x50, 0x11, 0x0, 0x0, 0x0, 0xf4, 0xb0, 0x0, 0x0, 0xce, 0x3, ..., 0x62, 0x59, 0x55}
0.361656 : dispatching packet: 
0.361720 : 121: {0x50, 0x11, 0x0, 0x0, 0x0, 0xf4, 0xb0, 0x0, 0x0, 0xce, 0x3, 0x0, 0x0, 0xb, 0x0, 0x0, 0x0, 0x1c, 0x0, 0x0, ..., 0xc0, 0xcb, 0xc9}
0.361763 : dispatching packet: 
0.361792 : 121: {0x50, 0x11, 0x0, 0x0, 0x0, 0xf4, 0xb0, 0x0, 0x0, 0xce, 0x3, 0x0, 0x0, 0xb, 0x0, 0x0, 0x0, 0x1c, 0x0, 0x0, ..., 0x62, 0x59, 0x55}
0.362324 : 130: {0x7c, 0x7c, 0x7c, 0x7c, 0x79, 0x0, 0x0, 0x0, 0x0, 0x50, 0x11, 0x0, 0x0, 0x0, 0xf4, 0xb0, 0x0, 0x0, 0xce, 0x3, ..., 0x4f, 0x53, 0x4b}
0.362358 : dispatching packet: 
0.362386 : 121: {0x50, 0x11, 0x0, 0x0, 0x0, 0xf4, 0xb0, 0x0, 0x0, 0xce, 0x3, 0x0, 0x0, 0xc, 0x0, 0x0, 0x0, 0x1c, 0x0, 0x0, ..., 0x4f, 0x53, 0x4b}
0.363088 : 130: {0x7c, 0x7c, 0x7c, 0x7c, 0x79, 0x0, 0x0, 0x0, 0x0, 0x50, 0x11, 0x0, 0x0, 0x0, 0xf4, 0xb0, 0x0, 0x0, 0xce, 0x3, ..., 0x51, 0x45, 0x59}
0.363125 : dispatching packet: 
0.363152 : 121: {0x50, 0x11, 0x0, 0x0, 0x0, 0xf4, 0xb0, 0x0, 0x0, 0xce, 0x3, 0x0, 0x0, 0xd, 0x0, 0x0, 0x0, 0x1c, 0x0, 0x0, ..., 0x51, 0x45, 0x59}
0.363906 : 260: {0x7c, 0x7c, 0x7c, 0x7c, 0x79, 0x0, 0x0, 0x0, 0x0, 0x50, 0x11, 0x0, 0x0, 0x0, 0xf4, 0xb0, 0x0, 0x0, 0xce, 0x3, ..., 0x60, 0x5a, 0x5d}
0.364116 : dispatching packet: 
0.364196 : 121: {0x50, 0x11, 0x0, 0x0, 0x0, 0xf4, 0xb0, 0x0, 0x0, 0xce, 0x3, 0x0, 0x0, 0xe, 0x0, 0x0, 0x0, 0x1c, 0x0, 0x0, ..., 0xb4, 0xbd, 0xb8}
0.364226 : dispatching packet: 
0.364251 : 121: {0x50, 0x11, 0x0, 0x0, 0x0, 0xf4, 0xb0, 0x0, 0x0, 0xce, 0x3, 0x0, 0x0, 0xe, 0x0, 0x0, 0x0, 0x1c, 0x0, 0x0, ..., 0x60, 0x5a, 0x5d}
0.364518 : 130: {0x7c, 0x7c, 0x7c, 0x7c, 0x79, 0x0, 0x0, 0x0, 0x0, 0x50, 0x11, 0x0, 0x0, 0x0, 0xf4, 0xb0, 0x0, 0x0, 0xce, 0x3, ..., 0xaf, 0xbb, 0xb9}
0.364566 : dispatching packet: 
0.364599 : 121: {0x50, 0x11, 0x0, 0x0, 0x0, 0xf4, 0xb0, 0x0, 0x0, 0xce, 0x3, 0x0, 0x0, 0xf, 0x0, 0x0, 0x0, 0x1c, 0x0, 0x0, ..., 0xaf, 0xbb, 0xb9}
0.365279 : 130: {0x7c, 0x7c, 0x7c, 0x7c, 0x79, 0x0, 0x0, 0x0, 0x0, 0x50, 0x11, 0x0, 0x0, 0x0, 0xf4, 0xb0, 0x0, 0x0, 0xce, 0x3, ..., 0xa5, 0xb3, 0xb2}
0.365312 : dispatching packet: 
0.365337 : 121: {0x50, 0x11, 0x0, 0x0, 0x0, 0xf4, 0xb0, 0x0, 0x0, 0xce, 0x3, 0x0, 0x0, 0x10, 0x0, 0x0, 0x0, 0x1c, 0x0, 0x0, ..., 0xa5, 0xb3, 0xb2}
0.366048 : 130: {0x7c, 0x7c, 0x7c, 0x7c, 0x79, 0x0, 0x0, 0x0, 0x0, 0x50, 0x11, 0x0, 0x0, 0x0, 0xf4, 0xb0, 0x0, 0x0, 0xce, 0x3, ..., 0x5a, 0x53, 0x5e}
0.366077 : dispatching packet: 
0.366101 : 121: {0x50, 0x11, 0x0, 0x0, 0x0, 0xf4, 0xb0, 0x0, 0x0, 0xce, 0x3, 0x0, 0x0, 0x11, 0x0, 0x0, 0x0, 0x1c, 0x0, 0x0, ..., 0x5a, 0x53, 0x5e}
0.366807 : 130: {0x7c, 0x7c, 0x7c, 0x7c, 0x79, 0x0, 0x0, 0x0, 0x0, 0x50, 0x11, 0x0, 0x0, 0x0, 0xf4, 0xb0, 0x0, 0x0, 0xce, 0x3, ..., 0x64, 0x62, 0x55}
0.366838 : dispatching packet: 
0.366865 : 121: {0x50, 0x11, 0x0, 0x0, 0x0, 0xf4, 0xb0, 0x0, 0x0, 0xce, 0x3, 0x0, 0x0, 0x12, 0x0, 0x0, 0x0, 0x1c, 0x0, 0x0, ..., 0x64, 0x62, 0x55}
0.367508 : 130: {0x7c, 0x7c, 0x7c, 0x7c, 0x79, 0x0, 0x0, 0x0, 0x0, 0x50, 0x11, 0x0, 0x0, 0x0, 0xf4, 0xb0, 0x0, 0x0, 0xce, 0x3, ..., 0x9b, 0xa9, 0xa9}
0.367541 : dispatching packet: 
0.367573 : 121: {0x50, 0x11, 0x0, 0x0, 0x0, 0xf4, 0xb0, 0x0, 0x0, 0xce, 0x3, 0x0, 0x0, 0x13, 0x0, 0x0, 0x0, 0x1c, 0x0, 0x0, ..., 0x9b, 0xa9, 0xa9}
0.368280 : 130: {0x7c, 0x7c, 0x7c, 0x7c, 0x79, 0x0, 0x0, 0x0, 0x0, 0x50, 0x11, 0x0, 0x0, 0x0, 0xf4, 0xb0, 0x0, 0x0, 0xce, 0x3, ..., 0x4b, 0x61, 0x41}
0.368312 : dispatching packet: 
0.368338 : 121: {0x50, 0x11, 0x0, 0x0, 0x0, 0xf4, 0xb0, 0x0, 0x0, 0xce, 0x3, 0x0, 0x0, 0x14, 0x0, 0x0, 0x0, 0x1c, 0x0, 0x0, ..., 0x4b, 0x61, 0x41}
0.369849 : 260: {0x7c, 0x7c, 0x7c, 0x7c, 0x79, 0x0, 0x0, 0x0, 0x0, 0x50, 0x11, 0x0, 0x0, 0x0, 0xf4, 0xb0, 0x0, 0x0, 0xce, 0x3, ..., 0x4c, 0x60, 0x4e}
0.369959 : dispatching packet: 
0.370016 : 121: {0x50, 0x11, 0x0, 0x0, 0x0, 0xf4, 0xb0, 0x0, 0x0, 0xce, 0x3, 0x0, 0x0, 0x16, 0x0, 0x0, 0x0, 0x1c, 0x0, 0x0, ..., 0x9b, 0xa7, 0xa6}
0.370053 : dispatching packet: 
0.370083 : 121: {0x50, 0x11, 0x0, 0x0, 0x0, 0xf4, 0xb0, 0x0, 0x0, 0xce, 0x3, 0x0, 0x0, 0x16, 0x0, 0x0, 0x0, 0x1c, 0x0, 0x0, ..., 0x4c, 0x60, 0x4e}
0.371549 : 260: {0x7c, 0x7c, 0x7c, 0x7c, 0x79, 0x0, 0x0, 0x0, 0x0, 0x50, 0x11, 0x0, 0x0, 0x0, 0xf4, 0xb0, 0x0, 0x0, 0xce, 0x3, ..., 0x42, 0x4d, 0x5b}
0.371724 : dispatching packet: 
0.371774 : 121: {0x50, 0x11, 0x0, 0x0, 0x0, 0xf4, 0xb0, 0x0, 0x0, 0xce, 0x3, 0x0, 0x0, 0x18, 0x0, 0x0, 0x0, 0x1c, 0x0, 0x0, ..., 0x9d, 0xab, 0xaa}
0.371863 : dispatching packet: 
0.371917 : 121: {0x50, 0x11, 0x0, 0x0, 0x0, 0xf4, 0xb0, 0x0, 0x0, 0xce, 0x3, 0x0, 0x0, 0x18, 0x0, 0x0, 0x0, 0x1c, 0x0, 0x0, ..., 0x42, 0x4d, 0x5b}
0.372950 : 260: {0x7c, 0x7c, 0x7c, 0x7c, 0x79, 0x0, 0x0, 0x0, 0x0, 0x50, 0x11, 0x0, 0x0, 0x0, 0xf4, 0xb0, 0x0, 0x0, 0xce, 0x3, ..., 0x5b, 0x4f, 0x54}
0.373174 : dispatching packet: 
0.373220 : 121: {0x50, 0x11, 0x0, 0x0, 0x0, 0xf4, 0xb0, 0x0, 0x0, 0xce, 0x3, 0x0, 0x0, 0x1a, 0x0, 0x0, 0x0, 0x1c, 0x0, 0x0, ..., 0x9e, 0xaa, 0xa8}
0.373272 : dispatching packet: 
0.373309 : 121: {0x50, 0x11, 0x0, 0x0, 0x0, 0xf4, 0xb0, 0x0, 0x0, 0xce, 0x3, 0x0, 0x0, 0x1a, 0x0, 0x0, 0x0, 0x1c, 0x0, 0x0, ..., 0x5b, 0x4f, 0x54}
0.373765 : 260: {0x7c, 0x7c, 0x7c, 0x7c, 0x79, 0x0, 0x0, 0x0, 0x0, 0x50, 0x11, 0x0, 0x0, 0x0, 0xf4, 0xb0, 0x0, 0x0, 0xce, 0x3, ..., 0x33, 0x49, 0x53}
0.373885 : dispatching packet: 
0.373981 : 121: {0x50, 0x11, 0x0, 0x0, 0x0, 0xf4, 0xb0, 0x0, 0x0, 0xce, 0x3, 0x0, 0x0, 0x1b, 0x0, 0x0, 0x0, 0x1c, 0x0, 0x0, ..., 0x90, 0xa4, 0xa5}
0.374144 : dispatching packet: 
0.374232 : 121: {0x50, 0x11, 0x0, 0x0, 0x0, 0xf4, 0xb0, 0x0, 0x0, 0xce, 0x3, 0x0, 0x0, 0x1b, 0x0, 0x0, 0x0, 0x1c, 0x0, 0x0, ..., 0x33, 0x49, 0x53}
0.411781 : 262: {0x7c, 0x7c, 0x7c, 0x7c, 0xfd, 0x0, 0x0, 0x0, 0x0, 0x50, 0xd, 0x0, 0x0, 0x0, 0xf5, 0xb0, 0x0, 0x0, 0x1c, 0x0, ..., 0xbd, 0x22, 0xc0}
0.411838 : dispatching packet: 
0.411867 : 253: {0x50, 0xd, 0x0, 0x0, 0x0, 0xf5, 0xb0, 0x0, 0x0, 0x1c, 0x0, 0x0, 0x0, 0x18, 0xb3, 0x52, 0x3d, 0xa1, 0xce, 0x2d, ..., 0xbd, 0x22, 0xc0}
0.412079 : 32: {0x7d, 0x50, 0x26, 0xfe, 0x75, 0x23, 0xeb, 0xb0, 0x0, 0x0, 0x0, 0x0, 0x0, 0x0, 0x15, 0x0, 0x0, 0x0, 0xb2, 0xa1, ..., 0x0, 0xea, 0x7e}
0.412114 : dispatching packet: 
0.412140 : 29: {0x50, 0x26, 0xfe, 0x75, 0x23, 0xeb, 0xb0, 0x0, 0x0, 0x0, 0x0, 0x0, 0x0, 0x15, 0x0, 0x0, 0x0, 0xb2, 0xa1, 0x21, ..., 0x0, 0x0, 0x0}
0.470405 : 262: {0x7c, 0x7c, 0x7c, 0x7c, 0xfd, 0x0, 0x0, 0x0, 0x0, 0x50, 0xd, 0x0, 0x0, 0x0, 0xf6, 0xb0, 0x0, 0x0, 0x1c, 0x0, ..., 0x83, 0x23, 0xc0}
0.470457 : dispatching packet: 
0.470493 : 253: {0x50, 0xd, 0x0, 0x0, 0x0, 0xf6, 0xb0, 0x0, 0x0, 0x1c, 0x0, 0x0, 0x0, 0x18, 0xb3, 0x52, 0x3d, 0xa1, 0xce, 0x2d, ..., 0x83, 0x23, 0xc0}
0.529015 : 262: {0x7c, 0x7c, 0x7c, 0x7c, 0xfd, 0x0, 0x0, 0x0, 0x0, 0x50, 0xd, 0x0, 0x0, 0x0, 0xf7, 0xb0, 0x0, 0x0, 0x1c, 0x0, ..., 0x29, 0x2c, 0xc0}
0.529060 : dispatching packet: 
0.529102 : 253: {0x50, 0xd, 0x0, 0x0, 0x0, 0xf7, 0xb0, 0x0, 0x0, 0x1c, 0x0, 0x0, 0x0, 0x18, 0xb3, 0x52, 0x3d, 0xa1, 0xce, 0x2d, ..., 0x29, 0x2c, 0xc0}
0.587688 : 262: {0x7c, 0x7c, 0x7c, 0x7c, 0xfd, 0x0, 0x0, 0x0, 0x0, 0x50, 0xd, 0x0, 0x0, 0x0, 0xf8, 0xb0, 0x0, 0x0, 0x1c, 0x0, ..., 0x64, 0x2e, 0xc0}
0.587744 : dispatching packet: 
0.587780 : 253: {0x50, 0xd, 0x0, 0x0, 0x0, 0xf8, 0xb0, 0x0, 0x0, 0x1c, 0x0, 0x0, 0x0, 0x18, 0xb3, 0x52, 0x3d, 0xa1, 0xce, 0x2d, ..., 0x64, 0x2e, 0xc0}
0.646621 : 32: {0x7d, 0x50, 0x26, 0xfe, 0x75, 0x23, 0xeb, 0xb0, 0x0, 0x0, 0x0, 0x0, 0x0, 0x0, 0x15, 0x0, 0x0, 0x0, 0xb2, 0xa1, ..., 0x0, 0xea, 0x7e}
0.646673 : dispatching packet: 
0.646697 : 29: {0x50, 0x26, 0xfe, 0x75, 0x23, 0xeb, 0xb0, 0x0, 0x0, 0x0, 0x0, 0x0, 0x0, 0x15, 0x0, 0x0, 0x0, 0xb2, 0xa1, 0x21, ..., 0x0, 0x0, 0x0}
0.705174 : 262: {0x7c, 0x7c, 0x7c, 0x7c, 0xfd, 0x0, 0x0, 0x0, 0x0, 0x50, 0xd, 0x0, 0x0, 0x0, 0xfa, 0xb0, 0x0, 0x0, 0x1c, 0x0, ..., 0x45, 0x31, 0xc0}
0.705362 : dispatching packet: 
0.705432 : 253: {0x50, 0xd, 0x0, 0x0, 0x0, 0xfa, 0xb0, 0x0, 0x0, 0x1c, 0x0, 0x0, 0x0, 0x18, 0xb3, 0x52, 0x3d, 0xa1, 0xce, 0x2d, ..., 0x45, 0x31, 0xc0}
0.824331 : 578: {0x7c, 0x7c, 0x7c, 0x7c, 0x39, 0x2, 0x0, 0x0, 0x0, 0x50, 0x11, 0x0, 0x0, 0x0, 0xfc, 0xb0, 0x0, 0x0, 0xc1, 0x3, ..., 0xe0, 0xdd, 0xd6}
0.824387 : dispatching packet: 
0.824413 : 569: {0x50, 0x11, 0x0, 0x0, 0x0, 0xfc, 0xb0, 0x0, 0x0, 0xc1, 0x3, 0x0, 0x0, 0x0, 0x0, 0x0, 0x0, 0x1c, 0x0, 0x0, ..., 0xe0, 0xdd, 0xd6}
0.826424 : 136: {0x8d, 0x8d, 0x8c, 0x8c, 0x8c, 0x8c, 0x8c, 0x8c, 0x8b, 0x8b, 0x8b, 0x8c, 0x8d, 0x8d, 0x8e, 0x8d, 0x8d, 0x8b, 0x8a, 0x89, ..., 0x7a, 0x76, 0x71}
0.826507 : Error parsing incoming data: CRC error
0.826538 : Error parsing incoming data: CRC error
0.826585 : Error parsing incoming data: lost bytes
0.826604 : Error parsing incoming data: incomplete packer
0.826639 : Error parsing incoming data: incomplete packer
0.826661 : Error parsing incoming data: lost bytes
0.826678 : Error parsing incoming data: lost bytes
0.829220 : 136: {0x70, 0x71, 0x71, 0x72, 0x72, 0x73, 0x74, 0x75, 0x75, 0x75, 0x75, 0x75, 0x75, 0x76, 0x78, 0x7b, 0x7d, 0x7f, 0x81, 0x81, ..., 0x85, 0x86, 0x87}
0.829379 : Error parsing incoming data: lost bytes
0.831941 : 136: {0x88, 0x89, 0x8a, 0x8a, 0x8b, 0x8b, 0x8c, 0x8c, 0x8d, 0x8e, 0x8e, 0x8f, 0x8f, 0x8f, 0x8f, 0x8f, 0x8f, 0x90, 0x91, 0x92, ..., 0x94, 0x94, 0x94}
0.832341 : Error parsing incoming data: lost bytes
0.832374 : Error parsing incoming data: incomplete packer
0.832393 : Error parsing incoming data: incomplete packer
0.832411 : Error parsing incoming data: incomplete packer
0.832424 : Error parsing incoming data: incomplete packer
0.832439 : Error parsing incoming data: incomplete packer
0.832454 : Error parsing incoming data: incomplete packer
0.832470 : Error parsing incoming data: CRC error
0.832484 : Error parsing incoming data: incomplete packer
0.832499 : Error parsing incoming data: incomplete packer
0.832513 : Error parsing incoming data: CRC error
0.832526 : Error parsing incoming data: lost bytes
0.832541 : Error parsing incoming data: incomplete packer
0.834891 : 136: {0x98, 0x98, 0x99, 0x99, 0x99, 0x9a, 0x9a, 0x9a, 0x9b, 0x9b, 0x9b, 0x9b, 0x9b, 0x9b, 0x9a, 0x9a, 0x9a, 0x9a, 0x9a, 0x9a, ..., 0x99, 0x99, 0x9a}
0.834938 : Error parsing incoming data: lost bytes
0.837474 : 136: {0xa1, 0xa1, 0xa1, 0xa1, 0xa1, 0xa1, 0xa2, 0xa2, 0xa2, 0xa1, 0xa1, 0xa1, 0xa0, 0x9f, 0x9f, 0x9e, 0x9d, 0x9d, 0x9c, 0x9c, ..., 0x97, 0x98, 0x98}
0.837564 : Error parsing incoming data: CRC error
0.837584 : Error parsing incoming data: CRC error
0.837601 : Error parsing incoming data: lost bytes
0.840347 : 1020: {0x7c, 0x7c, 0x7c, 0x7c, 0x39, 0x2, 0x0, 0x0, 0x0, 0x50, 0x11, 0x0, 0x0, 0x0, 0xfc, 0xb0, 0x0, 0x0, 0xc1, 0x3, ..., 0xa3, 0xa4, 0xa4}
0.840427 : dispatching packet: 
0.840462 : 569: {0x50, 0x11, 0x0, 0x0, 0x0, 0xfc, 0xb0, 0x0, 0x0, 0xc1, 0x3, 0x0, 0x0, 0x6, 0x0, 0x0, 0x0, 0x1c, 0x0, 0x0, ..., 0xd2, 0xd0, 0xcf}
0.843457 : 1020: {0x7c, 0x7c, 0x7c, 0x7c, 0x39, 0x2, 0x0, 0x0, 0x0, 0x50, 0x11, 0x0, 0x0, 0x0, 0xfc, 0xb0, 0x0, 0x0, 0xc1, 0x3, ..., 0xa2, 0xa2, 0xa2}
0.843538 : dispatching packet: 
0.843568 : 569: {0x50, 0x11, 0x0, 0x0, 0x0, 0xfc, 0xb0, 0x0, 0x0, 0xc1, 0x3, 0x0, 0x0, 0x6, 0x0, 0x0, 0x0, 0x1c, 0x0, 0x0, ..., 0x98, 0x98, 0x97}
0.843600 : Error parsing incoming data: lost bytes
0.843643 : Error parsing incoming data: CRC error
0.846392 : 136: {0x99, 0x98, 0x97, 0x96, 0x95, 0x94, 0x92, 0x90, 0x8f, 0x8d, 0x8c, 0x8c, 0x8c, 0x8d, 0x8d, 0x8c, 0x89, 0x86, 0x82, 0x7f, ..., 0x7f, 0x82, 0x84}
0.846442 : dispatching packet: 
0.846465 : 569: {0x50, 0x11, 0x0, 0x0, 0x0, 0xfc, 0xb0, 0x0, 0x0, 0xc1, 0x3, 0x0, 0x0, 0x7, 0x0, 0x0, 0x0, 0x1c, 0x0, 0x0, ..., 0x7f, 0x82, 0x84}
0.849174 : 1020: {0x7c, 0x7c, 0x7c, 0x7c, 0x39, 0x2, 0x0, 0x0, 0x0, 0x50, 0x11, 0x0, 0x0, 0x0, 0xfc, 0xb0, 0x0, 0x0, 0xc1, 0x3, ..., 0x8f, 0x8e, 0x8d}
0.849240 : dispatching packet: 
0.849272 : 569: {0x50, 0x11, 0x0, 0x0, 0x0, 0xfc, 0xb0, 0x0, 0x0, 0xc1, 0x3, 0x0, 0x0, 0x9, 0x0, 0x0, 0x0, 0x1c, 0x0, 0x0, ..., 0xe2, 0xde, 0xd5}
0.851872 : 1020: {0x7c, 0x7c, 0x7c, 0x7c, 0x39, 0x2, 0x0, 0x0, 0x0, 0x50, 0x11, 0x0, 0x0, 0x0, 0xfc, 0xb0, 0x0, 0x0, 0xc1, 0x3, ..., 0x85, 0x82, 0x7f}
0.851936 : dispatching packet: 
0.851964 : 569: {0x50, 0x11, 0x0, 0x0, 0x0, 0xfc, 0xb0, 0x0, 0x0, 0xc1, 0x3, 0x0, 0x0, 0x9, 0x0, 0x0, 0x0, 0x1c, 0x0, 0x0, ..., 0x6f, 0x71, 0x74}
0.851996 : Error parsing incoming data: lost bytes
0.852012 : Error parsing incoming data: incomplete packer
0.852024 : Error parsing incoming data: CRC error
0.852036 : Error parsing incoming data: CRC error
0.852049 : Error parsing incoming data: lost bytes
0.852061 : Error parsing incoming data: lost bytes
0.852074 : Error parsing incoming data: CRC error
0.854781 : 1020: {0x7c, 0x7c, 0x7c, 0x7c, 0x39, 0x2, 0x0, 0x0, 0x0, 0x50, 0x11, 0x0, 0x0, 0x0, 0xfc, 0xb0, 0x0, 0x0, 0xc1, 0x3, ..., 0x7f, 0x7c, 0x7a}
0.854832 : dispatching packet: 
0.854866 : 569: {0x50, 0x11, 0x0, 0x0, 0x0, 0xfc, 0xb0, 0x0, 0x0, 0xc1, 0x3, 0x0, 0x0, 0xa, 0x0, 0x0, 0x0, 0x1c, 0x0, 0x0, ..., 0x70, 0x70, 0x6f}
0.854898 : Error parsing incoming data: CRC error
0.854913 : Error parsing incoming data: lost bytes
0.854925 : Error parsing incoming data: incomplete packer
0.854939 : Error parsing incoming data: incomplete packer
0.854952 : Error parsing incoming data: incomplete packer
0.854963 : Error parsing incoming data: lost bytes
0.854975 : Error parsing incoming data: CRC error
0.854988 : Error parsing incoming data: CRC error
0.855003 : Error parsing incoming data: lost bytes
0.855018 : Error parsing incoming data: CRC error
0.857627 : 136: {0x77, 0x77, 0x77, 0x77, 0x77, 0x76, 0x75, 0x73, 0x70, 0x6c, 0x6c, 0x6f, 0x71, 0x71, 0x70, 0x6f, 0x6f, 0x6f, 0x70, 0x70, ..., 0x7a, 0x7a, 0x7a}
0.857686 : dispatching packet: 
0.857717 : 569: {0x50, 0x11, 0x0, 0x0, 0x0, 0xfc, 0xb0, 0x0, 0x0, 0xc1, 0x3, 0x0, 0x0, 0xb, 0x0, 0x0, 0x0, 0x1c, 0x0, 0x0, ..., 0x7a, 0x7a, 0x7a}
0.860789 : 136: {0x74, 0x74, 0x74, 0x74, 0x74, 0x74, 0x74, 0x74, 0x73, 0x71, 0x6f, 0x6e, 0x6e, 0x6d, 0x6b, 0x68, 0x63, 0x5c, 0x55, 0x55, ..., 0x73, 0x76, 0x78}
0.860972 : Error parsing incoming data: lost bytes
0.861068 : Error parsing incoming data: incomplete packer
0.861100 : Error parsing incoming data: incomplete packer
0.861121 : Error parsing incoming data: incomplete packer
0.861139 : Error parsing incoming data: incomplete packer
0.861158 : Error parsing incoming data: CRC error
0.861179 : Error parsing incoming data: CRC error
0.861195 : Error parsing incoming data: incomplete packer
0.861213 : Error parsing incoming data: incomplete packer
0.861234 : Error parsing incoming data: incomplete packer
0.861254 : Error parsing incoming data: CRC error
0.861272 : Error parsing incoming data: incomplete packer
0.863538 : 136: {0x6f, 0x6f, 0x6f, 0x6f, 0x6e, 0x6e, 0x6f, 0x70, 0x72, 0x73, 0x73, 0x73, 0x73, 0x73, 0x73, 0x73, 0x72, 0x71, 0x6f, 0x6d, ..., 0x69, 0x6a, 0x6e}
0.866439 : 136: {0x5d, 0x5e, 0x5f, 0x5f, 0x5f, 0x60, 0x62, 0x66, 0x69, 0x6b, 0x6d, 0x6d, 0x6c, 0x6c, 0x6c, 0x6d, 0x6e, 0x6f, 0x70, 0x70, ..., 0x70, 0x6f, 0x6e}
0.869218 : 578: {0x7c, 0x7c, 0x7c, 0x7c, 0x39, 0x2, 0x0, 0x0, 0x0, 0x50, 0x11, 0x0, 0x0, 0x0, 0xfc, 0xb0, 0x0, 0x0, 0xc1, 0x3, ..., 0xa3, 0x9e, 0x9a}
0.872105 : 1020: {0x7c, 0x7c, 0x7c, 0x7c, 0x39, 0x2, 0x0, 0x0, 0x0, 0x50, 0x11, 0x0, 0x0, 0x0, 0xfc, 0xb0, 0x0, 0x0, 0xc1, 0x3, ..., 0x63, 0x64, 0x64}
0.874982 : 136: {0x5e, 0x5d, 0x5b, 0x56, 0x4f, 0x4d, 0x4f, 0x4e, 0x48, 0x43, 0x4a, 0x50, 0x52, 0x54, 0x57, 0x5a, 0x5e, 0x60, 0x62, 0x62, ..., 0x61, 0x60, 0x60}
0.883692 : 1020: {0x7c, 0x7c, 0x7c, 0x7c, 0x39, 0x2, 0x0, 0x0, 0x0, 0x50, 0x11, 0x0, 0x0, 0x0, 0xfc, 0xb0, 0x0, 0x0, 0xc1, 0x3, ..., 0x53, 0x50, 0x4a}
0.886537 : 1020: {0x7c, 0x7c, 0x7c, 0x7c, 0x39, 0x2, 0x0, 0x0, 0x0, 0x50, 0x11, 0x0, 0x0, 0x0, 0xfc, 0xb0, 0x0, 0x0, 0xc1, 0x3, ..., 0x53, 0x53, 0x4f}
0.889355 : 1020: {0x7c, 0x7c, 0x7c, 0x7c, 0x39, 0x2, 0x0, 0x0, 0x0, 0x50, 0x11, 0x0, 0x0, 0x0, 0xfc, 0xb0, 0x0, 0x0, 0xc1, 0x3, ..., 0x4d, 0x50, 0x53}
0.892233 : 1020: {0x7c, 0x7c, 0x7c, 0x7c, 0x39, 0x2, 0x0, 0x0, 0x0, 0x50, 0x11, 0x0, 0x0, 0x0, 0xfc, 0xb0, 0x0, 0x0, 0xc1, 0x3, ..., 0x4b, 0x4e, 0x55}
0.895128 : 1020: {0x7c, 0x7c, 0x7c, 0x7c, 0x39, 0x2, 0x0, 0x0, 0x0, 0x50, 0x11, 0x0, 0x0, 0x0, 0xfc, 0xb0, 0x0, 0x0, 0xc1, 0x3, ..., 0x3b, 0x49, 0x53}
0.897899 : 578: {0x7c, 0x7c, 0x7c, 0x7c, 0x39, 0x2, 0x0, 0x0, 0x0, 0x50, 0x11, 0x0, 0x0, 0x0, 0xfc, 0xb0, 0x0, 0x0, 0xc1, 0x3, ..., 0xb0, 0xad, 0xa7}
0.900775 : 1020: {0x7c, 0x7c, 0x7c, 0x7c, 0x39, 0x2, 0x0, 0x0, 0x0, 0x50, 0x11, 0x0, 0x0, 0x0, 0xfc, 0xb0, 0x0, 0x0, 0xc1, 0x3, ..., 0x58, 0x54, 0x4b}
0.901386 : 36: {0x7d, 0x50, 0x6c, 0xa1, 0x75, 0x23, 0xfc, 0xb0, 0x0, 0x0, 0x0, 0x0, 0x0, 0x0, 0x8, 0x5a, 0xa6, 0x41, 0xf4, 0xf0, ..., 0x3f, 0x66, 0x7e}
0.939924 : 32: {0x7d, 0x50, 0x26, 0xfe, 0x75, 0x23, 0xfc, 0xb0, 0x0, 0x0, 0x0, 0x0, 0x0, 0x0, 0x15, 0x0, 0x0, 0x0, 0xf4, 0xf0, ..., 0x0, 0xea, 0x7e}
0.999975 : 32: {0x7d, 0x50, 0x26, 0xfe, 0x75, 0x23, 0xfc, 0xb0, 0x0, 0x0, 0x0, 0x0, 0x0, 0x0, 0x15, 0x0, 0x0, 0x0, 0xf4, 0xf0, ..., 0x0, 0xea, 0x7e}
1.057054 : 262: {0x7c, 0x7c, 0x7c, 0x7c, 0xfd, 0x0, 0x0, 0x0, 0x0, 0x50, 0xd, 0x0, 0x0, 0x0, 0x0, 0xb1, 0x0, 0x0, 0x1c, 0x0, ..., 0xab, 0x37, 0xc0}
1.057256 : 32: {0x7d, 0x50, 0x26, 0xfe, 0x75, 0x23, 0xfc, 0xb0, 0x0, 0x0, 0x0, 0x0, 0x0, 0x0, 0x15, 0x0, 0x0, 0x0, 0xf4, 0xf0, ..., 0x0, 0xea, 0x7e}
1.115789 : 294: {0x7c, 0x7c, 0x7c, 0x7c, 0xfd, 0x0, 0x0, 0x0, 0x0, 0x50, 0xd, 0x0, 0x0, 0x0, 0x1, 0xb1, 0x0, 0x0, 0x1c, 0x0, ..., 0x0, 0xea, 0x7e}
1.174108 : 262: {0x7c, 0x7c, 0x7c, 0x7c, 0xfd, 0x0, 0x0, 0x0, 0x0, 0x50, 0xd, 0x0, 0x0, 0x0, 0x2, 0xb1, 0x0, 0x0, 0x1c, 0x0, ..., 0x5a, 0x3f, 0xc0}
1.232682 : 262: {0x7c, 0x7c, 0x7c, 0x7c, 0xfd, 0x0, 0x0, 0x0, 0x0, 0x50, 0xd, 0x0, 0x0, 0x0, 0x3, 0xb1, 0x0, 0x0, 0x1c, 0x0, ..., 0xea, 0x39, 0xc0}
1.291324 : 262: {0x7c, 0x7c, 0x7c, 0x7c, 0xfd, 0x0, 0x0, 0x0, 0x0, 0x50, 0xd, 0x0, 0x0, 0x0, 0x4, 0xb1, 0x0, 0x0, 0x1c, 0x0, ..., 0x1b, 0x32, 0xc0}
1.291602 : 32: {0x7d, 0x50, 0x26, 0xfe, 0x75, 0x23, 0xfc, 0xb0, 0x0, 0x0, 0x0, 0x0, 0x0, 0x0, 0x15, 0x0, 0x0, 0x0, 0xf4, 0xf0, ..., 0x0, 0x40, 0x7e}
1.350440 : 130: {0x7c, 0x7c, 0x7c, 0x7c, 0x79, 0x0, 0x0, 0x0, 0x0, 0x50, 0x11, 0x0, 0x0, 0x0, 0x5, 0xb1, 0x0, 0x0, 0xcf, 0x3, ..., 0x76, 0x65, 0x71}
1.350912 : 130: {0x7c, 0x7c, 0x7c, 0x7c, 0x79, 0x0, 0x0, 0x0, 0x0, 0x50, 0x11, 0x0, 0x0, 0x0, 0x5, 0xb1, 0x0, 0x0, 0xcf, 0x3, ..., 0x78, 0x90, 0x98}
1.351530 : 130: {0x7c, 0x7c, 0x7c, 0x7c, 0x79, 0x0, 0x0, 0x0, 0x0, 0x50, 0x11, 0x0, 0x0, 0x0, 0x5, 0xb1, 0x0, 0x0, 0xcf, 0x3, ..., 0x8c, 0x78, 0x92}
1.352301 : 260: {0x7c, 0x7c, 0x7c, 0x7c, 0x79, 0x0, 0x0, 0x0, 0x0, 0x50, 0x11, 0x0, 0x0, 0x0, 0x5, 0xb1, 0x0, 0x0, 0xcf, 0x3, ..., 0x6b, 0x63, 0x70}
1.353043 : 260: {0x7c, 0x7c, 0x7c, 0x7c, 0x79, 0x0, 0x0, 0x0, 0x0, 0x50, 0x11, 0x0, 0x0, 0x0, 0x5, 0xb1, 0x0, 0x0, 0xcf, 0x3, ..., 0x70, 0x54, 0x73}
1.354509 : 130: {0x7c, 0x7c, 0x7c, 0x7c, 0x79, 0x0, 0x0, 0x0, 0x0, 0x50, 0x11, 0x0, 0x0, 0x0, 0x5, 0xb1, 0x0, 0x0, 0xcf, 0x3, ..., 0xd9, 0xdc, 0xcd}
1.355265 : 130: {0x7c, 0x7c, 0x7c, 0x7c, 0x79, 0x0, 0x0, 0x0, 0x0, 0x50, 0x11, 0x0, 0x0, 0x0, 0x5, 0xb1, 0x0, 0x0, 0xcf, 0x3, ..., 0x7c, 0x71, 0x7b}
1.356000 : 130: {0x7c, 0x7c, 0x7c, 0x7c, 0x79, 0x0, 0x0, 0x0, 0x0, 0x50, 0x11, 0x0, 0x0, 0x0, 0x5, 0xb1, 0x0, 0x0, 0xcf, 0x3, ..., 0xc2, 0xdd, 0xe0}
1.356762 : 130: {0x7c, 0x7c, 0x7c, 0x7c, 0x79, 0x0, 0x0, 0x0, 0x0, 0x50, 0x11, 0x0, 0x0, 0x0, 0x5, 0xb1, 0x0, 0x0, 0xcf, 0x3, ..., 0xc6, 0xd3, 0xd9}
1.357599 : 260: {0x7c, 0x7c, 0x7c, 0x7c, 0x79, 0x0, 0x0, 0x0, 0x0, 0x50, 0x11, 0x0, 0x0, 0x0, 0x5, 0xb1, 0x0, 0x0, 0xcf, 0x3, ..., 0x55, 0x6e, 0x6a}
1.359055 : 130: {0x7c, 0x7c, 0x7c, 0x7c, 0x79, 0x0, 0x0, 0x0, 0x0, 0x50, 0x11, 0x0, 0x0, 0x0, 0x5, 0xb1, 0x0, 0x0, 0xcf, 0x3, ..., 0xbc, 0xbe, 0xba}
1.359116 : 130: {0x7c, 0x7c, 0x7c, 0x7c, 0x79, 0x0, 0x0, 0x0, 0x0, 0x50, 0x11, 0x0, 0x0, 0x0, 0x5, 0xb1, 0x0, 0x0, 0xcf, 0x3, ..., 0x58, 0x46, 0x53}
1.369501 : 260: {0x7c, 0x7c, 0x7c, 0x7c, 0x79, 0x0, 0x0, 0x0, 0x0, 0x50, 0x11, 0x0, 0x0, 0x0, 0x5, 0xb1, 0x0, 0x0, 0xcf, 0x3, ..., 0x57, 0x4b, 0x4f}
1.370393 : 260: {0x7c, 0x7c, 0x7c, 0x7c, 0x79, 0x0, 0x0, 0x0, 0x0, 0x50, 0x11, 0x0, 0x0, 0x0, 0x5, 0xb1, 0x0, 0x0, 0xcf, 0x3, ..., 0x52, 0x46, 0x4c}
1.371245 : 32: {0x7d, 0x50, 0x26, 0xfe, 0x75, 0x23, 0xfc, 0xb0, 0x0, 0x0, 0x0, 0x0, 0x0, 0x0, 0x15, 0x0, 0x0, 0x0, 0xf4, 0xf0, ..., 0x0, 0xf9, 0x7e}
1.408611 : 262: {0x7c, 0x7c, 0x7c, 0x7c, 0xfd, 0x0, 0x0, 0x0, 0x0, 0x50, 0xd, 0x0, 0x0, 0x0, 0x6, 0xb1, 0x0, 0x0, 0x1c, 0x0, ..., 0x2, 0x31, 0xc0}
1.408911 : 32: {0x7d, 0x50, 0x26, 0xfe, 0x75, 0x23, 0xfc, 0xb0, 0x0, 0x0, 0x0, 0x0, 0x0, 0x0, 0x15, 0x0, 0x0, 0x0, 0xf4, 0xf0, ..., 0x0, 0x36, 0x7e}
1.469077 : 32: {0x7d, 0x50, 0x26, 0xfe, 0x75, 0x23, 0xfc, 0xb0, 0x0, 0x0, 0x0, 0x0, 0x0, 0x0, 0x15, 0x0, 0x0, 0x0, 0xf4, 0xf0, ..., 0x0, 0x16, 0x7e}
1.526138 : 33: {0x7d, 0x50, 0x26, 0xfe, 0x75, 0x23, 0xfc, 0xb0, 0x0, 0x0, 0x0, 0x0, 0x0, 0x0, 0x15, 0x0, 0x0, 0x0, 0xf4, 0xf0, ..., 0x0, 0x6d, 0x7e}
1.584797 : 32: {0x7d, 0x50, 0x26, 0xfe, 0x75, 0x23, 0xfc, 0xb0, 0x0, 0x0, 0x0, 0x0, 0x0, 0x0, 0x15, 0x0, 0x0, 0x0, 0xf4, 0xf0, ..., 0x0, 0x74, 0x7e}
1.643528 : 32: {0x7d, 0x50, 0x26, 0xfe, 0x75, 0x23, 0xfc, 0xb0, 0x0, 0x0, 0x0, 0x0, 0x0, 0x0, 0x15, 0x0, 0x0, 0x0, 0xf4, 0xf0, ..., 0x0, 0x92, 0x7e}
1.701785 : 262: {0x7c, 0x7c, 0x7c, 0x7c, 0xfd, 0x0, 0x0, 0x0, 0x0, 0x50, 0xd, 0x0, 0x0, 0x0, 0xb, 0xb1, 0x0, 0x0, 0x1c, 0x0, ..., 0xef, 0x3a, 0xc0}
1.703606 : 32: {0x7d, 0x50, 0x26, 0xfe, 0x75, 0x23, 0xfc, 0xb0, 0x0, 0x0, 0x0, 0x0, 0x0, 0x0, 0x15, 0x0, 0x0, 0x0, 0xf4, 0xf0, ..., 0x0, 0x20, 0x7e}
1.819062 : 262: {0x7c, 0x7c, 0x7c, 0x7c, 0xfd, 0x0, 0x0, 0x0, 0x0, 0x50, 0xd, 0x0, 0x0, 0x0, 0xd, 0xb1, 0x0, 0x0, 0x1c, 0x0, ..., 0xb3, 0x31, 0xc0}
1.821150 : 578: {0x7c, 0x7c, 0x7c, 0x7c, 0x39, 0x2, 0x0, 0x0, 0x0, 0x50, 0x11, 0x0, 0x0, 0x0, 0xd, 0xb1, 0x0, 0x0, 0xc2, 0x3, ..., 0x80, 0x80, 0x80}
1.825717 : 578: {0x7c, 0x7c, 0x7c, 0x7c, 0x39, 0x2, 0x0, 0x0, 0x0, 0x50, 0x11, 0x0, 0x0, 0x0, 0xd, 0xb1, 0x0, 0x0, 0xc2, 0x3, ..., 0xc0, 0xbf, 0xb9}
1.828593 : 136: {0x88, 0x89, 0x8a, 0x8a, 0x8b, 0x8b, 0x8c, 0x8c, 0x8d, 0x8e, 0x8e, 0x8f, 0x8f, 0x8f, 0x8f, 0x8f, 0x8f, 0x90, 0x91, 0x92, ..., 0x94, 0x94, 0x95}
1.834478 : 1020: {0x7c, 0x7c, 0x7c, 0x7c, 0x39, 0x2, 0x0, 0x0, 0x0, 0x50, 0x11, 0x0, 0x0, 0x0, 0xd, 0xb1, 0x0, 0x0, 0xc2, 0x3, ..., 0x9f, 0xa0, 0xa1}
1.837276 : 1020: {0x7c, 0x7c, 0x7c, 0x7c, 0x39, 0x2, 0x0, 0x0, 0x0, 0x50, 0x11, 0x0, 0x0, 0x0, 0xd, 0xb1, 0x0, 0x0, 0xc2, 0x3, ..., 0xa3, 0xa4, 0xa5}
1.840145 : 1020: {0x7c, 0x7c, 0x7c, 0x7c, 0x39, 0x2, 0x0, 0x0, 0x0, 0x50, 0x11, 0x0, 0x0, 0x0, 0xd, 0xb1, 0x0, 0x0, 0xc2, 0x3, ..., 0xa2, 0xa2, 0xa2}
1.843205 : 1020: {0x7c, 0x7c, 0x7c, 0x7c, 0x39, 0x2, 0x0, 0x0, 0x0, 0x50, 0x11, 0x0, 0x0, 0x0, 0xd, 0xb1, 0x0, 0x0, 0xc2, 0x3, ..., 0x9a, 0x9a, 0x9a}
1.846302 : 1020: {0x7c, 0x7c, 0x7c, 0x7c, 0x39, 0x2, 0x0, 0x0, 0x0, 0x50, 0x11, 0x0, 0x0, 0x0, 0xd, 0xb1, 0x0, 0x0, 0xc2, 0x3, ..., 0x8f, 0x8f, 0x8d}
1.848693 : 578: {0x7c, 0x7c, 0x7c, 0x7c, 0x39, 0x2, 0x0, 0x0, 0x0, 0x50, 0x11, 0x0, 0x0, 0x0, 0xd, 0xb1, 0x0, 0x0, 0xc2, 0x3, ..., 0xd1, 0xcf, 0xc5}
1.848752 : Error parsing incoming data: out of buffer
1.851522 : 714: {0x8f, 0x8e, 0x88, 0x7f, 0x8c, 0x96, 0x9a, 0x9a, 0x97, 0x8f, 0x8e, 0x97, 0x9c, 0x9f, 0x9e, 0x9c, 0x9a, 0x99, 0x9a, 0x9a, ..., 0x7d, 0x7d, 0x7c}
1.851578 : dispatching packet: 
1.851614 : 569: {0x50, 0x11, 0x0, 0x0, 0x0, 0xd, 0xb1, 0x0, 0x0, 0xc2, 0x3, 0x0, 0x0, 0xb, 0x0, 0x0, 0x0, 0x1c, 0x0, 0x0, ..., 0x7d, 0x7d, 0x7c}
1.854182 : 1020: {0x7c, 0x7c, 0x7c, 0x7c, 0x39, 0x2, 0x0, 0x0, 0x0, 0x50, 0x11, 0x0, 0x0, 0x0, 0xd, 0xb1, 0x0, 0x0, 0xc2, 0x3, ..., 0x7a, 0x78, 0x78}
1.854238 : dispatching packet: 
1.854274 : 569: {0x50, 0x11, 0x0, 0x0, 0x0, 0xd, 0xb1, 0x0, 0x0, 0xc2, 0x3, 0x0, 0x0, 0xc, 0x0, 0x0, 0x0, 0x1c, 0x0, 0x0, ..., 0x9f, 0xa2, 0xa4}
1.857103 : 136: {0x74, 0x74, 0x74, 0x74, 0x74, 0x75, 0x75, 0x74, 0x73, 0x70, 0x6e, 0x6d, 0x6d, 0x6d, 0x6c, 0x68, 0x62, 0x5a, 0x55, 0x56, ..., 0x73, 0x75, 0x78}
1.857150 : dispatching packet: 
1.857182 : 569: {0x50, 0x11, 0x0, 0x0, 0x0, 0xd, 0xb1, 0x0, 0x0, 0xc2, 0x3, 0x0, 0x0, 0xc, 0x0, 0x0, 0x0, 0x1c, 0x0, 0x0, ..., 0x73, 0x75, 0x78}
1.860010 : 1020: {0x7c, 0x7c, 0x7c, 0x7c, 0x39, 0x2, 0x0, 0x0, 0x0, 0x50, 0x11, 0x0, 0x0, 0x0, 0xd, 0xb1, 0x0, 0x0, 0xc2, 0x3, ..., 0x67, 0x6a, 0x6c}
1.860064 : dispatching packet: 
1.860090 : 569: {0x50, 0x11, 0x0, 0x0, 0x0, 0xd, 0xb1, 0x0, 0x0, 0xc2, 0x3, 0x0, 0x0, 0xe, 0x0, 0x0, 0x0, 0x1c, 0x0, 0x0, ..., 0xad, 0xab, 0xa7}
1.862833 : 1020: {0x7c, 0x7c, 0x7c, 0x7c, 0x39, 0x2, 0x0, 0x0, 0x0, 0x50, 0x11, 0x0, 0x0, 0x0, 0xd, 0xb1, 0x0, 0x0, 0xc2, 0x3, ..., 0x5f, 0x5e, 0x5e}
1.862881 : dispatching packet: 
1.862904 : 569: {0x50, 0x11, 0x0, 0x0, 0x0, 0xd, 0xb1, 0x0, 0x0, 0xc2, 0x3, 0x0, 0x0, 0xe, 0x0, 0x0, 0x0, 0x1c, 0x0, 0x0, ..., 0x6f, 0x6d, 0x6b}
1.862932 : Error parsing incoming data: lost bytes
1.862945 : dispatching packet: 
1.862960 : 10: {0x7f, 0x7c, 0x78, 0x74, 0x75, 0x78, 0x7c, 0x81, 0x83, 0x83, }
1.862976 : Error parsing incoming data: lost bytes
1.862999 : do_dispatch_packet, 84 -- we did not find a handler for this package
1.863044 : Error parsing incoming data: lost bytes
1.863070 : 10: {0x7f, 0x7c, 0x78, 0x74, 0x75, 0x78, 0x7c, 0x81, 0x83, 0x83, }
1.863111 : Error parsing incoming data: lost bytes
1.863127 : Error parsing incoming data: CRC error
1.863138 : Error parsing incoming data: CRC error
1.863150 : Error parsing incoming data: lost bytes
1.863160 : Error parsing incoming data: lost bytes
1.863182 : Error parsing incoming data: CRC error
1.865622 : 578: {0x7c, 0x7c, 0x7c, 0x7c, 0x39, 0x2, 0x0, 0x0, 0x0, 0x50, 0x11, 0x0, 0x0, 0x0, 0xd, 0xb1, 0x0, 0x0, 0xc2, 0x3, ..., 0xa2, 0x9d, 0x97}
1.865671 : dispatching packet: 
1.865693 : 569: {0x50, 0x11, 0x0, 0x0, 0x0, 0xd, 0xb1, 0x0, 0x0, 0xc2, 0x3, 0x0, 0x0, 0xf, 0x0, 0x0, 0x0, 0x1c, 0x0, 0x0, ..., 0x5e, 0x62, 0x65}
1.865718 : Error parsing incoming data: lost bytes
1.865730 : Error parsing incoming data: CRC error
1.865751 : Error parsing incoming data: lost bytes
1.865780 : Error parsing incoming data: CRC error
1.865800 : Error parsing incoming data: CRC error
1.868554 : 578: {0x7c, 0x7c, 0x7c, 0x7c, 0x39, 0x2, 0x0, 0x0, 0x0, 0x50, 0x11, 0x0, 0x0, 0x0, 0xd, 0xb1, 0x0, 0x0, 0xc2, 0x3, ..., 0x6c, 0x6c, 0x6c}
1.868614 : dispatching packet: 
1.868642 : 569: {0x50, 0x11, 0x0, 0x0, 0x0, 0xd, 0xb1, 0x0, 0x0, 0xc2, 0x3, 0x0, 0x0, 0x11, 0x0, 0x0, 0x0, 0x1c, 0x0, 0x0, ..., 0x6c, 0x6c, 0x6c}
1.872746 : 1020: {0x7c, 0x7c, 0x7c, 0x7c, 0x39, 0x2, 0x0, 0x0, 0x0, 0x50, 0x11, 0x0, 0x0, 0x0, 0xd, 0xb1, 0x0, 0x0, 0xc2, 0x3, ..., 0x5a, 0x5c, 0x5d}
1.872986 : dispatching packet: 
1.873021 : 569: {0x50, 0x11, 0x0, 0x0, 0x0, 0xd, 0xb1, 0x0, 0x0, 0xc2, 0x3, 0x0, 0x0, 0x12, 0x0, 0x0, 0x0, 0x1c, 0x0, 0x0, ..., 0xa9, 0xa6, 0xa0}
1.874304 : 1020: {0x7c, 0x7c, 0x7c, 0x7c, 0x39, 0x2, 0x0, 0x0, 0x0, 0x50, 0x11, 0x0, 0x0, 0x0, 0xd, 0xb1, 0x0, 0x0, 0xc2, 0x3, ..., 0x37, 0x33, 0x37}
1.874364 : dispatching packet: 
1.874392 : 569: {0x50, 0x11, 0x0, 0x0, 0x0, 0xd, 0xb1, 0x0, 0x0, 0xc2, 0x3, 0x0, 0x0, 0x12, 0x0, 0x0, 0x0, 0x1c, 0x0, 0x0, ..., 0x52, 0x4f, 0x51}
1.874444 : Error parsing incoming data: CRC error
1.874493 : Error parsing incoming data: lost bytes
1.877044 : 1020: {0x7c, 0x7c, 0x7c, 0x7c, 0x39, 0x2, 0x0, 0x0, 0x0, 0x50, 0x11, 0x0, 0x0, 0x0, 0xd, 0xb1, 0x0, 0x0, 0xc2, 0x3, ..., 0x4f, 0x50, 0x51}
1.877088 : dispatching packet: 
1.877114 : 569: {0x50, 0x11, 0x0, 0x0, 0x0, 0xd, 0xb1, 0x0, 0x0, 0xc2, 0x3, 0x0, 0x0, 0x13, 0x0, 0x0, 0x0, 0x1c, 0x0, 0x0, ..., 0x56, 0x55, 0x59}
1.877145 : Error parsing incoming data: CRC error
1.877160 : Error parsing incoming data: CRC error
1.893209 : Error parsing incoming data: CRC error
1.894277 : 1020: {0x7c, 0x7c, 0x7c, 0x7c, 0x39, 0x2, 0x0, 0x0, 0x0, 0x50, 0x11, 0x0, 0x0, 0x0, 0xd, 0xb1, 0x0, 0x0, 0xc2, 0x3, ..., 0x4d, 0x50, 0x55}
1.894314 : dispatching packet: 
1.894331 : 569: {0x50, 0x11, 0x0, 0x0, 0x0, 0xd, 0xb1, 0x0, 0x0, 0xc2, 0x3, 0x0, 0x0, 0x14, 0x0, 0x0, 0x0, 0x1c, 0x0, 0x0, ..., 0x4b, 0x3e, 0x34}
1.894356 : Error parsing incoming data: lost bytes
1.894371 : Error parsing incoming data: CRC error
1.894384 : Error parsing incoming data: CRC error
1.894394 : Error parsing incoming data: lost bytes
1.894403 : Error parsing incoming data: lost bytes
1.894419 : Error parsing incoming data: lost bytes
1.894427 : Error parsing incoming data: lost bytes
1.894435 : Error parsing incoming data: lost bytes
1.894444 : Error parsing incoming data: lost bytes
1.894452 : Error parsing incoming data: lost bytes
1.894460 : Error parsing incoming data: lost bytes
1.894468 : Error parsing incoming data: CRC error
1.894476 : Error parsing incoming data: CRC error
1.894485 : Error parsing incoming data: lost bytes
1.897072 : 578: {0x7c, 0x7c, 0x7c, 0x7c, 0x39, 0x2, 0x0, 0x0, 0x0, 0x50, 0x11, 0x0, 0x0, 0x0, 0xd, 0xb1, 0x0, 0x0, 0xc2, 0x3, ..., 0x55, 0x53, 0x53}
1.897107 : dispatching packet: 
1.897130 : 569: {0x50, 0x11, 0x0, 0x0, 0x0, 0xd, 0xb1, 0x0, 0x0, 0xc2, 0x3, 0x0, 0x0, 0x1a, 0x0, 0x0, 0x0, 0x1c, 0x0, 0x0, ..., 0x85, 0x87, 0x89}
1.897154 : Error parsing incoming data: CRC error
1.897166 : Error parsing incoming data: CRC error
1.897177 : Error parsing incoming data: incomplete packer
1.897187 : Error parsing incoming data: incomplete packer
1.897729 : 36: {0x7d, 0x50, 0x6c, 0xa1, 0x75, 0x23, 0xd, 0xb1, 0x0, 0x0, 0x0, 0x0, 0x0, 0x0, 0xbe, 0xae, 0xa7, 0x41, 0x66, 0x3f, ..., 0x3f, 0xc1, 0x7e}
1.897756 : Error parsing incoming data: lost bytes
1.897780 : dispatching packet: 
1.897804 : 33: {0x50, 0x6c, 0xa1, 0x75, 0x23, 0xd, 0xb1, 0x0, 0x0, 0x0, 0x0, 0x0, 0x0, 0xbe, 0xae, 0xa7, 0x41, 0x66, 0x3f, 0x22, ..., 0xd2, 0xaf, 0x3f}
1.897954 : 32: {0x7d, 0x50, 0x26, 0xfe, 0x75, 0x23, 0xd, 0xb1, 0x0, 0x0, 0x0, 0x0, 0x0, 0x0, 0x15, 0x0, 0x0, 0x0, 0x66, 0x3f, ..., 0x0, 0x56, 0x7e}
1.898157 : dispatching packet: 
1.898183 : 29: {0x50, 0x26, 0xfe, 0x75, 0x23, 0xd, 0xb1, 0x0, 0x0, 0x0, 0x0, 0x0, 0x0, 0x15, 0x0, 0x0, 0x0, 0x66, 0x3f, 0x22, ..., 0x0, 0x0, 0x0}
1.898364 : 262: {0x7c, 0x7c, 0x7c, 0x7c, 0xfd, 0x0, 0x0, 0x0, 0x0, 0x50, 0xd, 0x0, 0x0, 0x0, 0xe, 0xb1, 0x0, 0x0, 0x1c, 0x0, ..., 0xdb, 0x31, 0xc0}
1.898382 : dispatching packet: 
1.898556 : 253: {0x50, 0xd, 0x0, 0x0, 0x0, 0xe, 0xb1, 0x0, 0x0, 0x1c, 0x0, 0x0, 0x0, 0x18, 0xb3, 0x52, 0x3d, 0xa1, 0xce, 0x2d, ..., 0xdb, 0x31, 0xc0}
1.898607 : 32: {0x7d, 0x50, 0x26, 0xfe, 0x75, 0x23, 0xd, 0xb1, 0x0, 0x0, 0x0, 0x0, 0x0, 0x0, 0x15, 0x0, 0x0, 0x0, 0x66, 0x3f, ..., 0x0, 0x52, 0x7e}
1.898628 : dispatching packet: 
1.898765 : 29: {0x50, 0x26, 0xfe, 0x75, 0x23, 0xd, 0xb1, 0x0, 0x0, 0x0, 0x0, 0x0, 0x0, 0x15, 0x0, 0x0, 0x0, 0x66, 0x3f, 0x22, ..., 0x0, 0x0, 0x0}
1.938404 : 32: {0x7d, 0x50, 0x26, 0xfe, 0x75, 0x23, 0xd, 0xb1, 0x0, 0x0, 0x0, 0x0, 0x0, 0x0, 0x15, 0x0, 0x0, 0x0, 0x66, 0x3f, ..., 0x0, 0x3f, 0x7e}
1.938746 : dispatching packet: 
1.938796 : 29: {0x50, 0x26, 0xfe, 0x75, 0x23, 0xd, 0xb1, 0x0, 0x0, 0x0, 0x0, 0x0, 0x0, 0x15, 0x0, 0x0, 0x0, 0x66, 0x3f, 0x22, ..., 0x0, 0x0, 0x0}
1.995251 : 32: {0x7d, 0x50, 0x26, 0xfe, 0x75, 0x23, 0xd, 0xb1, 0x0, 0x0, 0x0, 0x0, 0x0, 0x0, 0x15, 0x0, 0x0, 0x0, 0x66, 0x3f, ..., 0x0, 0x69, 0x7e}
1.995306 : dispatching packet: 
1.995382 : 29: {0x50, 0x26, 0xfe, 0x75, 0x23, 0xd, 0xb1, 0x0, 0x0, 0x0, 0x0, 0x0, 0x0, 0x15, 0x0, 0x0, 0x0, 0x66, 0x3f, 0x22, ..., 0x0, 0x0, 0x0}
2.008489 : Timeout waiting for response
2.008939 : ping -- end
2.009416 : unsubscribe -- begin
2.009489 : unsubscribe -- end
2.009630 : task ending: recorder
2.009836 : ~ActiveThread: recorder
2.009933 : ~RadarInterface -- begin
2.009958 : ~RadarInterface -- end
2.009978 : ~RadarCommunicator -- begin
2.010096 : task ending: writer
2.010220 : ~ActiveThread: writer
2.032677 : task ending: reader
2.032792 : ~ActiveThread: reader
2.032822 : Closing: /dev/cu.usbmodem1411
2.032877 : ~RadarCommunicator -- end
2.032910 : ~PacketDispatcher -- begin
2.032934 : task ending: dispatcher
2.032988 : ~PacketDispatcher -- end
2.033009 : ~ActiveThread: dispatcher
2.033026 : ~StdoutLogger
