0.000002 : createing logger StdoutLogger
0.000439 : RadarCommunicator: 28
0.000482 : parser constructor
0.000505 : RadarInterface - base -- begin
0.000521 : log_trace -- begin
0.000548 : log_trace -- end
0.000564 : git sha: 3ae25d11eed0
0.000577 : build date: 2017-11-28 11:32:05
0.000589 : subscribe_to_presence_single -- begin
0.000615 : subscribe_to_presence_single -- end
0.000631 : subscribe_to_presence_movinglist -- begin
0.000657 : subscribe_to_presence_movinglist -- end
0.000674 : subscribe_to_data_float -- begin
0.000698 : subscribe_to_data_float -- end
0.000715 : subscribe_to_data_string -- begin
0.000734 : subscribe_to_data_string -- end
0.000749 : subscribe_to_data_byte -- begin
0.000782 : subscribe_to_data_byte -- end
0.000802 : subscribe_to_baseband_iq -- begin
0.000826 : subscribe_to_baseband_iq -- end
0.000842 : subscribe_to_baseband_ap -- begin
0.000860 : subscribe_to_baseband_ap -- end
0.000882 : subscribe_to_pulsedoppler_float -- begin
0.000898 : subscribe_to_pulsedoppler_float -- end
0.000911 : subscribe_to_noisemap_float -- begin
0.000935 : subscribe_to_noisemap_float -- end
0.000959 : subscribe_to_pulsedoppler_byte -- begin
0.000980 : subscribe_to_pulsedoppler_byte -- end
0.000995 : subscribe_to_noisemap_byte -- begin
0.001015 : subscribe_to_noisemap_byte -- end
0.001030 : subscribe_to_system_status -- begin
0.001049 : subscribe_to_system_status -- end
0.001062 : subscribe_to_resp_status -- begin
0.001080 : subscribe_to_resp_status -- end
0.001093 : subscribe_to_sleep_status -- begin
0.005989 : subscribe_to_sleep_status -- end
0.006032 : subscribe_to_respiration_movinglist -- begin
0.006062 : subscribe_to_respiration_movinglist -- end
0.006080 : subscribe_to_respiration_detectionlist -- begin
0.006108 : subscribe_to_respiration_detectionlist -- end
0.006125 : open -- begin
0.006138 : creating LinuxModuleIo
0.006259 : LinuxModuleIo::open /dev/cu.usbmodem1411 -- begin
0.007192 : LinuxModuleIo::open /dev/cu.usbmodem1411 -- end
0.007227 : open -- end
0.007242 : RadarInterface - base -- end
0.007322 : subscribe_to_radar_settings -- begin
0.007353 : subscribe_to_radar_settings -- end
0.007367 : ping -- begin
0.007393 : sending: 
0.007411 : 8: {0x7d, 0x1, 0xae, 0xea, 0xaa, 0xee, 0x7c, 0x7e, }
0.007428 : sent
0.045532 : 32: {0x7d, 0x50, 0x26, 0xfe, 0x75, 0x23, 0x93, 0x21, 0x0, 0x0, 0x0, 0x0, 0x0, 0x0, 0x16, 0x0, 0x0, 0x0, 0x2d, 0x7a, ..., 0x0, 0xd3, 0x7e}
0.045580 : dispatching packet: 
0.045616 : 29: {0x50, 0x26, 0xfe, 0x75, 0x23, 0x93, 0x21, 0x0, 0x0, 0x0, 0x0, 0x0, 0x0, 0x16, 0x0, 0x0, 0x0, 0x2d, 0x7a, 0x24, ..., 0x0, 0x0, 0x0}
0.105956 : 136: {0x90, 0x90, 0x90, 0x90, 0x8f, 0x8d, 0x8c, 0x8a, 0x89, 0x87, 0x88, 0x89, 0x8a, 0x89, 0x88, 0x89, 0x8b, 0x8e, 0x90, 0x91, ..., 0x5b, 0x64, 0x6c}
0.106010 : Error parsing incoming data: lost bytes
0.106039 : Error parsing incoming data: lost bytes
0.106078 : Error parsing incoming data: lost bytes
0.106254 : Error parsing incoming data: lost bytes
0.108008 : 578: {0x7c, 0x7c, 0x7c, 0x7c, 0x39, 0x2, 0x0, 0x0, 0x0, 0x50, 0x11, 0x0, 0x0, 0x0, 0xa4, 0x21, 0x0, 0x0, 0xd2, 0x0, ..., 0x62, 0x68, 0x73}
0.108052 : dispatching packet: 
0.108083 : 569: {0x50, 0x11, 0x0, 0x0, 0x0, 0xa4, 0x21, 0x0, 0x0, 0xd2, 0x0, 0x0, 0x0, 0x1, 0x0, 0x0, 0x0, 0x1c, 0x0, 0x0, ..., 0x62, 0x68, 0x73}
0.110972 : 1020: {0x7c, 0x7c, 0x7c, 0x7c, 0x39, 0x2, 0x0, 0x0, 0x0, 0x50, 0x11, 0x0, 0x0, 0x0, 0xa4, 0x21, 0x0, 0x0, 0xd2, 0x0, ..., 0x84, 0x82, 0x80}
0.111021 : dispatching packet: 
0.111071 : 569: {0x50, 0x11, 0x0, 0x0, 0x0, 0xa4, 0x21, 0x0, 0x0, 0xd2, 0x0, 0x0, 0x0, 0x2, 0x0, 0x0, 0x0, 0x1c, 0x0, 0x0, ..., 0xbf, 0xbf, 0xbc}
0.111132 : 136: {0x7e, 0x7f, 0x81, 0x82, 0x81, 0x7c, 0x76, 0x77, 0x7a, 0x79, 0x76, 0x73, 0x73, 0x71, 0x6d, 0x69, 0x69, 0x69, 0x6e, 0x74, ..., 0x75, 0x73, 0x68}
0.111155 : dispatching packet: 
0.111179 : 569: {0x50, 0x11, 0x0, 0x0, 0x0, 0xa4, 0x21, 0x0, 0x0, 0xd2, 0x0, 0x0, 0x0, 0x2, 0x0, 0x0, 0x0, 0x1c, 0x0, 0x0, ..., 0x75, 0x73, 0x68}
0.116207 : 578: {0x7c, 0x7c, 0x7c, 0x7c, 0x39, 0x2, 0x0, 0x0, 0x0, 0x50, 0x11, 0x0, 0x0, 0x0, 0xa4, 0x21, 0x0, 0x0, 0xd2, 0x0, ..., 0xc8, 0xc8, 0xc5}
0.119269 : dispatching packet: 
0.119314 : 569: {0x50, 0x11, 0x0, 0x0, 0x0, 0xa4, 0x21, 0x0, 0x0, 0xd2, 0x0, 0x0, 0x0, 0x4, 0x0, 0x0, 0x0, 0x1c, 0x0, 0x0, ..., 0xc8, 0xc8, 0xc5}
0.119389 : 136: {0x95, 0x95, 0x93, 0x91, 0x8f, 0x91, 0x92, 0x92, 0x91, 0x8f, 0x8e, 0x8b, 0x89, 0x89, 0x88, 0x87, 0x86, 0x89, 0x8b, 0x8d, ..., 0x80, 0x7d, 0x77}
0.119414 : Error parsing incoming data: lost bytes
0.119437 : Error parsing incoming data: lost bytes
0.119452 : dispatching packet: 
0.119468 : 6: {0x7e, 0x81, 0x82, 0x7a, 0x76, 0x77, }
0.119489 : Error parsing incoming data: incomplete packer
0.119503 : Error parsing incoming data: lost bytes
0.119519 : Error parsing incoming data: CRC error
0.119539 : do_dispatch_packet, 84 -- we did not find a handler for this package
0.119574 : 6: {0x7e, 0x81, 0x82, 0x7a, 0x76, 0x77, }
0.119598 : Error parsing incoming data: lost bytes
0.122066 : 1020: {0x7c, 0x7c, 0x7c, 0x7c, 0x39, 0x2, 0x0, 0x0, 0x0, 0x50, 0x11, 0x0, 0x0, 0x0, 0xa4, 0x21, 0x0, 0x0, 0xd2, 0x0, ..., 0x92, 0x95, 0x98}
0.122122 : dispatching packet: 
0.122171 : 569: {0x50, 0x11, 0x0, 0x0, 0x0, 0xa4, 0x21, 0x0, 0x0, 0xd2, 0x0, 0x0, 0x0, 0x6, 0x0, 0x0, 0x0, 0x1c, 0x0, 0x0, ..., 0xdb, 0xd8, 0xd1}
0.124972 : 136: {0x96, 0x95, 0x92, 0x92, 0x93, 0x95, 0x95, 0x94, 0x93, 0x93, 0x93, 0x92, 0x92, 0x93, 0x94, 0x95, 0x96, 0x97, 0x97, 0x97, ..., 0x88, 0x86, 0x83}
0.125069 : dispatching packet: 
0.125107 : 569: {0x50, 0x11, 0x0, 0x0, 0x0, 0xa4, 0x21, 0x0, 0x0, 0xd2, 0x0, 0x0, 0x0, 0x6, 0x0, 0x0, 0x0, 0x1c, 0x0, 0x0, ..., 0x88, 0x86, 0x83}
0.127983 : 1020: {0x7c, 0x7c, 0x7c, 0x7c, 0x39, 0x2, 0x0, 0x0, 0x0, 0x50, 0x11, 0x0, 0x0, 0x0, 0xa4, 0x21, 0x0, 0x0, 0xd2, 0x0, ..., 0x90, 0x90, 0x91}
0.128092 : dispatching packet: 
0.128131 : 569: {0x50, 0x11, 0x0, 0x0, 0x0, 0xa4, 0x21, 0x0, 0x0, 0xd2, 0x0, 0x0, 0x0, 0x8, 0x0, 0x0, 0x0, 0x1c, 0x0, 0x0, ..., 0xd8, 0xd7, 0xd1}
0.130808 : 136: {0x92, 0x92, 0x91, 0x8f, 0x8e, 0x8f, 0x90, 0x8f, 0x8e, 0x8e, 0x8e, 0x8c, 0x8b, 0x8b, 0x8a, 0x89, 0x88, 0x88, 0x89, 0x89, ..., 0x61, 0x71, 0x77}
0.130866 : dispatching packet: 
0.130901 : 569: {0x50, 0x11, 0x0, 0x0, 0x0, 0xa4, 0x21, 0x0, 0x0, 0xd2, 0x0, 0x0, 0x0, 0x8, 0x0, 0x0, 0x0, 0x1c, 0x0, 0x0, ..., 0x61, 0x71, 0x77}
0.133625 : 578: {0x7c, 0x7c, 0x7c, 0x7c, 0x39, 0x2, 0x0, 0x0, 0x0, 0x50, 0x11, 0x0, 0x0, 0x0, 0xa4, 0x21, 0x0, 0x0, 0xd2, 0x0, ..., 0xd0, 0xcf, 0xcb}
0.133673 : dispatching packet: 
0.133935 : 569: {0x50, 0x11, 0x0, 0x0, 0x0, 0xa4, 0x21, 0x0, 0x0, 0xd2, 0x0, 0x0, 0x0, 0xa, 0x0, 0x0, 0x0, 0x1c, 0x0, 0x0, ..., 0xd0, 0xcf, 0xcb}
0.136469 : 578: {0x7c, 0x7c, 0x7c, 0x7c, 0x39, 0x2, 0x0, 0x0, 0x0, 0x50, 0x11, 0x0, 0x0, 0x0, 0xa4, 0x21, 0x0, 0x0, 0xd2, 0x0, ..., 0xc3, 0xc3, 0xbf}
0.136573 : dispatching packet: 
0.136625 : 569: {0x50, 0x11, 0x0, 0x0, 0x0, 0xa4, 0x21, 0x0, 0x0, 0xd2, 0x0, 0x0, 0x0, 0xb, 0x0, 0x0, 0x0, 0x1c, 0x0, 0x0, ..., 0xc3, 0xc3, 0xbf}
0.139288 : 136: {0x76, 0x77, 0x76, 0x73, 0x73, 0x72, 0x70, 0x70, 0x74, 0x76, 0x76, 0x75, 0x74, 0x71, 0x6e, 0x70, 0x75, 0x78, 0x78, 0x78, ..., 0x7b, 0x7c, 0x7b}
0.139324 : Error parsing incoming data: lost bytes
0.139350 : Error parsing incoming data: lost bytes
0.139364 : Error parsing incoming data: incomplete packer
0.139378 : Error parsing incoming data: incomplete packer
0.139391 : Error parsing incoming data: lost bytes
0.139419 : Error parsing incoming data: incomplete packer
0.139436 : Error parsing incoming data: CRC error
0.139478 : Error parsing incoming data: incomplete packer
0.139497 : Error parsing incoming data: lost bytes
0.139512 : Error parsing incoming data: lost bytes
0.139543 : Error parsing incoming data: incomplete packer
0.139586 : Error parsing incoming data: incomplete packer
0.139617 : Error parsing incoming data: lost bytes
0.139656 : Error parsing incoming data: incomplete packer
0.139917 : Error parsing incoming data: lost bytes
0.139938 : Error parsing incoming data: lost bytes
0.142389 : 1020: {0x7c, 0x7c, 0x7c, 0x7c, 0x39, 0x2, 0x0, 0x0, 0x0, 0x50, 0x11, 0x0, 0x0, 0x0, 0xa4, 0x21, 0x0, 0x0, 0xd2, 0x0, ..., 0x66, 0x5e, 0x58}
0.142504 : dispatching packet: 
0.142624 : 569: {0x50, 0x11, 0x0, 0x0, 0x0, 0xa4, 0x21, 0x0, 0x0, 0xd2, 0x0, 0x0, 0x0, 0xd, 0x0, 0x0, 0x0, 0x1c, 0x0, 0x0, ..., 0xa9, 0xaa, 0xa7}
0.145085 : 136: {0x42, 0x48, 0x4e, 0x4d, 0x46, 0x39, 0x3e, 0x4a, 0x52, 0x58, 0x5b, 0x5a, 0x54, 0x40, 0x4c, 0x5a, 0x60, 0x63, 0x63, 0x61, ..., 0x73, 0x73, 0x73}
0.145199 : dispatching packet: 
0.145232 : 569: {0x50, 0x11, 0x0, 0x0, 0x0, 0xa4, 0x21, 0x0, 0x0, 0xd2, 0x0, 0x0, 0x0, 0xd, 0x0, 0x0, 0x0, 0x1c, 0x0, 0x0, ..., 0x73, 0x73, 0x73}
0.147914 : 1020: {0x7c, 0x7c, 0x7c, 0x7c, 0x39, 0x2, 0x0, 0x0, 0x0, 0x50, 0x11, 0x0, 0x0, 0x0, 0xa4, 0x21, 0x0, 0x0, 0xd2, 0x0, ..., 0x64, 0x68, 0x68}
0.147990 : dispatching packet: 
0.148080 : 569: {0x50, 0x11, 0x0, 0x0, 0x0, 0xa4, 0x21, 0x0, 0x0, 0xd2, 0x0, 0x0, 0x0, 0xf, 0x0, 0x0, 0x0, 0x1c, 0x0, 0x0, ..., 0xa4, 0xa4, 0x9f}
0.150613 : 578: {0x7c, 0x7c, 0x7c, 0x7c, 0x39, 0x2, 0x0, 0x0, 0x0, 0x50, 0x11, 0x0, 0x0, 0x0, 0xa4, 0x21, 0x0, 0x0, 0xd2, 0x0, ..., 0x9e, 0x9d, 0x96}
0.150657 : dispatching packet: 
0.150689 : 569: {0x50, 0x11, 0x0, 0x0, 0x0, 0xa4, 0x21, 0x0, 0x0, 0xd2, 0x0, 0x0, 0x0, 0xf, 0x0, 0x0, 0x0, 0x1c, 0x0, 0x0, ..., 0x5b, 0x5d, 0x5e}
0.150757 : Error parsing incoming data: lost bytes
0.150776 : Error parsing incoming data: CRC error
0.150788 : Error parsing incoming data: lost bytes
0.150814 : Error parsing incoming data: lost bytes
0.150828 : Error parsing incoming data: incomplete packer
0.150870 : Error parsing incoming data: lost bytes
0.150922 : Error parsing incoming data: lost bytes
0.150941 : Error parsing incoming data: CRC error
0.150955 : Error parsing incoming data: CRC error
0.150971 : Error parsing incoming data: CRC error
0.153427 : 578: {0x7c, 0x7c, 0x7c, 0x7c, 0x39, 0x2, 0x0, 0x0, 0x0, 0x50, 0x11, 0x0, 0x0, 0x0, 0xa4, 0x21, 0x0, 0x0, 0xd2, 0x0, ..., 0x97, 0x97, 0x92}
0.153451 : dispatching packet: 
0.153507 : 569: {0x50, 0x11, 0x0, 0x0, 0x0, 0xa4, 0x21, 0x0, 0x0, 0xd2, 0x0, 0x0, 0x0, 0x11, 0x0, 0x0, 0x0, 0x1c, 0x0, 0x0, ..., 0x97, 0x97, 0x92}
0.156275 : 578: {0x7c, 0x7c, 0x7c, 0x7c, 0x39, 0x2, 0x0, 0x0, 0x0, 0x50, 0x11, 0x0, 0x0, 0x0, 0xa4, 0x21, 0x0, 0x0, 0xd2, 0x0, ..., 0x88, 0x89, 0x89}
0.156356 : dispatching packet: 
0.156389 : 569: {0x50, 0x11, 0x0, 0x0, 0x0, 0xa4, 0x21, 0x0, 0x0, 0xd2, 0x0, 0x0, 0x0, 0x12, 0x0, 0x0, 0x0, 0x1c, 0x0, 0x0, ..., 0x88, 0x89, 0x89}
0.159356 : 1020: {0x7c, 0x7c, 0x7c, 0x7c, 0x39, 0x2, 0x0, 0x0, 0x0, 0x50, 0x11, 0x0, 0x0, 0x0, 0xa4, 0x21, 0x0, 0x0, 0xd2, 0x0, ..., 0x4a, 0x43, 0x54}
0.159546 : dispatching packet: 
0.159598 : 569: {0x50, 0x11, 0x0, 0x0, 0x0, 0xa4, 0x21, 0x0, 0x0, 0xd2, 0x0, 0x0, 0x0, 0x13, 0x0, 0x0, 0x0, 0x1c, 0x0, 0x0, ..., 0x74, 0x7f, 0x89}
0.161976 : 578: {0x7c, 0x7c, 0x7c, 0x7c, 0x39, 0x2, 0x0, 0x0, 0x0, 0x50, 0x11, 0x0, 0x0, 0x0, 0xa4, 0x21, 0x0, 0x0, 0xd2, 0x0, ..., 0x81, 0x7e, 0x89}
0.162018 : dispatching packet: 
0.162052 : 569: {0x50, 0x11, 0x0, 0x0, 0x0, 0xa4, 0x21, 0x0, 0x0, 0xd2, 0x0, 0x0, 0x0, 0x13, 0x0, 0x0, 0x0, 0x1c, 0x0, 0x0, ..., 0x61, 0x61, 0x61}
0.162102 : Error parsing incoming data: lost bytes
0.162171 : Error parsing incoming data: CRC error
0.162188 : Error parsing incoming data: lost bytes
0.162202 : Error parsing incoming data: lost bytes
0.162216 : Error parsing incoming data: incomplete packer
0.162229 : Error parsing incoming data: lost bytes
0.162242 : Error parsing incoming data: CRC error
0.165162 : 136: {0x62, 0x63, 0x62, 0x5e, 0x56, 0x4b, 0x39, 0x40, 0x52, 0x59, 0x5b, 0x5b, 0x5b, 0x60, 0x63, 0x64, 0x64, 0x65, 0x67, 0x69, ..., 0x56, 0x60, 0x67}
0.173584 : 1020: {0x7c, 0x7c, 0x7c, 0x7c, 0x39, 0x2, 0x0, 0x0, 0x0, 0x50, 0x11, 0x0, 0x0, 0x0, 0xa4, 0x21, 0x0, 0x0, 0xd2, 0x0, ..., 0x6d, 0x6c, 0x6a}
0.173994 : dispatching packet: 
0.174126 : 569: {0x50, 0x11, 0x0, 0x0, 0x0, 0xa4, 0x21, 0x0, 0x0, 0xd2, 0x0, 0x0, 0x0, 0x18, 0x0, 0x0, 0x0, 0x1c, 0x0, 0x0, ..., 0xa6, 0xa8, 0xa4}
0.176602 : 1020: {0x7c, 0x7c, 0x7c, 0x7c, 0x39, 0x2, 0x0, 0x0, 0x0, 0x50, 0x11, 0x0, 0x0, 0x0, 0xa4, 0x21, 0x0, 0x0, 0xd2, 0x0, ..., 0x67, 0x69, 0x6b}
0.176650 : dispatching packet: 
0.176686 : 569: {0x50, 0x11, 0x0, 0x0, 0x0, 0xa4, 0x21, 0x0, 0x0, 0xd2, 0x0, 0x0, 0x0, 0x18, 0x0, 0x0, 0x0, 0x1c, 0x0, 0x0, ..., 0x66, 0x64, 0x60}
0.176745 : Error parsing incoming data: lost bytes
0.176764 : Error parsing incoming data: CRC error
0.176782 : Error parsing incoming data: lost bytes
0.176798 : Error parsing incoming data: lost bytes
0.176812 : Error parsing incoming data: CRC error
0.176826 : Error parsing incoming data: CRC error
0.176840 : Error parsing incoming data: CRC error
0.176855 : Error parsing incoming data: lost bytes
0.179149 : 578: {0x7c, 0x7c, 0x7c, 0x7c, 0x39, 0x2, 0x0, 0x0, 0x0, 0x50, 0x11, 0x0, 0x0, 0x0, 0xa4, 0x21, 0x0, 0x0, 0xd2, 0x0, ..., 0x99, 0x99, 0x95}
0.186019 : dispatching packet: 
0.186055 : 569: {0x50, 0x11, 0x0, 0x0, 0x0, 0xa4, 0x21, 0x0, 0x0, 0xd2, 0x0, 0x0, 0x0, 0x19, 0x0, 0x0, 0x0, 0x1c, 0x0, 0x0, ..., 0x5a, 0x58, 0x4f}
0.186088 : Error parsing incoming data: CRC error
0.186102 : Error parsing incoming data: lost bytes
0.186115 : Error parsing incoming data: incomplete packer
0.221113 : 262: {0x7c, 0x7c, 0x7c, 0x7c, 0xfd, 0x0, 0x0, 0x0, 0x0, 0x50, 0xd, 0x0, 0x0, 0x0, 0xa6, 0x21, 0x0, 0x0, 0x1c, 0x0, ..., 0xea, 0x46, 0xc0}
0.221181 : dispatching packet: 
0.221220 : 253: {0x50, 0xd, 0x0, 0x0, 0x0, 0xa6, 0x21, 0x0, 0x0, 0x1c, 0x0, 0x0, 0x0, 0x18, 0xb3, 0x52, 0x3d, 0xa1, 0xce, 0x2d, ..., 0xea, 0x46, 0xc0}
0.338422 : 262: {0x7c, 0x7c, 0x7c, 0x7c, 0xfd, 0x0, 0x0, 0x0, 0x0, 0x50, 0xd, 0x0, 0x0, 0x0, 0xa8, 0x21, 0x0, 0x0, 0x1c, 0x0, ..., 0x2f, 0x42, 0xc0}
0.338491 : dispatching packet: 
0.338589 : 253: {0x50, 0xd, 0x0, 0x0, 0x0, 0xa8, 0x21, 0x0, 0x0, 0x1c, 0x0, 0x0, 0x0, 0x18, 0xb3, 0x52, 0x3d, 0xa1, 0xce, 0x2d, ..., 0x2f, 0x42, 0xc0}
0.338775 : 32: {0x7d, 0x50, 0x26, 0xfe, 0x75, 0x23, 0xa4, 0x21, 0x0, 0x0, 0x0, 0x0, 0x0, 0x0, 0x16, 0x0, 0x0, 0x0, 0xa4, 0x74, ..., 0x0, 0xbd, 0x7e}
0.338815 : dispatching packet: 
0.338858 : 29: {0x50, 0x26, 0xfe, 0x75, 0x23, 0xa4, 0x21, 0x0, 0x0, 0x0, 0x0, 0x0, 0x0, 0x16, 0x0, 0x0, 0x0, 0xa4, 0x74, 0x24, ..., 0x0, 0x0, 0x0}
0.397310 : 32: {0x7d, 0x50, 0x26, 0xfe, 0x75, 0x23, 0xa4, 0x21, 0x0, 0x0, 0x0, 0x0, 0x0, 0x0, 0x16, 0x0, 0x0, 0x0, 0xa4, 0x74, ..., 0x0, 0x2b, 0x7e}
0.397385 : dispatching packet: 
0.397428 : 29: {0x50, 0x26, 0xfe, 0x75, 0x23, 0xa4, 0x21, 0x0, 0x0, 0x0, 0x0, 0x0, 0x0, 0x16, 0x0, 0x0, 0x0, 0xa4, 0x74, 0x24, ..., 0x0, 0x0, 0x0}
0.455879 : 262: {0x7c, 0x7c, 0x7c, 0x7c, 0xfd, 0x0, 0x0, 0x0, 0x0, 0x50, 0xd, 0x0, 0x0, 0x0, 0xaa, 0x21, 0x0, 0x0, 0x1c, 0x0, ..., 0x38, 0x1d, 0xc0}
0.456092 : dispatching packet: 
0.456158 : 253: {0x50, 0xd, 0x0, 0x0, 0x0, 0xaa, 0x21, 0x0, 0x0, 0x1c, 0x0, 0x0, 0x0, 0x18, 0xb3, 0x52, 0x3d, 0xa1, 0xce, 0x2d, ..., 0x38, 0x1d, 0xc0}
0.457507 : 32: {0x7d, 0x50, 0x26, 0xfe, 0x75, 0x23, 0xa4, 0x21, 0x0, 0x0, 0x0, 0x0, 0x0, 0x0, 0x16, 0x0, 0x0, 0x0, 0xa4, 0x74, ..., 0x0, 0xb4, 0x7e}
0.457550 : dispatching packet: 
0.457583 : 29: {0x50, 0x26, 0xfe, 0x75, 0x23, 0xa4, 0x21, 0x0, 0x0, 0x0, 0x0, 0x0, 0x0, 0x16, 0x0, 0x0, 0x0, 0xa4, 0x74, 0x24, ..., 0x0, 0x0, 0x0}
0.573044 : 262: {0x7c, 0x7c, 0x7c, 0x7c, 0xfd, 0x0, 0x0, 0x0, 0x0, 0x50, 0xd, 0x0, 0x0, 0x0, 0xac, 0x21, 0x0, 0x0, 0x1c, 0x0, ..., 0xa1, 0x22, 0xc0}
0.573087 : dispatching packet: 
0.573110 : 253: {0x50, 0xd, 0x0, 0x0, 0x0, 0xac, 0x21, 0x0, 0x0, 0x1c, 0x0, 0x0, 0x0, 0x18, 0xb3, 0x52, 0x3d, 0xa1, 0xce, 0x2d, ..., 0xa1, 0x22, 0xc0}
0.631578 : 262: {0x7c, 0x7c, 0x7c, 0x7c, 0xfd, 0x0, 0x0, 0x0, 0x0, 0x50, 0xd, 0x0, 0x0, 0x0, 0xad, 0x21, 0x0, 0x0, 0x1c, 0x0, ..., 0xb0, 0x1c, 0xc0}
0.631633 : dispatching packet: 
0.631666 : 253: {0x50, 0xd, 0x0, 0x0, 0x0, 0xad, 0x21, 0x0, 0x0, 0x1c, 0x0, 0x0, 0x0, 0x18, 0xb3, 0x52, 0x3d, 0xa1, 0xce, 0x2d, ..., 0xb0, 0x1c, 0xc0}
0.633247 : 260: {0x7c, 0x7c, 0x7c, 0x7c, 0x79, 0x0, 0x0, 0x0, 0x0, 0x50, 0x11, 0x0, 0x0, 0x0, 0xad, 0x21, 0x0, 0x0, 0xe0, 0x0, ..., 0x97, 0x98, 0x97}
0.633361 : dispatching packet: 
0.633419 : 121: {0x50, 0x11, 0x0, 0x0, 0x0, 0xad, 0x21, 0x0, 0x0, 0xe0, 0x0, 0x0, 0x0, 0x2, 0x0, 0x0, 0x0, 0x1c, 0x0, 0x0, ..., 0xb9, 0xb4, 0xc0}
0.633491 : dispatching packet: 
0.633521 : 121: {0x50, 0x11, 0x0, 0x0, 0x0, 0xad, 0x21, 0x0, 0x0, 0xe0, 0x0, 0x0, 0x0, 0x2, 0x0, 0x0, 0x0, 0x1c, 0x0, 0x0, ..., 0x97, 0x98, 0x97}
0.633902 : 130: {0x7c, 0x7c, 0x7c, 0x7c, 0x79, 0x0, 0x0, 0x0, 0x0, 0x50, 0x11, 0x0, 0x0, 0x0, 0xad, 0x21, 0x0, 0x0, 0xe0, 0x0, ..., 0x9d, 0x9e, 0x9e}
0.633970 : dispatching packet: 
0.633994 : 121: {0x50, 0x11, 0x0, 0x0, 0x0, 0xad, 0x21, 0x0, 0x0, 0xe0, 0x0, 0x0, 0x0, 0x3, 0x0, 0x0, 0x0, 0x1c, 0x0, 0x0, ..., 0x9d, 0x9e, 0x9e}
0.634611 : 130: {0x7c, 0x7c, 0x7c, 0x7c, 0x79, 0x0, 0x0, 0x0, 0x0, 0x50, 0x11, 0x0, 0x0, 0x0, 0xad, 0x21, 0x0, 0x0, 0xe0, 0x0, ..., 0xc1, 0xc4, 0xc1}
0.638570 : dispatching packet: 
0.638737 : 121: {0x50, 0x11, 0x0, 0x0, 0x0, 0xad, 0x21, 0x0, 0x0, 0xe0, 0x0, 0x0, 0x0, 0x4, 0x0, 0x0, 0x0, 0x1c, 0x0, 0x0, ..., 0xc1, 0xc4, 0xc1}
0.639142 : 130: {0x7c, 0x7c, 0x7c, 0x7c, 0x79, 0x0, 0x0, 0x0, 0x0, 0x50, 0x11, 0x0, 0x0, 0x0, 0xad, 0x21, 0x0, 0x0, 0xe0, 0x0, ..., 0xc9, 0xbf, 0xcd}
0.639180 : dispatching packet: 
0.639201 : 121: {0x50, 0x11, 0x0, 0x0, 0x0, 0xad, 0x21, 0x0, 0x0, 0xe0, 0x0, 0x0, 0x0, 0xa, 0x0, 0x0, 0x0, 0x1c, 0x0, 0x0, ..., 0xc9, 0xbf, 0xcd}
0.639899 : 130: {0x7c, 0x7c, 0x7c, 0x7c, 0x79, 0x0, 0x0, 0x0, 0x0, 0x50, 0x11, 0x0, 0x0, 0x0, 0xad, 0x21, 0x0, 0x0, 0xe0, 0x0, ..., 0xbc, 0xb3, 0xc0}
0.639923 : dispatching packet: 
0.639992 : 121: {0x50, 0x11, 0x0, 0x0, 0x0, 0xad, 0x21, 0x0, 0x0, 0xe0, 0x0, 0x0, 0x0, 0xb, 0x0, 0x0, 0x0, 0x1c, 0x0, 0x0, ..., 0xbc, 0xb3, 0xc0}
0.641528 : 130: {0x7c, 0x7c, 0x7c, 0x7c, 0x79, 0x0, 0x0, 0x0, 0x0, 0x50, 0x11, 0x0, 0x0, 0x0, 0xad, 0x21, 0x0, 0x0, 0xe0, 0x0, ..., 0x9b, 0x97, 0x9d}
0.641566 : dispatching packet: 
0.641606 : 121: {0x50, 0x11, 0x0, 0x0, 0x0, 0xad, 0x21, 0x0, 0x0, 0xe0, 0x0, 0x0, 0x0, 0xd, 0x0, 0x0, 0x0, 0x1c, 0x0, 0x0, ..., 0x9b, 0x97, 0x9d}
0.642441 : 260: {0x7c, 0x7c, 0x7c, 0x7c, 0x79, 0x0, 0x0, 0x0, 0x0, 0x50, 0x11, 0x0, 0x0, 0x0, 0xad, 0x21, 0x0, 0x0, 0xe0, 0x0, ..., 0x76, 0x73, 0x73}
0.642530 : dispatching packet: 
0.642564 : 121: {0x50, 0x11, 0x0, 0x0, 0x0, 0xad, 0x21, 0x0, 0x0, 0xe0, 0x0, 0x0, 0x0, 0xe, 0x0, 0x0, 0x0, 0x1c, 0x0, 0x0, ..., 0x97, 0x91, 0xa3}
0.642591 : dispatching packet: 
0.642649 : 121: {0x50, 0x11, 0x0, 0x0, 0x0, 0xad, 0x21, 0x0, 0x0, 0xe0, 0x0, 0x0, 0x0, 0xe, 0x0, 0x0, 0x0, 0x1c, 0x0, 0x0, ..., 0x76, 0x73, 0x73}
0.642980 : 130: {0x7c, 0x7c, 0x7c, 0x7c, 0x79, 0x0, 0x0, 0x0, 0x0, 0x50, 0x11, 0x0, 0x0, 0x0, 0xad, 0x21, 0x0, 0x0, 0xe0, 0x0, ..., 0x91, 0x8b, 0xa2}
0.643050 : dispatching packet: 
0.643082 : 121: {0x50, 0x11, 0x0, 0x0, 0x0, 0xad, 0x21, 0x0, 0x0, 0xe0, 0x0, 0x0, 0x0, 0xf, 0x0, 0x0, 0x0, 0x1c, 0x0, 0x0, ..., 0x91, 0x8b, 0xa2}
0.643760 : 130: {0x7c, 0x7c, 0x7c, 0x7c, 0x79, 0x0, 0x0, 0x0, 0x0, 0x50, 0x11, 0x0, 0x0, 0x0, 0xad, 0x21, 0x0, 0x0, 0xe0, 0x0, ..., 0x98, 0x8c, 0x9b}
0.643788 : dispatching packet: 
0.643813 : 121: {0x50, 0x11, 0x0, 0x0, 0x0, 0xad, 0x21, 0x0, 0x0, 0xe0, 0x0, 0x0, 0x0, 0x10, 0x0, 0x0, 0x0, 0x1c, 0x0, 0x0, ..., 0x98, 0x8c, 0x9b}
0.644524 : 130: {0x7c, 0x7c, 0x7c, 0x7c, 0x79, 0x0, 0x0, 0x0, 0x0, 0x50, 0x11, 0x0, 0x0, 0x0, 0xad, 0x21, 0x0, 0x0, 0xe0, 0x0, ..., 0x99, 0x86, 0x97}
0.644584 : dispatching packet: 
0.644637 : 121: {0x50, 0x11, 0x0, 0x0, 0x0, 0xad, 0x21, 0x0, 0x0, 0xe0, 0x0, 0x0, 0x0, 0x11, 0x0, 0x0, 0x0, 0x1c, 0x0, 0x0, ..., 0x99, 0x86, 0x97}
0.645260 : 130: {0x7c, 0x7c, 0x7c, 0x7c, 0x79, 0x0, 0x0, 0x0, 0x0, 0x50, 0x11, 0x0, 0x0, 0x0, 0xad, 0x21, 0x0, 0x0, 0xe0, 0x0, ..., 0x96, 0x87, 0x93}
0.645295 : dispatching packet: 
0.645325 : 121: {0x50, 0x11, 0x0, 0x0, 0x0, 0xad, 0x21, 0x0, 0x0, 0xe0, 0x0, 0x0, 0x0, 0x12, 0x0, 0x0, 0x0, 0x1c, 0x0, 0x0, ..., 0x96, 0x87, 0x93}
0.646798 : 260: {0x7c, 0x7c, 0x7c, 0x7c, 0x79, 0x0, 0x0, 0x0, 0x0, 0x50, 0x11, 0x0, 0x0, 0x0, 0xad, 0x21, 0x0, 0x0, 0xe0, 0x0, ..., 0x63, 0x6d, 0x6c}
0.646857 : dispatching packet: 
0.646917 : 121: {0x50, 0x11, 0x0, 0x0, 0x0, 0xad, 0x21, 0x0, 0x0, 0xe0, 0x0, 0x0, 0x0, 0x14, 0x0, 0x0, 0x0, 0x1c, 0x0, 0x0, ..., 0xa0, 0xa4, 0x96}
0.646943 : dispatching packet: 
0.646968 : 121: {0x50, 0x11, 0x0, 0x0, 0x0, 0xad, 0x21, 0x0, 0x0, 0xe0, 0x0, 0x0, 0x0, 0x14, 0x0, 0x0, 0x0, 0x1c, 0x0, 0x0, ..., 0x63, 0x6d, 0x6c}
0.648332 : 260: {0x7c, 0x7c, 0x7c, 0x7c, 0x79, 0x0, 0x0, 0x0, 0x0, 0x50, 0x11, 0x0, 0x0, 0x0, 0xad, 0x21, 0x0, 0x0, 0xe0, 0x0, ..., 0x63, 0x60, 0x66}
0.648380 : dispatching packet: 
0.648456 : 121: {0x50, 0x11, 0x0, 0x0, 0x0, 0xad, 0x21, 0x0, 0x0, 0xe0, 0x0, 0x0, 0x0, 0x16, 0x0, 0x0, 0x0, 0x1c, 0x0, 0x0, ..., 0xa9, 0xa8, 0x83}
0.648496 : dispatching packet: 
0.648525 : 121: {0x50, 0x11, 0x0, 0x0, 0x0, 0xad, 0x21, 0x0, 0x0, 0xe0, 0x0, 0x0, 0x0, 0x16, 0x0, 0x0, 0x0, 0x1c, 0x0, 0x0, ..., 0x63, 0x60, 0x66}
0.649005 : 260: {0x7c, 0x7c, 0x7c, 0x7c, 0x79, 0x0, 0x0, 0x0, 0x0, 0x50, 0x11, 0x0, 0x0, 0x0, 0xad, 0x21, 0x0, 0x0, 0xe0, 0x0, ..., 0x47, 0x6c, 0x61}
0.649051 : dispatching packet: 
0.649085 : 121: {0x50, 0x11, 0x0, 0x0, 0x0, 0xad, 0x21, 0x0, 0x0, 0xe0, 0x0, 0x0, 0x0, 0x17, 0x0, 0x0, 0x0, 0x1c, 0x0, 0x0, ..., 0xae, 0xad, 0x9a}
0.649105 : dispatching packet: 
0.649133 : 121: {0x50, 0x11, 0x0, 0x0, 0x0, 0xad, 0x21, 0x0, 0x0, 0xe0, 0x0, 0x0, 0x0, 0x17, 0x0, 0x0, 0x0, 0x1c, 0x0, 0x0, ..., 0x47, 0x6c, 0x61}
0.650567 : 260: {0x7c, 0x7c, 0x7c, 0x7c, 0x79, 0x0, 0x0, 0x0, 0x0, 0x50, 0x11, 0x0, 0x0, 0x0, 0xad, 0x21, 0x0, 0x0, 0xe0, 0x0, ..., 0x5b, 0x59, 0x5e}
0.650611 : dispatching packet: 
0.650634 : 121: {0x50, 0x11, 0x0, 0x0, 0x0, 0xad, 0x21, 0x0, 0x0, 0xe0, 0x0, 0x0, 0x0, 0x19, 0x0, 0x0, 0x0, 0x1c, 0x0, 0x0, ..., 0x9b, 0x9f, 0x9b}
0.650656 : dispatching packet: 
0.650683 : 121: {0x50, 0x11, 0x0, 0x0, 0x0, 0xad, 0x21, 0x0, 0x0, 0xe0, 0x0, 0x0, 0x0, 0x19, 0x0, 0x0, 0x0, 0x1c, 0x0, 0x0, ..., 0x5b, 0x59, 0x5e}
0.651250 : 130: {0x7c, 0x7c, 0x7c, 0x7c, 0x79, 0x0, 0x0, 0x0, 0x0, 0x50, 0x11, 0x0, 0x0, 0x0, 0xad, 0x21, 0x0, 0x0, 0xe0, 0x0, ..., 0x4f, 0x44, 0x5a}
0.651278 : dispatching packet: 
0.651310 : 121: {0x50, 0x11, 0x0, 0x0, 0x0, 0xad, 0x21, 0x0, 0x0, 0xe0, 0x0, 0x0, 0x0, 0x1a, 0x0, 0x0, 0x0, 0x1c, 0x0, 0x0, ..., 0x4f, 0x44, 0x5a}
0.651991 : 260: {0x7c, 0x7c, 0x7c, 0x7c, 0x79, 0x0, 0x0, 0x0, 0x0, 0x50, 0x11, 0x0, 0x0, 0x0, 0xad, 0x21, 0x0, 0x0, 0xe0, 0x0, ..., 0x6d, 0x61, 0x62}
0.652023 : dispatching packet: 
0.652046 : 121: {0x50, 0x11, 0x0, 0x0, 0x0, 0xad, 0x21, 0x0, 0x0, 0xe0, 0x0, 0x0, 0x0, 0x1b, 0x0, 0x0, 0x0, 0x1c, 0x0, 0x0, ..., 0x87, 0x79, 0x8d}
0.652067 : dispatching packet: 
0.652092 : 121: {0x50, 0x11, 0x0, 0x0, 0x0, 0xad, 0x21, 0x0, 0x0, 0xe0, 0x0, 0x0, 0x0, 0x1b, 0x0, 0x0, 0x0, 0x1c, 0x0, 0x0, ..., 0x6d, 0x61, 0x62}
0.652473 : 226: {0x7d, 0x50, 0x0, 0x3b, 0xa, 0x61, 0xad, 0x21, 0x0, 0x0, 0x1a, 0x0, 0x0, 0x0, 0x90, 0xb8, 0x6c, 0x41, 0xd9, 0x2c, ..., 0x0, 0xe7, 0x7e}
0.652528 : dispatching packet: 
0.652561 : 221: {0x50, 0x0, 0x3b, 0xa, 0x61, 0xad, 0x21, 0x0, 0x0, 0x1a, 0x0, 0x0, 0x0, 0x90, 0xb8, 0x6c, 0x41, 0xd9, 0x2c, 0xf8, ..., 0x0, 0x0, 0x0}
0.652803 : 32: {0x7d, 0x50, 0x26, 0xfe, 0x75, 0x23, 0xa4, 0x21, 0x0, 0x0, 0x0, 0x0, 0x0, 0x0, 0x16, 0x0, 0x0, 0x0, 0xa4, 0x74, ..., 0x0, 0x6b, 0x7e}
0.652853 : dispatching packet: 
0.652882 : 29: {0x50, 0x26, 0xfe, 0x75, 0x23, 0xa4, 0x21, 0x0, 0x0, 0x0, 0x0, 0x0, 0x0, 0x16, 0x0, 0x0, 0x0, 0xa4, 0x74, 0x24, ..., 0x0, 0x0, 0x0}
0.692062 : 33: {0x7d, 0x50, 0x26, 0xfe, 0x75, 0x23, 0xa4, 0x21, 0x0, 0x0, 0x0, 0x0, 0x0, 0x0, 0x16, 0x0, 0x0, 0x0, 0xa4, 0x74, ..., 0x7f, 0x7d, 0x7e}
0.692118 : dispatching packet: 
0.692177 : 29: {0x50, 0x26, 0xfe, 0x75, 0x23, 0xa4, 0x21, 0x0, 0x0, 0x0, 0x0, 0x0, 0x0, 0x16, 0x0, 0x0, 0x0, 0xa4, 0x74, 0x24, ..., 0x0, 0x0, 0x0}
0.748891 : 262: {0x7c, 0x7c, 0x7c, 0x7c, 0xfd, 0x0, 0x0, 0x0, 0x0, 0x50, 0xd, 0x0, 0x0, 0x0, 0xaf, 0x21, 0x0, 0x0, 0x1c, 0x0, ..., 0xc6, 0x1c, 0xc0}
0.748953 : dispatching packet: 
0.749000 : 253: {0x50, 0xd, 0x0, 0x0, 0x0, 0xaf, 0x21, 0x0, 0x0, 0x1c, 0x0, 0x0, 0x0, 0x18, 0xb3, 0x52, 0x3d, 0xa1, 0xce, 0x2d, ..., 0xc6, 0x1c, 0xc0}
0.807799 : 32: {0x7d, 0x50, 0x26, 0xfe, 0x75, 0x23, 0xa4, 0x21, 0x0, 0x0, 0x0, 0x0, 0x0, 0x0, 0x16, 0x0, 0x0, 0x0, 0xa4, 0x74, ..., 0x0, 0x30, 0x7e}
0.807868 : dispatching packet: 
0.807954 : 29: {0x50, 0x26, 0xfe, 0x75, 0x23, 0xa4, 0x21, 0x0, 0x0, 0x0, 0x0, 0x0, 0x0, 0x16, 0x0, 0x0, 0x0, 0xa4, 0x74, 0x24, ..., 0x0, 0x0, 0x0}
0.924802 : 262: {0x7c, 0x7c, 0x7c, 0x7c, 0xfd, 0x0, 0x0, 0x0, 0x0, 0x50, 0xd, 0x0, 0x0, 0x0, 0xb2, 0x21, 0x0, 0x0, 0x1c, 0x0, ..., 0x14, 0x24, 0xc0}
0.924859 : dispatching packet: 
0.924881 : 253: {0x50, 0xd, 0x0, 0x0, 0x0, 0xb2, 0x21, 0x0, 0x0, 0x1c, 0x0, 0x0, 0x0, 0x18, 0xb3, 0x52, 0x3d, 0xa1, 0xce, 0x2d, ..., 0x14, 0x24, 0xc0}
0.926593 : 32: {0x7d, 0x50, 0x26, 0xfe, 0x75, 0x23, 0xa4, 0x21, 0x0, 0x0, 0x0, 0x0, 0x0, 0x0, 0x16, 0x0, 0x0, 0x0, 0xa4, 0x74, ..., 0x0, 0xc8, 0x7e}
0.926661 : dispatching packet: 
0.926711 : 29: {0x50, 0x26, 0xfe, 0x75, 0x23, 0xa4, 0x21, 0x0, 0x0, 0x0, 0x0, 0x0, 0x0, 0x16, 0x0, 0x0, 0x0, 0xa4, 0x74, 0x24, ..., 0x0, 0x0, 0x0}
1.100665 : 262: {0x7c, 0x7c, 0x7c, 0x7c, 0xfd, 0x0, 0x0, 0x0, 0x0, 0x50, 0xd, 0x0, 0x0, 0x0, 0xb5, 0x21, 0x0, 0x0, 0x1c, 0x0, ..., 0x4e, 0x27, 0xc0}
1.100716 : dispatching packet: 
1.100745 : 253: {0x50, 0xd, 0x0, 0x0, 0x0, 0xb5, 0x21, 0x0, 0x0, 0x1c, 0x0, 0x0, 0x0, 0x18, 0xb3, 0x52, 0x3d, 0xa1, 0xce, 0x2d, ..., 0x4e, 0x27, 0xc0}
1.102789 : 1020: {0x7c, 0x7c, 0x7c, 0x7c, 0x39, 0x2, 0x0, 0x0, 0x0, 0x50, 0x11, 0x0, 0x0, 0x0, 0xb5, 0x21, 0x0, 0x0, 0xd3, 0x0, ..., 0x90, 0x8f, 0x8d}
1.102942 : dispatching packet: 
1.102973 : 569: {0x50, 0x11, 0x0, 0x0, 0x0, 0xb5, 0x21, 0x0, 0x0, 0xd3, 0x0, 0x0, 0x0, 0x0, 0x0, 0x0, 0x0, 0x1c, 0x0, 0x0, ..., 0xd8, 0xd6, 0xce}
1.104810 : 578: {0x7c, 0x7c, 0x7c, 0x7c, 0x39, 0x2, 0x0, 0x0, 0x0, 0x50, 0x11, 0x0, 0x0, 0x0, 0xb5, 0x21, 0x0, 0x0, 0xd3, 0x0, ..., 0xce, 0xcc, 0xc5}
1.104863 : dispatching packet: 
1.104900 : 569: {0x50, 0x11, 0x0, 0x0, 0x0, 0xb5, 0x21, 0x0, 0x0, 0xd3, 0x0, 0x0, 0x0, 0x0, 0x0, 0x0, 0x0, 0x1c, 0x0, 0x0, ..., 0x79, 0x7e, 0x82}
1.104965 : Error parsing incoming data: lost bytes
1.104986 : Error parsing incoming data: lost bytes
1.105003 : Error parsing incoming data: CRC error
1.105018 : Error parsing incoming data: lost bytes
1.105032 : Error parsing incoming data: CRC error
1.105047 : Error parsing incoming data: lost bytes
1.105063 : Error parsing incoming data: CRC error
1.105079 : Error parsing incoming data: lost bytes
1.107374 : 578: {0x7c, 0x7c, 0x7c, 0x7c, 0x39, 0x2, 0x0, 0x0, 0x0, 0x50, 0x11, 0x0, 0x0, 0x0, 0xb5, 0x21, 0x0, 0x0, 0xd3, 0x0, ..., 0xbf, 0xc1, 0xc0}
1.107437 : dispatching packet: 
1.107466 : 569: {0x50, 0x11, 0x0, 0x0, 0x0, 0xb5, 0x21, 0x0, 0x0, 0xd3, 0x0, 0x0, 0x0, 0x2, 0x0, 0x0, 0x0, 0x1c, 0x0, 0x0, ..., 0xbf, 0xc1, 0xc0}
1.110254 : 578: {0x7c, 0x7c, 0x7c, 0x7c, 0x39, 0x2, 0x0, 0x0, 0x0, 0x50, 0x11, 0x0, 0x0, 0x0, 0xb5, 0x21, 0x0, 0x0, 0xd3, 0x0, ..., 0xc7, 0xc9, 0xc9}
1.110356 : dispatching packet: 
1.110391 : 569: {0x50, 0x11, 0x0, 0x0, 0x0, 0xb5, 0x21, 0x0, 0x0, 0xd3, 0x0, 0x0, 0x0, 0x3, 0x0, 0x0, 0x0, 0x1c, 0x0, 0x0, ..., 0xc7, 0xc9, 0xc9}
1.113083 : 136: {0x86, 0x86, 0x87, 0x86, 0x7f, 0x7c, 0x84, 0x86, 0x82, 0x78, 0x7a, 0x7d, 0x78, 0x5b, 0x6d, 0x73, 0x68, 0x6c, 0x78, 0x78, ..., 0x83, 0x83, 0x7b}
1.113187 : Error parsing incoming data: lost bytes
1.113208 : Error parsing incoming data: CRC error
1.113222 : Error parsing incoming data: lost bytes
1.113237 : Error parsing incoming data: CRC error
1.113250 : Error parsing incoming data: lost bytes
1.113276 : Error parsing incoming data: CRC error
1.113290 : Error parsing incoming data: lost bytes
1.113306 : Error parsing incoming data: lost bytes
1.113319 : Error parsing incoming data: lost bytes
1.113333 : Error parsing incoming data: CRC error
1.115956 : 136: {0x90, 0x92, 0x90, 0x8b, 0x88, 0x8c, 0x8f, 0x8e, 0x8a, 0x8a, 0x8a, 0x87, 0x80, 0x81, 0x83, 0x7e, 0x79, 0x83, 0x88, 0x87, ..., 0x7f, 0x7b, 0x6f}
1.116006 : Error parsing incoming data: CRC error
1.116027 : Error parsing incoming data: CRC error
1.116042 : Error parsing incoming data: CRC error
1.116057 : Error parsing incoming data: CRC error
1.116071 : Error parsing incoming data: lost bytes
1.116105 : Error parsing incoming data: lost bytes
1.116123 : Error parsing incoming data: CRC error
1.116135 : Error parsing incoming data: incomplete packer
1.116148 : Error parsing incoming data: lost bytes
1.118809 : 578: {0x7c, 0x7c, 0x7c, 0x7c, 0x39, 0x2, 0x0, 0x0, 0x0, 0x50, 0x11, 0x0, 0x0, 0x0, 0xb5, 0x21, 0x0, 0x0, 0xd3, 0x0, ..., 0xda, 0xd8, 0xd2}
1.118867 : dispatching packet: 
1.118906 : 569: {0x50, 0x11, 0x0, 0x0, 0x0, 0xb5, 0x21, 0x0, 0x0, 0xd3, 0x0, 0x0, 0x0, 0x6, 0x0, 0x0, 0x0, 0x1c, 0x0, 0x0, ..., 0xda, 0xd8, 0xd2}
1.121829 : 1020: {0x7c, 0x7c, 0x7c, 0x7c, 0x39, 0x2, 0x0, 0x0, 0x0, 0x50, 0x11, 0x0, 0x0, 0x0, 0xb5, 0x21, 0x0, 0x0, 0xd3, 0x0, ..., 0x8c, 0x8e, 0x91}
1.121923 : dispatching packet: 
1.121956 : 569: {0x50, 0x11, 0x0, 0x0, 0x0, 0xb5, 0x21, 0x0, 0x0, 0xd3, 0x0, 0x0, 0x0, 0x7, 0x0, 0x0, 0x0, 0x1c, 0x0, 0x0, ..., 0xdc, 0xdb, 0xd6}
1.125218 : 1020: {0x7c, 0x7c, 0x7c, 0x7c, 0x39, 0x2, 0x0, 0x0, 0x0, 0x50, 0x11, 0x0, 0x0, 0x0, 0xb5, 0x21, 0x0, 0x0, 0xd3, 0x0, ..., 0x8c, 0x8c, 0x8d}
1.125283 : dispatching packet: 
1.125320 : 569: {0x50, 0x11, 0x0, 0x0, 0x0, 0xb5, 0x21, 0x0, 0x0, 0xd3, 0x0, 0x0, 0x0, 0x7, 0x0, 0x0, 0x0, 0x1c, 0x0, 0x0, ..., 0x58, 0x6c, 0x70}
1.125356 : Error parsing incoming data: lost bytes
1.125374 : Error parsing incoming data: lost bytes
1.127585 : 1020: {0x7c, 0x7c, 0x7c, 0x7c, 0x39, 0x2, 0x0, 0x0, 0x0, 0x50, 0x11, 0x0, 0x0, 0x0, 0xb5, 0x21, 0x0, 0x0, 0xd3, 0x0, ..., 0x8d, 0x8c, 0x8a}
1.130774 : 1020: {0x7c, 0x7c, 0x7c, 0x7c, 0x39, 0x2, 0x0, 0x0, 0x0, 0x50, 0x11, 0x0, 0x0, 0x0, 0xb5, 0x21, 0x0, 0x0, 0xd3, 0x0, ..., 0x8d, 0x8b, 0x88}
1.133300 : 1020: {0x7c, 0x7c, 0x7c, 0x7c, 0x39, 0x2, 0x0, 0x0, 0x0, 0x50, 0x11, 0x0, 0x0, 0x0, 0xb5, 0x21, 0x0, 0x0, 0xd3, 0x0, ..., 0x86, 0x83, 0x7c}
1.136137 : 136: {0x75, 0x77, 0x71, 0x63, 0x70, 0x73, 0x69, 0x60, 0x73, 0x77, 0x71, 0x68, 0x70, 0x72, 0x65, 0x66, 0x76, 0x78, 0x72, 0x6e, ..., 0x78, 0x79, 0x75}
1.138981 : 1020: {0x7c, 0x7c, 0x7c, 0x7c, 0x39, 0x2, 0x0, 0x0, 0x0, 0x50, 0x11, 0x0, 0x0, 0x0, 0xb5, 0x21, 0x0, 0x0, 0xd3, 0x0, ..., 0x6a, 0x5e, 0x50}
1.139063 : 136: {0x65, 0x69, 0x63, 0x4e, 0x5a, 0x60, 0x5c, 0x59, 0x5f, 0x5f, 0x52, 0x58, 0x61, 0x61, 0x5c, 0x64, 0x6a, 0x68, 0x5b, 0x5f, ..., 0x71, 0x72, 0x6f}
1.142357 : 1020: {0x7c, 0x7c, 0x7c, 0x7c, 0x39, 0x2, 0x0, 0x0, 0x0, 0x50, 0x11, 0x0, 0x0, 0x0, 0xb5, 0x21, 0x0, 0x0, 0xd3, 0x0, ..., 0x63, 0x5f, 0x58}
1.147540 : 1020: {0x7c, 0x7c, 0x7c, 0x7c, 0x39, 0x2, 0x0, 0x0, 0x0, 0x50, 0x11, 0x0, 0x0, 0x0, 0xb5, 0x21, 0x0, 0x0, 0xd3, 0x0, ..., 0x6b, 0x6d, 0x6a}
1.147694 : 136: {0x64, 0x66, 0x6c, 0x6d, 0x6a, 0x66, 0x67, 0x69, 0x67, 0x65, 0x67, 0x68, 0x65, 0x5e, 0x5b, 0x5e, 0x5e, 0x5b, 0x5a, 0x5a, ..., 0x68, 0x65, 0x62}
1.150484 : 1020: {0x7c, 0x7c, 0x7c, 0x7c, 0x39, 0x2, 0x0, 0x0, 0x0, 0x50, 0x11, 0x0, 0x0, 0x0, 0xb5, 0x21, 0x0, 0x0, 0xd3, 0x0, ..., 0x6d, 0x6d, 0x6a}
1.150567 : 136: {0x67, 0x69, 0x6c, 0x6c, 0x6b, 0x6c, 0x6e, 0x6d, 0x69, 0x63, 0x61, 0x60, 0x5a, 0x4e, 0x57, 0x5d, 0x5b, 0x55, 0x5a, 0x61, ..., 0x5e, 0x58, 0x59}
1.153744 : 1020: {0x7c, 0x7c, 0x7c, 0x7c, 0x39, 0x2, 0x0, 0x0, 0x0, 0x50, 0x11, 0x0, 0x0, 0x0, 0xb5, 0x21, 0x0, 0x0, 0xd3, 0x0, ..., 0x64, 0x66, 0x65}
1.156063 : 136: {0x57, 0x55, 0x54, 0x5a, 0x5f, 0x5f, 0x5c, 0x56, 0x53, 0x53, 0x52, 0x4d, 0x4a, 0x40, 0x30, 0x4b, 0x52, 0x52, 0x4f, 0x57, ..., 0x4a, 0x5b, 0x63}
1.158823 : 1020: {0x7c, 0x7c, 0x7c, 0x7c, 0x39, 0x2, 0x0, 0x0, 0x0, 0x50, 0x11, 0x0, 0x0, 0x0, 0xb5, 0x21, 0x0, 0x0, 0xd3, 0x0, ..., 0x62, 0x60, 0x5b}
1.163745 : 1020: {0x7c, 0x7c, 0x7c, 0x7c, 0x39, 0x2, 0x0, 0x0, 0x0, 0x50, 0x11, 0x0, 0x0, 0x0, 0xb5, 0x21, 0x0, 0x0, 0xd3, 0x0, ..., 0x57, 0x5a, 0x5f}
1.163821 : 136: {0x62, 0x62, 0x61, 0x5e, 0x59, 0x50, 0x3a, 0x49, 0x56, 0x5b, 0x5a, 0x53, 0x54, 0x5d, 0x61, 0x60, 0x5d, 0x5f, 0x63, 0x64, ..., 0x51, 0x60, 0x67}
1.164690 : 136: {0x67, 0x69, 0x68, 0x64, 0x5f, 0x5c, 0x5d, 0x5e, 0x5d, 0x5a, 0x57, 0x5a, 0x60, 0x65, 0x67, 0x68, 0x66, 0x64, 0x65, 0x67, ..., 0x56, 0x5a, 0x5d}
1.167518 : 1020: {0x7c, 0x7c, 0x7c, 0x7c, 0x39, 0x2, 0x0, 0x0, 0x0, 0x50, 0x11, 0x0, 0x0, 0x0, 0xb5, 0x21, 0x0, 0x0, 0xd3, 0x0, ..., 0x64, 0x60, 0x60}
1.170440 : 1020: {0x7c, 0x7c, 0x7c, 0x7c, 0x39, 0x2, 0x0, 0x0, 0x0, 0x50, 0x11, 0x0, 0x0, 0x0, 0xb5, 0x21, 0x0, 0x0, 0xd3, 0x0, ..., 0x6a, 0x6a, 0x68}
1.173285 : 1020: {0x7c, 0x7c, 0x7c, 0x7c, 0x39, 0x2, 0x0, 0x0, 0x0, 0x50, 0x11, 0x0, 0x0, 0x0, 0xb5, 0x21, 0x0, 0x0, 0xd3, 0x0, ..., 0x65, 0x69, 0x6a}
1.176082 : 136: {0x66, 0x68, 0x67, 0x67, 0x67, 0x69, 0x6b, 0x6c, 0x6c, 0x6c, 0x6c, 0x6b, 0x6a, 0x68, 0x67, 0x68, 0x68, 0x67, 0x63, 0x5e, ..., 0x64, 0x67, 0x66}
1.178885 : 1020: {0x7c, 0x7c, 0x7c, 0x7c, 0x39, 0x2, 0x0, 0x0, 0x0, 0x50, 0x11, 0x0, 0x0, 0x0, 0xb5, 0x21, 0x0, 0x0, 0xd3, 0x0, ..., 0x61, 0x5e, 0x54}
1.179480 : 36: {0x7d, 0x50, 0x6c, 0xa1, 0x75, 0x23, 0xb5, 0x21, 0x0, 0x0, 0x0, 0x0, 0x0, 0x0, 0xbd, 0xd6, 0xaa, 0x41, 0x38, 0x2e, ..., 0x40, 0x34, 0x7e}
1.181907 : 32: {0x7d, 0x50, 0x26, 0xfe, 0x75, 0x23, 0xb5, 0x21, 0x0, 0x0, 0x0, 0x0, 0x0, 0x0, 0x15, 0x0, 0x0, 0x0, 0x38, 0x2e, ..., 0x0, 0x4a, 0x7e}
1.217961 : 262: {0x7c, 0x7c, 0x7c, 0x7c, 0xfd, 0x0, 0x0, 0x0, 0x0, 0x50, 0xd, 0x0, 0x0, 0x0, 0xb7, 0x21, 0x0, 0x0, 0x1c, 0x0, ..., 0x47, 0x26, 0xc0}
1.276633 : 262: {0x7c, 0x7c, 0x7c, 0x7c, 0xfd, 0x0, 0x0, 0x0, 0x0, 0x50, 0xd, 0x0, 0x0, 0x0, 0xb8, 0x21, 0x0, 0x0, 0x1c, 0x0, ..., 0xbe, 0x24, 0xc0}
1.276853 : 32: {0x7d, 0x50, 0x26, 0xfe, 0x75, 0x23, 0xb5, 0x21, 0x0, 0x0, 0x0, 0x0, 0x0, 0x0, 0x15, 0x0, 0x0, 0x0, 0x38, 0x2e, ..., 0x0, 0x3e, 0x7e}
1.394003 : 262: {0x7c, 0x7c, 0x7c, 0x7c, 0xfd, 0x0, 0x0, 0x0, 0x0, 0x50, 0xd, 0x0, 0x0, 0x0, 0xba, 0x21, 0x0, 0x0, 0x1c, 0x0, ..., 0x3, 0x22, 0xc0}
1.452495 : 262: {0x7c, 0x7c, 0x7c, 0x7c, 0xfd, 0x0, 0x0, 0x0, 0x0, 0x50, 0xd, 0x0, 0x0, 0x0, 0xbb, 0x21, 0x0, 0x0, 0x1c, 0x0, ..., 0x51, 0x25, 0xc0}
1.452779 : 32: {0x7d, 0x50, 0x26, 0xfe, 0x75, 0x23, 0xb5, 0x21, 0x0, 0x0, 0x0, 0x0, 0x0, 0x0, 0x15, 0x0, 0x0, 0x0, 0x38, 0x2e, ..., 0x0, 0x1a, 0x7e}
1.570053 : 32: {0x7d, 0x50, 0x26, 0xfe, 0x75, 0x23, 0xb5, 0x21, 0x0, 0x0, 0x0, 0x0, 0x0, 0x0, 0x15, 0x0, 0x0, 0x0, 0x38, 0x2e, ..., 0x0, 0xd, 0x7e}
1.628854 : 130: {0x7c, 0x7c, 0x7c, 0x7c, 0x79, 0x0, 0x0, 0x0, 0x0, 0x50, 0x11, 0x0, 0x0, 0x0, 0xbe, 0x21, 0x0, 0x0, 0xe1, 0x0, ..., 0xa6, 0xa8, 0xb1}
1.629329 : 130: {0x7c, 0x7c, 0x7c, 0x7c, 0x79, 0x0, 0x0, 0x0, 0x0, 0x50, 0x11, 0x0, 0x0, 0x0, 0xbe, 0x21, 0x0, 0x0, 0xe1, 0x0, ..., 0xad, 0xb4, 0xb8}
1.629985 : 260: {0x7c, 0x7c, 0x7c, 0x7c, 0x79, 0x0, 0x0, 0x0, 0x0, 0x50, 0x11, 0x0, 0x0, 0x0, 0xbe, 0x21, 0x0, 0x0, 0xe1, 0x0, ..., 0x9a, 0x9a, 0x9b}
1.630781 : 260: {0x7c, 0x7c, 0x7c, 0x7c, 0x79, 0x0, 0x0, 0x0, 0x0, 0x50, 0x11, 0x0, 0x0, 0x0, 0xbe, 0x21, 0x0, 0x0, 0xe1, 0x0, ..., 0xa0, 0xa1, 0xa1}
1.631493 : 130: {0x7c, 0x7c, 0x7c, 0x7c, 0x79, 0x0, 0x0, 0x0, 0x0, 0x50, 0x11, 0x0, 0x0, 0x0, 0xbe, 0x21, 0x0, 0x0, 0xe1, 0x0, ..., 0x9b, 0x9b, 0x9c}
1.633721 : 130: {0x7c, 0x7c, 0x7c, 0x7c, 0x79, 0x0, 0x0, 0x0, 0x0, 0x50, 0x11, 0x0, 0x0, 0x0, 0xbe, 0x21, 0x0, 0x0, 0xe1, 0x0, ..., 0xd5, 0xe0, 0xdb}
1.635204 : 130: {0x7c, 0x7c, 0x7c, 0x7c, 0x79, 0x0, 0x0, 0x0, 0x0, 0x50, 0x11, 0x0, 0x0, 0x0, 0xbe, 0x21, 0x0, 0x0, 0xe1, 0x0, ..., 0xd5, 0xdb, 0xe1}
1.635982 : 130: {0x7c, 0x7c, 0x7c, 0x7c, 0x79, 0x0, 0x0, 0x0, 0x0, 0x50, 0x11, 0x0, 0x0, 0x0, 0xbe, 0x21, 0x0, 0x0, 0xe1, 0x0, ..., 0xa0, 0xa0, 0x9f}
1.636751 : 130: {0x7c, 0x7c, 0x7c, 0x7c, 0x79, 0x0, 0x0, 0x0, 0x0, 0x50, 0x11, 0x0, 0x0, 0x0, 0xbe, 0x21, 0x0, 0x0, 0xe1, 0x0, ..., 0xc4, 0xc9, 0xce}
1.637591 : 130: {0x7c, 0x7c, 0x7c, 0x7c, 0x79, 0x0, 0x0, 0x0, 0x0, 0x50, 0x11, 0x0, 0x0, 0x0, 0xbe, 0x21, 0x0, 0x0, 0xe1, 0x0, ..., 0x8d, 0x8c, 0x8b}
1.638358 : 130: {0x7c, 0x7c, 0x7c, 0x7c, 0x79, 0x0, 0x0, 0x0, 0x0, 0x50, 0x11, 0x0, 0x0, 0x0, 0xbe, 0x21, 0x0, 0x0, 0xe1, 0x0, ..., 0xa6, 0xab, 0xaf}
1.639111 : 130: {0x7c, 0x7c, 0x7c, 0x7c, 0x79, 0x0, 0x0, 0x0, 0x0, 0x50, 0x11, 0x0, 0x0, 0x0, 0xbe, 0x21, 0x0, 0x0, 0xe1, 0x0, ..., 0xa4, 0xab, 0xb2}
1.639844 : 130: {0x7c, 0x7c, 0x7c, 0x7c, 0x79, 0x0, 0x0, 0x0, 0x0, 0x50, 0x11, 0x0, 0x0, 0x0, 0xbe, 0x21, 0x0, 0x0, 0xe1, 0x0, ..., 0xa3, 0xa4, 0xb0}
1.649246 : 231: {0x7d, 0x50, 0x0, 0x3b, 0xa, 0x61, 0xbe, 0x21, 0x0, 0x0, 0x1a, 0x0, 0x0, 0x0, 0x95, 0x5e, 0x36, 0x41, 0xd5, 0x9e, ..., 0x0, 0xc1, 0x7e}
1.687080 : 262: {0x7c, 0x7c, 0x7c, 0x7c, 0xfd, 0x0, 0x0, 0x0, 0x0, 0x50, 0xd, 0x0, 0x0, 0x0, 0xbf, 0x21, 0x0, 0x0, 0x1c, 0x0, ..., 0x74, 0x29, 0xc0}
1.745702 : 262: {0x7c, 0x7c, 0x7c, 0x7c, 0xfd, 0x0, 0x0, 0x0, 0x0, 0x50, 0xd, 0x0, 0x0, 0x0, 0xc0, 0x21, 0x0, 0x0, 0x1c, 0x0, ..., 0xc3, 0x28, 0xc0}
1.745763 : Error parsing incoming data: out of buffer
1.804445 : 262: {0x7c, 0x7c, 0x7c, 0x7c, 0xfd, 0x0, 0x0, 0x0, 0x0, 0x50, 0xd, 0x0, 0x0, 0x0, 0xc1, 0x21, 0x0, 0x0, 0x1c, 0x0, ..., 0xef, 0x23, 0xc0}
1.804583 : dispatching packet: 
1.804646 : 253: {0x50, 0xd, 0x0, 0x0, 0x0, 0xc1, 0x21, 0x0, 0x0, 0x1c, 0x0, 0x0, 0x0, 0x18, 0xb3, 0x52, 0x3d, 0xa1, 0xce, 0x2d, ..., 0xef, 0x23, 0xc0}
