0.000012 : createing logger StdoutLogger
0.000466 : RadarCommunicator: 28
0.000512 : parser constructor
0.000601 : RadarInterface - base -- begin
0.000663 : log_trace -- begin
0.000862 : log_trace -- end
0.000944 : git sha: 3ae25d11eed0
0.000959 : build date: 2017-11-28 11:32:05
0.000976 : subscribe_to_presence_single -- begin
0.001048 : subscribe_to_presence_single -- end
0.001069 : subscribe_to_presence_movinglist -- begin
0.001095 : subscribe_to_presence_movinglist -- end
0.001124 : subscribe_to_data_float -- begin
0.001151 : subscribe_to_data_float -- end
0.001175 : subscribe_to_data_string -- begin
0.001198 : subscribe_to_data_string -- end
0.001211 : subscribe_to_data_byte -- begin
0.001235 : subscribe_to_data_byte -- end
0.001264 : subscribe_to_baseband_iq -- begin
0.001292 : subscribe_to_baseband_iq -- end
0.001774 : subscribe_to_baseband_ap -- begin
0.001826 : subscribe_to_baseband_ap -- end
0.001846 : subscribe_to_pulsedoppler_float -- begin
0.001872 : subscribe_to_pulsedoppler_float -- end
0.001892 : subscribe_to_noisemap_float -- begin
0.001916 : subscribe_to_noisemap_float -- end
0.001931 : subscribe_to_pulsedoppler_byte -- begin
0.001996 : subscribe_to_pulsedoppler_byte -- end
0.002017 : subscribe_to_noisemap_byte -- begin
0.002059 : subscribe_to_noisemap_byte -- end
0.002075 : subscribe_to_system_status -- begin
0.002096 : subscribe_to_system_status -- end
0.002115 : subscribe_to_resp_status -- begin
0.002137 : subscribe_to_resp_status -- end
0.002151 : subscribe_to_sleep_status -- begin
0.002171 : subscribe_to_sleep_status -- end
0.002184 : subscribe_to_respiration_movinglist -- begin
0.002204 : subscribe_to_respiration_movinglist -- end
0.002218 : subscribe_to_respiration_detectionlist -- begin
0.002237 : subscribe_to_respiration_detectionlist -- end
0.002250 : open -- begin
0.002262 : creating LinuxModuleIo
0.002404 : LinuxModuleIo::open /dev/cu.usbmodem1411 -- begin
0.003365 : LinuxModuleIo::open /dev/cu.usbmodem1411 -- end
0.003452 : open -- end
0.003477 : RadarInterface - base -- end
0.003603 : subscribe_to_radar_settings -- begin
0.003640 : subscribe_to_radar_settings -- end
0.003742 : ping -- begin
0.003782 : sending: 
0.003812 : 8: {0x7d, 0x1, 0xae, 0xea, 0xaa, 0xee, 0x7c, 0x7e, }
0.003905 : sent
0.007788 : 262: {0x7c, 0x7c, 0x7c, 0x7c, 0xfd, 0x0, 0x0, 0x0, 0x0, 0x50, 0xd, 0x0, 0x0, 0x0, 0x31, 0x2b, 0x0, 0x0, 0x1c, 0x0, ..., 0x22, 0x3d, 0x40}
0.007844 : dispatching packet: 
0.007874 : 253: {0x50, 0xd, 0x0, 0x0, 0x0, 0x31, 0x2b, 0x0, 0x0, 0x1c, 0x0, 0x0, 0x0, 0x18, 0xb3, 0x52, 0x3d, 0xa1, 0xce, 0x2d, ..., 0x22, 0x3d, 0x40}
0.125047 : 262: {0x7c, 0x7c, 0x7c, 0x7c, 0xfd, 0x0, 0x0, 0x0, 0x0, 0x50, 0xd, 0x0, 0x0, 0x0, 0x33, 0x2b, 0x0, 0x0, 0x1c, 0x0, ..., 0xd5, 0x32, 0x40}
0.125099 : dispatching packet: 
0.125126 : 253: {0x50, 0xd, 0x0, 0x0, 0x0, 0x33, 0x2b, 0x0, 0x0, 0x1c, 0x0, 0x0, 0x0, 0x18, 0xb3, 0x52, 0x3d, 0xa1, 0xce, 0x2d, ..., 0xd5, 0x32, 0x40}
0.125323 : 32: {0x7d, 0x50, 0x26, 0xfe, 0x75, 0x23, 0x23, 0x2b, 0x0, 0x0, 0x2, 0x0, 0x0, 0x0, 0x0, 0x0, 0x0, 0x0, 0xf0, 0x9a, ..., 0x0, 0x1b, 0x7e}
0.125348 : dispatching packet: 
0.125374 : 29: {0x50, 0x26, 0xfe, 0x75, 0x23, 0x23, 0x2b, 0x0, 0x0, 0x2, 0x0, 0x0, 0x0, 0x0, 0x0, 0x0, 0x0, 0xf0, 0x9a, 0xe1, ..., 0x0, 0x0, 0x0}
0.185789 : 136: {0xab, 0xb0, 0xb4, 0xb5, 0xb5, 0xb3, 0xb1, 0xb1, 0xb2, 0xb2, 0xb1, 0xb0, 0xb0, 0xaf, 0xaf, 0xae, 0xaf, 0xb0, 0xaf, 0xad, ..., 0x94, 0x9d, 0xa1}
0.187858 : 136: {0xa3, 0xa8, 0xac, 0xae, 0xad, 0xab, 0xa9, 0xaa, 0xab, 0xab, 0xa9, 0xa7, 0xa5, 0xa5, 0xa6, 0xa8, 0xa9, 0xaa, 0xaa, 0xa8, ..., 0xa6, 0xa9, 0xaa}
0.190377 : 1020: {0x7c, 0x7c, 0x7c, 0x7c, 0x39, 0x2, 0x0, 0x0, 0x0, 0x50, 0x11, 0x0, 0x0, 0x0, 0x34, 0x2b, 0x0, 0x0, 0x62, 0x1, ..., 0x87, 0x7d, 0x90}
0.190419 : dispatching packet: 
0.190445 : 569: {0x50, 0x11, 0x0, 0x0, 0x0, 0x34, 0x2b, 0x0, 0x0, 0x62, 0x1, 0x0, 0x0, 0x2, 0x0, 0x0, 0x0, 0x1c, 0x0, 0x0, ..., 0xd4, 0xd1, 0xc7}
0.193211 : 578: {0x7c, 0x7c, 0x7c, 0x7c, 0x39, 0x2, 0x0, 0x0, 0x0, 0x50, 0x11, 0x0, 0x0, 0x0, 0x34, 0x2b, 0x0, 0x0, 0x62, 0x1, ..., 0xd2, 0xd0, 0xc5}
0.193266 : dispatching packet: 
0.193293 : 569: {0x50, 0x11, 0x0, 0x0, 0x0, 0x34, 0x2b, 0x0, 0x0, 0x62, 0x1, 0x0, 0x0, 0x2, 0x0, 0x0, 0x0, 0x1c, 0x0, 0x0, ..., 0xa4, 0x9f, 0xa3}
0.193366 : Error parsing incoming data: CRC error
0.196181 : 136: {0x82, 0x8c, 0x8e, 0x89, 0x87, 0x93, 0x9a, 0x9b, 0x95, 0x79, 0x93, 0x9d, 0x9e, 0x96, 0x7e, 0x94, 0x9c, 0x9b, 0x93, 0x8f, ..., 0x92, 0x8f, 0x95}
0.196249 : Error parsing incoming data: CRC error
0.196261 : Error parsing incoming data: CRC error
0.199081 : 136: {0x75, 0x73, 0x82, 0x87, 0x8c, 0x92, 0x94, 0x93, 0x88, 0x7a, 0x91, 0x97, 0x96, 0x8d, 0x84, 0x90, 0x95, 0x95, 0x94, 0x94, ..., 0x8a, 0x7e, 0x7b}
0.199124 : Error parsing incoming data: lost bytes
0.199141 : Error parsing incoming data: lost bytes
0.199155 : Error parsing incoming data: incomplete packer
0.199168 : Error parsing incoming data: CRC error
0.201948 : 1020: {0x7c, 0x7c, 0x7c, 0x7c, 0x39, 0x2, 0x0, 0x0, 0x0, 0x50, 0x11, 0x0, 0x0, 0x0, 0x34, 0x2b, 0x0, 0x0, 0x62, 0x1, ..., 0x8e, 0x8c, 0x84}
0.201995 : dispatching packet: 
0.202023 : 569: {0x50, 0x11, 0x0, 0x0, 0x0, 0x34, 0x2b, 0x0, 0x0, 0x62, 0x1, 0x0, 0x0, 0x6, 0x0, 0x0, 0x0, 0x1c, 0x0, 0x0, ..., 0xc6, 0xca, 0xcb}
0.204888 : 136: {0x7f, 0x84, 0x83, 0x8a, 0x93, 0x98, 0x97, 0x8f, 0x8a, 0x96, 0x9b, 0x99, 0x8e, 0x87, 0x93, 0x95, 0x8e, 0x77, 0x81, 0x89, ..., 0x8f, 0x92, 0x94}
0.204941 : dispatching packet: 
0.204968 : 569: {0x50, 0x11, 0x0, 0x0, 0x0, 0x34, 0x2b, 0x0, 0x0, 0x62, 0x1, 0x0, 0x0, 0x6, 0x0, 0x0, 0x0, 0x1c, 0x0, 0x0, ..., 0x8f, 0x92, 0x94}
0.207792 : 136: {0x93, 0x94, 0x8e, 0x82, 0x95, 0x9c, 0x9d, 0x97, 0x91, 0x99, 0x9d, 0x98, 0x88, 0x91, 0x9a, 0x9a, 0x94, 0x8d, 0x8e, 0x8e, ..., 0x9d, 0x9e, 0x9e}
0.210406 : 578: {0x7c, 0x7c, 0x7c, 0x7c, 0x39, 0x2, 0x0, 0x0, 0x0, 0x50, 0x11, 0x0, 0x0, 0x0, 0x34, 0x2b, 0x0, 0x0, 0x62, 0x1, ..., 0x9e, 0x9d, 0x9c}
0.210463 : dispatching packet: 
0.210494 : 569: {0x50, 0x11, 0x0, 0x0, 0x0, 0x34, 0x2b, 0x0, 0x0, 0x62, 0x1, 0x0, 0x0, 0x9, 0x0, 0x0, 0x0, 0x1c, 0x0, 0x0, ..., 0x9e, 0x9d, 0x9c}
0.213229 : 1020: {0x7c, 0x7c, 0x7c, 0x7c, 0x39, 0x2, 0x0, 0x0, 0x0, 0x50, 0x11, 0x0, 0x0, 0x0, 0x34, 0x2b, 0x0, 0x0, 0x62, 0x1, ..., 0x8f, 0x89, 0x80}
0.213282 : dispatching packet: 
0.213312 : 569: {0x50, 0x11, 0x0, 0x0, 0x0, 0x34, 0x2b, 0x0, 0x0, 0x62, 0x1, 0x0, 0x0, 0xa, 0x0, 0x0, 0x0, 0x1c, 0x0, 0x0, ..., 0xd0, 0xce, 0xc7}
0.216193 : 136: {0x7e, 0x7d, 0x80, 0x84, 0x87, 0x88, 0x84, 0x7b, 0x80, 0x88, 0x8a, 0x86, 0x7e, 0x7d, 0x80, 0x80, 0x7d, 0x7b, 0x7b, 0x7d, ..., 0x75, 0x6b, 0x62}
0.216274 : dispatching packet: 
0.216306 : 569: {0x50, 0x11, 0x0, 0x0, 0x0, 0x34, 0x2b, 0x0, 0x0, 0x62, 0x1, 0x0, 0x0, 0xa, 0x0, 0x0, 0x0, 0x1c, 0x0, 0x0, ..., 0x75, 0x6b, 0x62}
0.219168 : 1020: {0x7c, 0x7c, 0x7c, 0x7c, 0x39, 0x2, 0x0, 0x0, 0x0, 0x50, 0x11, 0x0, 0x0, 0x0, 0x34, 0x2b, 0x0, 0x0, 0x62, 0x1, ..., 0x7a, 0x7a, 0x77}
0.219230 : dispatching packet: 
0.219260 : 569: {0x50, 0x11, 0x0, 0x0, 0x0, 0x34, 0x2b, 0x0, 0x0, 0x62, 0x1, 0x0, 0x0, 0xc, 0x0, 0x0, 0x0, 0x1c, 0x0, 0x0, ..., 0xb2, 0xb0, 0xac}
0.222157 : 1020: {0x7c, 0x7c, 0x7c, 0x7c, 0x39, 0x2, 0x0, 0x0, 0x0, 0x50, 0x11, 0x0, 0x0, 0x0, 0x34, 0x2b, 0x0, 0x0, 0x62, 0x1, ..., 0x5d, 0x5f, 0x67}
0.222225 : dispatching packet: 
0.222268 : 569: {0x50, 0x11, 0x0, 0x0, 0x0, 0x34, 0x2b, 0x0, 0x0, 0x62, 0x1, 0x0, 0x0, 0xc, 0x0, 0x0, 0x0, 0x1c, 0x0, 0x0, ..., 0x77, 0x78, 0x77}
0.222305 : Error parsing incoming data: lost bytes
0.222324 : Error parsing incoming data: lost bytes
0.222359 : Error parsing incoming data: lost bytes
0.222383 : Error parsing incoming data: CRC error
0.222399 : Error parsing incoming data: CRC error
0.222413 : Error parsing incoming data: CRC error
0.222427 : Error parsing incoming data: lost bytes
0.222441 : Error parsing incoming data: CRC error
0.222454 : Error parsing incoming data: lost bytes
0.222469 : Error parsing incoming data: CRC error
0.222483 : Error parsing incoming data: incomplete packer
0.224967 : 578: {0x7c, 0x7c, 0x7c, 0x7c, 0x39, 0x2, 0x0, 0x0, 0x0, 0x50, 0x11, 0x0, 0x0, 0x0, 0x34, 0x2b, 0x0, 0x0, 0x62, 0x1, ..., 0x1d, 0x3f, 0x52}
0.225035 : dispatching packet: 
0.225067 : 569: {0x50, 0x11, 0x0, 0x0, 0x0, 0x34, 0x2b, 0x0, 0x0, 0x62, 0x1, 0x0, 0x0, 0xd, 0x0, 0x0, 0x0, 0x1c, 0x0, 0x0, ..., 0x90, 0x91, 0x92}
0.225127 : Error parsing incoming data: CRC error
0.225156 : Error parsing incoming data: lost bytes
0.225170 : Error parsing incoming data: lost bytes
0.225185 : Error parsing incoming data: lost bytes
0.225199 : Error parsing incoming data: CRC error
0.225213 : Error parsing incoming data: lost bytes
0.225225 : Error parsing incoming data: lost bytes
0.225239 : Error parsing incoming data: lost bytes
0.225250 : Error parsing incoming data: lost bytes
0.225262 : Error parsing incoming data: CRC error
0.225275 : Error parsing incoming data: CRC error
0.227793 : 578: {0x7c, 0x7c, 0x7c, 0x7c, 0x39, 0x2, 0x0, 0x0, 0x0, 0x50, 0x11, 0x0, 0x0, 0x0, 0x34, 0x2b, 0x0, 0x0, 0x62, 0x1, ..., 0x55, 0x59, 0x63}
0.227930 : dispatching packet: 
0.228002 : 569: {0x50, 0x11, 0x0, 0x0, 0x0, 0x34, 0x2b, 0x0, 0x0, 0x62, 0x1, 0x0, 0x0, 0xf, 0x0, 0x0, 0x0, 0x1c, 0x0, 0x0, ..., 0x55, 0x59, 0x63}
0.230631 : 578: {0x7c, 0x7c, 0x7c, 0x7c, 0x39, 0x2, 0x0, 0x0, 0x0, 0x50, 0x11, 0x0, 0x0, 0x0, 0x34, 0x2b, 0x0, 0x0, 0x62, 0x1, ..., 0xb2, 0xaf, 0xa6}
0.230708 : dispatching packet: 
0.230738 : 569: {0x50, 0x11, 0x0, 0x0, 0x0, 0x34, 0x2b, 0x0, 0x0, 0x62, 0x1, 0x0, 0x0, 0x10, 0x0, 0x0, 0x0, 0x1c, 0x0, 0x0, ..., 0xb2, 0xaf, 0xa6}
0.233417 : 1020: {0x7c, 0x7c, 0x7c, 0x7c, 0x39, 0x2, 0x0, 0x0, 0x0, 0x50, 0x11, 0x0, 0x0, 0x0, 0x34, 0x2b, 0x0, 0x0, 0x62, 0x1, ..., 0x65, 0x66, 0x66}
0.233493 : dispatching packet: 
0.233526 : 569: {0x50, 0x11, 0x0, 0x0, 0x0, 0x34, 0x2b, 0x0, 0x0, 0x62, 0x1, 0x0, 0x0, 0x11, 0x0, 0x0, 0x0, 0x1c, 0x0, 0x0, ..., 0xb0, 0xae, 0xa5}
0.236291 : 578: {0x7c, 0x7c, 0x7c, 0x7c, 0x39, 0x2, 0x0, 0x0, 0x0, 0x50, 0x11, 0x0, 0x0, 0x0, 0x34, 0x2b, 0x0, 0x0, 0x62, 0x1, ..., 0x57, 0x59, 0x58}
0.236339 : dispatching packet: 
0.236369 : 569: {0x50, 0x11, 0x0, 0x0, 0x0, 0x34, 0x2b, 0x0, 0x0, 0x62, 0x1, 0x0, 0x0, 0x11, 0x0, 0x0, 0x0, 0x1c, 0x0, 0x0, ..., 0x7b, 0x73, 0x76}
0.236398 : Error parsing incoming data: lost bytes
0.236415 : Error parsing incoming data: lost bytes
0.236430 : Error parsing incoming data: CRC error
0.236443 : Error parsing incoming data: lost bytes
0.236457 : Error parsing incoming data: lost bytes
0.236471 : Error parsing incoming data: lost bytes
0.236484 : Error parsing incoming data: lost bytes
0.239092 : 136: {0x71, 0x70, 0x71, 0x73, 0x73, 0x6f, 0x6c, 0x6f, 0x73, 0x72, 0x6c, 0x5e, 0x67, 0x6f, 0x6e, 0x67, 0x66, 0x6f, 0x73, 0x72, ..., 0x5b, 0x5c, 0x61}
0.242072 : 578: {0x7c, 0x7c, 0x7c, 0x7c, 0x39, 0x2, 0x0, 0x0, 0x0, 0x50, 0x11, 0x0, 0x0, 0x0, 0x34, 0x2b, 0x0, 0x0, 0x62, 0x1, ..., 0xa1, 0xa0, 0x9e}
0.242164 : dispatching packet: 
0.242202 : 569: {0x50, 0x11, 0x0, 0x0, 0x0, 0x34, 0x2b, 0x0, 0x0, 0x62, 0x1, 0x0, 0x0, 0x14, 0x0, 0x0, 0x0, 0x1c, 0x0, 0x0, ..., 0xa1, 0xa0, 0x9e}
0.245018 : 136: {0x8e, 0x8f, 0x90, 0x8f, 0x8e, 0x8d, 0x8e, 0x90, 0x91, 0x91, 0x90, 0x90, 0x92, 0x93, 0x94, 0x94, 0x95, 0x96, 0x97, 0x98, ..., 0x7b, 0x78, 0x78}
0.245078 : Error parsing incoming data: CRC error
0.245101 : Error parsing incoming data: lost bytes
0.247818 : 1020: {0x7c, 0x7c, 0x7c, 0x7c, 0x39, 0x2, 0x0, 0x0, 0x0, 0x50, 0x11, 0x0, 0x0, 0x0, 0x34, 0x2b, 0x0, 0x0, 0x62, 0x1, ..., 0x96, 0x96, 0x96}
0.247867 : dispatching packet: 
0.247903 : 569: {0x50, 0x11, 0x0, 0x0, 0x0, 0x34, 0x2b, 0x0, 0x0, 0x62, 0x1, 0x0, 0x0, 0x16, 0x0, 0x0, 0x0, 0x1c, 0x0, 0x0, ..., 0xba, 0xb8, 0xb0}
0.250721 : 578: {0x7c, 0x7c, 0x7c, 0x7c, 0x39, 0x2, 0x0, 0x0, 0x0, 0x50, 0x11, 0x0, 0x0, 0x0, 0x34, 0x2b, 0x0, 0x0, 0x62, 0x1, ..., 0x8f, 0x8e, 0x8e}
0.251579 : dispatching packet: 
0.251617 : 569: {0x50, 0x11, 0x0, 0x0, 0x0, 0x34, 0x2b, 0x0, 0x0, 0x62, 0x1, 0x0, 0x0, 0x16, 0x0, 0x0, 0x0, 0x1c, 0x0, 0x0, ..., 0x94, 0x9a, 0x9b}
0.251648 : Error parsing incoming data: lost bytes
0.251662 : Error parsing incoming data: lost bytes
0.251675 : Error parsing incoming data: CRC error
0.251687 : Error parsing incoming data: CRC error
0.251699 : Error parsing incoming data: lost bytes
0.253429 : 1020: {0x7c, 0x7c, 0x7c, 0x7c, 0x39, 0x2, 0x0, 0x0, 0x0, 0x50, 0x11, 0x0, 0x0, 0x0, 0x34, 0x2b, 0x0, 0x0, 0x62, 0x1, ..., 0x96, 0x95, 0x95}
0.253503 : dispatching packet: 
0.253531 : 569: {0x50, 0x11, 0x0, 0x0, 0x0, 0x34, 0x2b, 0x0, 0x0, 0x62, 0x1, 0x0, 0x0, 0x18, 0x0, 0x0, 0x0, 0x1c, 0x0, 0x0, ..., 0xb5, 0xb6, 0xb1}
0.256099 : 578: {0x7c, 0x7c, 0x7c, 0x7c, 0x39, 0x2, 0x0, 0x0, 0x0, 0x50, 0x11, 0x0, 0x0, 0x0, 0x34, 0x2b, 0x0, 0x0, 0x62, 0x1, ..., 0xb1, 0xb2, 0xae}
0.256151 : dispatching packet: 
0.256179 : 569: {0x50, 0x11, 0x0, 0x0, 0x0, 0x34, 0x2b, 0x0, 0x0, 0x62, 0x1, 0x0, 0x0, 0x18, 0x0, 0x0, 0x0, 0x1c, 0x0, 0x0, ..., 0x81, 0x82, 0x85}
0.256210 : Error parsing incoming data: CRC error
0.256234 : Error parsing incoming data: CRC error
0.256259 : Error parsing incoming data: lost bytes
0.258816 : 578: {0x7c, 0x7c, 0x7c, 0x7c, 0x39, 0x2, 0x0, 0x0, 0x0, 0x50, 0x11, 0x0, 0x0, 0x0, 0x34, 0x2b, 0x0, 0x0, 0x62, 0x1, ..., 0x8a, 0x88, 0x85}
0.258867 : dispatching packet: 
0.258894 : 569: {0x50, 0x11, 0x0, 0x0, 0x0, 0x34, 0x2b, 0x0, 0x0, 0x62, 0x1, 0x0, 0x0, 0x1a, 0x0, 0x0, 0x0, 0x1c, 0x0, 0x0, ..., 0x8a, 0x88, 0x85}
0.261782 : 1020: {0x7c, 0x7c, 0x7c, 0x7c, 0x39, 0x2, 0x0, 0x0, 0x0, 0x50, 0x11, 0x0, 0x0, 0x0, 0x34, 0x2b, 0x0, 0x0, 0x62, 0x1, ..., 0x88, 0x88, 0x88}
0.261839 : dispatching packet: 
0.261871 : 569: {0x50, 0x11, 0x0, 0x0, 0x0, 0x34, 0x2b, 0x0, 0x0, 0x62, 0x1, 0x0, 0x0, 0x1b, 0x0, 0x0, 0x0, 0x1c, 0x0, 0x0, ..., 0xb5, 0xb3, 0xab}
0.262393 : 32: {0x7d, 0x50, 0x26, 0xfe, 0x75, 0x23, 0x34, 0x2b, 0x0, 0x0, 0x1, 0x0, 0x0, 0x0, 0x0, 0x0, 0x0, 0x0, 0x30, 0x4c, ..., 0x0, 0x24, 0x7e}
0.262726 : 32: {0x7d, 0x50, 0x26, 0xfe, 0x75, 0x23, 0x34, 0x2b, 0x0, 0x0, 0x1, 0x0, 0x0, 0x0, 0x0, 0x0, 0x0, 0x0, 0x30, 0x4c, ..., 0x0, 0x24, 0x7e}
0.301069 : 32: {0x7d, 0x50, 0x26, 0xfe, 0x75, 0x23, 0x34, 0x2b, 0x0, 0x0, 0x1, 0x0, 0x0, 0x0, 0x0, 0x0, 0x0, 0x0, 0x30, 0x4c, ..., 0x0, 0x24, 0x7e}
0.359725 : 262: {0x7c, 0x7c, 0x7c, 0x7c, 0xfd, 0x0, 0x0, 0x0, 0x0, 0x50, 0xd, 0x0, 0x0, 0x0, 0x37, 0x2b, 0x0, 0x0, 0x1c, 0x0, ..., 0x78, 0x46, 0x40}
0.359792 : dispatching packet: 
0.359819 : 569: {0x50, 0x11, 0x0, 0x0, 0x0, 0x34, 0x2b, 0x0, 0x0, 0x62, 0x1, 0x0, 0x0, 0x1b, 0x0, 0x0, 0x0, 0x1c, 0x0, 0x0, ..., 0x3e, 0xaa, 0x13}
0.359851 : Error parsing incoming data: CRC error
0.359867 : Error parsing incoming data: CRC error
0.359882 : Error parsing incoming data: CRC error
0.418310 : 32: {0x7d, 0x50, 0x26, 0xfe, 0x75, 0x23, 0x34, 0x2b, 0x0, 0x0, 0x1, 0x0, 0x0, 0x0, 0x0, 0x0, 0x0, 0x0, 0x30, 0x4c, ..., 0x0, 0x24, 0x7e}
0.418359 : Error parsing incoming data: lost bytes
0.418521 : dispatching packet: 
0.418562 : 29: {0x50, 0x26, 0xfe, 0x75, 0x23, 0x34, 0x2b, 0x0, 0x0, 0x1, 0x0, 0x0, 0x0, 0x0, 0x0, 0x0, 0x0, 0x30, 0x4c, 0xdd, ..., 0x0, 0x0, 0x0}
0.476999 : 32: {0x7d, 0x50, 0x26, 0xfe, 0x75, 0x23, 0x34, 0x2b, 0x0, 0x0, 0x1, 0x0, 0x0, 0x0, 0x0, 0x0, 0x0, 0x0, 0x30, 0x4c, ..., 0x0, 0x24, 0x7e}
0.477055 : dispatching packet: 
0.477224 : 29: {0x50, 0x26, 0xfe, 0x75, 0x23, 0x34, 0x2b, 0x0, 0x0, 0x1, 0x0, 0x0, 0x0, 0x0, 0x0, 0x0, 0x0, 0x30, 0x4c, 0xdd, ..., 0x0, 0x0, 0x0}
0.711838 : 130: {0x7c, 0x7c, 0x7c, 0x7c, 0x79, 0x0, 0x0, 0x0, 0x0, 0x50, 0x11, 0x0, 0x0, 0x0, 0x3d, 0x2b, 0x0, 0x0, 0x70, 0x1, ..., 0xb0, 0xa9, 0x85}
0.711896 : dispatching packet: 
0.711944 : 121: {0x50, 0x11, 0x0, 0x0, 0x0, 0x3d, 0x2b, 0x0, 0x0, 0x70, 0x1, 0x0, 0x0, 0x0, 0x0, 0x0, 0x0, 0x1c, 0x0, 0x0, ..., 0xb0, 0xa9, 0x85}
0.712357 : 260: {0x7c, 0x7c, 0x7c, 0x7c, 0x79, 0x0, 0x0, 0x0, 0x0, 0x50, 0x11, 0x0, 0x0, 0x0, 0x3d, 0x2b, 0x0, 0x0, 0x70, 0x1, ..., 0xa6, 0xa1, 0x95}
0.712402 : dispatching packet: 
0.712434 : 121: {0x50, 0x11, 0x0, 0x0, 0x0, 0x3d, 0x2b, 0x0, 0x0, 0x70, 0x1, 0x0, 0x0, 0x1, 0x0, 0x0, 0x0, 0x1c, 0x0, 0x0, ..., 0xb2, 0xb0, 0xa4}
0.712464 : dispatching packet: 
0.712493 : 121: {0x50, 0x11, 0x0, 0x0, 0x0, 0x3d, 0x2b, 0x0, 0x0, 0x70, 0x1, 0x0, 0x0, 0x1, 0x0, 0x0, 0x0, 0x1c, 0x0, 0x0, ..., 0xa6, 0xa1, 0x95}
0.712957 : 130: {0x7c, 0x7c, 0x7c, 0x7c, 0x79, 0x0, 0x0, 0x0, 0x0, 0x50, 0x11, 0x0, 0x0, 0x0, 0x3d, 0x2b, 0x0, 0x0, 0x70, 0x1, ..., 0xb9, 0xbc, 0xb9}
0.713024 : dispatching packet: 
0.713062 : 121: {0x50, 0x11, 0x0, 0x0, 0x0, 0x3d, 0x2b, 0x0, 0x0, 0x70, 0x1, 0x0, 0x0, 0x2, 0x0, 0x0, 0x0, 0x1c, 0x0, 0x0, ..., 0xb9, 0xbc, 0xb9}
0.713725 : 130: {0x7c, 0x7c, 0x7c, 0x7c, 0x79, 0x0, 0x0, 0x0, 0x0, 0x50, 0x11, 0x0, 0x0, 0x0, 0x3d, 0x2b, 0x0, 0x0, 0x70, 0x1, ..., 0xc2, 0xc5, 0xc2}
0.713759 : dispatching packet: 
0.713795 : 121: {0x50, 0x11, 0x0, 0x0, 0x0, 0x3d, 0x2b, 0x0, 0x0, 0x70, 0x1, 0x0, 0x0, 0x3, 0x0, 0x0, 0x0, 0x1c, 0x0, 0x0, ..., 0xc2, 0xc5, 0xc2}
0.714503 : 130: {0x7c, 0x7c, 0x7c, 0x7c, 0x79, 0x0, 0x0, 0x0, 0x0, 0x50, 0x11, 0x0, 0x0, 0x0, 0x3d, 0x2b, 0x0, 0x0, 0x70, 0x1, ..., 0x91, 0x87, 0x77}
0.714537 : dispatching packet: 
0.714576 : 121: {0x50, 0x11, 0x0, 0x0, 0x0, 0x3d, 0x2b, 0x0, 0x0, 0x70, 0x1, 0x0, 0x0, 0x4, 0x0, 0x0, 0x0, 0x1c, 0x0, 0x0, ..., 0x91, 0x87, 0x77}
0.715235 : 130: {0x7c, 0x7c, 0x7c, 0x7c, 0x79, 0x0, 0x0, 0x0, 0x0, 0x50, 0x11, 0x0, 0x0, 0x0, 0x3d, 0x2b, 0x0, 0x0, 0x70, 0x1, ..., 0x8a, 0x83, 0x80}
0.715268 : dispatching packet: 
0.715314 : 121: {0x50, 0x11, 0x0, 0x0, 0x0, 0x3d, 0x2b, 0x0, 0x0, 0x70, 0x1, 0x0, 0x0, 0x5, 0x0, 0x0, 0x0, 0x1c, 0x0, 0x0, ..., 0x8a, 0x83, 0x80}
0.715966 : 260: {0x7c, 0x7c, 0x7c, 0x7c, 0x79, 0x0, 0x0, 0x0, 0x0, 0x50, 0x11, 0x0, 0x0, 0x0, 0x3d, 0x2b, 0x0, 0x0, 0x70, 0x1, ..., 0x7d, 0x82, 0x7d}
0.716001 : dispatching packet: 
0.716031 : 121: {0x50, 0x11, 0x0, 0x0, 0x0, 0x3d, 0x2b, 0x0, 0x0, 0x70, 0x1, 0x0, 0x0, 0x6, 0x0, 0x0, 0x0, 0x1c, 0x0, 0x0, ..., 0xd0, 0xc8, 0xb8}
0.716058 : dispatching packet: 
0.716087 : 121: {0x50, 0x11, 0x0, 0x0, 0x0, 0x3d, 0x2b, 0x0, 0x0, 0x70, 0x1, 0x0, 0x0, 0x6, 0x0, 0x0, 0x0, 0x1c, 0x0, 0x0, ..., 0x7d, 0x82, 0x7d}
0.717463 : 260: {0x7c, 0x7c, 0x7c, 0x7c, 0x79, 0x0, 0x0, 0x0, 0x0, 0x50, 0x11, 0x0, 0x0, 0x0, 0x3d, 0x2b, 0x0, 0x0, 0x70, 0x1, ..., 0x75, 0x93, 0x88}
0.717501 : dispatching packet: 
0.717534 : 121: {0x50, 0x11, 0x0, 0x0, 0x0, 0x3d, 0x2b, 0x0, 0x0, 0x70, 0x1, 0x0, 0x0, 0x8, 0x0, 0x0, 0x0, 0x1c, 0x0, 0x0, ..., 0xba, 0x8c, 0xb3}
0.717563 : dispatching packet: 
0.717592 : 121: {0x50, 0x11, 0x0, 0x0, 0x0, 0x3d, 0x2b, 0x0, 0x0, 0x70, 0x1, 0x0, 0x0, 0x8, 0x0, 0x0, 0x0, 0x1c, 0x0, 0x0, ..., 0x75, 0x93, 0x88}
0.718226 : 130: {0x7c, 0x7c, 0x7c, 0x7c, 0x79, 0x0, 0x0, 0x0, 0x0, 0x50, 0x11, 0x0, 0x0, 0x0, 0x3d, 0x2b, 0x0, 0x0, 0x70, 0x1, ..., 0x6d, 0x90, 0x84}
0.718257 : dispatching packet: 
0.718287 : 121: {0x50, 0x11, 0x0, 0x0, 0x0, 0x3d, 0x2b, 0x0, 0x0, 0x70, 0x1, 0x0, 0x0, 0x9, 0x0, 0x0, 0x0, 0x1c, 0x0, 0x0, ..., 0x6d, 0x90, 0x84}
0.719709 : 260: {0x7c, 0x7c, 0x7c, 0x7c, 0x79, 0x0, 0x0, 0x0, 0x0, 0x50, 0x11, 0x0, 0x0, 0x0, 0x3d, 0x2b, 0x0, 0x0, 0x70, 0x1, ..., 0x7a, 0x6a, 0x61}
0.719750 : dispatching packet: 
0.719790 : 121: {0x50, 0x11, 0x0, 0x0, 0x0, 0x3d, 0x2b, 0x0, 0x0, 0x70, 0x1, 0x0, 0x0, 0xb, 0x0, 0x0, 0x0, 0x1c, 0x0, 0x0, ..., 0xa4, 0xaa, 0xae}
0.719818 : dispatching packet: 
0.719859 : 121: {0x50, 0x11, 0x0, 0x0, 0x0, 0x3d, 0x2b, 0x0, 0x0, 0x70, 0x1, 0x0, 0x0, 0xb, 0x0, 0x0, 0x0, 0x1c, 0x0, 0x0, ..., 0x7a, 0x6a, 0x61}
0.721142 : 130: {0x7c, 0x7c, 0x7c, 0x7c, 0x79, 0x0, 0x0, 0x0, 0x0, 0x50, 0x11, 0x0, 0x0, 0x0, 0x3d, 0x2b, 0x0, 0x0, 0x70, 0x1, ..., 0x9a, 0x9a, 0x95}
0.721208 : dispatching packet: 
0.721246 : 121: {0x50, 0x11, 0x0, 0x0, 0x0, 0x3d, 0x2b, 0x0, 0x0, 0x70, 0x1, 0x0, 0x0, 0xd, 0x0, 0x0, 0x0, 0x1c, 0x0, 0x0, ..., 0x9a, 0x9a, 0x95}
0.721915 : 130: {0x7c, 0x7c, 0x7c, 0x7c, 0x79, 0x0, 0x0, 0x0, 0x0, 0x50, 0x11, 0x0, 0x0, 0x0, 0x3d, 0x2b, 0x0, 0x0, 0x70, 0x1, ..., 0x52, 0x5d, 0x67}
0.721947 : dispatching packet: 
0.721981 : 121: {0x50, 0x11, 0x0, 0x0, 0x0, 0x3d, 0x2b, 0x0, 0x0, 0x70, 0x1, 0x0, 0x0, 0xe, 0x0, 0x0, 0x0, 0x1c, 0x0, 0x0, ..., 0x52, 0x5d, 0x67}
0.722717 : 260: {0x7c, 0x7c, 0x7c, 0x7c, 0x79, 0x0, 0x0, 0x0, 0x0, 0x50, 0x11, 0x0, 0x0, 0x0, 0x3d, 0x2b, 0x0, 0x0, 0x70, 0x1, ..., 0x67, 0x53, 0x67}
0.722748 : dispatching packet: 
0.722785 : 121: {0x50, 0x11, 0x0, 0x0, 0x0, 0x3d, 0x2b, 0x0, 0x0, 0x70, 0x1, 0x0, 0x0, 0xf, 0x0, 0x0, 0x0, 0x1c, 0x0, 0x0, ..., 0xa0, 0x99, 0x94}
0.722811 : dispatching packet: 
0.722836 : 121: {0x50, 0x11, 0x0, 0x0, 0x0, 0x3d, 0x2b, 0x0, 0x0, 0x70, 0x1, 0x0, 0x0, 0xf, 0x0, 0x0, 0x0, 0x1c, 0x0, 0x0, ..., 0x67, 0x53, 0x67}
0.723400 : 130: {0x7c, 0x7c, 0x7c, 0x7c, 0x79, 0x0, 0x0, 0x0, 0x0, 0x50, 0x11, 0x0, 0x0, 0x0, 0x3d, 0x2b, 0x0, 0x0, 0x70, 0x1, ..., 0xa1, 0x9c, 0x9d}
0.723480 : dispatching packet: 
0.723515 : 121: {0x50, 0x11, 0x0, 0x0, 0x0, 0x3d, 0x2b, 0x0, 0x0, 0x70, 0x1, 0x0, 0x0, 0x10, 0x0, 0x0, 0x0, 0x1c, 0x0, 0x0, ..., 0xa1, 0x9c, 0x9d}
0.724146 : 130: {0x7c, 0x7c, 0x7c, 0x7c, 0x79, 0x0, 0x0, 0x0, 0x0, 0x50, 0x11, 0x0, 0x0, 0x0, 0x3d, 0x2b, 0x0, 0x0, 0x70, 0x1, ..., 0xa0, 0x9d, 0x9e}
0.724177 : dispatching packet: 
0.724211 : 121: {0x50, 0x11, 0x0, 0x0, 0x0, 0x3d, 0x2b, 0x0, 0x0, 0x70, 0x1, 0x0, 0x0, 0x11, 0x0, 0x0, 0x0, 0x1c, 0x0, 0x0, ..., 0xa0, 0x9d, 0x9e}
0.724945 : 260: {0x7c, 0x7c, 0x7c, 0x7c, 0x79, 0x0, 0x0, 0x0, 0x0, 0x50, 0x11, 0x0, 0x0, 0x0, 0x3d, 0x2b, 0x0, 0x0, 0x70, 0x1, ..., 0x69, 0x63, 0x6e}
0.724980 : dispatching packet: 
0.725010 : 121: {0x50, 0x11, 0x0, 0x0, 0x0, 0x3d, 0x2b, 0x0, 0x0, 0x70, 0x1, 0x0, 0x0, 0x12, 0x0, 0x0, 0x0, 0x1c, 0x0, 0x0, ..., 0x9d, 0x99, 0x95}
0.725074 : dispatching packet: 
0.725127 : 121: {0x50, 0x11, 0x0, 0x0, 0x0, 0x3d, 0x2b, 0x0, 0x0, 0x70, 0x1, 0x0, 0x0, 0x12, 0x0, 0x0, 0x0, 0x1c, 0x0, 0x0, ..., 0x69, 0x63, 0x6e}
0.726394 : 260: {0x7c, 0x7c, 0x7c, 0x7c, 0x79, 0x0, 0x0, 0x0, 0x0, 0x50, 0x11, 0x0, 0x0, 0x0, 0x3d, 0x2b, 0x0, 0x0, 0x70, 0x1, ..., 0x5f, 0x5e, 0x59}
0.726446 : dispatching packet: 
0.726472 : 121: {0x50, 0x11, 0x0, 0x0, 0x0, 0x3d, 0x2b, 0x0, 0x0, 0x70, 0x1, 0x0, 0x0, 0x14, 0x0, 0x0, 0x0, 0x1c, 0x0, 0x0, ..., 0x8f, 0x8d, 0x83}
0.726492 : dispatching packet: 
0.726526 : 121: {0x50, 0x11, 0x0, 0x0, 0x0, 0x3d, 0x2b, 0x0, 0x0, 0x70, 0x1, 0x0, 0x0, 0x14, 0x0, 0x0, 0x0, 0x1c, 0x0, 0x0, ..., 0x5f, 0x5e, 0x59}
0.727108 : 130: {0x7c, 0x7c, 0x7c, 0x7c, 0x79, 0x0, 0x0, 0x0, 0x0, 0x50, 0x11, 0x0, 0x0, 0x0, 0x3d, 0x2b, 0x0, 0x0, 0x70, 0x1, ..., 0xa0, 0x9a, 0x93}
0.727153 : dispatching packet: 
0.727182 : 121: {0x50, 0x11, 0x0, 0x0, 0x0, 0x3d, 0x2b, 0x0, 0x0, 0x70, 0x1, 0x0, 0x0, 0x15, 0x0, 0x0, 0x0, 0x1c, 0x0, 0x0, ..., 0xa0, 0x9a, 0x93}
0.727818 : 130: {0x7c, 0x7c, 0x7c, 0x7c, 0x79, 0x0, 0x0, 0x0, 0x0, 0x50, 0x11, 0x0, 0x0, 0x0, 0x3d, 0x2b, 0x0, 0x0, 0x70, 0x1, ..., 0xa9, 0xa2, 0x9b}
0.727837 : dispatching packet: 
0.727876 : 121: {0x50, 0x11, 0x0, 0x0, 0x0, 0x3d, 0x2b, 0x0, 0x0, 0x70, 0x1, 0x0, 0x0, 0x16, 0x0, 0x0, 0x0, 0x1c, 0x0, 0x0, ..., 0xa9, 0xa2, 0x9b}
0.728608 : 130: {0x7c, 0x7c, 0x7c, 0x7c, 0x79, 0x0, 0x0, 0x0, 0x0, 0x50, 0x11, 0x0, 0x0, 0x0, 0x3d, 0x2b, 0x0, 0x0, 0x70, 0x1, ..., 0xab, 0xa5, 0x9a}
0.728671 : dispatching packet: 
0.728709 : 121: {0x50, 0x11, 0x0, 0x0, 0x0, 0x3d, 0x2b, 0x0, 0x0, 0x70, 0x1, 0x0, 0x0, 0x17, 0x0, 0x0, 0x0, 0x1c, 0x0, 0x0, ..., 0xab, 0xa5, 0x9a}
0.729347 : 130: {0x7c, 0x7c, 0x7c, 0x7c, 0x79, 0x0, 0x0, 0x0, 0x0, 0x50, 0x11, 0x0, 0x0, 0x0, 0x3d, 0x2b, 0x0, 0x0, 0x70, 0x1, ..., 0xa5, 0x9f, 0x82}
0.729381 : dispatching packet: 
0.729408 : 121: {0x50, 0x11, 0x0, 0x0, 0x0, 0x3d, 0x2b, 0x0, 0x0, 0x70, 0x1, 0x0, 0x0, 0x18, 0x0, 0x0, 0x0, 0x1c, 0x0, 0x0, ..., 0xa5, 0x9f, 0x82}
0.730119 : 130: {0x7c, 0x7c, 0x7c, 0x7c, 0x79, 0x0, 0x0, 0x0, 0x0, 0x50, 0x11, 0x0, 0x0, 0x0, 0x3d, 0x2b, 0x0, 0x0, 0x70, 0x1, ..., 0x5d, 0x5e, 0x5d}
0.730149 : dispatching packet: 
0.730175 : 121: {0x50, 0x11, 0x0, 0x0, 0x0, 0x3d, 0x2b, 0x0, 0x0, 0x70, 0x1, 0x0, 0x0, 0x19, 0x0, 0x0, 0x0, 0x1c, 0x0, 0x0, ..., 0x5d, 0x5e, 0x5d}
0.730952 : 130: {0x7c, 0x7c, 0x7c, 0x7c, 0x79, 0x0, 0x0, 0x0, 0x0, 0x50, 0x11, 0x0, 0x0, 0x0, 0x3d, 0x2b, 0x0, 0x0, 0x70, 0x1, ..., 0x54, 0x5c, 0x58}
0.731027 : dispatching packet: 
0.731058 : 121: {0x50, 0x11, 0x0, 0x0, 0x0, 0x3d, 0x2b, 0x0, 0x0, 0x70, 0x1, 0x0, 0x0, 0x1a, 0x0, 0x0, 0x0, 0x1c, 0x0, 0x0, ..., 0x54, 0x5c, 0x58}
0.732128 : 254: {0x7d, 0x50, 0x0, 0x3b, 0xa, 0x61, 0x3d, 0x2b, 0x0, 0x0, 0x1a, 0x0, 0x0, 0x0, 0x2, 0x30, 0xba, 0x41, 0xb5, 0xe7, ..., 0x0, 0x5, 0x7e}
0.732190 : dispatching packet: 
0.732230 : 221: {0x50, 0x0, 0x3b, 0xa, 0x61, 0x3d, 0x2b, 0x0, 0x0, 0x1a, 0x0, 0x0, 0x0, 0x2, 0x30, 0xba, 0x41, 0xb5, 0xe7, 0x94, ..., 0x0, 0x0, 0x0}
0.732258 : dispatching packet: 
0.732286 : 25: {0x50, 0x2, 0x3b, 0xa, 0x61, 0x3d, 0x2b, 0x0, 0x0, 0x1, 0x0, 0x0, 0x0, 0x30, 0x4c, 0xdd, 0x3e, 0xfd, 0x8c, 0x41, ..., 0x0, 0x0, 0x0}
0.828765 : 262: {0x7c, 0x7c, 0x7c, 0x7c, 0xfd, 0x0, 0x0, 0x0, 0x0, 0x50, 0xd, 0x0, 0x0, 0x0, 0x3f, 0x2b, 0x0, 0x0, 0x1c, 0x0, ..., 0x91, 0x3e, 0x40}
0.829022 : dispatching packet: 
0.829069 : 253: {0x50, 0xd, 0x0, 0x0, 0x0, 0x3f, 0x2b, 0x0, 0x0, 0x1c, 0x0, 0x0, 0x0, 0x18, 0xb3, 0x52, 0x3d, 0xa1, 0xce, 0x2d, ..., 0x91, 0x3e, 0x40}
0.887431 : 32: {0x7d, 0x50, 0x26, 0xfe, 0x75, 0x23, 0x34, 0x2b, 0x0, 0x0, 0x1, 0x0, 0x0, 0x0, 0x0, 0x0, 0x0, 0x0, 0x30, 0x4c, ..., 0x0, 0x24, 0x7e}
0.887509 : dispatching packet: 
0.887552 : 29: {0x50, 0x26, 0xfe, 0x75, 0x23, 0x34, 0x2b, 0x0, 0x0, 0x1, 0x0, 0x0, 0x0, 0x0, 0x0, 0x0, 0x0, 0x30, 0x4c, 0xdd, ..., 0x0, 0x0, 0x0}
0.946091 : 32: {0x7d, 0x50, 0x26, 0xfe, 0x75, 0x23, 0x34, 0x2b, 0x0, 0x0, 0x1, 0x0, 0x0, 0x0, 0x0, 0x0, 0x0, 0x0, 0x30, 0x4c, ..., 0x0, 0x24, 0x7e}
0.946162 : dispatching packet: 
0.946211 : 29: {0x50, 0x26, 0xfe, 0x75, 0x23, 0x34, 0x2b, 0x0, 0x0, 0x1, 0x0, 0x0, 0x0, 0x0, 0x0, 0x0, 0x0, 0x30, 0x4c, 0xdd, ..., 0x0, 0x0, 0x0}
1.004607 : 262: {0x7c, 0x7c, 0x7c, 0x7c, 0xfd, 0x0, 0x0, 0x0, 0x0, 0x50, 0xd, 0x0, 0x0, 0x0, 0x42, 0x2b, 0x0, 0x0, 0x1c, 0x0, ..., 0x8c, 0x45, 0x40}
1.004717 : dispatching packet: 
1.004761 : 253: {0x50, 0xd, 0x0, 0x0, 0x0, 0x42, 0x2b, 0x0, 0x0, 0x1c, 0x0, 0x0, 0x0, 0x18, 0xb3, 0x52, 0x3d, 0xa1, 0xce, 0x2d, ..., 0x8c, 0x45, 0x40}
1.004852 : 32: {0x7d, 0x50, 0x26, 0xfe, 0x75, 0x23, 0x34, 0x2b, 0x0, 0x0, 0x1, 0x0, 0x0, 0x0, 0x0, 0x0, 0x0, 0x0, 0x30, 0x4c, ..., 0x0, 0x24, 0x7e}
1.004879 : dispatching packet: 
1.004907 : 29: {0x50, 0x26, 0xfe, 0x75, 0x23, 0x34, 0x2b, 0x0, 0x0, 0x1, 0x0, 0x0, 0x0, 0x0, 0x0, 0x0, 0x0, 0x30, 0x4c, 0xdd, ..., 0x0, 0x0, 0x0}
1.063333 : 32: {0x7d, 0x50, 0x26, 0xfe, 0x75, 0x23, 0x34, 0x2b, 0x0, 0x0, 0x1, 0x0, 0x0, 0x0, 0x0, 0x0, 0x0, 0x0, 0x30, 0x4c, ..., 0x0, 0x24, 0x7e}
1.063388 : dispatching packet: 
1.063437 : 29: {0x50, 0x26, 0xfe, 0x75, 0x23, 0x34, 0x2b, 0x0, 0x0, 0x1, 0x0, 0x0, 0x0, 0x0, 0x0, 0x0, 0x0, 0x30, 0x4c, 0xdd, ..., 0x0, 0x0, 0x0}
1.121976 : 32: {0x7d, 0x50, 0x26, 0xfe, 0x75, 0x23, 0x34, 0x2b, 0x0, 0x0, 0x1, 0x0, 0x0, 0x0, 0x0, 0x0, 0x0, 0x0, 0x30, 0x4c, ..., 0x0, 0x24, 0x7e}
1.122028 : dispatching packet: 
1.122067 : 29: {0x50, 0x26, 0xfe, 0x75, 0x23, 0x34, 0x2b, 0x0, 0x0, 0x1, 0x0, 0x0, 0x0, 0x0, 0x0, 0x0, 0x0, 0x30, 0x4c, 0xdd, ..., 0x0, 0x0, 0x0}
1.180503 : 262: {0x7c, 0x7c, 0x7c, 0x7c, 0xfd, 0x0, 0x0, 0x0, 0x0, 0x50, 0xd, 0x0, 0x0, 0x0, 0x45, 0x2b, 0x0, 0x0, 0x1c, 0x0, ..., 0xfd, 0x3b, 0xc0}
1.180569 : dispatching packet: 
1.180602 : 253: {0x50, 0xd, 0x0, 0x0, 0x0, 0x45, 0x2b, 0x0, 0x0, 0x1c, 0x0, 0x0, 0x0, 0x18, 0xb3, 0x52, 0x3d, 0xa1, 0xce, 0x2d, ..., 0xfd, 0x3b, 0xc0}
1.182652 : 136: {0xa9, 0xae, 0xb2, 0xb4, 0xb3, 0xb0, 0xae, 0xb0, 0xb2, 0xb3, 0xb1, 0xb0, 0xb0, 0xb0, 0xae, 0xac, 0xac, 0xae, 0xae, 0xab, ..., 0x96, 0x9c, 0x9f}
1.184744 : 136: {0xa1, 0xa6, 0xaa, 0xac, 0xab, 0xa8, 0xa5, 0xa8, 0xab, 0xab, 0xa9, 0xa7, 0xa6, 0xa6, 0xa6, 0xa6, 0xa7, 0xa8, 0xa7, 0xa3, ..., 0xa5, 0xa8, 0xa9}
1.187223 : 1020: {0x7c, 0x7c, 0x7c, 0x7c, 0x39, 0x2, 0x0, 0x0, 0x0, 0x50, 0x11, 0x0, 0x0, 0x0, 0x45, 0x2b, 0x0, 0x0, 0x63, 0x1, ..., 0x77, 0x88, 0x93}
1.187270 : dispatching packet: 
1.187298 : 569: {0x50, 0x11, 0x0, 0x0, 0x0, 0x45, 0x2b, 0x0, 0x0, 0x63, 0x1, 0x0, 0x0, 0x2, 0x0, 0x0, 0x0, 0x1c, 0x0, 0x0, ..., 0xd4, 0xd2, 0xc8}
1.190093 : 136: {0x8d, 0x8e, 0x8b, 0x85, 0x83, 0x8c, 0x94, 0x97, 0x94, 0x87, 0x8e, 0x99, 0x9b, 0x96, 0x8e, 0x96, 0x9c, 0x9c, 0x97, 0x8f, ..., 0x9f, 0xa0, 0xa4}
1.190145 : dispatching packet: 
1.190179 : 569: {0x50, 0x11, 0x0, 0x0, 0x0, 0x45, 0x2b, 0x0, 0x0, 0x63, 0x1, 0x0, 0x0, 0x2, 0x0, 0x0, 0x0, 0x1c, 0x0, 0x0, ..., 0x9f, 0xa0, 0xa4}
1.195904 : 136: {0x7b, 0x5d, 0x76, 0x85, 0x8e, 0x93, 0x94, 0x92, 0x8a, 0x87, 0x91, 0x96, 0x96, 0x92, 0x8d, 0x90, 0x96, 0x98, 0x98, 0x95, ..., 0x87, 0x7d, 0x6d}
1.195954 : Error parsing incoming data: lost bytes
1.195997 : Error parsing incoming data: lost bytes
1.196018 : Error parsing incoming data: lost bytes
1.196033 : Error parsing incoming data: lost bytes
1.198831 : 136: {0x73, 0x78, 0x82, 0x8a, 0x90, 0x93, 0x91, 0x8d, 0x8b, 0x91, 0x95, 0x96, 0x92, 0x8b, 0x8b, 0x8f, 0x92, 0x91, 0x8f, 0x8b, ..., 0x71, 0x6e, 0x77}
1.198917 : Error parsing incoming data: lost bytes
1.198938 : Error parsing incoming data: CRC error
1.198954 : Error parsing incoming data: lost bytes
1.198968 : Error parsing incoming data: CRC error
1.201797 : 136: {0x71, 0x78, 0x82, 0x8b, 0x92, 0x95, 0x96, 0x93, 0x94, 0x98, 0x9a, 0x99, 0x94, 0x91, 0x91, 0x90, 0x88, 0x77, 0x7b, 0x7e, ..., 0x8e, 0x90, 0x91}
1.201833 : Error parsing incoming data: CRC error
1.204876 : 136: {0x88, 0x8a, 0x8a, 0x8d, 0x93, 0x99, 0x9b, 0x9b, 0x9b, 0x9b, 0x9b, 0x98, 0x95, 0x96, 0x97, 0x93, 0x87, 0x7e, 0x87, 0x84, ..., 0x9b, 0x9c, 0x9b}
1.204938 : Error parsing incoming data: CRC error
1.204961 : Error parsing incoming data: lost bytes
1.204976 : Error parsing incoming data: incomplete packer
1.207658 : 136: {0x85, 0x8b, 0x8e, 0x8f, 0x93, 0x98, 0x9a, 0x9a, 0x9a, 0x9a, 0x99, 0x94, 0x90, 0x94, 0x95, 0x91, 0x84, 0x7b, 0x82, 0x79, ..., 0x9b, 0x9b, 0x9a}
1.210402 : 1020: {0x7c, 0x7c, 0x7c, 0x7c, 0x39, 0x2, 0x0, 0x0, 0x0, 0x50, 0x11, 0x0, 0x0, 0x0, 0x45, 0x2b, 0x0, 0x0, 0x63, 0x1, ..., 0x89, 0x84, 0x7e}
1.210482 : dispatching packet: 
1.210538 : 569: {0x50, 0x11, 0x0, 0x0, 0x0, 0x45, 0x2b, 0x0, 0x0, 0x63, 0x1, 0x0, 0x0, 0xa, 0x0, 0x0, 0x0, 0x1c, 0x0, 0x0, ..., 0xce, 0xcb, 0xc3}
1.213183 : 1020: {0x7c, 0x7c, 0x7c, 0x7c, 0x39, 0x2, 0x0, 0x0, 0x0, 0x50, 0x11, 0x0, 0x0, 0x0, 0x45, 0x2b, 0x0, 0x0, 0x63, 0x1, ..., 0x84, 0x84, 0x82}
1.213229 : dispatching packet: 
1.213269 : 569: {0x50, 0x11, 0x0, 0x0, 0x0, 0x45, 0x2b, 0x0, 0x0, 0x63, 0x1, 0x0, 0x0, 0xa, 0x0, 0x0, 0x0, 0x1c, 0x0, 0x0, ..., 0x81, 0x7f, 0x7b}
1.213302 : Error parsing incoming data: lost bytes
1.213318 : Error parsing incoming data: incomplete packer
1.213333 : Error parsing incoming data: lost bytes
1.213348 : Error parsing incoming data: CRC error
1.213362 : Error parsing incoming data: incomplete packer
1.213375 : Error parsing incoming data: lost bytes
1.213390 : Error parsing incoming data: lost bytes
1.213404 : Error parsing incoming data: CRC error
1.213419 : Error parsing incoming data: lost bytes
1.213433 : Error parsing incoming data: CRC error
1.213447 : Error parsing incoming data: lost bytes
1.213461 : Error parsing incoming data: lost bytes
1.213476 : Error parsing incoming data: CRC error
1.213491 : Error parsing incoming data: lost bytes
1.213505 : Error parsing incoming data: CRC error
1.213521 : Error parsing incoming data: lost bytes
1.213535 : Error parsing incoming data: lost bytes
1.216110 : 578: {0x7c, 0x7c, 0x7c, 0x7c, 0x39, 0x2, 0x0, 0x0, 0x0, 0x50, 0x11, 0x0, 0x0, 0x0, 0x45, 0x2b, 0x0, 0x0, 0x63, 0x1, ..., 0xb1, 0xae, 0xa8}
1.216146 : dispatching packet: 
1.216211 : 569: {0x50, 0x11, 0x0, 0x0, 0x0, 0x45, 0x2b, 0x0, 0x0, 0x63, 0x1, 0x0, 0x0, 0xb, 0x0, 0x0, 0x0, 0x1c, 0x0, 0x0, ..., 0x7b, 0x78, 0x75}
1.216255 : Error parsing incoming data: lost bytes
1.216290 : Error parsing incoming data: lost bytes
1.216331 : Error parsing incoming data: CRC error
1.216352 : Error parsing incoming data: lost bytes
1.216366 : Error parsing incoming data: lost bytes
1.216381 : Error parsing incoming data: lost bytes
1.216396 : Error parsing incoming data: lost bytes
1.216412 : Error parsing incoming data: lost bytes
1.216427 : Error parsing incoming data: lost bytes
1.216443 : Error parsing incoming data: CRC error
1.216459 : Error parsing incoming data: CRC error
1.216475 : Error parsing incoming data: lost bytes
1.216491 : Error parsing incoming data: incomplete packer
1.216507 : Error parsing incoming data: lost bytes
1.216523 : Error parsing incoming data: CRC error
1.216538 : Error parsing incoming data: CRC error
1.216552 : Error parsing incoming data: lost bytes
1.216568 : Error parsing incoming data: incomplete packer
1.216584 : Error parsing incoming data: CRC error
1.216599 : Error parsing incoming data: incomplete packer
1.216614 : Error parsing incoming data: CRC error
1.216628 : Error parsing incoming data: incomplete packer
1.216644 : Error parsing incoming data: lost bytes
1.218928 : 578: {0x7c, 0x7c, 0x7c, 0x7c, 0x39, 0x2, 0x0, 0x0, 0x0, 0x50, 0x11, 0x0, 0x0, 0x0, 0x45, 0x2b, 0x0, 0x0, 0x63, 0x1, ..., 0x5c, 0x54, 0x50}
1.219011 : dispatching packet: 
1.219051 : 569: {0x50, 0x11, 0x0, 0x0, 0x0, 0x45, 0x2b, 0x0, 0x0, 0x63, 0x1, 0x0, 0x0, 0xd, 0x0, 0x0, 0x0, 0x1c, 0x0, 0x0, ..., 0x5c, 0x54, 0x50}
1.221781 : 578: {0x7c, 0x7c, 0x7c, 0x7c, 0x39, 0x2, 0x0, 0x0, 0x0, 0x50, 0x11, 0x0, 0x0, 0x0, 0x45, 0x2b, 0x0, 0x0, 0x63, 0x1, ..., 0xab, 0xa8, 0xa3}
1.221835 : dispatching packet: 
1.221864 : 569: {0x50, 0x11, 0x0, 0x0, 0x0, 0x45, 0x2b, 0x0, 0x0, 0x63, 0x1, 0x0, 0x0, 0xe, 0x0, 0x0, 0x0, 0x1c, 0x0, 0x0, ..., 0xab, 0xa8, 0xa3}
1.224638 : 136: {0x67, 0x5e, 0x47, 0x50, 0x5b, 0x5d, 0x54, 0x49, 0x64, 0x6e, 0x71, 0x71, 0x6c, 0x63, 0x64, 0x69, 0x67, 0x5e, 0x47, 0x60, ..., 0x54, 0x52, 0x60}
1.227463 : 136: {0x5e, 0x5b, 0x58, 0x5d, 0x60, 0x5d, 0x4b, 0x56, 0x68, 0x70, 0x72, 0x6f, 0x66, 0x55, 0x60, 0x64, 0x5d, 0x53, 0x63, 0x6b, ..., 0x45, 0x51, 0x63}
1.230188 : 578: {0x7c, 0x7c, 0x7c, 0x7c, 0x39, 0x2, 0x0, 0x0, 0x0, 0x50, 0x11, 0x0, 0x0, 0x0, 0x45, 0x2b, 0x0, 0x0, 0x63, 0x1, ..., 0xae, 0xad, 0xa7}
1.230230 : dispatching packet: 
1.230261 : 569: {0x50, 0x11, 0x0, 0x0, 0x0, 0x45, 0x2b, 0x0, 0x0, 0x63, 0x1, 0x0, 0x0, 0x11, 0x0, 0x0, 0x0, 0x1c, 0x0, 0x0, ..., 0xae, 0xad, 0xa7}
1.233101 : 136: {0x68, 0x66, 0x67, 0x6a, 0x6a, 0x65, 0x55, 0x53, 0x63, 0x66, 0x64, 0x5e, 0x57, 0x56, 0x58, 0x5a, 0x59, 0x56, 0x4f, 0x4d, ..., 0x54, 0x58, 0x54}
1.235941 : 136: {0x6c, 0x69, 0x6a, 0x6f, 0x70, 0x6c, 0x64, 0x69, 0x6f, 0x6f, 0x68, 0x4c, 0x60, 0x67, 0x64, 0x4d, 0x5c, 0x68, 0x6a, 0x65, ..., 0x55, 0x58, 0x5e}
1.238759 : 578: {0x7c, 0x7c, 0x7c, 0x7c, 0x39, 0x2, 0x0, 0x0, 0x0, 0x50, 0x11, 0x0, 0x0, 0x0, 0x45, 0x2b, 0x0, 0x0, 0x63, 0x1, ..., 0x9f, 0x9c, 0x94}
1.238804 : dispatching packet: 
1.238860 : 569: {0x50, 0x11, 0x0, 0x0, 0x0, 0x45, 0x2b, 0x0, 0x0, 0x63, 0x1, 0x0, 0x0, 0x14, 0x0, 0x0, 0x0, 0x1c, 0x0, 0x0, ..., 0x9f, 0x9c, 0x94}
1.241921 : 136: {0x82, 0x85, 0x86, 0x86, 0x85, 0x84, 0x86, 0x89, 0x8a, 0x8a, 0x88, 0x88, 0x8a, 0x8b, 0x8b, 0x8a, 0x8b, 0x8c, 0x8d, 0x8d, ..., 0x73, 0x70, 0x72}
1.241981 : Error parsing incoming data: lost bytes
1.242008 : Error parsing incoming data: CRC error
1.242024 : Error parsing incoming data: lost bytes
1.242072 : Error parsing incoming data: incomplete packer
1.244776 : 1020: {0x7c, 0x7c, 0x7c, 0x7c, 0x39, 0x2, 0x0, 0x0, 0x0, 0x50, 0x11, 0x0, 0x0, 0x0, 0x45, 0x2b, 0x0, 0x0, 0x63, 0x1, ..., 0x8c, 0x8a, 0x8a}
1.244858 : dispatching packet: 
1.244913 : 569: {0x50, 0x11, 0x0, 0x0, 0x0, 0x45, 0x2b, 0x0, 0x0, 0x63, 0x1, 0x0, 0x0, 0x16, 0x0, 0x0, 0x0, 0x1c, 0x0, 0x0, ..., 0xb8, 0xb6, 0xac}
1.247644 : 136: {0x8f, 0x8f, 0x8d, 0x8d, 0x8c, 0x8d, 0x8d, 0x8e, 0x8f, 0x8f, 0x90, 0x91, 0x92, 0x92, 0x91, 0x91, 0x91, 0x91, 0x92, 0x92, ..., 0x85, 0x84, 0x84}
1.247747 : dispatching packet: 
1.247801 : 569: {0x50, 0x11, 0x0, 0x0, 0x0, 0x45, 0x2b, 0x0, 0x0, 0x63, 0x1, 0x0, 0x0, 0x16, 0x0, 0x0, 0x0, 0x1c, 0x0, 0x0, ..., 0x85, 0x84, 0x84}
1.250253 : 578: {0x7c, 0x7c, 0x7c, 0x7c, 0x39, 0x2, 0x0, 0x0, 0x0, 0x50, 0x11, 0x0, 0x0, 0x0, 0x45, 0x2b, 0x0, 0x0, 0x63, 0x1, ..., 0xb2, 0xb4, 0xb1}
1.250299 : dispatching packet: 
1.250330 : 569: {0x50, 0x11, 0x0, 0x0, 0x0, 0x45, 0x2b, 0x0, 0x0, 0x63, 0x1, 0x0, 0x0, 0x18, 0x0, 0x0, 0x0, 0x1c, 0x0, 0x0, ..., 0xb2, 0xb4, 0xb1}
1.253082 : 70: {0x7f, 0x7b, 0x79, 0x7f, 0x83, 0x86, 0x87, 0x88, 0x8a, 0x8b, 0x8b, 0x8c, 0x8c, 0x8c, 0x8a, 0x88, 0x86, 0x83, 0x7f, 0x78, ..., 0x86, 0x87, 0x87}
1.253120 : Error parsing incoming data: CRC error
1.253138 : Error parsing incoming data: CRC error
1.253153 : Error parsing incoming data: CRC error
1.255871 : 136: {0x80, 0x7c, 0x78, 0x7c, 0x81, 0x83, 0x83, 0x85, 0x87, 0x88, 0x88, 0x88, 0x87, 0x87, 0x86, 0x86, 0x84, 0x81, 0x7d, 0x78, ..., 0x7c, 0x7a, 0x75}
1.255913 : Error parsing incoming data: lost bytes
1.259912 : Error parsing incoming data: lost bytes
1.259936 : Error parsing incoming data: lost bytes
1.259952 : Error parsing incoming data: CRC error
1.259991 : Error parsing incoming data: incomplete packer
1.260031 : Error parsing incoming data: CRC error
1.260060 : Error parsing incoming data: CRC error
1.261632 : 32: {0x7d, 0x50, 0x26, 0xfe, 0x75, 0x23, 0x45, 0x2b, 0x0, 0x0, 0x1, 0x0, 0x0, 0x0, 0x0, 0x0, 0x0, 0x0, 0xe8, 0x5d, ..., 0x0, 0xb7, 0x7e}
1.298077 : 32: {0x7d, 0x50, 0x26, 0xfe, 0x75, 0x23, 0x45, 0x2b, 0x0, 0x0, 0x1, 0x0, 0x0, 0x0, 0x0, 0x0, 0x0, 0x0, 0xe8, 0x5d, ..., 0x0, 0xb7, 0x7e}
1.356403 : 262: {0x7c, 0x7c, 0x7c, 0x7c, 0xfd, 0x0, 0x0, 0x0, 0x0, 0x50, 0xd, 0x0, 0x0, 0x0, 0x48, 0x2b, 0x0, 0x0, 0x1c, 0x0, ..., 0xb1, 0x32, 0xc0}
1.415342 : 32: {0x7d, 0x50, 0x26, 0xfe, 0x75, 0x23, 0x45, 0x2b, 0x0, 0x0, 0x1, 0x0, 0x0, 0x0, 0x0, 0x0, 0x0, 0x0, 0xe8, 0x5d, ..., 0x0, 0xb7, 0x7e}
1.532346 : 262: {0x7c, 0x7c, 0x7c, 0x7c, 0xfd, 0x0, 0x0, 0x0, 0x0, 0x50, 0xd, 0x0, 0x0, 0x0, 0x4b, 0x2b, 0x0, 0x0, 0x1c, 0x0, ..., 0xaa, 0x2d, 0xc0}
1.590966 : 262: {0x7c, 0x7c, 0x7c, 0x7c, 0xfd, 0x0, 0x0, 0x0, 0x0, 0x50, 0xd, 0x0, 0x0, 0x0, 0x4c, 0x2b, 0x0, 0x0, 0x1c, 0x0, ..., 0x7d, 0x37, 0xc0}
1.649611 : 262: {0x7c, 0x7c, 0x7c, 0x7c, 0xfd, 0x0, 0x0, 0x0, 0x0, 0x50, 0xd, 0x0, 0x0, 0x0, 0x4d, 0x2b, 0x0, 0x0, 0x1c, 0x0, ..., 0x5, 0x41, 0xc0}
1.708252 : 262: {0x7c, 0x7c, 0x7c, 0x7c, 0xfd, 0x0, 0x0, 0x0, 0x0, 0x50, 0xd, 0x0, 0x0, 0x0, 0x4e, 0x2b, 0x0, 0x0, 0x1c, 0x0, ..., 0x2b, 0x48, 0xc0}
1.708707 : 260: {0x7c, 0x7c, 0x7c, 0x7c, 0x79, 0x0, 0x0, 0x0, 0x0, 0x50, 0x11, 0x0, 0x0, 0x0, 0x4e, 0x2b, 0x0, 0x0, 0x71, 0x1, ..., 0xac, 0xa6, 0x94}
1.709980 : 260: {0x7c, 0x7c, 0x7c, 0x7c, 0x79, 0x0, 0x0, 0x0, 0x0, 0x50, 0x11, 0x0, 0x0, 0x0, 0x4e, 0x2b, 0x0, 0x0, 0x71, 0x1, ..., 0x90, 0x93, 0x8d}
1.710610 : 130: {0x7c, 0x7c, 0x7c, 0x7c, 0x79, 0x0, 0x0, 0x0, 0x0, 0x50, 0x11, 0x0, 0x0, 0x0, 0x4e, 0x2b, 0x0, 0x0, 0x71, 0x1, ..., 0x89, 0x88, 0x8e}
1.711351 : 260: {0x7c, 0x7c, 0x7c, 0x7c, 0x79, 0x0, 0x0, 0x0, 0x0, 0x50, 0x11, 0x0, 0x0, 0x0, 0x4e, 0x2b, 0x0, 0x0, 0x71, 0x1, ..., 0x8d, 0x82, 0x85}
1.712766 : 130: {0x7c, 0x7c, 0x7c, 0x7c, 0x79, 0x0, 0x0, 0x0, 0x0, 0x50, 0x11, 0x0, 0x0, 0x0, 0x4e, 0x2b, 0x0, 0x0, 0x71, 0x1, ..., 0xd3, 0xad, 0xcf}
1.713534 : 260: {0x7c, 0x7c, 0x7c, 0x7c, 0x79, 0x0, 0x0, 0x0, 0x0, 0x50, 0x11, 0x0, 0x0, 0x0, 0x4e, 0x2b, 0x0, 0x0, 0x71, 0x1, ..., 0x8a, 0x7e, 0x84}
1.714290 : 130: {0x7c, 0x7c, 0x7c, 0x7c, 0x79, 0x0, 0x0, 0x0, 0x0, 0x50, 0x11, 0x0, 0x0, 0x0, 0x4e, 0x2b, 0x0, 0x0, 0x71, 0x1, ..., 0x8c, 0x8d, 0x91}
1.723145 : 130: {0x7c, 0x7c, 0x7c, 0x7c, 0x79, 0x0, 0x0, 0x0, 0x0, 0x50, 0x11, 0x0, 0x0, 0x0, 0x4e, 0x2b, 0x0, 0x0, 0x71, 0x1, ..., 0x54, 0x56, 0x51}
1.723887 : 130: {0x7c, 0x7c, 0x7c, 0x7c, 0x79, 0x0, 0x0, 0x0, 0x0, 0x50, 0x11, 0x0, 0x0, 0x0, 0x4e, 0x2b, 0x0, 0x0, 0x71, 0x1, ..., 0x4b, 0x5b, 0x5b}
1.724616 : 130: {0x7c, 0x7c, 0x7c, 0x7c, 0x79, 0x0, 0x0, 0x0, 0x0, 0x50, 0x11, 0x0, 0x0, 0x0, 0x4e, 0x2b, 0x0, 0x0, 0x71, 0x1, ..., 0xab, 0x95, 0xa1}
1.725368 : 130: {0x7c, 0x7c, 0x7c, 0x7c, 0x79, 0x0, 0x0, 0x0, 0x0, 0x50, 0x11, 0x0, 0x0, 0x0, 0x4e, 0x2b, 0x0, 0x0, 0x71, 0x1, ..., 0x46, 0x65, 0x6b}
1.726071 : 130: {0x7c, 0x7c, 0x7c, 0x7c, 0x79, 0x0, 0x0, 0x0, 0x0, 0x50, 0x11, 0x0, 0x0, 0x0, 0x4e, 0x2b, 0x0, 0x0, 0x71, 0x1, ..., 0xa1, 0xa6, 0xa1}
1.726837 : 130: {0x7c, 0x7c, 0x7c, 0x7c, 0x79, 0x0, 0x0, 0x0, 0x0, 0x50, 0x11, 0x0, 0x0, 0x0, 0x4e, 0x2b, 0x0, 0x0, 0x71, 0x1, ..., 0x8b, 0xa7, 0xac}
1.727579 : 130: {0x7c, 0x7c, 0x7c, 0x7c, 0x79, 0x0, 0x0, 0x0, 0x0, 0x50, 0x11, 0x0, 0x0, 0x0, 0x4e, 0x2b, 0x0, 0x0, 0x71, 0x1, ..., 0x94, 0xa9, 0xad}
1.728322 : 130: {0x7c, 0x7c, 0x7c, 0x7c, 0x79, 0x0, 0x0, 0x0, 0x0, 0x50, 0x11, 0x0, 0x0, 0x0, 0x4e, 0x2b, 0x0, 0x0, 0x71, 0x1, ..., 0xaa, 0xb2, 0xad}
1.728822 : 29: {0x7d, 0x50, 0x2, 0x3b, 0xa, 0x61, 0x4e, 0x2b, 0x0, 0x0, 0x1, 0x0, 0x0, 0x0, 0xe8, 0x5d, 0xf5, 0x3e, 0xb1, 0x57, ..., 0x7f, 0x7f, 0x7e}
1.766904 : 262: {0x7c, 0x7c, 0x7c, 0x7c, 0xfd, 0x0, 0x0, 0x0, 0x0, 0x50, 0xd, 0x0, 0x0, 0x0, 0x4f, 0x2b, 0x0, 0x0, 0x1c, 0x0, ..., 0xf3, 0x41, 0x40}
1.825543 : 262: {0x7c, 0x7c, 0x7c, 0x7c, 0xfd, 0x0, 0x0, 0x0, 0x0, 0x50, 0xd, 0x0, 0x0, 0x0, 0x50, 0x2b, 0x0, 0x0, 0x1c, 0x0, ..., 0x45, 0x38, 0x40}
1.825798 : 32: {0x7d, 0x50, 0x26, 0xfe, 0x75, 0x23, 0x45, 0x2b, 0x0, 0x0, 0x1, 0x0, 0x0, 0x0, 0x0, 0x0, 0x0, 0x0, 0xe8, 0x5d, ..., 0x0, 0xb7, 0x7e}
1.884454 : 32: {0x7d, 0x50, 0x26, 0xfe, 0x75, 0x23, 0x45, 0x2b, 0x0, 0x0, 0x1, 0x0, 0x0, 0x0, 0x0, 0x0, 0x0, 0x0, 0xe8, 0x5d, ..., 0x0, 0xb7, 0x7e}
1.944636 : 32: {0x7d, 0x50, 0x26, 0xfe, 0x75, 0x23, 0x45, 0x2b, 0x0, 0x0, 0x1, 0x0, 0x0, 0x0, 0x0, 0x0, 0x0, 0x0, 0xe8, 0x5d, ..., 0x0, 0xb7, 0x7e}
2.001707 : 32: {0x7d, 0x50, 0x26, 0xfe, 0x75, 0x23, 0x45, 0x2b, 0x0, 0x0, 0x1, 0x0, 0x0, 0x0, 0x0, 0x0, 0x0, 0x0, 0xe8, 0x5d, ..., 0x0, 0xb7, 0x7e}
2.004062 : Timeout waiting for response
2.004215 : ping -- end
2.004423 : unsubscribe -- begin
2.004474 : unsubscribe -- end
2.004539 : task ending: recorder
2.004640 : ~ActiveThread: recorder
2.004674 : ~RadarInterface -- begin
2.004692 : ~RadarInterface -- end
2.004709 : ~RadarCommunicator -- begin
2.004824 : task ending: writer
2.004891 : ~ActiveThread: writer
2.025970 : task ending: reader
2.026078 : ~ActiveThread: reader
2.026113 : Closing: /dev/cu.usbmodem1411
2.026165 : ~RadarCommunicator -- end
2.026213 : ~PacketDispatcher -- begin
2.026250 : task ending: dispatcher
2.026318 : ~PacketDispatcher -- end
2.026340 : ~ActiveThread: dispatcher
2.026364 : ~StdoutLogger
