0.000012 : createing logger StdoutLogger
0.000491 : RadarCommunicator: 28
0.000519 : parser constructor
0.000545 : RadarInterface - base -- begin
0.000560 : log_trace -- begin
0.000610 : log_trace -- end
0.000630 : git sha: 3ae25d11eed0
0.000645 : build date: 2017-11-28 11:32:05
0.000664 : subscribe_to_presence_single -- begin
0.000723 : subscribe_to_presence_single -- end
0.000741 : subscribe_to_presence_movinglist -- begin
0.000767 : subscribe_to_presence_movinglist -- end
0.000782 : subscribe_to_data_float -- begin
0.000811 : subscribe_to_data_float -- end
0.000825 : subscribe_to_data_string -- begin
0.000846 : subscribe_to_data_string -- end
0.000858 : subscribe_to_data_byte -- begin
0.000881 : subscribe_to_data_byte -- end
0.000898 : subscribe_to_baseband_iq -- begin
0.000920 : subscribe_to_baseband_iq -- end
0.000934 : subscribe_to_baseband_ap -- begin
0.000954 : subscribe_to_baseband_ap -- end
0.000971 : subscribe_to_pulsedoppler_float -- begin
0.000994 : subscribe_to_pulsedoppler_float -- end
0.001011 : subscribe_to_noisemap_float -- begin
0.001033 : subscribe_to_noisemap_float -- end
0.001047 : subscribe_to_pulsedoppler_byte -- begin
0.002204 : subscribe_to_pulsedoppler_byte -- end
0.002234 : subscribe_to_noisemap_byte -- begin
0.002258 : subscribe_to_noisemap_byte -- end
0.002273 : subscribe_to_system_status -- begin
0.002295 : subscribe_to_system_status -- end
0.002313 : subscribe_to_resp_status -- begin
0.002336 : subscribe_to_resp_status -- end
0.002350 : subscribe_to_sleep_status -- begin
0.002373 : subscribe_to_sleep_status -- end
0.002387 : subscribe_to_respiration_movinglist -- begin
0.002410 : subscribe_to_respiration_movinglist -- end
0.002424 : subscribe_to_respiration_detectionlist -- begin
0.002447 : subscribe_to_respiration_detectionlist -- end
0.002461 : open -- begin
0.002475 : creating LinuxModuleIo
0.002624 : LinuxModuleIo::open /dev/cu.usbmodem1411 -- begin
0.004960 : LinuxModuleIo::open /dev/cu.usbmodem1411 -- end
0.005029 : open -- end
0.005047 : RadarInterface - base -- end
0.005166 : subscribe_to_radar_settings -- begin
0.005202 : subscribe_to_radar_settings -- end
0.005247 : ping -- begin
0.005282 : sending: 
0.005310 : 8: {0x7d, 0x1, 0xae, 0xea, 0xaa, 0xee, 0x7c, 0x7e, }
0.005408 : sent
0.005511 : 8: {0x7d, 0x1, 0xea, 0xae, 0xee, 0xaa, 0x7c, 0x7e, }
0.005529 : dispatching packet: 
0.005545 : 5: {0x1, 0xea, 0xae, 0xee, 0xaa, }
0.005627 : ping -- end
0.005687 : unsubscribe -- begin
0.005712 : unsubscribe -- end
0.005740 : task ending: recorder
0.005830 : ~ActiveThread: recorder
0.005854 : ~RadarInterface -- begin
0.005868 : ~RadarInterface -- end
0.005881 : ~RadarCommunicator -- begin
0.005937 : task ending: writer
0.006013 : ~ActiveThread: writer
0.026249 : task ending: reader
0.026388 : ~ActiveThread: reader
0.026414 : Closing: /dev/cu.usbmodem1411
0.027040 : ~RadarCommunicator -- end
0.027098 : ~PacketDispatcher -- begin
0.027135 : task ending: dispatcher
0.027207 : ~PacketDispatcher -- end
0.027229 : ~ActiveThread: dispatcher
0.027253 : ~StdoutLogger
