0.000010 : createing logger StdoutLogger
0.000545 : RadarCommunicator: 28
0.000584 : parser constructor
0.000613 : RadarInterface - base -- begin
0.000632 : log_trace -- begin
0.000677 : log_trace -- end
0.000697 : git sha: 3ae25d11eed0
0.000713 : build date: 2017-11-28 11:32:05
0.000731 : subscribe_to_presence_single -- begin
0.000782 : subscribe_to_presence_single -- end
0.000798 : subscribe_to_presence_movinglist -- begin
0.000827 : subscribe_to_presence_movinglist -- end
0.000840 : subscribe_to_data_float -- begin
0.000867 : subscribe_to_data_float -- end
0.000879 : subscribe_to_data_string -- begin
0.000897 : subscribe_to_data_string -- end
0.000910 : subscribe_to_data_byte -- begin
0.000931 : subscribe_to_data_byte -- end
0.000948 : subscribe_to_baseband_iq -- begin
0.000969 : subscribe_to_baseband_iq -- end
0.000983 : subscribe_to_baseband_ap -- begin
0.001002 : subscribe_to_baseband_ap -- end
0.001018 : subscribe_to_pulsedoppler_float -- begin
0.001043 : subscribe_to_pulsedoppler_float -- end
0.001063 : subscribe_to_noisemap_float -- begin
0.001083 : subscribe_to_noisemap_float -- end
0.001096 : subscribe_to_pulsedoppler_byte -- begin
0.001994 : subscribe_to_pulsedoppler_byte -- end
0.002018 : subscribe_to_noisemap_byte -- begin
0.002039 : subscribe_to_noisemap_byte -- end
0.002051 : subscribe_to_system_status -- begin
0.002069 : subscribe_to_system_status -- end
0.002085 : subscribe_to_resp_status -- begin
0.002104 : subscribe_to_resp_status -- end
0.002115 : subscribe_to_sleep_status -- begin
0.002130 : subscribe_to_sleep_status -- end
0.002142 : subscribe_to_respiration_movinglist -- begin
0.002160 : subscribe_to_respiration_movinglist -- end
0.002174 : subscribe_to_respiration_detectionlist -- begin
0.002192 : subscribe_to_respiration_detectionlist -- end
0.002204 : open -- begin
0.002216 : creating LinuxModuleIo
0.002349 : LinuxModuleIo::open /dev/cu.usbmodem1411 -- begin
0.003246 : LinuxModuleIo::open /dev/cu.usbmodem1411 -- end
0.003294 : open -- end
0.003311 : RadarInterface - base -- end
0.003421 : subscribe_to_radar_settings -- begin
0.003452 : subscribe_to_radar_settings -- end
0.003492 : ping -- begin
0.003524 : sending: 
0.003549 : 8: {0x7d, 0x1, 0xae, 0xea, 0xaa, 0xee, 0x7c, 0x7e, }
0.003638 : sent
0.003873 : 1020: {0x7c, 0x7c, 0x7c, 0x7c, 0x39, 0x2, 0x0, 0x0, 0x0, 0x50, 0x11, 0x0, 0x0, 0x0, 0x6d, 0xd9, 0x0, 0x0, 0x22, 0x6, ..., 0xa9, 0xa8, 0xa7}
0.003987 : dispatching packet: 
0.004013 : 569: {0x50, 0x11, 0x0, 0x0, 0x0, 0x6d, 0xd9, 0x0, 0x0, 0x22, 0x6, 0x0, 0x0, 0x6, 0x0, 0x0, 0x0, 0x1c, 0x0, 0x0, ..., 0xca, 0xca, 0xc7}
0.004055 : 136: {0xa6, 0xa7, 0xa7, 0xa8, 0xa8, 0xa8, 0xa7, 0xa6, 0xa6, 0xa5, 0xa4, 0xa3, 0xa1, 0xa1, 0xa1, 0xa3, 0xa4, 0xa5, 0xa5, 0xa3, ..., 0xa6, 0xa7, 0xa7}
0.004071 : dispatching packet: 
0.004184 : 569: {0x50, 0x11, 0x0, 0x0, 0x0, 0x6d, 0xd9, 0x0, 0x0, 0x22, 0x6, 0x0, 0x0, 0x6, 0x0, 0x0, 0x0, 0x1c, 0x0, 0x0, ..., 0xa6, 0xa7, 0xa7}
0.006842 : 1020: {0x7c, 0x7c, 0x7c, 0x7c, 0x39, 0x2, 0x0, 0x0, 0x0, 0x50, 0x11, 0x0, 0x0, 0x0, 0x6d, 0xd9, 0x0, 0x0, 0x22, 0x6, ..., 0x9a, 0x9a, 0x9a}
0.006910 : dispatching packet: 
0.006940 : 569: {0x50, 0x11, 0x0, 0x0, 0x0, 0x6d, 0xd9, 0x0, 0x0, 0x22, 0x6, 0x0, 0x0, 0x7, 0x0, 0x0, 0x0, 0x1c, 0x0, 0x0, ..., 0xd3, 0xd4, 0xcf}
0.009835 : 136: {0x9a, 0x9a, 0x99, 0x97, 0x93, 0x8f, 0x8b, 0x88, 0x88, 0x88, 0x86, 0x84, 0x81, 0x81, 0x80, 0x7b, 0x6b, 0x6c, 0x7e, 0x86, ..., 0x8d, 0x8d, 0x8d}
0.009889 : dispatching packet: 
0.009919 : 569: {0x50, 0x11, 0x0, 0x0, 0x0, 0x6d, 0xd9, 0x0, 0x0, 0x22, 0x6, 0x0, 0x0, 0x7, 0x0, 0x0, 0x0, 0x1c, 0x0, 0x0, ..., 0x8d, 0x8d, 0x8d}
0.012574 : 1020: {0x7c, 0x7c, 0x7c, 0x7c, 0x39, 0x2, 0x0, 0x0, 0x0, 0x50, 0x11, 0x0, 0x0, 0x0, 0x6d, 0xd9, 0x0, 0x0, 0x22, 0x6, ..., 0x93, 0x90, 0x8f}
0.012652 : dispatching packet: 
0.012678 : 569: {0x50, 0x11, 0x0, 0x0, 0x0, 0x6d, 0xd9, 0x0, 0x0, 0x22, 0x6, 0x0, 0x0, 0x9, 0x0, 0x0, 0x0, 0x1c, 0x0, 0x0, ..., 0xd7, 0xd7, 0xd0}
0.015394 : 578: {0x7c, 0x7c, 0x7c, 0x7c, 0x39, 0x2, 0x0, 0x0, 0x0, 0x50, 0x11, 0x0, 0x0, 0x0, 0x6d, 0xd9, 0x0, 0x0, 0x22, 0x6, ..., 0x9c, 0x9c, 0x9b}
0.015439 : dispatching packet: 
0.015482 : 569: {0x50, 0x11, 0x0, 0x0, 0x0, 0x6d, 0xd9, 0x0, 0x0, 0x22, 0x6, 0x0, 0x0, 0x9, 0x0, 0x0, 0x0, 0x1c, 0x0, 0x0, ..., 0xb9, 0xb6, 0xb0}
0.015510 : Error parsing incoming data: CRC error
0.015522 : Error parsing incoming data: lost bytes
0.015533 : Error parsing incoming data: CRC error
0.015544 : Error parsing incoming data: lost bytes
0.018270 : 1020: {0x7c, 0x7c, 0x7c, 0x7c, 0x39, 0x2, 0x0, 0x0, 0x0, 0x50, 0x11, 0x0, 0x0, 0x0, 0x6d, 0xd9, 0x0, 0x0, 0x22, 0x6, ..., 0x7f, 0x7d, 0x79}
0.018323 : dispatching packet: 
0.018351 : 569: {0x50, 0x11, 0x0, 0x0, 0x0, 0x6d, 0xd9, 0x0, 0x0, 0x22, 0x6, 0x0, 0x0, 0xb, 0x0, 0x0, 0x0, 0x1c, 0x0, 0x0, ..., 0xc0, 0xbe, 0xb2}
0.021117 : 1020: {0x7c, 0x7c, 0x7c, 0x7c, 0x39, 0x2, 0x0, 0x0, 0x0, 0x50, 0x11, 0x0, 0x0, 0x0, 0x6d, 0xd9, 0x0, 0x0, 0x22, 0x6, ..., 0x70, 0x6b, 0x65}
0.021169 : dispatching packet: 
0.021196 : 569: {0x50, 0x11, 0x0, 0x0, 0x0, 0x6d, 0xd9, 0x0, 0x0, 0x22, 0x6, 0x0, 0x0, 0xb, 0x0, 0x0, 0x0, 0x1c, 0x0, 0x0, ..., 0x71, 0x76, 0x79}
0.021226 : Error parsing incoming data: lost bytes
0.021275 : Error parsing incoming data: lost bytes
0.021299 : Error parsing incoming data: CRC error
0.021313 : Error parsing incoming data: lost bytes
0.021325 : Error parsing incoming data: lost bytes
0.021337 : Error parsing incoming data: lost bytes
0.021349 : Error parsing incoming data: incomplete packer
0.021361 : Error parsing incoming data: incomplete packer
0.021374 : Error parsing incoming data: CRC error
0.021385 : Error parsing incoming data: lost bytes
0.021397 : Error parsing incoming data: lost bytes
0.021409 : Error parsing incoming data: CRC error
0.021422 : Error parsing incoming data: CRC error
0.021433 : Error parsing incoming data: incomplete packer
0.024296 : 1020: {0x7c, 0x7c, 0x7c, 0x7c, 0x39, 0x2, 0x0, 0x0, 0x0, 0x50, 0x11, 0x0, 0x0, 0x0, 0x6d, 0xd9, 0x0, 0x0, 0x22, 0x6, ..., 0x4b, 0x5c, 0x67}
0.024449 : dispatching packet: 
0.024556 : 569: {0x50, 0x11, 0x0, 0x0, 0x0, 0x6d, 0xd9, 0x0, 0x0, 0x22, 0x6, 0x0, 0x0, 0xc, 0x0, 0x0, 0x0, 0x1c, 0x0, 0x0, ..., 0x77, 0x75, 0x73}
0.024613 : Error parsing incoming data: lost bytes
0.024644 : Error parsing incoming data: CRC error
0.024661 : Error parsing incoming data: lost bytes
0.024686 : Error parsing incoming data: incomplete packer
0.024709 : Error parsing incoming data: lost bytes
0.024729 : Error parsing incoming data: lost bytes
0.024749 : Error parsing incoming data: CRC error
0.027108 : 136: {0x70, 0x71, 0x72, 0x74, 0x75, 0x77, 0x78, 0x79, 0x79, 0x79, 0x79, 0x7b, 0x7d, 0x7f, 0x80, 0x80, 0x80, 0x7e, 0x7c, 0x7b, ..., 0x5f, 0x5d, 0x55}
0.029816 : 136: {0x7e, 0x7d, 0x7b, 0x79, 0x77, 0x77, 0x78, 0x7a, 0x7b, 0x7c, 0x7d, 0x7e, 0x7f, 0x80, 0x80, 0x7f, 0x7e, 0x7d, 0x7d, 0x7d, ..., 0x5d, 0x56, 0x57}
0.032666 : 1020: {0x7c, 0x7c, 0x7c, 0x7c, 0x39, 0x2, 0x0, 0x0, 0x0, 0x50, 0x11, 0x0, 0x0, 0x0, 0x6d, 0xd9, 0x0, 0x0, 0x22, 0x6, ..., 0x7b, 0x7d, 0x7f}
0.035500 : 1020: {0x7c, 0x7c, 0x7c, 0x7c, 0x39, 0x2, 0x0, 0x0, 0x0, 0x50, 0x11, 0x0, 0x0, 0x0, 0x6d, 0xd9, 0x0, 0x0, 0x22, 0x6, ..., 0x6f, 0x74, 0x77}
0.038311 : 1020: {0x7c, 0x7c, 0x7c, 0x7c, 0x39, 0x2, 0x0, 0x0, 0x0, 0x50, 0x11, 0x0, 0x0, 0x0, 0x6d, 0xd9, 0x0, 0x0, 0x22, 0x6, ..., 0x70, 0x6d, 0x6c}
0.041153 : 1020: {0x7c, 0x7c, 0x7c, 0x7c, 0x39, 0x2, 0x0, 0x0, 0x0, 0x50, 0x11, 0x0, 0x0, 0x0, 0x6d, 0xd9, 0x0, 0x0, 0x22, 0x6, ..., 0x78, 0x77, 0x77}
0.044259 : 136: {0x74, 0x77, 0x79, 0x7b, 0x7d, 0x7e, 0x80, 0x80, 0x80, 0x7f, 0x7d, 0x7d, 0x7d, 0x7f, 0x81, 0x82, 0x81, 0x7f, 0x7c, 0x78, ..., 0x71, 0x73, 0x74}
0.047092 : 578: {0x7c, 0x7c, 0x7c, 0x7c, 0x39, 0x2, 0x0, 0x0, 0x0, 0x50, 0x11, 0x0, 0x0, 0x0, 0x6d, 0xd9, 0x0, 0x0, 0x22, 0x6, ..., 0x7a, 0x7e, 0x80}
0.049915 : 578: {0x7c, 0x7c, 0x7c, 0x7c, 0x39, 0x2, 0x0, 0x0, 0x0, 0x50, 0x11, 0x0, 0x0, 0x0, 0x6d, 0xd9, 0x0, 0x0, 0x22, 0x6, ..., 0xae, 0xa8, 0xa1}
0.052774 : 136: {0x75, 0x75, 0x74, 0x70, 0x69, 0x5d, 0x4a, 0x5d, 0x66, 0x6a, 0x6a, 0x68, 0x63, 0x5c, 0x60, 0x67, 0x6c, 0x6f, 0x71, 0x73, ..., 0x7b, 0x7f, 0x81}
0.055884 : 1020: {0x7c, 0x7c, 0x7c, 0x7c, 0x39, 0x2, 0x0, 0x0, 0x0, 0x50, 0x11, 0x0, 0x0, 0x0, 0x6d, 0xd9, 0x0, 0x0, 0x22, 0x6, ..., 0x6a, 0x6d, 0x70}
0.056200 : 136: {0x72, 0x72, 0x70, 0x6c, 0x67, 0x61, 0x56, 0x4e, 0x5c, 0x64, 0x67, 0x6a, 0x6c, 0x6e, 0x70, 0x71, 0x73, 0x74, 0x76, 0x77, ..., 0x74, 0x78, 0x7a}
0.058409 : 578: {0x7c, 0x7c, 0x7c, 0x7c, 0x39, 0x2, 0x0, 0x0, 0x0, 0x50, 0x11, 0x0, 0x0, 0x0, 0x6d, 0xd9, 0x0, 0x0, 0x22, 0x6, ..., 0xb9, 0xb4, 0xaa}
0.061278 : 1020: {0x7c, 0x7c, 0x7c, 0x7c, 0x39, 0x2, 0x0, 0x0, 0x0, 0x50, 0x11, 0x0, 0x0, 0x0, 0x6d, 0xd9, 0x0, 0x0, 0x22, 0x6, ..., 0x80, 0x80, 0x7e}
0.064184 : 1020: {0x7c, 0x7c, 0x7c, 0x7c, 0x39, 0x2, 0x0, 0x0, 0x0, 0x50, 0x11, 0x0, 0x0, 0x0, 0x6d, 0xd9, 0x0, 0x0, 0x22, 0x6, ..., 0x80, 0x7f, 0x7d}
0.064252 : 136: {0x79, 0x72, 0x68, 0x50, 0x57, 0x64, 0x68, 0x69, 0x68, 0x69, 0x6c, 0x70, 0x73, 0x74, 0x73, 0x71, 0x70, 0x72, 0x76, 0x78, ..., 0x71, 0x72, 0x73}
0.065194 : 40: {0x7d, 0x50, 0x26, 0xfe, 0x75, 0x23, 0x6d, 0xd9, 0x0, 0x0, 0x0, 0x0, 0x0, 0x0, 0x15, 0x0, 0x0, 0x0, 0x3e, 0x94, ..., 0xaa, 0x7c, 0x7e}
0.102570 : 262: {0x7c, 0x7c, 0x7c, 0x7c, 0xfd, 0x0, 0x0, 0x0, 0x0, 0x50, 0xd, 0x0, 0x0, 0x0, 0x6f, 0xd9, 0x0, 0x0, 0x1c, 0x0, ..., 0xa4, 0x3a, 0xc0}
0.161232 : 262: {0x7c, 0x7c, 0x7c, 0x7c, 0xfd, 0x0, 0x0, 0x0, 0x0, 0x50, 0xd, 0x0, 0x0, 0x0, 0x70, 0xd9, 0x0, 0x0, 0x1c, 0x0, ..., 0x80, 0x34, 0xc0}
0.161500 : 32: {0x7d, 0x50, 0x26, 0xfe, 0x75, 0x23, 0x6d, 0xd9, 0x0, 0x0, 0x0, 0x0, 0x0, 0x0, 0x15, 0x0, 0x0, 0x0, 0x3e, 0x94, ..., 0x0, 0x89, 0x7e}
0.278477 : 262: {0x7c, 0x7c, 0x7c, 0x7c, 0xfd, 0x0, 0x0, 0x0, 0x0, 0x50, 0xd, 0x0, 0x0, 0x0, 0x72, 0xd9, 0x0, 0x0, 0x1c, 0x0, ..., 0xef, 0xde, 0xbf}
0.278774 : 32: {0x7d, 0x50, 0x26, 0xfe, 0x75, 0x23, 0x6d, 0xd9, 0x0, 0x0, 0x0, 0x0, 0x0, 0x0, 0x15, 0x0, 0x0, 0x0, 0x3e, 0x94, ..., 0x0, 0x5e, 0x7e}
0.339119 : 32: {0x7d, 0x50, 0x26, 0xfe, 0x75, 0x23, 0x6d, 0xd9, 0x0, 0x0, 0x0, 0x0, 0x0, 0x0, 0x15, 0x0, 0x0, 0x0, 0x3e, 0x94, ..., 0x0, 0xc5, 0x7e}
0.454384 : 262: {0x7c, 0x7c, 0x7c, 0x7c, 0xfd, 0x0, 0x0, 0x0, 0x0, 0x50, 0xd, 0x0, 0x0, 0x0, 0x75, 0xd9, 0x0, 0x0, 0x1c, 0x0, ..., 0xf9, 0x38, 0xc0}
0.454663 : 32: {0x7d, 0x50, 0x26, 0xfe, 0x75, 0x23, 0x6d, 0xd9, 0x0, 0x0, 0x0, 0x0, 0x0, 0x0, 0x15, 0x0, 0x0, 0x0, 0x3e, 0x94, ..., 0x0, 0x3e, 0x7e}
0.513497 : 260: {0x7c, 0x7c, 0x7c, 0x7c, 0x79, 0x0, 0x0, 0x0, 0x0, 0x50, 0x11, 0x0, 0x0, 0x0, 0x76, 0xd9, 0x0, 0x0, 0x30, 0x6, ..., 0x86, 0x87, 0x76}
0.514100 : 260: {0x7c, 0x7c, 0x7c, 0x7c, 0x79, 0x0, 0x0, 0x0, 0x0, 0x50, 0x11, 0x0, 0x0, 0x0, 0x76, 0xd9, 0x0, 0x0, 0x30, 0x6, ..., 0x90, 0x8a, 0x8c}
0.514924 : 260: {0x7c, 0x7c, 0x7c, 0x7c, 0x79, 0x0, 0x0, 0x0, 0x0, 0x50, 0x11, 0x0, 0x0, 0x0, 0x76, 0xd9, 0x0, 0x0, 0x30, 0x6, ..., 0x9a, 0x98, 0x96}
0.517048 : 260: {0x7c, 0x7c, 0x7c, 0x7c, 0x79, 0x0, 0x0, 0x0, 0x0, 0x50, 0x11, 0x0, 0x0, 0x0, 0x76, 0xd9, 0x0, 0x0, 0x30, 0x6, ..., 0xa9, 0xa8, 0xa9}
0.517780 : 260: {0x7c, 0x7c, 0x7c, 0x7c, 0x79, 0x0, 0x0, 0x0, 0x0, 0x50, 0x11, 0x0, 0x0, 0x0, 0x76, 0xd9, 0x0, 0x0, 0x30, 0x6, ..., 0xac, 0xab, 0xab}
0.518484 : 260: {0x7c, 0x7c, 0x7c, 0x7c, 0x79, 0x0, 0x0, 0x0, 0x0, 0x50, 0x11, 0x0, 0x0, 0x0, 0x76, 0xd9, 0x0, 0x0, 0x30, 0x6, ..., 0xa7, 0xa6, 0xa4}
0.520612 : 130: {0x7c, 0x7c, 0x7c, 0x7c, 0x79, 0x0, 0x0, 0x0, 0x0, 0x50, 0x11, 0x0, 0x0, 0x0, 0x76, 0xd9, 0x0, 0x0, 0x30, 0x6, ..., 0xc0, 0xca, 0xc5}
0.521384 : 130: {0x7c, 0x7c, 0x7c, 0x7c, 0x79, 0x0, 0x0, 0x0, 0x0, 0x50, 0x11, 0x0, 0x0, 0x0, 0x76, 0xd9, 0x0, 0x0, 0x30, 0x6, ..., 0x95, 0x94, 0x93}
0.522241 : 260: {0x7c, 0x7c, 0x7c, 0x7c, 0x79, 0x0, 0x0, 0x0, 0x0, 0x50, 0x11, 0x0, 0x0, 0x0, 0x76, 0xd9, 0x0, 0x0, 0x30, 0x6, ..., 0x9a, 0x99, 0x9a}
0.524481 : 130: {0x7c, 0x7c, 0x7c, 0x7c, 0x79, 0x0, 0x0, 0x0, 0x0, 0x50, 0x11, 0x0, 0x0, 0x0, 0x76, 0xd9, 0x0, 0x0, 0x30, 0x6, ..., 0xa4, 0xa7, 0xa1}
0.525204 : 130: {0x7c, 0x7c, 0x7c, 0x7c, 0x79, 0x0, 0x0, 0x0, 0x0, 0x50, 0x11, 0x0, 0x0, 0x0, 0x76, 0xd9, 0x0, 0x0, 0x30, 0x6, ..., 0x9a, 0xa6, 0xa5}
0.526103 : 260: {0x7c, 0x7c, 0x7c, 0x7c, 0x79, 0x0, 0x0, 0x0, 0x0, 0x50, 0x11, 0x0, 0x0, 0x0, 0x76, 0xd9, 0x0, 0x0, 0x30, 0x6, ..., 0x95, 0x91, 0x96}
0.527448 : 130: {0x7c, 0x7c, 0x7c, 0x7c, 0x79, 0x0, 0x0, 0x0, 0x0, 0x50, 0x11, 0x0, 0x0, 0x0, 0x76, 0xd9, 0x0, 0x0, 0x30, 0x6, ..., 0x92, 0xa6, 0xab}
0.528243 : 260: {0x7c, 0x7c, 0x7c, 0x7c, 0x79, 0x0, 0x0, 0x0, 0x0, 0x50, 0x11, 0x0, 0x0, 0x0, 0x76, 0xd9, 0x0, 0x0, 0x30, 0x6, ..., 0x93, 0x8f, 0x7f}
0.529036 : 130: {0x7c, 0x7c, 0x7c, 0x7c, 0x79, 0x0, 0x0, 0x0, 0x0, 0x50, 0x11, 0x0, 0x0, 0x0, 0x76, 0xd9, 0x0, 0x0, 0x30, 0x6, ..., 0xa6, 0xa2, 0xa8}
0.529689 : 130: {0x7c, 0x7c, 0x7c, 0x7c, 0x79, 0x0, 0x0, 0x0, 0x0, 0x50, 0x11, 0x0, 0x0, 0x0, 0x76, 0xd9, 0x0, 0x0, 0x30, 0x6, ..., 0xa4, 0x9c, 0xa9}
0.530470 : 130: {0x7c, 0x7c, 0x7c, 0x7c, 0x79, 0x0, 0x0, 0x0, 0x0, 0x50, 0x11, 0x0, 0x0, 0x0, 0x76, 0xd9, 0x0, 0x0, 0x30, 0x6, ..., 0x8a, 0x81, 0x7d}
0.531962 : 130: {0x7c, 0x7c, 0x7c, 0x7c, 0x79, 0x0, 0x0, 0x0, 0x0, 0x50, 0x11, 0x0, 0x0, 0x0, 0x76, 0xd9, 0x0, 0x0, 0x30, 0x6, ..., 0x85, 0x86, 0x82}
0.532690 : 130: {0x7c, 0x7c, 0x7c, 0x7c, 0x79, 0x0, 0x0, 0x0, 0x0, 0x50, 0x11, 0x0, 0x0, 0x0, 0x76, 0xd9, 0x0, 0x0, 0x30, 0x6, ..., 0xa3, 0x99, 0x8e}
0.533466 : 130: {0x7c, 0x7c, 0x7c, 0x7c, 0x79, 0x0, 0x0, 0x0, 0x0, 0x50, 0x11, 0x0, 0x0, 0x0, 0x76, 0xd9, 0x0, 0x0, 0x30, 0x6, ..., 0x87, 0x87, 0x83}
0.533886 : 227: {0x7d, 0x50, 0x0, 0x3b, 0xa, 0x61, 0x76, 0xd9, 0x0, 0x0, 0x1a, 0x0, 0x0, 0x0, 0xb3, 0xce, 0xca, 0x41, 0x0, 0x0, ..., 0x0, 0xdf, 0x7e}
0.534228 : 32: {0x7d, 0x50, 0x26, 0xfe, 0x75, 0x23, 0x6d, 0xd9, 0x0, 0x0, 0x0, 0x0, 0x0, 0x0, 0x15, 0x0, 0x0, 0x0, 0x3e, 0x94, ..., 0x0, 0xd, 0x7e}
0.630429 : 262: {0x7c, 0x7c, 0x7c, 0x7c, 0xfd, 0x0, 0x0, 0x0, 0x0, 0x50, 0xd, 0x0, 0x0, 0x0, 0x78, 0xd9, 0x0, 0x0, 0x1c, 0x0, ..., 0x59, 0x42, 0xc0}
0.688949 : 262: {0x7c, 0x7c, 0x7c, 0x7c, 0xfd, 0x0, 0x0, 0x0, 0x0, 0x50, 0xd, 0x0, 0x0, 0x0, 0x79, 0xd9, 0x0, 0x0, 0x1c, 0x0, ..., 0xa5, 0x33, 0xc0}
0.747585 : 262: {0x7c, 0x7c, 0x7c, 0x7c, 0xfd, 0x0, 0x0, 0x0, 0x0, 0x50, 0xd, 0x0, 0x0, 0x0, 0x7a, 0xd9, 0x0, 0x0, 0x1c, 0x0, ..., 0x25, 0x28, 0xc0}
0.806375 : 262: {0x7c, 0x7c, 0x7c, 0x7c, 0xfd, 0x0, 0x0, 0x0, 0x0, 0x50, 0xd, 0x0, 0x0, 0x0, 0x7b, 0xd9, 0x0, 0x0, 0x1c, 0x0, ..., 0x90, 0x2a, 0xc0}
0.923498 : 262: {0x7c, 0x7c, 0x7c, 0x7c, 0xfd, 0x0, 0x0, 0x0, 0x0, 0x50, 0xd, 0x0, 0x0, 0x0, 0x7d, 0xd9, 0x0, 0x0, 0x1c, 0x0, ..., 0x98, 0x2b, 0xc0}
0.923760 : 33: {0x7d, 0x50, 0x26, 0xfe, 0x75, 0x23, 0x6d, 0xd9, 0x0, 0x0, 0x0, 0x0, 0x0, 0x0, 0x15, 0x0, 0x0, 0x0, 0x3e, 0x94, ..., 0x7f, 0x7e, 0x7e}
0.982364 : 262: {0x7c, 0x7c, 0x7c, 0x7c, 0xfd, 0x0, 0x0, 0x0, 0x0, 0x50, 0xd, 0x0, 0x0, 0x0, 0x7e, 0xd9, 0x0, 0x0, 0x1c, 0x0, ..., 0x73, 0x29, 0xc0}
0.984245 : 578: {0x7c, 0x7c, 0x7c, 0x7c, 0x39, 0x2, 0x0, 0x0, 0x0, 0x50, 0x11, 0x0, 0x0, 0x0, 0x7e, 0xd9, 0x0, 0x0, 0x23, 0x6, ..., 0x9c, 0x9b, 0x9a}
0.986293 : 136: {0x90, 0x91, 0x91, 0x92, 0x92, 0x92, 0x93, 0x93, 0x93, 0x93, 0x94, 0x94, 0x95, 0x96, 0x97, 0x97, 0x96, 0x95, 0x93, 0x91, ..., 0x8e, 0x8b, 0x87}
0.988873 : 1020: {0x7c, 0x7c, 0x7c, 0x7c, 0x39, 0x2, 0x0, 0x0, 0x0, 0x50, 0x11, 0x0, 0x0, 0x0, 0x7e, 0xd9, 0x0, 0x0, 0x23, 0x6, ..., 0x95, 0x94, 0x94}
0.991646 : 578: {0x7c, 0x7c, 0x7c, 0x7c, 0x39, 0x2, 0x0, 0x0, 0x0, 0x50, 0x11, 0x0, 0x0, 0x0, 0x7e, 0xd9, 0x0, 0x0, 0x23, 0x6, ..., 0xa8, 0xa8, 0xa8}
0.994491 : 136: {0xb2, 0xb2, 0xb2, 0xb1, 0xb1, 0xb0, 0xb0, 0xaf, 0xaf, 0xaf, 0xaf, 0xae, 0xad, 0xac, 0xab, 0xab, 0xaa, 0xaa, 0xaa, 0xaa, ..., 0xb0, 0xb1, 0xb1}
0.997411 : 1020: {0x7c, 0x7c, 0x7c, 0x7c, 0x39, 0x2, 0x0, 0x0, 0x0, 0x50, 0x11, 0x0, 0x0, 0x0, 0x7e, 0xd9, 0x0, 0x0, 0x23, 0x6, ..., 0xb3, 0xb3, 0xb2}
0.997974 : Error parsing incoming data: out of buffer
1.000386 : 578: {0x7c, 0x7c, 0x7c, 0x7c, 0x39, 0x2, 0x0, 0x0, 0x0, 0x50, 0x11, 0x0, 0x0, 0x0, 0x7e, 0xd9, 0x0, 0x0, 0x23, 0x6, ..., 0xcc, 0xca, 0xc2}
1.000437 : dispatching packet: 
1.000464 : 569: {0x50, 0x11, 0x0, 0x0, 0x0, 0x7e, 0xd9, 0x0, 0x0, 0x23, 0x6, 0x0, 0x0, 0x6, 0x0, 0x0, 0x0, 0x1c, 0x0, 0x0, ..., 0xcc, 0xca, 0xc2}
1.003467 : 578: {0x7c, 0x7c, 0x7c, 0x7c, 0x39, 0x2, 0x0, 0x0, 0x0, 0x50, 0x11, 0x0, 0x0, 0x0, 0x7e, 0xd9, 0x0, 0x0, 0x23, 0x6, ..., 0xd6, 0xd5, 0xcd}
1.003520 : dispatching packet: 
1.003553 : 569: {0x50, 0x11, 0x0, 0x0, 0x0, 0x7e, 0xd9, 0x0, 0x0, 0x23, 0x6, 0x0, 0x0, 0x7, 0x0, 0x0, 0x0, 0x1c, 0x0, 0x0, ..., 0xd6, 0xd5, 0xcd}
1.006534 : 1020: {0x7c, 0x7c, 0x7c, 0x7c, 0x39, 0x2, 0x0, 0x0, 0x0, 0x50, 0x11, 0x0, 0x0, 0x0, 0x7e, 0xd9, 0x0, 0x0, 0x23, 0x6, ..., 0x9a, 0x9a, 0x9a}
1.006609 : dispatching packet: 
1.006691 : 569: {0x50, 0x11, 0x0, 0x0, 0x0, 0x7e, 0xd9, 0x0, 0x0, 0x23, 0x6, 0x0, 0x0, 0x8, 0x0, 0x0, 0x0, 0x1c, 0x0, 0x0, ..., 0xdb, 0xdb, 0xd2}
1.009327 : 136: {0x8e, 0x8c, 0x89, 0x87, 0x85, 0x84, 0x83, 0x82, 0x83, 0x84, 0x86, 0x87, 0x88, 0x8a, 0x8c, 0x8e, 0x90, 0x92, 0x94, 0x96, ..., 0x9d, 0x9d, 0x9c}
1.009395 : dispatching packet: 
1.009423 : 569: {0x50, 0x11, 0x0, 0x0, 0x0, 0x7e, 0xd9, 0x0, 0x0, 0x23, 0x6, 0x0, 0x0, 0x8, 0x0, 0x0, 0x0, 0x1c, 0x0, 0x0, ..., 0x9d, 0x9d, 0x9c}
1.012478 : 1020: {0x7c, 0x7c, 0x7c, 0x7c, 0x39, 0x2, 0x0, 0x0, 0x0, 0x50, 0x11, 0x0, 0x0, 0x0, 0x7e, 0xd9, 0x0, 0x0, 0x23, 0x6, ..., 0x82, 0x7a, 0x70}
1.012686 : dispatching packet: 
1.012803 : 569: {0x50, 0x11, 0x0, 0x0, 0x0, 0x7e, 0xd9, 0x0, 0x0, 0x23, 0x6, 0x0, 0x0, 0xa, 0x0, 0x0, 0x0, 0x1c, 0x0, 0x0, ..., 0xc8, 0xc7, 0xc0}
1.015229 : 136: {0x76, 0x74, 0x76, 0x7b, 0x7e, 0x7d, 0x7b, 0x78, 0x77, 0x78, 0x79, 0x78, 0x75, 0x71, 0x6c, 0x66, 0x5c, 0x53, 0x59, 0x5b, ..., 0x94, 0x92, 0x91}
1.015924 : dispatching packet: 
1.015962 : 569: {0x50, 0x11, 0x0, 0x0, 0x0, 0x7e, 0xd9, 0x0, 0x0, 0x23, 0x6, 0x0, 0x0, 0xa, 0x0, 0x0, 0x0, 0x1c, 0x0, 0x0, ..., 0x94, 0x92, 0x91}
1.018051 : 136: {0x64, 0x68, 0x71, 0x76, 0x79, 0x7b, 0x7a, 0x79, 0x76, 0x73, 0x73, 0x76, 0x7b, 0x80, 0x83, 0x85, 0x85, 0x85, 0x86, 0x87, ..., 0x8a, 0x89, 0x88}
1.018249 : Error parsing incoming data: lost bytes
1.018299 : Error parsing incoming data: lost bytes
1.018334 : Error parsing incoming data: lost bytes
1.018348 : Error parsing incoming data: CRC error
1.020667 : 136: {0x68, 0x72, 0x79, 0x7d, 0x7f, 0x7f, 0x7e, 0x7c, 0x79, 0x77, 0x78, 0x7b, 0x7f, 0x83, 0x85, 0x85, 0x85, 0x85, 0x85, 0x85, ..., 0x7f, 0x7f, 0x7c}
1.020725 : Error parsing incoming data: lost bytes
1.020743 : Error parsing incoming data: CRC error
1.020757 : Error parsing incoming data: CRC error
1.020769 : Error parsing incoming data: CRC error
1.020781 : Error parsing incoming data: CRC error
1.020793 : Error parsing incoming data: CRC error
1.020827 : Error parsing incoming data: lost bytes
1.020844 : Error parsing incoming data: CRC error
1.020853 : Error parsing incoming data: lost bytes
1.023420 : 1020: {0x7c, 0x7c, 0x7c, 0x7c, 0x39, 0x2, 0x0, 0x0, 0x0, 0x50, 0x11, 0x0, 0x0, 0x0, 0x7e, 0xd9, 0x0, 0x0, 0x23, 0x6, ..., 0x70, 0x70, 0x70}
1.026307 : 136: {0x80, 0x80, 0x7e, 0x7a, 0x74, 0x70, 0x73, 0x79, 0x7d, 0x7f, 0x81, 0x82, 0x81, 0x7f, 0x7c, 0x7b, 0x7c, 0x7e, 0x80, 0x80, ..., 0x57, 0x32, 0x54}
1.029222 : 136: {0x85, 0x84, 0x81, 0x7b, 0x6f, 0x60, 0x71, 0x7a, 0x7f, 0x80, 0x80, 0x80, 0x7e, 0x7b, 0x75, 0x70, 0x75, 0x7b, 0x7e, 0x7f, ..., 0x5b, 0x5d, 0x6b}
1.034790 : 1020: {0x7c, 0x7c, 0x7c, 0x7c, 0x39, 0x2, 0x0, 0x0, 0x0, 0x50, 0x11, 0x0, 0x0, 0x0, 0x7e, 0xd9, 0x0, 0x0, 0x23, 0x6, ..., 0x76, 0x73, 0x71}
1.037603 : 1020: {0x7c, 0x7c, 0x7c, 0x7c, 0x39, 0x2, 0x0, 0x0, 0x0, 0x50, 0x11, 0x0, 0x0, 0x0, 0x7e, 0xd9, 0x0, 0x0, 0x23, 0x6, ..., 0x7a, 0x79, 0x77}
1.040721 : 1020: {0x7c, 0x7c, 0x7c, 0x7c, 0x39, 0x2, 0x0, 0x0, 0x0, 0x50, 0x11, 0x0, 0x0, 0x0, 0x7e, 0xd9, 0x0, 0x0, 0x23, 0x6, ..., 0x70, 0x71, 0x72}
1.043561 : 136: {0x5f, 0x5d, 0x60, 0x6a, 0x73, 0x78, 0x7c, 0x7d, 0x7c, 0x7a, 0x78, 0x77, 0x78, 0x7b, 0x7e, 0x7f, 0x80, 0x7e, 0x7c, 0x79, ..., 0x7b, 0x7f, 0x81}
1.046570 : 136: {0x75, 0x75, 0x71, 0x68, 0x55, 0x62, 0x6b, 0x6e, 0x6f, 0x6e, 0x6e, 0x6f, 0x6f, 0x70, 0x73, 0x76, 0x78, 0x79, 0x79, 0x78, ..., 0x7e, 0x83, 0x85}
1.052059 : 136: {0x73, 0x74, 0x72, 0x6e, 0x68, 0x5f, 0x51, 0x53, 0x5d, 0x63, 0x67, 0x6a, 0x6c, 0x6d, 0x6e, 0x71, 0x73, 0x75, 0x77, 0x77, ..., 0x73, 0x77, 0x7a}
1.055053 : 1020: {0x7c, 0x7c, 0x7c, 0x7c, 0x39, 0x2, 0x0, 0x0, 0x0, 0x50, 0x11, 0x0, 0x0, 0x0, 0x7e, 0xd9, 0x0, 0x0, 0x23, 0x6, ..., 0x74, 0x77, 0x77}
1.057693 : 136: {0x7c, 0x74, 0x67, 0x4b, 0x5e, 0x68, 0x6a, 0x67, 0x5c, 0x44, 0x63, 0x6d, 0x71, 0x74, 0x74, 0x73, 0x71, 0x6f, 0x70, 0x73, ..., 0x71, 0x74, 0x76}
1.060510 : 1020: {0x7c, 0x7c, 0x7c, 0x7c, 0x39, 0x2, 0x0, 0x0, 0x0, 0x50, 0x11, 0x0, 0x0, 0x0, 0x7e, 0xd9, 0x0, 0x0, 0x23, 0x6, ..., 0x81, 0x81, 0x7f}
1.061068 : 37: {0x7d, 0x50, 0x6c, 0xa1, 0x75, 0x23, 0x7f, 0x7e, 0xd9, 0x0, 0x0, 0x0, 0x0, 0x0, 0x0, 0x67, 0xe4, 0xa8, 0x41, 0x3e, ..., 0x40, 0xc9, 0x7e}
1.099698 : 33: {0x7d, 0x50, 0x26, 0xfe, 0x75, 0x23, 0x7f, 0x7e, 0xd9, 0x0, 0x0, 0x0, 0x0, 0x0, 0x0, 0x15, 0x0, 0x0, 0x0, 0x3e, ..., 0x0, 0x3f, 0x7e}
1.158420 : 34: {0x7d, 0x50, 0x26, 0xfe, 0x75, 0x23, 0x7f, 0x7e, 0xd9, 0x0, 0x0, 0x0, 0x0, 0x0, 0x0, 0x15, 0x0, 0x0, 0x0, 0x3e, ..., 0x7f, 0x7d, 0x7e}
1.216943 : 33: {0x7d, 0x50, 0x26, 0xfe, 0x75, 0x23, 0x7f, 0x7e, 0xd9, 0x0, 0x0, 0x0, 0x0, 0x0, 0x0, 0x15, 0x0, 0x0, 0x0, 0x3e, ..., 0x0, 0x71, 0x7e}
1.334213 : 33: {0x7d, 0x50, 0x26, 0xfe, 0x75, 0x23, 0x7f, 0x7e, 0xd9, 0x0, 0x0, 0x0, 0x0, 0x0, 0x0, 0x15, 0x0, 0x0, 0x0, 0x3e, ..., 0x0, 0x99, 0x7e}
1.392917 : 34: {0x7d, 0x50, 0x26, 0xfe, 0x75, 0x23, 0x7f, 0x7e, 0xd9, 0x0, 0x0, 0x0, 0x0, 0x0, 0x0, 0x15, 0x0, 0x0, 0x0, 0x3e, ..., 0x7f, 0x7d, 0x7e}
1.509864 : 262: {0x7c, 0x7c, 0x7c, 0x7c, 0xfd, 0x0, 0x0, 0x0, 0x0, 0x50, 0xd, 0x0, 0x0, 0x0, 0x87, 0xd9, 0x0, 0x0, 0x1c, 0x0, ..., 0x9f, 0x38, 0xc0}
1.510314 : 260: {0x7c, 0x7c, 0x7c, 0x7c, 0x79, 0x0, 0x0, 0x0, 0x0, 0x50, 0x11, 0x0, 0x0, 0x0, 0x87, 0xd9, 0x0, 0x0, 0x31, 0x6, ..., 0x7a, 0x87, 0x86}
1.510777 : 130: {0x7c, 0x7c, 0x7c, 0x7c, 0x79, 0x0, 0x0, 0x0, 0x0, 0x50, 0x11, 0x0, 0x0, 0x0, 0x87, 0xd9, 0x0, 0x0, 0x31, 0x6, ..., 0x8d, 0x91, 0x91}
1.511402 : 130: {0x7c, 0x7c, 0x7c, 0x7c, 0x79, 0x0, 0x0, 0x0, 0x0, 0x50, 0x11, 0x0, 0x0, 0x0, 0x87, 0xd9, 0x0, 0x0, 0x31, 0x6, ..., 0xaa, 0xa5, 0xaf}
1.512179 : 260: {0x7c, 0x7c, 0x7c, 0x7c, 0x79, 0x0, 0x0, 0x0, 0x0, 0x50, 0x11, 0x0, 0x0, 0x0, 0x87, 0xd9, 0x0, 0x0, 0x31, 0x6, ..., 0xa0, 0x9d, 0xa2}
1.512953 : 130: {0x7c, 0x7c, 0x7c, 0x7c, 0x79, 0x0, 0x0, 0x0, 0x0, 0x50, 0x11, 0x0, 0x0, 0x0, 0x87, 0xd9, 0x0, 0x0, 0x31, 0x6, ..., 0xa4, 0xa1, 0xa5}
1.513723 : 130: {0x7c, 0x7c, 0x7c, 0x7c, 0x79, 0x0, 0x0, 0x0, 0x0, 0x50, 0x11, 0x0, 0x0, 0x0, 0x87, 0xd9, 0x0, 0x0, 0x31, 0x6, ..., 0xab, 0xab, 0xae}
1.514482 : 130: {0x7c, 0x7c, 0x7c, 0x7c, 0x79, 0x0, 0x0, 0x0, 0x0, 0x50, 0x11, 0x0, 0x0, 0x0, 0x87, 0xd9, 0x0, 0x0, 0x31, 0x6, ..., 0xad, 0xb0, 0xb1}
1.515271 : 130: {0x7c, 0x7c, 0x7c, 0x7c, 0x79, 0x0, 0x0, 0x0, 0x0, 0x50, 0x11, 0x0, 0x0, 0x0, 0x87, 0xd9, 0x0, 0x0, 0x31, 0x6, ..., 0xa9, 0xad, 0xad}
1.517511 : 130: {0x7c, 0x7c, 0x7c, 0x7c, 0x79, 0x0, 0x0, 0x0, 0x0, 0x50, 0x11, 0x0, 0x0, 0x0, 0x87, 0xd9, 0x0, 0x0, 0x31, 0x6, ..., 0x93, 0x95, 0x94}
1.518969 : 130: {0x7c, 0x7c, 0x7c, 0x7c, 0x79, 0x0, 0x0, 0x0, 0x0, 0x50, 0x11, 0x0, 0x0, 0x0, 0x87, 0xd9, 0x0, 0x0, 0x31, 0x6, ..., 0xa9, 0xad, 0x94}
1.519723 : 130: {0x7c, 0x7c, 0x7c, 0x7c, 0x79, 0x0, 0x0, 0x0, 0x0, 0x50, 0x11, 0x0, 0x0, 0x0, 0x87, 0xd9, 0x0, 0x0, 0x31, 0x6, ..., 0x9b, 0x9f, 0xa2}
1.520507 : 130: {0x7c, 0x7c, 0x7c, 0x7c, 0x79, 0x0, 0x0, 0x0, 0x0, 0x50, 0x11, 0x0, 0x0, 0x0, 0x87, 0xd9, 0x0, 0x0, 0x31, 0x6, ..., 0xa6, 0xa0, 0x8e}
1.521230 : 130: {0x7c, 0x7c, 0x7c, 0x7c, 0x79, 0x0, 0x0, 0x0, 0x0, 0x50, 0x11, 0x0, 0x0, 0x0, 0x87, 0xd9, 0x0, 0x0, 0x31, 0x6, ..., 0x86, 0x7f, 0x8c}
1.522002 : 130: {0x7c, 0x7c, 0x7c, 0x7c, 0x79, 0x0, 0x0, 0x0, 0x0, 0x50, 0x11, 0x0, 0x0, 0x0, 0x87, 0xd9, 0x0, 0x0, 0x31, 0x6, ..., 0x9b, 0xa1, 0x96}
1.522748 : 130: {0x7c, 0x7c, 0x7c, 0x7c, 0x79, 0x0, 0x0, 0x0, 0x0, 0x50, 0x11, 0x0, 0x0, 0x0, 0x87, 0xd9, 0x0, 0x0, 0x31, 0x6, ..., 0x9c, 0x9f, 0x9b}
1.523522 : 130: {0x7c, 0x7c, 0x7c, 0x7c, 0x79, 0x0, 0x0, 0x0, 0x0, 0x50, 0x11, 0x0, 0x0, 0x0, 0x87, 0xd9, 0x0, 0x0, 0x31, 0x6, ..., 0xa1, 0x98, 0xa4}
1.524248 : 130: {0x7c, 0x7c, 0x7c, 0x7c, 0x79, 0x0, 0x0, 0x0, 0x0, 0x50, 0x11, 0x0, 0x0, 0x0, 0x87, 0xd9, 0x0, 0x0, 0x31, 0x6, ..., 0xa2, 0x9e, 0xa9}
1.525025 : 130: {0x7c, 0x7c, 0x7c, 0x7c, 0x79, 0x0, 0x0, 0x0, 0x0, 0x50, 0x11, 0x0, 0x0, 0x0, 0x87, 0xd9, 0x0, 0x0, 0x31, 0x6, ..., 0x9d, 0xa7, 0xaa}
1.526442 : 130: {0x7c, 0x7c, 0x7c, 0x7c, 0x79, 0x0, 0x0, 0x0, 0x0, 0x50, 0x11, 0x0, 0x0, 0x0, 0x87, 0xd9, 0x0, 0x0, 0x31, 0x6, ..., 0x98, 0xa7, 0xa3}
1.526542 : 130: {0x7c, 0x7c, 0x7c, 0x7c, 0x79, 0x0, 0x0, 0x0, 0x0, 0x50, 0x11, 0x0, 0x0, 0x0, 0x87, 0xd9, 0x0, 0x0, 0x31, 0x6, ..., 0x8b, 0x81, 0x6a}
1.527247 : 130: {0x7c, 0x7c, 0x7c, 0x7c, 0x79, 0x0, 0x0, 0x0, 0x0, 0x50, 0x11, 0x0, 0x0, 0x0, 0x87, 0xd9, 0x0, 0x0, 0x31, 0x6, ..., 0x99, 0xa4, 0xa0}
1.528017 : 130: {0x7c, 0x7c, 0x7c, 0x7c, 0x79, 0x0, 0x0, 0x0, 0x0, 0x50, 0x11, 0x0, 0x0, 0x0, 0x87, 0xd9, 0x0, 0x0, 0x31, 0x6, ..., 0xa2, 0xa1, 0x9d}
1.528772 : 130: {0x7c, 0x7c, 0x7c, 0x7c, 0x79, 0x0, 0x0, 0x0, 0x0, 0x50, 0x11, 0x0, 0x0, 0x0, 0x87, 0xd9, 0x0, 0x0, 0x31, 0x6, ..., 0xa4, 0x9a, 0x97}
1.529538 : 130: {0x7c, 0x7c, 0x7c, 0x7c, 0x79, 0x0, 0x0, 0x0, 0x0, 0x50, 0x11, 0x0, 0x0, 0x0, 0x87, 0xd9, 0x0, 0x0, 0x31, 0x6, ..., 0x88, 0x89, 0x88}
1.530320 : 260: {0x7c, 0x7c, 0x7c, 0x7c, 0x79, 0x0, 0x0, 0x0, 0x0, 0x50, 0x11, 0x0, 0x0, 0x0, 0x87, 0xd9, 0x0, 0x0, 0x31, 0x6, ..., 0x88, 0x89, 0x88}
1.534198 : 33: {0x7d, 0x50, 0x26, 0xfe, 0x75, 0x23, 0x7f, 0x7e, 0xd9, 0x0, 0x0, 0x0, 0x0, 0x0, 0x0, 0x15, 0x0, 0x0, 0x0, 0x3e, ..., 0x0, 0x1c, 0x7e}
1.568942 : 33: {0x7d, 0x50, 0x26, 0xfe, 0x75, 0x23, 0x7f, 0x7e, 0xd9, 0x0, 0x0, 0x0, 0x0, 0x0, 0x0, 0x15, 0x0, 0x0, 0x0, 0x3e, ..., 0x0, 0x9c, 0x7e}
1.627412 : 34: {0x7d, 0x50, 0x26, 0xfe, 0x75, 0x23, 0x7f, 0x7e, 0xd9, 0x0, 0x0, 0x0, 0x0, 0x0, 0x0, 0x15, 0x0, 0x0, 0x0, 0x3e, ..., 0x0, 0x65, 0x7e}
1.685763 : 262: {0x7c, 0x7c, 0x7c, 0x7c, 0xfd, 0x0, 0x0, 0x0, 0x0, 0x50, 0xd, 0x0, 0x0, 0x0, 0x8a, 0xd9, 0x0, 0x0, 0x1c, 0x0, ..., 0xf8, 0x48, 0x40}
1.803041 : 262: {0x7c, 0x7c, 0x7c, 0x7c, 0xfd, 0x0, 0x0, 0x0, 0x0, 0x50, 0xd, 0x0, 0x0, 0x0, 0x8c, 0xd9, 0x0, 0x0, 0x1c, 0x0, ..., 0xb3, 0x40, 0x40}
1.861690 : 262: {0x7c, 0x7c, 0x7c, 0x7c, 0xfd, 0x0, 0x0, 0x0, 0x0, 0x50, 0xd, 0x0, 0x0, 0x0, 0x8d, 0xd9, 0x0, 0x0, 0x1c, 0x0, ..., 0xf6, 0x26, 0xc0}
1.920605 : 33: {0x7d, 0x50, 0x26, 0xfe, 0x75, 0x23, 0x7f, 0x7e, 0xd9, 0x0, 0x0, 0x0, 0x0, 0x0, 0x0, 0x15, 0x0, 0x0, 0x0, 0x3e, ..., 0x0, 0x5a, 0x7e}
1.978982 : 262: {0x7c, 0x7c, 0x7c, 0x7c, 0xfd, 0x0, 0x0, 0x0, 0x0, 0x50, 0xd, 0x0, 0x0, 0x0, 0x8f, 0xd9, 0x0, 0x0, 0x1c, 0x0, ..., 0xc8, 0xdf, 0x3f}
1.981088 : 136: {0x98, 0x99, 0x9b, 0x9c, 0x9e, 0x9f, 0xa0, 0xa0, 0xa1, 0xa1, 0xa1, 0xa2, 0xa2, 0xa2, 0xa2, 0xa3, 0xa3, 0xa2, 0xa2, 0xa2, ..., 0x9c, 0x9b, 0x9a}
1.985782 : 1020: {0x7c, 0x7c, 0x7c, 0x7c, 0x39, 0x2, 0x0, 0x0, 0x0, 0x50, 0x11, 0x0, 0x0, 0x0, 0x8f, 0xd9, 0x0, 0x0, 0x24, 0x6, ..., 0x93, 0x91, 0x92}
1.988662 : 136: {0xa9, 0xa9, 0xa8, 0xa7, 0xa6, 0xa4, 0xa3, 0xa2, 0xa3, 0xa3, 0xa3, 0xa3, 0xa2, 0xa0, 0x9e, 0x9c, 0x9b, 0x9c, 0x9c, 0x9c, ..., 0xa8, 0xa9, 0xa9}
1.991301 : 1020: {0x7c, 0x7c, 0x7c, 0x7c, 0x39, 0x2, 0x0, 0x0, 0x0, 0x50, 0x11, 0x0, 0x0, 0x0, 0x8f, 0xd9, 0x0, 0x0, 0x24, 0x6, ..., 0xb2, 0xb2, 0xb3}
1.994182 : 1020: {0x7c, 0x7c, 0x7c, 0x7c, 0x39, 0x2, 0x0, 0x0, 0x0, 0x50, 0x11, 0x0, 0x0, 0x0, 0x8f, 0xd9, 0x0, 0x0, 0x24, 0x6, ..., 0xb2, 0xb2, 0xb3}
1.997252 : 1020: {0x7c, 0x7c, 0x7c, 0x7c, 0x39, 0x2, 0x0, 0x0, 0x0, 0x50, 0x11, 0x0, 0x0, 0x0, 0x8f, 0xd9, 0x0, 0x0, 0x24, 0x6, ..., 0xa6, 0xa7, 0xa7}
2.000200 : 136: {0x9d, 0x9f, 0xa0, 0x9f, 0x9b, 0x97, 0x93, 0x93, 0x95, 0x98, 0x99, 0x99, 0x99, 0x97, 0x94, 0x8f, 0x8f, 0x93, 0x96, 0x96, ..., 0x99, 0x9b, 0x9b}
2.003167 : 578: {0x7c, 0x7c, 0x7c, 0x7c, 0x39, 0x2, 0x0, 0x0, 0x0, 0x50, 0x11, 0x0, 0x0, 0x0, 0x8f, 0xd9, 0x0, 0x0, 0x24, 0x6, ..., 0xdd, 0xdc, 0xd3}
2.004709 : Timeout waiting for response
2.004829 : ping -- end
2.005005 : unsubscribe -- begin
2.005044 : unsubscribe -- end
2.005095 : task ending: recorder
2.005181 : ~ActiveThread: recorder
2.005208 : ~RadarInterface -- begin
2.005225 : ~RadarInterface -- end
2.005253 : ~RadarCommunicator -- begin
2.005589 : task ending: writer
2.005829 : ~ActiveThread: writer
2.006088 : 1020: {0x7c, 0x7c, 0x7c, 0x7c, 0x39, 0x2, 0x0, 0x0, 0x0, 0x50, 0x11, 0x0, 0x0, 0x0, 0x8f, 0xd9, 0x0, 0x0, 0x24, 0x6, ..., 0x94, 0x92, 0x90}
2.006328 : 136: {0x8e, 0x8c, 0x88, 0x85, 0x84, 0x85, 0x85, 0x83, 0x80, 0x82, 0x86, 0x89, 0x8a, 0x8c, 0x8d, 0x8e, 0x8f, 0x90, 0x93, 0x96, ..., 0x9d, 0x9c, 0x9b}
2.006351 : task ending: reader
2.006407 : ~ActiveThread: reader
2.006434 : Closing: /dev/cu.usbmodem1411
2.006488 : ~RadarCommunicator -- end
2.006526 : ~PacketDispatcher -- begin
2.006554 : task ending: dispatcher
2.006610 : ~PacketDispatcher -- end
2.006632 : ~ActiveThread: dispatcher
2.006676 : ~StdoutLogger
