0.000011 : createing logger StdoutLogger
0.000514 : RadarCommunicator: 28
0.000541 : parser constructor
0.000562 : RadarInterface - base -- begin
0.000574 : log_trace -- begin
0.000614 : log_trace -- end
0.000628 : git sha: 3ae25d11eed0
0.000639 : build date: 2017-11-28 11:32:05
0.000652 : subscribe_to_presence_single -- begin
0.000692 : subscribe_to_presence_single -- end
0.000703 : subscribe_to_presence_movinglist -- begin
0.000723 : subscribe_to_presence_movinglist -- end
0.000734 : subscribe_to_data_float -- begin
0.000753 : subscribe_to_data_float -- end
0.000763 : subscribe_to_data_string -- begin
0.000782 : subscribe_to_data_string -- end
0.000795 : subscribe_to_data_byte -- begin
0.000823 : subscribe_to_data_byte -- end
0.000836 : subscribe_to_baseband_iq -- begin
0.000854 : subscribe_to_baseband_iq -- end
0.000863 : subscribe_to_baseband_ap -- begin
0.000880 : subscribe_to_baseband_ap -- end
0.000893 : subscribe_to_pulsedoppler_float -- begin
0.000910 : subscribe_to_pulsedoppler_float -- end
0.000923 : subscribe_to_noisemap_float -- begin
0.000940 : subscribe_to_noisemap_float -- end
0.000950 : subscribe_to_pulsedoppler_byte -- begin
0.001823 : subscribe_to_pulsedoppler_byte -- end
0.001848 : subscribe_to_noisemap_byte -- begin
0.001876 : subscribe_to_noisemap_byte -- end
0.001894 : subscribe_to_system_status -- begin
0.001919 : subscribe_to_system_status -- end
0.001939 : subscribe_to_resp_status -- begin
0.001965 : subscribe_to_resp_status -- end
0.001981 : subscribe_to_sleep_status -- begin
0.002002 : subscribe_to_sleep_status -- end
0.002017 : subscribe_to_respiration_movinglist -- begin
0.002039 : subscribe_to_respiration_movinglist -- end
0.002053 : subscribe_to_respiration_detectionlist -- begin
0.002072 : subscribe_to_respiration_detectionlist -- end
0.002086 : open -- begin
0.002107 : creating LinuxModuleIo
0.002231 : LinuxModuleIo::open /dev/cu.usbmodem1411 -- begin
0.003218 : LinuxModuleIo::open /dev/cu.usbmodem1411 -- end
0.003325 : open -- end
0.003346 : RadarInterface - base -- end
0.003472 : subscribe_to_radar_settings -- begin
0.003511 : subscribe_to_radar_settings -- end
0.003557 : ping -- begin
0.003595 : sending: 
0.003621 : 8: {0x7d, 0x1, 0xae, 0xea, 0xaa, 0xee, 0x7c, 0x7e, }
0.003655 : sent
0.003865 : 8: {0x7d, 0x1, 0xea, 0xae, 0xee, 0xaa, 0x7c, 0x7e, }
0.003887 : dispatching packet: 
0.003906 : 5: {0x1, 0xea, 0xae, 0xee, 0xaa, }
0.003979 : ping -- end
0.004042 : unsubscribe -- begin
0.004063 : unsubscribe -- end
0.004115 : task ending: recorder
0.004186 : ~ActiveThread: recorder
0.004214 : ~RadarInterface -- begin
0.004230 : ~RadarInterface -- end
0.004245 : ~RadarCommunicator -- begin
0.004357 : task ending: writer
0.004424 : ~ActiveThread: writer
0.026605 : task ending: reader
0.026899 : ~ActiveThread: reader
0.026976 : Closing: /dev/cu.usbmodem1411
0.027079 : ~RadarCommunicator -- end
0.027171 : ~PacketDispatcher -- begin
0.027262 : task ending: dispatcher
0.027458 : ~PacketDispatcher -- end
0.027500 : ~ActiveThread: dispatcher
0.027567 : ~StdoutLogger
