0.000001 : createing logger StdoutLogger
0.000759 : RadarCommunicator: 28
0.000786 : parser constructor
0.000802 : RadarInterface - base -- begin
0.000815 : log_trace -- begin
0.000837 : log_trace -- end
0.000851 : git sha: 3ae25d11eed0
0.000863 : build date: 2017-11-28 11:32:05
0.000876 : subscribe_to_presence_single -- begin
0.000897 : subscribe_to_presence_single -- end
0.000910 : subscribe_to_presence_movinglist -- begin
0.000929 : subscribe_to_presence_movinglist -- end
0.000944 : subscribe_to_data_float -- begin
0.000963 : subscribe_to_data_float -- end
0.000975 : subscribe_to_data_string -- begin
0.000996 : subscribe_to_data_string -- end
0.001010 : subscribe_to_data_byte -- begin
0.001030 : subscribe_to_data_byte -- end
0.001045 : subscribe_to_baseband_iq -- begin
0.001062 : subscribe_to_baseband_iq -- end
0.001076 : subscribe_to_baseband_ap -- begin
0.001094 : subscribe_to_baseband_ap -- end
0.001107 : subscribe_to_pulsedoppler_float -- begin
0.001126 : subscribe_to_pulsedoppler_float -- end
0.001139 : subscribe_to_noisemap_float -- begin
0.001158 : subscribe_to_noisemap_float -- end
0.001172 : subscribe_to_pulsedoppler_byte -- begin
0.001187 : subscribe_to_pulsedoppler_byte -- end
0.001199 : subscribe_to_noisemap_byte -- begin
0.001218 : subscribe_to_noisemap_byte -- end
0.001232 : subscribe_to_system_status -- begin
0.001249 : subscribe_to_system_status -- end
0.001261 : subscribe_to_resp_status -- begin
0.001278 : subscribe_to_resp_status -- end
0.001291 : subscribe_to_sleep_status -- begin
0.001308 : subscribe_to_sleep_status -- end
0.001321 : subscribe_to_respiration_movinglist -- begin
0.001346 : subscribe_to_respiration_movinglist -- end
0.001361 : subscribe_to_respiration_detectionlist -- begin
0.001381 : subscribe_to_respiration_detectionlist -- end
0.001395 : open -- begin
0.001408 : creating LinuxModuleIo
0.001522 : LinuxModuleIo::open /dev/cu.usbmodem1411 -- begin
0.007242 : LinuxModuleIo::open /dev/cu.usbmodem1411 -- end
0.007306 : open -- end
0.007324 : RadarInterface - base -- end
0.007416 : subscribe_to_radar_settings -- begin
0.007453 : subscribe_to_radar_settings -- end
0.007473 : ping -- begin
0.007500 : sending: 
0.007522 : 8: {0x7d, 0x1, 0xae, 0xea, 0xaa, 0xee, 0x7c, 0x7e, }
0.007542 : sent
0.029066 : 262: {0x7c, 0x7c, 0x7c, 0x7c, 0xfd, 0x0, 0x0, 0x0, 0x0, 0x50, 0xd, 0x0, 0x0, 0x0, 0x80, 0x21, 0x0, 0x0, 0x1c, 0x0, ..., 0x51, 0x6, 0xc0}
0.029124 : dispatching packet: 
0.029170 : 253: {0x50, 0xd, 0x0, 0x0, 0x0, 0x80, 0x21, 0x0, 0x0, 0x1c, 0x0, 0x0, 0x0, 0x18, 0xb3, 0x52, 0x3d, 0xa1, 0xce, 0x2d, ..., 0x51, 0x6, 0xc0}
0.088031 : 32: {0x7d, 0x50, 0x26, 0xfe, 0x75, 0x23, 0x71, 0x21, 0x0, 0x0, 0x2, 0x0, 0x0, 0x0, 0x0, 0x0, 0x0, 0x0, 0x90, 0x86, ..., 0x0, 0xf6, 0x7e}
0.088095 : dispatching packet: 
0.088137 : 29: {0x50, 0x26, 0xfe, 0x75, 0x23, 0x71, 0x21, 0x0, 0x0, 0x2, 0x0, 0x0, 0x0, 0x0, 0x0, 0x0, 0x0, 0x90, 0x86, 0x24, ..., 0x0, 0x0, 0x0}
0.148438 : 1020: {0x7c, 0x7c, 0x7c, 0x7c, 0x39, 0x2, 0x0, 0x0, 0x0, 0x50, 0x11, 0x0, 0x0, 0x0, 0x82, 0x21, 0x0, 0x0, 0xd0, 0x0, ..., 0x95, 0x94, 0x93}
0.148528 : dispatching packet: 
0.148564 : 569: {0x50, 0x11, 0x0, 0x0, 0x0, 0x82, 0x21, 0x0, 0x0, 0xd0, 0x0, 0x0, 0x0, 0x0, 0x0, 0x0, 0x0, 0x1c, 0x0, 0x0, ..., 0xda, 0xd7, 0xcf}
0.150520 : 136: {0x8c, 0x8b, 0x8b, 0x8a, 0x8a, 0x89, 0x86, 0x84, 0x81, 0x80, 0x80, 0x80, 0x7f, 0x7c, 0x7a, 0x7c, 0x82, 0x85, 0x88, 0x88, ..., 0x67, 0x6e, 0x75}
0.150568 : dispatching packet: 
0.150598 : 569: {0x50, 0x11, 0x0, 0x0, 0x0, 0x82, 0x21, 0x0, 0x0, 0xd0, 0x0, 0x0, 0x0, 0x0, 0x0, 0x0, 0x0, 0x1c, 0x0, 0x0, ..., 0x67, 0x6e, 0x75}
0.153035 : 136: {0x80, 0x81, 0x82, 0x82, 0x80, 0x7e, 0x7a, 0x78, 0x78, 0x78, 0x78, 0x76, 0x72, 0x6b, 0x64, 0x64, 0x6b, 0x6f, 0x72, 0x73, ..., 0x74, 0x71, 0x6f}
0.153100 : Error parsing incoming data: CRC error
0.153119 : Error parsing incoming data: lost bytes
0.153135 : Error parsing incoming data: incomplete packer
0.153151 : Error parsing incoming data: incomplete packer
0.153167 : Error parsing incoming data: lost bytes
0.153181 : Error parsing incoming data: lost bytes
0.153195 : Error parsing incoming data: incomplete packer
0.153232 : Error parsing incoming data: CRC error
0.153250 : Error parsing incoming data: incomplete packer
0.153266 : Error parsing incoming data: lost bytes
0.153280 : Error parsing incoming data: incomplete packer
0.153294 : Error parsing incoming data: incomplete packer
0.155994 : 136: {0x81, 0x82, 0x81, 0x7f, 0x7b, 0x79, 0x77, 0x77, 0x76, 0x74, 0x71, 0x6d, 0x67, 0x60, 0x5b, 0x5e, 0x62, 0x65, 0x69, 0x6d, ..., 0x85, 0x84, 0x84}
0.156060 : Error parsing incoming data: CRC error
0.156089 : Error parsing incoming data: CRC error
0.158744 : 578: {0x7c, 0x7c, 0x7c, 0x7c, 0x39, 0x2, 0x0, 0x0, 0x0, 0x50, 0x11, 0x0, 0x0, 0x0, 0x82, 0x21, 0x0, 0x0, 0xd0, 0x0, ..., 0x83, 0x84, 0x84}
0.158806 : dispatching packet: 
0.158839 : 569: {0x50, 0x11, 0x0, 0x0, 0x0, 0x82, 0x21, 0x0, 0x0, 0xd0, 0x0, 0x0, 0x0, 0x4, 0x0, 0x0, 0x0, 0x1c, 0x0, 0x0, ..., 0x83, 0x84, 0x84}
0.161622 : 1020: {0x7c, 0x7c, 0x7c, 0x7c, 0x39, 0x2, 0x0, 0x0, 0x0, 0x50, 0x11, 0x0, 0x0, 0x0, 0x82, 0x21, 0x0, 0x0, 0xd0, 0x0, ..., 0x93, 0x95, 0x97}
0.161697 : dispatching packet: 
0.161731 : 569: {0x50, 0x11, 0x0, 0x0, 0x0, 0x82, 0x21, 0x0, 0x0, 0xd0, 0x0, 0x0, 0x0, 0x5, 0x0, 0x0, 0x0, 0x1c, 0x0, 0x0, ..., 0xd2, 0xce, 0xc5}
0.164531 : 136: {0x9b, 0x9b, 0x9a, 0x99, 0x98, 0x99, 0x99, 0x99, 0x98, 0x97, 0x95, 0x94, 0x93, 0x93, 0x94, 0x95, 0x96, 0x97, 0x99, 0x9a, ..., 0x87, 0x84, 0x82}
0.164607 : dispatching packet: 
0.164641 : 569: {0x50, 0x11, 0x0, 0x0, 0x0, 0x82, 0x21, 0x0, 0x0, 0xd0, 0x0, 0x0, 0x0, 0x5, 0x0, 0x0, 0x0, 0x1c, 0x0, 0x0, ..., 0x87, 0x84, 0x82}
0.167399 : 1020: {0x7c, 0x7c, 0x7c, 0x7c, 0x39, 0x2, 0x0, 0x0, 0x0, 0x50, 0x11, 0x0, 0x0, 0x0, 0x82, 0x21, 0x0, 0x0, 0xd0, 0x0, ..., 0x92, 0x94, 0x96}
0.167439 : dispatching packet: 
0.167467 : 569: {0x50, 0x11, 0x0, 0x0, 0x0, 0x82, 0x21, 0x0, 0x0, 0xd0, 0x0, 0x0, 0x0, 0x7, 0x0, 0x0, 0x0, 0x1c, 0x0, 0x0, ..., 0xdd, 0xd9, 0xd0}
0.170458 : 1020: {0x7c, 0x7c, 0x7c, 0x7c, 0x39, 0x2, 0x0, 0x0, 0x0, 0x50, 0x11, 0x0, 0x0, 0x0, 0x82, 0x21, 0x0, 0x0, 0xd0, 0x0, ..., 0x92, 0x91, 0x91}
0.170503 : dispatching packet: 
0.170535 : 569: {0x50, 0x11, 0x0, 0x0, 0x0, 0x82, 0x21, 0x0, 0x0, 0xd0, 0x0, 0x0, 0x0, 0x7, 0x0, 0x0, 0x0, 0x1c, 0x0, 0x0, ..., 0x73, 0x75, 0x78}
0.170568 : Error parsing incoming data: lost bytes
0.170585 : Error parsing incoming data: incomplete packer
0.170598 : Error parsing incoming data: incomplete packer
0.170613 : Error parsing incoming data: lost bytes
0.170627 : Error parsing incoming data: CRC error
0.170641 : Error parsing incoming data: CRC error
0.170656 : Error parsing incoming data: lost bytes
0.170668 : Error parsing incoming data: CRC error
0.170680 : Error parsing incoming data: incomplete packer
0.173202 : 578: {0x7c, 0x7c, 0x7c, 0x7c, 0x39, 0x2, 0x0, 0x0, 0x0, 0x50, 0x11, 0x0, 0x0, 0x0, 0x82, 0x21, 0x0, 0x0, 0xd0, 0x0, ..., 0x6a, 0x74, 0x7a}
0.173267 : dispatching packet: 
0.173303 : 569: {0x50, 0x11, 0x0, 0x0, 0x0, 0x82, 0x21, 0x0, 0x0, 0xd0, 0x0, 0x0, 0x0, 0x8, 0x0, 0x0, 0x0, 0x1c, 0x0, 0x0, ..., 0xa1, 0x9e, 0xa2}
0.173345 : Error parsing incoming data: CRC error
0.173385 : Error parsing incoming data: CRC error
0.173412 : Error parsing incoming data: CRC error
0.173429 : Error parsing incoming data: incomplete packer
0.173444 : Error parsing incoming data: incomplete packer
0.173458 : Error parsing incoming data: CRC error
0.173472 : Error parsing incoming data: CRC error
0.173486 : Error parsing incoming data: lost bytes
0.173500 : Error parsing incoming data: incomplete packer
0.173516 : Error parsing incoming data: CRC error
0.173530 : Error parsing incoming data: incomplete packer
0.173544 : Error parsing incoming data: incomplete packer
0.173558 : Error parsing incoming data: incomplete packer
0.173572 : Error parsing incoming data: incomplete packer
0.176095 : 1020: {0x7c, 0x7c, 0x7c, 0x7c, 0x39, 0x2, 0x0, 0x0, 0x0, 0x50, 0x11, 0x0, 0x0, 0x0, 0x82, 0x21, 0x0, 0x0, 0xd0, 0x0, ..., 0x92, 0x92, 0x92}
0.176261 : dispatching packet: 
0.176300 : 569: {0x50, 0x11, 0x0, 0x0, 0x0, 0x82, 0x21, 0x0, 0x0, 0xd0, 0x0, 0x0, 0x0, 0xa, 0x0, 0x0, 0x0, 0x1c, 0x0, 0x0, ..., 0xd6, 0xd4, 0xcd}
0.178985 : 136: {0x8a, 0x89, 0x89, 0x88, 0x87, 0x88, 0x88, 0x88, 0x88, 0x87, 0x86, 0x86, 0x86, 0x85, 0x85, 0x86, 0x87, 0x89, 0x89, 0x8a, ..., 0x7f, 0x7f, 0x7e}
0.179034 : dispatching packet: 
0.179073 : 569: {0x50, 0x11, 0x0, 0x0, 0x0, 0x82, 0x21, 0x0, 0x0, 0xd0, 0x0, 0x0, 0x0, 0xa, 0x0, 0x0, 0x0, 0x1c, 0x0, 0x0, ..., 0x7f, 0x7f, 0x7e}
0.181858 : 1020: {0x7c, 0x7c, 0x7c, 0x7c, 0x39, 0x2, 0x0, 0x0, 0x0, 0x50, 0x11, 0x0, 0x0, 0x0, 0x82, 0x21, 0x0, 0x0, 0xd0, 0x0, ..., 0x78, 0x78, 0x78}
0.181920 : dispatching packet: 
0.181955 : 569: {0x50, 0x11, 0x0, 0x0, 0x0, 0x82, 0x21, 0x0, 0x0, 0xd0, 0x0, 0x0, 0x0, 0xc, 0x0, 0x0, 0x0, 0x1c, 0x0, 0x0, ..., 0xb2, 0xb1, 0xaa}
0.184682 : 136: {0x62, 0x66, 0x68, 0x67, 0x64, 0x5d, 0x53, 0x55, 0x5e, 0x63, 0x64, 0x63, 0x5d, 0x51, 0x37, 0x55, 0x5f, 0x64, 0x66, 0x68, ..., 0x77, 0x77, 0x77}
0.184740 : dispatching packet: 
0.184779 : 569: {0x50, 0x11, 0x0, 0x0, 0x0, 0x82, 0x21, 0x0, 0x0, 0xd0, 0x0, 0x0, 0x0, 0xc, 0x0, 0x0, 0x0, 0x1c, 0x0, 0x0, ..., 0x77, 0x77, 0x77}
0.187506 : 136: {0x4c, 0x47, 0x4c, 0x4a, 0x41, 0x40, 0x41, 0x3b, 0x4a, 0x55, 0x5a, 0x59, 0x53, 0x4a, 0x50, 0x58, 0x5c, 0x5e, 0x60, 0x60, ..., 0x75, 0x74, 0x74}
0.190319 : 136: {0x68, 0x67, 0x66, 0x66, 0x64, 0x62, 0x5f, 0x61, 0x66, 0x6a, 0x6b, 0x6b, 0x68, 0x63, 0x5f, 0x5e, 0x5f, 0x5e, 0x5c, 0x57, ..., 0x73, 0x72, 0x72}
0.193153 : 136: {0x70, 0x70, 0x71, 0x71, 0x70, 0x6f, 0x6d, 0x6c, 0x6c, 0x6c, 0x6b, 0x69, 0x66, 0x63, 0x61, 0x60, 0x60, 0x5f, 0x5c, 0x59, ..., 0x6c, 0x6a, 0x68}
0.196003 : 136: {0x72, 0x72, 0x73, 0x74, 0x74, 0x74, 0x73, 0x71, 0x6e, 0x6a, 0x66, 0x61, 0x5e, 0x5d, 0x5d, 0x5d, 0x5d, 0x5e, 0x60, 0x62, ..., 0x64, 0x63, 0x62}
0.198802 : 578: {0x7c, 0x7c, 0x7c, 0x7c, 0x39, 0x2, 0x0, 0x0, 0x0, 0x50, 0x11, 0x0, 0x0, 0x0, 0x82, 0x21, 0x0, 0x0, 0xd0, 0x0, ..., 0x65, 0x67, 0x68}
0.198885 : dispatching packet: 
0.198919 : 569: {0x50, 0x11, 0x0, 0x0, 0x0, 0x82, 0x21, 0x0, 0x0, 0xd0, 0x0, 0x0, 0x0, 0x12, 0x0, 0x0, 0x0, 0x1c, 0x0, 0x0, ..., 0x65, 0x67, 0x68}
0.201654 : 578: {0x7c, 0x7c, 0x7c, 0x7c, 0x39, 0x2, 0x0, 0x0, 0x0, 0x50, 0x11, 0x0, 0x0, 0x0, 0x82, 0x21, 0x0, 0x0, 0xd0, 0x0, ..., 0x62, 0x65, 0x68}
0.201712 : dispatching packet: 
0.201746 : 569: {0x50, 0x11, 0x0, 0x0, 0x0, 0x82, 0x21, 0x0, 0x0, 0xd0, 0x0, 0x0, 0x0, 0x13, 0x0, 0x0, 0x0, 0x1c, 0x0, 0x0, ..., 0x62, 0x65, 0x68}
0.204497 : 1020: {0x7c, 0x7c, 0x7c, 0x7c, 0x39, 0x2, 0x0, 0x0, 0x0, 0x50, 0x11, 0x0, 0x0, 0x0, 0x82, 0x21, 0x0, 0x0, 0xd0, 0x0, ..., 0x5f, 0x53, 0x48}
0.204548 : dispatching packet: 
0.204580 : 569: {0x50, 0x11, 0x0, 0x0, 0x0, 0x82, 0x21, 0x0, 0x0, 0xd0, 0x0, 0x0, 0x0, 0x14, 0x0, 0x0, 0x0, 0x1c, 0x0, 0x0, ..., 0x97, 0x95, 0x8e}
0.207652 : 1020: {0x7c, 0x7c, 0x7c, 0x7c, 0x39, 0x2, 0x0, 0x0, 0x0, 0x50, 0x11, 0x0, 0x0, 0x0, 0x82, 0x21, 0x0, 0x0, 0xd0, 0x0, ..., 0x4f, 0x59, 0x61}
0.207723 : dispatching packet: 
0.207752 : 569: {0x50, 0x11, 0x0, 0x0, 0x0, 0x82, 0x21, 0x0, 0x0, 0xd0, 0x0, 0x0, 0x0, 0x14, 0x0, 0x0, 0x0, 0x1c, 0x0, 0x0, ..., 0x70, 0x6d, 0x6a}
0.207820 : Error parsing incoming data: lost bytes
0.207848 : Error parsing incoming data: CRC error
0.207865 : Error parsing incoming data: CRC error
0.207879 : Error parsing incoming data: CRC error
0.239082 : Error parsing incoming data: lost bytes
0.239119 : Error parsing incoming data: CRC error
0.263606 : 262: {0x7c, 0x7c, 0x7c, 0x7c, 0xfd, 0x0, 0x0, 0x0, 0x0, 0x50, 0xd, 0x0, 0x0, 0x0, 0x84, 0x21, 0x0, 0x0, 0x1c, 0x0, ..., 0x1e, 0xf4, 0xbf}
0.263655 : dispatching packet: 
0.263675 : 569: {0x50, 0x11, 0x0, 0x0, 0x0, 0x82, 0x21, 0x0, 0x0, 0xd0, 0x0, 0x0, 0x0, 0x15, 0x0, 0x0, 0x0, 0x1c, 0x0, 0x0, ..., 0x33, 0xfd, 0x5e}
0.263699 : Error parsing incoming data: CRC error
0.263715 : Error parsing incoming data: lost bytes
0.322251 : 262: {0x7c, 0x7c, 0x7c, 0x7c, 0xfd, 0x0, 0x0, 0x0, 0x0, 0x50, 0xd, 0x0, 0x0, 0x0, 0x85, 0x21, 0x0, 0x0, 0x1c, 0x0, ..., 0x2d, 0x18, 0xc0}
0.322303 : dispatching packet: 
0.322323 : 253: {0x50, 0xd, 0x0, 0x0, 0x0, 0x85, 0x21, 0x0, 0x0, 0x1c, 0x0, 0x0, 0x0, 0x18, 0xb3, 0x52, 0x3d, 0xa1, 0xce, 0x2d, ..., 0x2d, 0x18, 0xc0}
0.381927 : 262: {0x7c, 0x7c, 0x7c, 0x7c, 0xfd, 0x0, 0x0, 0x0, 0x0, 0x50, 0xd, 0x0, 0x0, 0x0, 0x86, 0x21, 0x0, 0x0, 0x1c, 0x0, ..., 0x9a, 0x21, 0x40}
0.382005 : dispatching packet: 
0.382040 : 253: {0x50, 0xd, 0x0, 0x0, 0x0, 0x86, 0x21, 0x0, 0x0, 0x1c, 0x0, 0x0, 0x0, 0x18, 0xb3, 0x52, 0x3d, 0xa1, 0xce, 0x2d, ..., 0x9a, 0x21, 0x40}
0.382785 : 32: {0x7d, 0x50, 0x26, 0xfe, 0x75, 0x23, 0x82, 0x21, 0x0, 0x0, 0x0, 0x0, 0x0, 0x0, 0x16, 0x0, 0x0, 0x0, 0x71, 0xb5, ..., 0x0, 0xfa, 0x7e}
0.382818 : dispatching packet: 
0.382871 : 29: {0x50, 0x26, 0xfe, 0x75, 0x23, 0x82, 0x21, 0x0, 0x0, 0x0, 0x0, 0x0, 0x0, 0x16, 0x0, 0x0, 0x0, 0x71, 0xb5, 0x24, ..., 0x0, 0x0, 0x0}
0.498471 : 32: {0x7d, 0x50, 0x26, 0xfe, 0x75, 0x23, 0x82, 0x21, 0x0, 0x0, 0x0, 0x0, 0x0, 0x0, 0x16, 0x0, 0x0, 0x0, 0x71, 0xb5, ..., 0x0, 0xb3, 0x7e}
0.498530 : dispatching packet: 
0.498587 : 29: {0x50, 0x26, 0xfe, 0x75, 0x23, 0x82, 0x21, 0x0, 0x0, 0x0, 0x0, 0x0, 0x0, 0x16, 0x0, 0x0, 0x0, 0x71, 0xb5, 0x24, ..., 0x0, 0x0, 0x0}
0.557092 : 32: {0x7d, 0x50, 0x26, 0xfe, 0x75, 0x23, 0x82, 0x21, 0x0, 0x0, 0x0, 0x0, 0x0, 0x0, 0x16, 0x0, 0x0, 0x0, 0x71, 0xb5, ..., 0x0, 0x8a, 0x7e}
0.557156 : dispatching packet: 
0.557193 : 29: {0x50, 0x26, 0xfe, 0x75, 0x23, 0x82, 0x21, 0x0, 0x0, 0x0, 0x0, 0x0, 0x0, 0x16, 0x0, 0x0, 0x0, 0x71, 0xb5, 0x24, ..., 0x0, 0x0, 0x0}
0.674132 : 262: {0x7c, 0x7c, 0x7c, 0x7c, 0xfd, 0x0, 0x0, 0x0, 0x0, 0x50, 0xd, 0x0, 0x0, 0x0, 0x8b, 0x21, 0x0, 0x0, 0x1c, 0x0, ..., 0x8, 0x13, 0xc0}
0.674228 : dispatching packet: 
0.674281 : 253: {0x50, 0xd, 0x0, 0x0, 0x0, 0x8b, 0x21, 0x0, 0x0, 0x1c, 0x0, 0x0, 0x0, 0x18, 0xb3, 0x52, 0x3d, 0xa1, 0xce, 0x2d, ..., 0x8, 0x13, 0xc0}
0.675067 : 260: {0x7c, 0x7c, 0x7c, 0x7c, 0x79, 0x0, 0x0, 0x0, 0x0, 0x50, 0x11, 0x0, 0x0, 0x0, 0x8b, 0x21, 0x0, 0x0, 0xde, 0x0, ..., 0x6e, 0x71, 0x6a}
0.675125 : dispatching packet: 
0.675163 : 121: {0x50, 0x11, 0x0, 0x0, 0x0, 0x8b, 0x21, 0x0, 0x0, 0xde, 0x0, 0x0, 0x0, 0x1, 0x0, 0x0, 0x0, 0x1c, 0x0, 0x0, ..., 0x88, 0x73, 0x8c}
0.675203 : dispatching packet: 
0.675267 : 121: {0x50, 0x11, 0x0, 0x0, 0x0, 0x8b, 0x21, 0x0, 0x0, 0xde, 0x0, 0x0, 0x0, 0x1, 0x0, 0x0, 0x0, 0x1c, 0x0, 0x0, ..., 0x6e, 0x71, 0x6a}
0.675712 : 130: {0x7c, 0x7c, 0x7c, 0x7c, 0x79, 0x0, 0x0, 0x0, 0x0, 0x50, 0x11, 0x0, 0x0, 0x0, 0x8b, 0x21, 0x0, 0x0, 0xde, 0x0, ..., 0x8f, 0x8b, 0x75}
0.675751 : dispatching packet: 
0.675784 : 121: {0x50, 0x11, 0x0, 0x0, 0x0, 0x8b, 0x21, 0x0, 0x0, 0xde, 0x0, 0x0, 0x0, 0x2, 0x0, 0x0, 0x0, 0x1c, 0x0, 0x0, ..., 0x8f, 0x8b, 0x75}
0.676439 : 260: {0x7c, 0x7c, 0x7c, 0x7c, 0x79, 0x0, 0x0, 0x0, 0x0, 0x50, 0x11, 0x0, 0x0, 0x0, 0x8b, 0x21, 0x0, 0x0, 0xde, 0x0, ..., 0x6d, 0x68, 0x60}
0.676477 : dispatching packet: 
0.676521 : 121: {0x50, 0x11, 0x0, 0x0, 0x0, 0x8b, 0x21, 0x0, 0x0, 0xde, 0x0, 0x0, 0x0, 0x3, 0x0, 0x0, 0x0, 0x1c, 0x0, 0x0, ..., 0xae, 0xad, 0x94}
0.676565 : dispatching packet: 
0.676634 : 121: {0x50, 0x11, 0x0, 0x0, 0x0, 0x8b, 0x21, 0x0, 0x0, 0xde, 0x0, 0x0, 0x0, 0x3, 0x0, 0x0, 0x0, 0x1c, 0x0, 0x0, ..., 0x6d, 0x68, 0x60}
0.677185 : 130: {0x7c, 0x7c, 0x7c, 0x7c, 0x79, 0x0, 0x0, 0x0, 0x0, 0x50, 0x11, 0x0, 0x0, 0x0, 0x8b, 0x21, 0x0, 0x0, 0xde, 0x0, ..., 0x62, 0x6a, 0x70}
0.677219 : dispatching packet: 
0.677255 : 121: {0x50, 0x11, 0x0, 0x0, 0x0, 0x8b, 0x21, 0x0, 0x0, 0xde, 0x0, 0x0, 0x0, 0x4, 0x0, 0x0, 0x0, 0x1c, 0x0, 0x0, ..., 0x62, 0x6a, 0x70}
0.677925 : 130: {0x7c, 0x7c, 0x7c, 0x7c, 0x79, 0x0, 0x0, 0x0, 0x0, 0x50, 0x11, 0x0, 0x0, 0x0, 0x8b, 0x21, 0x0, 0x0, 0xde, 0x0, ..., 0x78, 0x6a, 0x77}
0.677981 : dispatching packet: 
0.678018 : 121: {0x50, 0x11, 0x0, 0x0, 0x0, 0x8b, 0x21, 0x0, 0x0, 0xde, 0x0, 0x0, 0x0, 0x5, 0x0, 0x0, 0x0, 0x1c, 0x0, 0x0, ..., 0x78, 0x6a, 0x77}
0.678683 : 130: {0x7c, 0x7c, 0x7c, 0x7c, 0x79, 0x0, 0x0, 0x0, 0x0, 0x50, 0x11, 0x0, 0x0, 0x0, 0x8b, 0x21, 0x0, 0x0, 0xde, 0x0, ..., 0xda, 0xda, 0xc3}
0.678715 : dispatching packet: 
0.678750 : 121: {0x50, 0x11, 0x0, 0x0, 0x0, 0x8b, 0x21, 0x0, 0x0, 0xde, 0x0, 0x0, 0x0, 0x6, 0x0, 0x0, 0x0, 0x1c, 0x0, 0x0, ..., 0xda, 0xda, 0xc3}
0.679421 : 130: {0x7c, 0x7c, 0x7c, 0x7c, 0x79, 0x0, 0x0, 0x0, 0x0, 0x50, 0x11, 0x0, 0x0, 0x0, 0x8b, 0x21, 0x0, 0x0, 0xde, 0x0, ..., 0x70, 0x63, 0x75}
0.679454 : dispatching packet: 
0.679483 : 121: {0x50, 0x11, 0x0, 0x0, 0x0, 0x8b, 0x21, 0x0, 0x0, 0xde, 0x0, 0x0, 0x0, 0x7, 0x0, 0x0, 0x0, 0x1c, 0x0, 0x0, ..., 0x70, 0x63, 0x75}
0.680174 : 130: {0x7c, 0x7c, 0x7c, 0x7c, 0x79, 0x0, 0x0, 0x0, 0x0, 0x50, 0x11, 0x0, 0x0, 0x0, 0x8b, 0x21, 0x0, 0x0, 0xde, 0x0, ..., 0xb8, 0xbb, 0xb3}
0.680215 : dispatching packet: 
0.680242 : 121: {0x50, 0x11, 0x0, 0x0, 0x0, 0x8b, 0x21, 0x0, 0x0, 0xde, 0x0, 0x0, 0x0, 0x8, 0x0, 0x0, 0x0, 0x1c, 0x0, 0x0, ..., 0xb8, 0xbb, 0xb3}
0.680922 : 130: {0x7c, 0x7c, 0x7c, 0x7c, 0x79, 0x0, 0x0, 0x0, 0x0, 0x50, 0x11, 0x0, 0x0, 0x0, 0x8b, 0x21, 0x0, 0x0, 0xde, 0x0, ..., 0xb6, 0xb8, 0xb3}
0.680957 : dispatching packet: 
0.680986 : 121: {0x50, 0x11, 0x0, 0x0, 0x0, 0x8b, 0x21, 0x0, 0x0, 0xde, 0x0, 0x0, 0x0, 0x9, 0x0, 0x0, 0x0, 0x1c, 0x0, 0x0, ..., 0xb6, 0xb8, 0xb3}
0.681646 : 260: {0x7c, 0x7c, 0x7c, 0x7c, 0x79, 0x0, 0x0, 0x0, 0x0, 0x50, 0x11, 0x0, 0x0, 0x0, 0x8b, 0x21, 0x0, 0x0, 0xde, 0x0, ..., 0x58, 0x66, 0x70}
0.681689 : dispatching packet: 
0.681724 : 121: {0x50, 0x11, 0x0, 0x0, 0x0, 0x8b, 0x21, 0x0, 0x0, 0xde, 0x0, 0x0, 0x0, 0xa, 0x0, 0x0, 0x0, 0x1c, 0x0, 0x0, ..., 0xb4, 0xb6, 0xac}
0.681750 : dispatching packet: 
0.681779 : 121: {0x50, 0x11, 0x0, 0x0, 0x0, 0x8b, 0x21, 0x0, 0x0, 0xde, 0x0, 0x0, 0x0, 0xa, 0x0, 0x0, 0x0, 0x1c, 0x0, 0x0, ..., 0x58, 0x66, 0x70}
0.682427 : 130: {0x7c, 0x7c, 0x7c, 0x7c, 0x79, 0x0, 0x0, 0x0, 0x0, 0x50, 0x11, 0x0, 0x0, 0x0, 0x8b, 0x21, 0x0, 0x0, 0xde, 0x0, ..., 0x58, 0x67, 0x70}
0.682468 : dispatching packet: 
0.682508 : 121: {0x50, 0x11, 0x0, 0x0, 0x0, 0x8b, 0x21, 0x0, 0x0, 0xde, 0x0, 0x0, 0x0, 0xb, 0x0, 0x0, 0x0, 0x1c, 0x0, 0x0, ..., 0x58, 0x67, 0x70}
0.683145 : 130: {0x7c, 0x7c, 0x7c, 0x7c, 0x79, 0x0, 0x0, 0x0, 0x0, 0x50, 0x11, 0x0, 0x0, 0x0, 0x8b, 0x21, 0x0, 0x0, 0xde, 0x0, ..., 0x62, 0x5f, 0x5b}
0.683181 : dispatching packet: 
0.683217 : 121: {0x50, 0x11, 0x0, 0x0, 0x0, 0x8b, 0x21, 0x0, 0x0, 0xde, 0x0, 0x0, 0x0, 0xc, 0x0, 0x0, 0x0, 0x1c, 0x0, 0x0, ..., 0x62, 0x5f, 0x5b}
0.684101 : 260: {0x7c, 0x7c, 0x7c, 0x7c, 0x79, 0x0, 0x0, 0x0, 0x0, 0x50, 0x11, 0x0, 0x0, 0x0, 0x8b, 0x21, 0x0, 0x0, 0xde, 0x0, ..., 0x5a, 0x5f, 0x59}
0.684223 : dispatching packet: 
0.684287 : 121: {0x50, 0x11, 0x0, 0x0, 0x0, 0x8b, 0x21, 0x0, 0x0, 0xde, 0x0, 0x0, 0x0, 0xd, 0x0, 0x0, 0x0, 0x1c, 0x0, 0x0, ..., 0x91, 0x8e, 0x58}
0.684360 : dispatching packet: 
0.684417 : 121: {0x50, 0x11, 0x0, 0x0, 0x0, 0x8b, 0x21, 0x0, 0x0, 0xde, 0x0, 0x0, 0x0, 0xd, 0x0, 0x0, 0x0, 0x1c, 0x0, 0x0, ..., 0x5a, 0x5f, 0x59}
0.686169 : 260: {0x7c, 0x7c, 0x7c, 0x7c, 0x79, 0x0, 0x0, 0x0, 0x0, 0x50, 0x11, 0x0, 0x0, 0x0, 0x8b, 0x21, 0x0, 0x0, 0xde, 0x0, ..., 0x51, 0x3e, 0x48}
0.686213 : dispatching packet: 
0.686238 : 121: {0x50, 0x11, 0x0, 0x0, 0x0, 0x8b, 0x21, 0x0, 0x0, 0xde, 0x0, 0x0, 0x0, 0x10, 0x0, 0x0, 0x0, 0x1c, 0x0, 0x0, ..., 0x93, 0x99, 0x8c}
0.686260 : dispatching packet: 
0.686286 : 121: {0x50, 0x11, 0x0, 0x0, 0x0, 0x8b, 0x21, 0x0, 0x0, 0xde, 0x0, 0x0, 0x0, 0x10, 0x0, 0x0, 0x0, 0x1c, 0x0, 0x0, ..., 0x51, 0x3e, 0x48}
0.687668 : 260: {0x7c, 0x7c, 0x7c, 0x7c, 0x79, 0x0, 0x0, 0x0, 0x0, 0x50, 0x11, 0x0, 0x0, 0x0, 0x8b, 0x21, 0x0, 0x0, 0xde, 0x0, ..., 0x59, 0x43, 0x4a}
0.687712 : dispatching packet: 
0.687735 : 121: {0x50, 0x11, 0x0, 0x0, 0x0, 0x8b, 0x21, 0x0, 0x0, 0xde, 0x0, 0x0, 0x0, 0x12, 0x0, 0x0, 0x0, 0x1c, 0x0, 0x0, ..., 0x91, 0x96, 0x8c}
0.687758 : dispatching packet: 
0.687784 : 121: {0x50, 0x11, 0x0, 0x0, 0x0, 0x8b, 0x21, 0x0, 0x0, 0xde, 0x0, 0x0, 0x0, 0x12, 0x0, 0x0, 0x0, 0x1c, 0x0, 0x0, ..., 0x59, 0x43, 0x4a}
0.688332 : 130: {0x7c, 0x7c, 0x7c, 0x7c, 0x79, 0x0, 0x0, 0x0, 0x0, 0x50, 0x11, 0x0, 0x0, 0x0, 0x8b, 0x21, 0x0, 0x0, 0xde, 0x0, ..., 0x9d, 0x9b, 0x7c}
0.688365 : dispatching packet: 
0.688393 : 121: {0x50, 0x11, 0x0, 0x0, 0x0, 0x8b, 0x21, 0x0, 0x0, 0xde, 0x0, 0x0, 0x0, 0x13, 0x0, 0x0, 0x0, 0x1c, 0x0, 0x0, ..., 0x9d, 0x9b, 0x7c}
0.689124 : 260: {0x7c, 0x7c, 0x7c, 0x7c, 0x79, 0x0, 0x0, 0x0, 0x0, 0x50, 0x11, 0x0, 0x0, 0x0, 0x8b, 0x21, 0x0, 0x0, 0xde, 0x0, ..., 0x5c, 0x5a, 0x5f}
0.689148 : dispatching packet: 
0.689169 : 121: {0x50, 0x11, 0x0, 0x0, 0x0, 0x8b, 0x21, 0x0, 0x0, 0xde, 0x0, 0x0, 0x0, 0x14, 0x0, 0x0, 0x0, 0x1c, 0x0, 0x0, ..., 0xa3, 0x9f, 0x6a}
0.689204 : dispatching packet: 
0.689228 : 121: {0x50, 0x11, 0x0, 0x0, 0x0, 0x8b, 0x21, 0x0, 0x0, 0xde, 0x0, 0x0, 0x0, 0x14, 0x0, 0x0, 0x0, 0x1c, 0x0, 0x0, ..., 0x5c, 0x5a, 0x5f}
0.691411 : 260: {0x7c, 0x7c, 0x7c, 0x7c, 0x79, 0x0, 0x0, 0x0, 0x0, 0x50, 0x11, 0x0, 0x0, 0x0, 0x8b, 0x21, 0x0, 0x0, 0xde, 0x0, ..., 0x63, 0x68, 0x62}
0.691455 : dispatching packet: 
0.691498 : 121: {0x50, 0x11, 0x0, 0x0, 0x0, 0x8b, 0x21, 0x0, 0x0, 0xde, 0x0, 0x0, 0x0, 0x17, 0x0, 0x0, 0x0, 0x1c, 0x0, 0x0, ..., 0xab, 0xab, 0x97}
0.691536 : dispatching packet: 
0.691565 : 121: {0x50, 0x11, 0x0, 0x0, 0x0, 0x8b, 0x21, 0x0, 0x0, 0xde, 0x0, 0x0, 0x0, 0x17, 0x0, 0x0, 0x0, 0x1c, 0x0, 0x0, ..., 0x63, 0x68, 0x62}
0.692053 : 130: {0x7c, 0x7c, 0x7c, 0x7c, 0x79, 0x0, 0x0, 0x0, 0x0, 0x50, 0x11, 0x0, 0x0, 0x0, 0x8b, 0x21, 0x0, 0x0, 0xde, 0x0, ..., 0xa5, 0xa5, 0x8d}
0.692082 : dispatching packet: 
0.692111 : 121: {0x50, 0x11, 0x0, 0x0, 0x0, 0x8b, 0x21, 0x0, 0x0, 0xde, 0x0, 0x0, 0x0, 0x18, 0x0, 0x0, 0x0, 0x1c, 0x0, 0x0, ..., 0xa5, 0xa5, 0x8d}
0.692958 : 260: {0x7c, 0x7c, 0x7c, 0x7c, 0x79, 0x0, 0x0, 0x0, 0x0, 0x50, 0x11, 0x0, 0x0, 0x0, 0x8b, 0x21, 0x0, 0x0, 0xde, 0x0, ..., 0x59, 0x4e, 0x42}
0.693015 : dispatching packet: 
0.693048 : 121: {0x50, 0x11, 0x0, 0x0, 0x0, 0x8b, 0x21, 0x0, 0x0, 0xde, 0x0, 0x0, 0x0, 0x19, 0x0, 0x0, 0x0, 0x1c, 0x0, 0x0, ..., 0x99, 0x95, 0x62}
0.693077 : dispatching packet: 
0.693106 : 121: {0x50, 0x11, 0x0, 0x0, 0x0, 0x8b, 0x21, 0x0, 0x0, 0xde, 0x0, 0x0, 0x0, 0x19, 0x0, 0x0, 0x0, 0x1c, 0x0, 0x0, ..., 0x59, 0x4e, 0x42}
0.693582 : 260: {0x7c, 0x7c, 0x7c, 0x7c, 0x79, 0x0, 0x0, 0x0, 0x0, 0x50, 0x11, 0x0, 0x0, 0x0, 0x8b, 0x21, 0x0, 0x0, 0xde, 0x0, ..., 0x58, 0x55, 0x48}
0.693609 : dispatching packet: 
0.693643 : 121: {0x50, 0x11, 0x0, 0x0, 0x0, 0x8b, 0x21, 0x0, 0x0, 0xde, 0x0, 0x0, 0x0, 0x1a, 0x0, 0x0, 0x0, 0x1c, 0x0, 0x0, ..., 0x7f, 0x6b, 0x80}
0.693669 : dispatching packet: 
0.693697 : 121: {0x50, 0x11, 0x0, 0x0, 0x0, 0x8b, 0x21, 0x0, 0x0, 0xde, 0x0, 0x0, 0x0, 0x1a, 0x0, 0x0, 0x0, 0x1c, 0x0, 0x0, ..., 0x58, 0x55, 0x48}
0.694399 : 260: {0x7c, 0x7c, 0x7c, 0x7c, 0x79, 0x0, 0x0, 0x0, 0x0, 0x50, 0x11, 0x0, 0x0, 0x0, 0x8b, 0x21, 0x0, 0x0, 0xde, 0x0, ..., 0x60, 0x5f, 0x5a}
0.694492 : dispatching packet: 
0.694544 : 121: {0x50, 0x11, 0x0, 0x0, 0x0, 0x8b, 0x21, 0x0, 0x0, 0xde, 0x0, 0x0, 0x0, 0x1b, 0x0, 0x0, 0x0, 0x1c, 0x0, 0x0, ..., 0x87, 0x8e, 0x83}
0.694570 : dispatching packet: 
0.694597 : 121: {0x50, 0x11, 0x0, 0x0, 0x0, 0x8b, 0x21, 0x0, 0x0, 0xde, 0x0, 0x0, 0x0, 0x1b, 0x0, 0x0, 0x0, 0x1c, 0x0, 0x0, ..., 0x60, 0x5f, 0x5a}
0.694806 : 226: {0x7d, 0x50, 0x0, 0x3b, 0xa, 0x61, 0x8b, 0x21, 0x0, 0x0, 0x1a, 0x0, 0x0, 0x0, 0x86, 0xf, 0x84, 0x41, 0xa6, 0xaf, ..., 0x0, 0xe2, 0x7e}
0.694837 : dispatching packet: 
0.694868 : 221: {0x50, 0x0, 0x3b, 0xa, 0x61, 0x8b, 0x21, 0x0, 0x0, 0x1a, 0x0, 0x0, 0x0, 0x86, 0xf, 0x84, 0x41, 0xa6, 0xaf, 0xa, ..., 0x0, 0x0, 0x0}
0.695091 : 32: {0x7d, 0x50, 0x26, 0xfe, 0x75, 0x23, 0x82, 0x21, 0x0, 0x0, 0x0, 0x0, 0x0, 0x0, 0x16, 0x0, 0x0, 0x0, 0x71, 0xb5, ..., 0x0, 0x1c, 0x7e}
0.695117 : dispatching packet: 
0.695146 : 29: {0x50, 0x26, 0xfe, 0x75, 0x23, 0x82, 0x21, 0x0, 0x0, 0x0, 0x0, 0x0, 0x0, 0x16, 0x0, 0x0, 0x0, 0x71, 0xb5, 0x24, ..., 0x0, 0x0, 0x0}
0.732799 : 262: {0x7c, 0x7c, 0x7c, 0x7c, 0xfd, 0x0, 0x0, 0x0, 0x0, 0x50, 0xd, 0x0, 0x0, 0x0, 0x8c, 0x21, 0x0, 0x0, 0x1c, 0x0, ..., 0xa9, 0x3e, 0x40}
0.732886 : dispatching packet: 
0.733000 : 253: {0x50, 0xd, 0x0, 0x0, 0x0, 0x8c, 0x21, 0x0, 0x0, 0x1c, 0x0, 0x0, 0x0, 0x18, 0xb3, 0x52, 0x3d, 0xa1, 0xce, 0x2d, ..., 0xa9, 0x3e, 0x40}
0.791354 : 262: {0x7c, 0x7c, 0x7c, 0x7c, 0xfd, 0x0, 0x0, 0x0, 0x0, 0x50, 0xd, 0x0, 0x0, 0x0, 0x8d, 0x21, 0x0, 0x0, 0x1c, 0x0, ..., 0x92, 0x1c, 0xc0}
0.791398 : dispatching packet: 
0.791426 : 253: {0x50, 0xd, 0x0, 0x0, 0x0, 0x8d, 0x21, 0x0, 0x0, 0x1c, 0x0, 0x0, 0x0, 0x18, 0xb3, 0x52, 0x3d, 0xa1, 0xce, 0x2d, ..., 0x92, 0x1c, 0xc0}
0.851802 : 32: {0x7d, 0x50, 0x26, 0xfe, 0x75, 0x23, 0x82, 0x21, 0x0, 0x0, 0x0, 0x0, 0x0, 0x0, 0x16, 0x0, 0x0, 0x0, 0x71, 0xb5, ..., 0x0, 0x26, 0x7e}
0.851858 : dispatching packet: 
0.851920 : 29: {0x50, 0x26, 0xfe, 0x75, 0x23, 0x82, 0x21, 0x0, 0x0, 0x0, 0x0, 0x0, 0x0, 0x16, 0x0, 0x0, 0x0, 0x71, 0xb5, 0x24, ..., 0x0, 0x0, 0x0}
0.908919 : 32: {0x7d, 0x50, 0x26, 0xfe, 0x75, 0x23, 0x82, 0x21, 0x0, 0x0, 0x0, 0x0, 0x0, 0x0, 0x16, 0x0, 0x0, 0x0, 0x71, 0xb5, ..., 0x0, 0x69, 0x7e}
0.908976 : dispatching packet: 
0.909017 : 29: {0x50, 0x26, 0xfe, 0x75, 0x23, 0x82, 0x21, 0x0, 0x0, 0x0, 0x0, 0x0, 0x0, 0x16, 0x0, 0x0, 0x0, 0x71, 0xb5, 0x24, ..., 0x0, 0x0, 0x0}
0.967256 : 262: {0x7c, 0x7c, 0x7c, 0x7c, 0xfd, 0x0, 0x0, 0x0, 0x0, 0x50, 0xd, 0x0, 0x0, 0x0, 0x90, 0x21, 0x0, 0x0, 0x1c, 0x0, ..., 0xef, 0xe, 0xc0}
0.967305 : dispatching packet: 
0.967340 : 253: {0x50, 0xd, 0x0, 0x0, 0x0, 0x90, 0x21, 0x0, 0x0, 0x1c, 0x0, 0x0, 0x0, 0x18, 0xb3, 0x52, 0x3d, 0xa1, 0xce, 0x2d, ..., 0xef, 0xe, 0xc0}
1.026214 : 32: {0x7d, 0x50, 0x26, 0xfe, 0x75, 0x23, 0x82, 0x21, 0x0, 0x0, 0x0, 0x0, 0x0, 0x0, 0x16, 0x0, 0x0, 0x0, 0x71, 0xb5, ..., 0x0, 0x53, 0x7e}
1.026294 : dispatching packet: 
1.026347 : 29: {0x50, 0x26, 0xfe, 0x75, 0x23, 0x82, 0x21, 0x0, 0x0, 0x0, 0x0, 0x0, 0x0, 0x16, 0x0, 0x0, 0x0, 0x71, 0xb5, 0x24, ..., 0x0, 0x0, 0x0}
1.084542 : 262: {0x7c, 0x7c, 0x7c, 0x7c, 0xfd, 0x0, 0x0, 0x0, 0x0, 0x50, 0xd, 0x0, 0x0, 0x0, 0x92, 0x21, 0x0, 0x0, 0x1c, 0x0, ..., 0x9d, 0xf, 0xc0}
1.084607 : dispatching packet: 
1.084641 : 253: {0x50, 0xd, 0x0, 0x0, 0x0, 0x92, 0x21, 0x0, 0x0, 0x1c, 0x0, 0x0, 0x0, 0x18, 0xb3, 0x52, 0x3d, 0xa1, 0xce, 0x2d, ..., 0x9d, 0xf, 0xc0}
1.145294 : 1020: {0x7c, 0x7c, 0x7c, 0x7c, 0x39, 0x2, 0x0, 0x0, 0x0, 0x50, 0x11, 0x0, 0x0, 0x0, 0x93, 0x21, 0x0, 0x0, 0xd1, 0x0, ..., 0x95, 0x94, 0x92}
1.145355 : dispatching packet: 
1.145391 : 569: {0x50, 0x11, 0x0, 0x0, 0x0, 0x93, 0x21, 0x0, 0x0, 0xd1, 0x0, 0x0, 0x0, 0x0, 0x0, 0x0, 0x0, 0x1c, 0x0, 0x0, ..., 0xda, 0xd7, 0xcf}
1.147340 : 1020: {0x7c, 0x7c, 0x7c, 0x7c, 0x39, 0x2, 0x0, 0x0, 0x0, 0x50, 0x11, 0x0, 0x0, 0x0, 0x93, 0x21, 0x0, 0x0, 0xd1, 0x0, ..., 0x8e, 0x8e, 0x8d}
1.147384 : dispatching packet: 
1.147407 : 569: {0x50, 0x11, 0x0, 0x0, 0x0, 0x93, 0x21, 0x0, 0x0, 0xd1, 0x0, 0x0, 0x0, 0x0, 0x0, 0x0, 0x0, 0x1c, 0x0, 0x0, ..., 0x78, 0x7b, 0x7f}
1.147434 : Error parsing incoming data: CRC error
1.147449 : Error parsing incoming data: incomplete packer
1.147463 : Error parsing incoming data: incomplete packer
1.147472 : Error parsing incoming data: CRC error
1.147482 : Error parsing incoming data: lost bytes
1.147491 : Error parsing incoming data: lost bytes
1.149883 : 136: {0x7f, 0x80, 0x82, 0x82, 0x80, 0x7d, 0x79, 0x78, 0x78, 0x79, 0x78, 0x76, 0x72, 0x6c, 0x65, 0x64, 0x69, 0x6e, 0x71, 0x73, ..., 0x74, 0x71, 0x6e}
1.149931 : dispatching packet: 
1.149959 : 569: {0x50, 0x11, 0x0, 0x0, 0x0, 0x93, 0x21, 0x0, 0x0, 0xd1, 0x0, 0x0, 0x0, 0x1, 0x0, 0x0, 0x0, 0x1c, 0x0, 0x0, ..., 0x74, 0x71, 0x6e}
1.152771 : 578: {0x7c, 0x7c, 0x7c, 0x7c, 0x39, 0x2, 0x0, 0x0, 0x0, 0x50, 0x11, 0x0, 0x0, 0x0, 0x93, 0x21, 0x0, 0x0, 0xd1, 0x0, ..., 0xcb, 0xc9, 0xc2}
1.152852 : dispatching packet: 
1.152883 : 569: {0x50, 0x11, 0x0, 0x0, 0x0, 0x93, 0x21, 0x0, 0x0, 0xd1, 0x0, 0x0, 0x0, 0x3, 0x0, 0x0, 0x0, 0x1c, 0x0, 0x0, ..., 0xcb, 0xc9, 0xc2}
1.155707 : 136: {0x8d, 0x8d, 0x8b, 0x88, 0x86, 0x86, 0x87, 0x87, 0x86, 0x84, 0x81, 0x7d, 0x7b, 0x79, 0x78, 0x77, 0x77, 0x76, 0x78, 0x7d, ..., 0x83, 0x84, 0x84}
1.155750 : Error parsing incoming data: lost bytes
1.155767 : Error parsing incoming data: lost bytes
1.155780 : dispatching packet: 
1.155799 : 4: {0x83, 0x86, 0x87, 0x84, }
1.155819 : Error parsing incoming data: CRC error
1.155878 : do_dispatch_packet, 84 -- we did not find a handler for this package
1.155945 : Error parsing incoming data: CRC error
1.156000 : 4: {0x83, 0x86, 0x87, 0x84, }
1.156055 : Error parsing incoming data: incomplete packer
1.156086 : Error parsing incoming data: CRC error
1.156150 : Error parsing incoming data: lost bytes
1.156186 : Error parsing incoming data: lost bytes
1.156203 : Error parsing incoming data: incomplete packer
1.156224 : Error parsing incoming data: incomplete packer
1.156257 : Error parsing incoming data: incomplete packer
1.158617 : 136: {0x97, 0x97, 0x96, 0x94, 0x92, 0x93, 0x94, 0x94, 0x93, 0x91, 0x8f, 0x8e, 0x8d, 0x8c, 0x8b, 0x8b, 0x8b, 0x8c, 0x8e, 0x91, ..., 0x80, 0x7d, 0x7b}
1.158702 : Error parsing incoming data: CRC error
1.158727 : Error parsing incoming data: lost bytes
1.158744 : Error parsing incoming data: CRC error
1.158760 : Error parsing incoming data: CRC error
1.158774 : Error parsing incoming data: lost bytes
1.158784 : Error parsing incoming data: lost bytes
1.158796 : Error parsing incoming data: CRC error
1.158808 : Error parsing incoming data: lost bytes
1.161437 : 1020: {0x7c, 0x7c, 0x7c, 0x7c, 0x39, 0x2, 0x0, 0x0, 0x0, 0x50, 0x11, 0x0, 0x0, 0x0, 0x93, 0x21, 0x0, 0x0, 0xd1, 0x0, ..., 0x94, 0x97, 0x9a}
1.161499 : dispatching packet: 
1.161538 : 569: {0x50, 0x11, 0x0, 0x0, 0x0, 0x93, 0x21, 0x0, 0x0, 0xd1, 0x0, 0x0, 0x0, 0x6, 0x0, 0x0, 0x0, 0x1c, 0x0, 0x0, ..., 0xdb, 0xd8, 0xd1}
1.164469 : 1020: {0x7c, 0x7c, 0x7c, 0x7c, 0x39, 0x2, 0x0, 0x0, 0x0, 0x50, 0x11, 0x0, 0x0, 0x0, 0x93, 0x21, 0x0, 0x0, 0xd1, 0x0, ..., 0x93, 0x95, 0x96}
1.164517 : dispatching packet: 
1.164541 : 569: {0x50, 0x11, 0x0, 0x0, 0x0, 0x93, 0x21, 0x0, 0x0, 0xd1, 0x0, 0x0, 0x0, 0x6, 0x0, 0x0, 0x0, 0x1c, 0x0, 0x0, ..., 0x7f, 0x81, 0x83}
1.164568 : Error parsing incoming data: lost bytes
1.164582 : Error parsing incoming data: lost bytes
1.164596 : Error parsing incoming data: incomplete packer
1.167434 : 136: {0x92, 0x92, 0x92, 0x91, 0x91, 0x91, 0x91, 0x91, 0x91, 0x92, 0x92, 0x92, 0x91, 0x91, 0x92, 0x93, 0x93, 0x92, 0x92, 0x92, ..., 0x84, 0x84, 0x83}
1.170388 : 1020: {0x7c, 0x7c, 0x7c, 0x7c, 0x39, 0x2, 0x0, 0x0, 0x0, 0x50, 0x11, 0x0, 0x0, 0x0, 0x93, 0x21, 0x0, 0x0, 0xd1, 0x0, ..., 0x93, 0x92, 0x93}
1.173224 : 136: {0x92, 0x92, 0x90, 0x8f, 0x8f, 0x90, 0x90, 0x90, 0x8f, 0x8e, 0x8e, 0x8d, 0x8d, 0x8c, 0x8c, 0x8d, 0x8d, 0x8e, 0x8f, 0x8f, ..., 0x78, 0x75, 0x73}
1.175958 : 1020: {0x7c, 0x7c, 0x7c, 0x7c, 0x39, 0x2, 0x0, 0x0, 0x0, 0x50, 0x11, 0x0, 0x0, 0x0, 0x93, 0x21, 0x0, 0x0, 0xd1, 0x0, ..., 0x8a, 0x8a, 0x8a}
1.178879 : 578: {0x7c, 0x7c, 0x7c, 0x7c, 0x39, 0x2, 0x0, 0x0, 0x0, 0x50, 0x11, 0x0, 0x0, 0x0, 0x93, 0x21, 0x0, 0x0, 0xd1, 0x0, ..., 0xae, 0xae, 0xa8}
1.181962 : 1020: {0x7c, 0x7c, 0x7c, 0x7c, 0x39, 0x2, 0x0, 0x0, 0x0, 0x50, 0x11, 0x0, 0x0, 0x0, 0x93, 0x21, 0x0, 0x0, 0xd1, 0x0, ..., 0x66, 0x61, 0x5e}
1.184817 : 136: {0x3d, 0x40, 0x4b, 0x4a, 0x3d, 0x30, 0x41, 0x46, 0x4f, 0x57, 0x5a, 0x59, 0x53, 0x45, 0x4c, 0x58, 0x5e, 0x61, 0x62, 0x61, ..., 0x75, 0x74, 0x74}
1.187583 : 136: {0x67, 0x66, 0x66, 0x67, 0x66, 0x62, 0x5f, 0x61, 0x66, 0x6a, 0x6b, 0x6b, 0x68, 0x63, 0x5f, 0x5e, 0x60, 0x61, 0x5f, 0x59, ..., 0x73, 0x72, 0x72}
1.190383 : 136: {0x6f, 0x6f, 0x70, 0x71, 0x70, 0x6f, 0x6d, 0x6c, 0x6c, 0x6c, 0x6b, 0x6a, 0x67, 0x64, 0x61, 0x60, 0x61, 0x60, 0x5e, 0x5a, ..., 0x6c, 0x6a, 0x68}
1.193192 : 136: {0x71, 0x71, 0x72, 0x73, 0x73, 0x73, 0x72, 0x71, 0x6e, 0x6a, 0x66, 0x62, 0x5f, 0x5e, 0x5e, 0x5e, 0x5e, 0x5e, 0x60, 0x62, ..., 0x64, 0x62, 0x61}
1.196049 : 136: {0x6d, 0x6d, 0x6e, 0x6f, 0x6f, 0x6f, 0x6d, 0x6b, 0x68, 0x63, 0x5d, 0x55, 0x50, 0x55, 0x59, 0x5b, 0x5c, 0x5e, 0x61, 0x65, ..., 0x64, 0x66, 0x67}
1.198866 : 1020: {0x7c, 0x7c, 0x7c, 0x7c, 0x39, 0x2, 0x0, 0x0, 0x0, 0x50, 0x11, 0x0, 0x0, 0x0, 0x93, 0x21, 0x0, 0x0, 0xd1, 0x0, ..., 0x4a, 0x49, 0x58}
1.201901 : 70: {0x4c, 0x50, 0x52, 0x52, 0x53, 0x55, 0x56, 0x57, 0x57, 0x58, 0x5c, 0x5f, 0x5f, 0x5e, 0x59, 0x57, 0x5c, 0x60, 0x62, 0x61, ..., 0x66, 0x65, 0x63}
1.204769 : 1020: {0x7c, 0x7c, 0x7c, 0x7c, 0x39, 0x2, 0x0, 0x0, 0x0, 0x50, 0x11, 0x0, 0x0, 0x0, 0x93, 0x21, 0x0, 0x0, 0xd1, 0x0, ..., 0x52, 0x57, 0x5e}
1.207709 : 1020: {0x7c, 0x7c, 0x7c, 0x7c, 0x39, 0x2, 0x0, 0x0, 0x0, 0x50, 0x11, 0x0, 0x0, 0x0, 0x93, 0x21, 0x0, 0x0, 0xd1, 0x0, ..., 0x5f, 0x61, 0x66}
1.210375 : 136: {0x69, 0x69, 0x68, 0x66, 0x64, 0x64, 0x65, 0x65, 0x65, 0x64, 0x65, 0x68, 0x6b, 0x6c, 0x6c, 0x6b, 0x69, 0x68, 0x66, 0x65, ..., 0x5f, 0x5c, 0x59}
1.213191 : 1020: {0x7c, 0x7c, 0x7c, 0x7c, 0x39, 0x2, 0x0, 0x0, 0x0, 0x50, 0x11, 0x0, 0x0, 0x0, 0x93, 0x21, 0x0, 0x0, 0xd1, 0x0, ..., 0x6e, 0x6d, 0x6b}
1.216089 : 136: {0x6a, 0x69, 0x68, 0x66, 0x65, 0x64, 0x63, 0x61, 0x5f, 0x5e, 0x5c, 0x57, 0x4b, 0x45, 0x57, 0x5f, 0x63, 0x63, 0x61, 0x60, ..., 0x63, 0x63, 0x63}
1.218850 : 136: {0x62, 0x66, 0x69, 0x6a, 0x6b, 0x6d, 0x6e, 0x6f, 0x6f, 0x6e, 0x6c, 0x6a, 0x69, 0x68, 0x69, 0x6a, 0x6a, 0x66, 0x5f, 0x50, ..., 0x6a, 0x6b, 0x6b}
1.221649 : 578: {0x7c, 0x7c, 0x7c, 0x7c, 0x39, 0x2, 0x0, 0x0, 0x0, 0x50, 0x11, 0x0, 0x0, 0x0, 0x93, 0x21, 0x0, 0x0, 0xd1, 0x0, ..., 0x95, 0x94, 0x8c}
1.260710 : 32: {0x7d, 0x50, 0x26, 0xfe, 0x75, 0x23, 0x93, 0x21, 0x0, 0x0, 0x0, 0x0, 0x0, 0x0, 0x16, 0x0, 0x0, 0x0, 0x2d, 0x7a, ..., 0x0, 0x81, 0x7e}
1.377784 : 262: {0x7c, 0x7c, 0x7c, 0x7c, 0xfd, 0x0, 0x0, 0x0, 0x0, 0x50, 0xd, 0x0, 0x0, 0x0, 0x97, 0x21, 0x0, 0x0, 0x1c, 0x0, ..., 0x7, 0x20, 0xc0}
1.378067 : 32: {0x7d, 0x50, 0x26, 0xfe, 0x75, 0x23, 0x93, 0x21, 0x0, 0x0, 0x0, 0x0, 0x0, 0x0, 0x16, 0x0, 0x0, 0x0, 0x2d, 0x7a, ..., 0x0, 0x3, 0x7e}
1.436647 : 32: {0x7d, 0x50, 0x26, 0xfe, 0x75, 0x23, 0x93, 0x21, 0x0, 0x0, 0x0, 0x0, 0x0, 0x0, 0x16, 0x0, 0x0, 0x0, 0x2d, 0x7a, ..., 0x0, 0x61, 0x7e}
1.495053 : 262: {0x7c, 0x7c, 0x7c, 0x7c, 0xfd, 0x0, 0x0, 0x0, 0x0, 0x50, 0xd, 0x0, 0x0, 0x0, 0x99, 0x21, 0x0, 0x0, 0x1c, 0x0, ..., 0xdc, 0x3a, 0xc0}
1.495426 : 32: {0x7d, 0x50, 0x26, 0xfe, 0x75, 0x23, 0x93, 0x21, 0x0, 0x0, 0x0, 0x0, 0x0, 0x0, 0x16, 0x0, 0x0, 0x0, 0x2d, 0x7a, ..., 0x0, 0x61, 0x7e}
1.555474 : 33: {0x7d, 0x50, 0x26, 0xfe, 0x75, 0x23, 0x93, 0x21, 0x0, 0x0, 0x0, 0x0, 0x0, 0x0, 0x16, 0x0, 0x0, 0x0, 0x2d, 0x7a, ..., 0x0, 0x12, 0x7e}
1.612586 : 32: {0x7d, 0x50, 0x26, 0xfe, 0x75, 0x23, 0x93, 0x21, 0x0, 0x0, 0x0, 0x0, 0x0, 0x0, 0x16, 0x0, 0x0, 0x0, 0x2d, 0x7a, ..., 0x0, 0x85, 0x7e}
1.671921 : 130: {0x7c, 0x7c, 0x7c, 0x7c, 0x79, 0x0, 0x0, 0x0, 0x0, 0x50, 0x11, 0x0, 0x0, 0x0, 0x9c, 0x21, 0x0, 0x0, 0xdf, 0x0, ..., 0x8f, 0x8a, 0x8c}
1.672732 : 260: {0x7c, 0x7c, 0x7c, 0x7c, 0x79, 0x0, 0x0, 0x0, 0x0, 0x50, 0x11, 0x0, 0x0, 0x0, 0x9c, 0x21, 0x0, 0x0, 0xdf, 0x0, ..., 0x75, 0x77, 0x73}
1.674739 : 130: {0x7c, 0x7c, 0x7c, 0x7c, 0x79, 0x0, 0x0, 0x0, 0x0, 0x50, 0x11, 0x0, 0x0, 0x0, 0x9c, 0x21, 0x0, 0x0, 0xdf, 0x0, ..., 0xd6, 0xd7, 0xbf}
1.675447 : 130: {0x7c, 0x7c, 0x7c, 0x7c, 0x79, 0x0, 0x0, 0x0, 0x0, 0x50, 0x11, 0x0, 0x0, 0x0, 0x9c, 0x21, 0x0, 0x0, 0xdf, 0x0, ..., 0xda, 0xdb, 0xc1}
1.676197 : 260: {0x7c, 0x7c, 0x7c, 0x7c, 0x79, 0x0, 0x0, 0x0, 0x0, 0x50, 0x11, 0x0, 0x0, 0x0, 0x9c, 0x21, 0x0, 0x0, 0xdf, 0x0, ..., 0x71, 0x6f, 0x78}
1.677652 : 130: {0x7c, 0x7c, 0x7c, 0x7c, 0x79, 0x0, 0x0, 0x0, 0x0, 0x50, 0x11, 0x0, 0x0, 0x0, 0x9c, 0x21, 0x0, 0x0, 0xdf, 0x0, ..., 0xb6, 0xaf, 0xab}
1.678462 : 260: {0x7c, 0x7c, 0x7c, 0x7c, 0x79, 0x0, 0x0, 0x0, 0x0, 0x50, 0x11, 0x0, 0x0, 0x0, 0x9c, 0x21, 0x0, 0x0, 0xdf, 0x0, ..., 0x5c, 0x6a, 0x6e}
1.679956 : 130: {0x7c, 0x7c, 0x7c, 0x7c, 0x79, 0x0, 0x0, 0x0, 0x0, 0x50, 0x11, 0x0, 0x0, 0x0, 0x9c, 0x21, 0x0, 0x0, 0xdf, 0x0, ..., 0x9a, 0x9b, 0x74}
1.680689 : 130: {0x7c, 0x7c, 0x7c, 0x7c, 0x79, 0x0, 0x0, 0x0, 0x0, 0x50, 0x11, 0x0, 0x0, 0x0, 0x9c, 0x21, 0x0, 0x0, 0xdf, 0x0, ..., 0x8e, 0x91, 0x75}
1.682246 : 260: {0x7c, 0x7c, 0x7c, 0x7c, 0x79, 0x0, 0x0, 0x0, 0x0, 0x50, 0x11, 0x0, 0x0, 0x0, 0x9c, 0x21, 0x0, 0x0, 0xdf, 0x0, ..., 0x4c, 0x4a, 0x50}
1.683736 : 260: {0x7c, 0x7c, 0x7c, 0x7c, 0x79, 0x0, 0x0, 0x0, 0x0, 0x50, 0x11, 0x0, 0x0, 0x0, 0x9c, 0x21, 0x0, 0x0, 0xdf, 0x0, ..., 0x5d, 0x60, 0x4d}
1.684416 : 260: {0x7c, 0x7c, 0x7c, 0x7c, 0x79, 0x0, 0x0, 0x0, 0x0, 0x50, 0x11, 0x0, 0x0, 0x0, 0x9c, 0x21, 0x0, 0x0, 0xdf, 0x0, ..., 0x59, 0x4d, 0x47}
1.686656 : 260: {0x7c, 0x7c, 0x7c, 0x7c, 0x79, 0x0, 0x0, 0x0, 0x0, 0x50, 0x11, 0x0, 0x0, 0x0, 0x9c, 0x21, 0x0, 0x0, 0xdf, 0x0, ..., 0x61, 0x5d, 0x5c}
1.687470 : 260: {0x7c, 0x7c, 0x7c, 0x7c, 0x79, 0x0, 0x0, 0x0, 0x0, 0x50, 0x11, 0x0, 0x0, 0x0, 0x9c, 0x21, 0x0, 0x0, 0xdf, 0x0, ..., 0x52, 0x4c, 0x56}
1.689686 : 260: {0x7c, 0x7c, 0x7c, 0x7c, 0x79, 0x0, 0x0, 0x0, 0x0, 0x50, 0x11, 0x0, 0x0, 0x0, 0x9c, 0x21, 0x0, 0x0, 0xdf, 0x0, ..., 0x5d, 0x2f, 0x56}
1.690328 : 260: {0x7c, 0x7c, 0x7c, 0x7c, 0x79, 0x0, 0x0, 0x0, 0x0, 0x50, 0x11, 0x0, 0x0, 0x0, 0x9c, 0x21, 0x0, 0x0, 0xdf, 0x0, ..., 0x5c, 0x3f, 0x5b}
1.691914 : 32: {0x7d, 0x50, 0x26, 0xfe, 0x75, 0x23, 0x93, 0x21, 0x0, 0x0, 0x0, 0x0, 0x0, 0x0, 0x16, 0x0, 0x0, 0x0, 0x2d, 0x7a, ..., 0x0, 0x8, 0x7e}
1.788210 : 262: {0x7c, 0x7c, 0x7c, 0x7c, 0xfd, 0x0, 0x0, 0x0, 0x0, 0x50, 0xd, 0x0, 0x0, 0x0, 0x9e, 0x21, 0x0, 0x0, 0x1c, 0x0, ..., 0x4a, 0xe9, 0xbf}
1.790051 : 32: {0x7d, 0x50, 0x26, 0xfe, 0x75, 0x23, 0x93, 0x21, 0x0, 0x0, 0x0, 0x0, 0x0, 0x0, 0x16, 0x0, 0x0, 0x0, 0x2d, 0x7a, ..., 0x0, 0xa5, 0x7e}
1.905479 : 262: {0x7c, 0x7c, 0x7c, 0x7c, 0xfd, 0x0, 0x0, 0x0, 0x0, 0x50, 0xd, 0x0, 0x0, 0x0, 0xa0, 0x21, 0x0, 0x0, 0x1c, 0x0, ..., 0x5b, 0x20, 0xc0}
1.905802 : 32: {0x7d, 0x50, 0x26, 0xfe, 0x75, 0x23, 0x93, 0x21, 0x0, 0x0, 0x0, 0x0, 0x0, 0x0, 0x16, 0x0, 0x0, 0x0, 0x2d, 0x7a, ..., 0x0, 0x5f, 0x7e}
2.007647 : Timeout waiting for response
2.007713 : ping -- end
2.007807 : unsubscribe -- begin
2.007828 : unsubscribe -- end
2.007861 : task ending: recorder
2.007958 : ~ActiveThread: recorder
2.007980 : ~RadarInterface -- begin
2.007989 : ~RadarInterface -- end
2.007999 : ~RadarCommunicator -- begin
2.008058 : task ending: writer
2.008140 : ~ActiveThread: writer
2.022942 : 262: {0x7c, 0x7c, 0x7c, 0x7c, 0xfd, 0x0, 0x0, 0x0, 0x0, 0x50, 0xd, 0x0, 0x0, 0x0, 0xa2, 0x21, 0x0, 0x0, 0x1c, 0x0, ..., 0x8f, 0x1c, 0xc0}
2.024580 : 32: {0x7d, 0x50, 0x26, 0xfe, 0x75, 0x23, 0x93, 0x21, 0x0, 0x0, 0x0, 0x0, 0x0, 0x0, 0x16, 0x0, 0x0, 0x0, 0x2d, 0x7a, ..., 0x0, 0xb7, 0x7e}
2.024652 : task ending: reader
2.024749 : ~ActiveThread: reader
2.024782 : Closing: /dev/cu.usbmodem1411
2.024831 : ~RadarCommunicator -- end
2.024899 : ~PacketDispatcher -- begin
2.024963 : task ending: dispatcher
2.025056 : ~PacketDispatcher -- end
2.025118 : ~ActiveThread: dispatcher
2.025155 : ~StdoutLogger
