0.000011 : createing logger StdoutLogger
0.000569 : RadarCommunicator: 28
0.000599 : parser constructor
0.000626 : RadarInterface - base -- begin
0.000640 : log_trace -- begin
0.000688 : log_trace -- end
0.000710 : git sha: 3ae25d11eed0
0.000727 : build date: 2017-11-28 11:32:05
0.000745 : subscribe_to_presence_single -- begin
0.000807 : subscribe_to_presence_single -- end
0.000824 : subscribe_to_presence_movinglist -- begin
0.000848 : subscribe_to_presence_movinglist -- end
0.000864 : subscribe_to_data_float -- begin
0.000894 : subscribe_to_data_float -- end
0.000911 : subscribe_to_data_string -- begin
0.000934 : subscribe_to_data_string -- end
0.000950 : subscribe_to_data_byte -- begin
0.000977 : subscribe_to_data_byte -- end
0.000998 : subscribe_to_baseband_iq -- begin
0.001023 : subscribe_to_baseband_iq -- end
0.001040 : subscribe_to_baseband_ap -- begin
0.001063 : subscribe_to_baseband_ap -- end
0.001082 : subscribe_to_pulsedoppler_float -- begin
0.001107 : subscribe_to_pulsedoppler_float -- end
0.001127 : subscribe_to_noisemap_float -- begin
0.001152 : subscribe_to_noisemap_float -- end
0.017043 : subscribe_to_pulsedoppler_byte -- begin
0.017097 : subscribe_to_pulsedoppler_byte -- end
0.017117 : subscribe_to_noisemap_byte -- begin
0.017142 : subscribe_to_noisemap_byte -- end
0.017156 : subscribe_to_system_status -- begin
0.017178 : subscribe_to_system_status -- end
0.017197 : subscribe_to_resp_status -- begin
0.017231 : subscribe_to_resp_status -- end
0.017245 : subscribe_to_sleep_status -- begin
0.017274 : subscribe_to_sleep_status -- end
0.017290 : subscribe_to_respiration_movinglist -- begin
0.017313 : subscribe_to_respiration_movinglist -- end
0.017328 : subscribe_to_respiration_detectionlist -- begin
0.017348 : subscribe_to_respiration_detectionlist -- end
0.017363 : open -- begin
0.017376 : creating LinuxModuleIo
0.017506 : LinuxModuleIo::open /dev/cu.usbmodem1411 -- begin
0.018537 : LinuxModuleIo::open /dev/cu.usbmodem1411 -- end
0.018594 : open -- end
0.018607 : RadarInterface - base -- end
0.018728 : subscribe_to_radar_settings -- begin
0.018767 : subscribe_to_radar_settings -- end
0.019173 : ping -- begin
0.019209 : sending: 
0.019236 : 8: {0x7d, 0x1, 0xae, 0xea, 0xaa, 0xee, 0x7c, 0x7e, }
0.019271 : sent
0.069261 : 262: {0x7c, 0x7c, 0x7c, 0x7c, 0xfd, 0x0, 0x0, 0x0, 0x0, 0x50, 0xd, 0x0, 0x0, 0x0, 0x5d, 0x1e, 0x0, 0x0, 0x1c, 0x0, ..., 0x40, 0x12, 0xc0}
0.069327 : dispatching packet: 
0.069377 : 253: {0x50, 0xd, 0x0, 0x0, 0x0, 0x5d, 0x1e, 0x0, 0x0, 0x1c, 0x0, 0x0, 0x0, 0x18, 0xb3, 0x52, 0x3d, 0xa1, 0xce, 0x2d, ..., 0x40, 0x12, 0xc0}
0.069540 : 32: {0x7d, 0x50, 0x26, 0xfe, 0x75, 0x23, 0x52, 0x1e, 0x0, 0x0, 0x0, 0x0, 0x0, 0x0, 0x14, 0x0, 0x0, 0x0, 0xcb, 0x31, ..., 0x0, 0x36, 0x7e}
0.069564 : dispatching packet: 
0.069592 : 29: {0x50, 0x26, 0xfe, 0x75, 0x23, 0x52, 0x1e, 0x0, 0x0, 0x0, 0x0, 0x0, 0x0, 0x14, 0x0, 0x0, 0x0, 0xcb, 0x31, 0x28, ..., 0x0, 0x0, 0x0}
0.127922 : 262: {0x7c, 0x7c, 0x7c, 0x7c, 0xfd, 0x0, 0x0, 0x0, 0x0, 0x50, 0xd, 0x0, 0x0, 0x0, 0x5e, 0x1e, 0x0, 0x0, 0x1c, 0x0, ..., 0x48, 0x1b, 0xc0}
0.128558 : dispatching packet: 
0.128635 : 253: {0x50, 0xd, 0x0, 0x0, 0x0, 0x5e, 0x1e, 0x0, 0x0, 0x1c, 0x0, 0x0, 0x0, 0x18, 0xb3, 0x52, 0x3d, 0xa1, 0xce, 0x2d, ..., 0x48, 0x1b, 0xc0}
0.186534 : 262: {0x7c, 0x7c, 0x7c, 0x7c, 0xfd, 0x0, 0x0, 0x0, 0x0, 0x50, 0xd, 0x0, 0x0, 0x0, 0x5f, 0x1e, 0x0, 0x0, 0x1c, 0x0, ..., 0x37, 0x27, 0xc0}
0.186610 : dispatching packet: 
0.186714 : 253: {0x50, 0xd, 0x0, 0x0, 0x0, 0x5f, 0x1e, 0x0, 0x0, 0x1c, 0x0, 0x0, 0x0, 0x18, 0xb3, 0x52, 0x3d, 0xa1, 0xce, 0x2d, ..., 0x37, 0x27, 0xc0}
0.245426 : 32: {0x7d, 0x50, 0x26, 0xfe, 0x75, 0x23, 0x52, 0x1e, 0x0, 0x0, 0x0, 0x0, 0x0, 0x0, 0x14, 0x0, 0x0, 0x0, 0xcb, 0x31, ..., 0x0, 0x2e, 0x7e}
0.245474 : dispatching packet: 
0.245514 : 29: {0x50, 0x26, 0xfe, 0x75, 0x23, 0x52, 0x1e, 0x0, 0x0, 0x0, 0x0, 0x0, 0x0, 0x14, 0x0, 0x0, 0x0, 0xcb, 0x31, 0x28, ..., 0x0, 0x0, 0x0}
0.303861 : 262: {0x7c, 0x7c, 0x7c, 0x7c, 0xfd, 0x0, 0x0, 0x0, 0x0, 0x50, 0xd, 0x0, 0x0, 0x0, 0x61, 0x1e, 0x0, 0x0, 0x1c, 0x0, ..., 0x2a, 0x48, 0x40}
0.304227 : dispatching packet: 
0.304267 : 253: {0x50, 0xd, 0x0, 0x0, 0x0, 0x61, 0x1e, 0x0, 0x0, 0x1c, 0x0, 0x0, 0x0, 0x18, 0xb3, 0x52, 0x3d, 0xa1, 0xce, 0x2d, ..., 0x2a, 0x48, 0x40}
0.364275 : 32: {0x7d, 0x50, 0x26, 0xfe, 0x75, 0x23, 0x52, 0x1e, 0x0, 0x0, 0x0, 0x0, 0x0, 0x0, 0x14, 0x0, 0x0, 0x0, 0xcb, 0x31, ..., 0x0, 0xb8, 0x7e}
0.364315 : dispatching packet: 
0.364344 : 29: {0x50, 0x26, 0xfe, 0x75, 0x23, 0x52, 0x1e, 0x0, 0x0, 0x0, 0x0, 0x0, 0x0, 0x14, 0x0, 0x0, 0x0, 0xcb, 0x31, 0x28, ..., 0x0, 0x0, 0x0}
0.423267 : 136: {0xa5, 0xa4, 0xa3, 0xa3, 0xa5, 0xa7, 0xa8, 0xa9, 0xa9, 0xa9, 0xa8, 0xa7, 0xa7, 0xa8, 0xa8, 0xa7, 0xa6, 0xa5, 0xa4, 0xa4, ..., 0xad, 0xad, 0xac}
0.425324 : 1020: {0x7c, 0x7c, 0x7c, 0x7c, 0x39, 0x2, 0x0, 0x0, 0x0, 0x50, 0x11, 0x0, 0x0, 0x0, 0x63, 0x1e, 0x0, 0x0, 0xa1, 0x0, ..., 0x97, 0x98, 0x9a}
0.425424 : dispatching packet: 
0.425483 : 569: {0x50, 0x11, 0x0, 0x0, 0x0, 0x63, 0x1e, 0x0, 0x0, 0xa1, 0x0, 0x0, 0x0, 0x1, 0x0, 0x0, 0x0, 0x1c, 0x0, 0x0, ..., 0xd0, 0xcf, 0xc9}
0.427850 : 136: {0x98, 0x99, 0x9a, 0x9b, 0x9b, 0x9b, 0x9b, 0x9a, 0x9a, 0x9b, 0x9b, 0x9c, 0x9c, 0x9c, 0x9d, 0x9d, 0x9d, 0x9d, 0x9d, 0x9d, ..., 0xa1, 0xa1, 0xa2}
0.427909 : dispatching packet: 
0.427945 : 569: {0x50, 0x11, 0x0, 0x0, 0x0, 0x63, 0x1e, 0x0, 0x0, 0xa1, 0x0, 0x0, 0x0, 0x1, 0x0, 0x0, 0x0, 0x1c, 0x0, 0x0, ..., 0xa1, 0xa1, 0xa2}
0.430651 : 578: {0x7c, 0x7c, 0x7c, 0x7c, 0x39, 0x2, 0x0, 0x0, 0x0, 0x50, 0x11, 0x0, 0x0, 0x0, 0x63, 0x1e, 0x0, 0x0, 0xa1, 0x0, ..., 0xcf, 0xce, 0xc6}
0.430699 : dispatching packet: 
0.430729 : 569: {0x50, 0x11, 0x0, 0x0, 0x0, 0x63, 0x1e, 0x0, 0x0, 0xa1, 0x0, 0x0, 0x0, 0x3, 0x0, 0x0, 0x0, 0x1c, 0x0, 0x0, ..., 0xcf, 0xce, 0xc6}
0.433513 : 136: {0x91, 0x90, 0x8e, 0x8d, 0x8d, 0x8c, 0x8c, 0x8b, 0x89, 0x84, 0x7c, 0x72, 0x6a, 0x63, 0x72, 0x7f, 0x87, 0x8b, 0x8d, 0x8e, ..., 0x98, 0x95, 0x92}
0.433558 : Error parsing incoming data: CRC error
0.433580 : Error parsing incoming data: lost bytes
0.436399 : 136: {0x81, 0x7b, 0x79, 0x7b, 0x7e, 0x80, 0x82, 0x87, 0x8c, 0x8f, 0x91, 0x91, 0x90, 0x91, 0x94, 0x97, 0x99, 0x9a, 0x9b, 0x9b, ..., 0xa2, 0xa2, 0xa2}
0.436456 : Error parsing incoming data: CRC error
0.439409 : 1020: {0x7c, 0x7c, 0x7c, 0x7c, 0x39, 0x2, 0x0, 0x0, 0x0, 0x50, 0x11, 0x0, 0x0, 0x0, 0x63, 0x1e, 0x0, 0x0, 0xa1, 0x0, ..., 0x8a, 0x87, 0x87}
0.439465 : dispatching packet: 
0.439493 : 569: {0x50, 0x11, 0x0, 0x0, 0x0, 0x63, 0x1e, 0x0, 0x0, 0xa1, 0x0, 0x0, 0x0, 0x6, 0x0, 0x0, 0x0, 0x1c, 0x0, 0x0, ..., 0xf2, 0xf1, 0xea}
0.442431 : 1020: {0x7c, 0x7c, 0x7c, 0x7c, 0x39, 0x2, 0x0, 0x0, 0x0, 0x50, 0x11, 0x0, 0x0, 0x0, 0x63, 0x1e, 0x0, 0x0, 0xa1, 0x0, ..., 0x90, 0x92, 0x95}
0.442476 : dispatching packet: 
0.442531 : 569: {0x50, 0x11, 0x0, 0x0, 0x0, 0x63, 0x1e, 0x0, 0x0, 0xa1, 0x0, 0x0, 0x0, 0x6, 0x0, 0x0, 0x0, 0x1c, 0x0, 0x0, ..., 0xa8, 0xa9, 0xaa}
0.445533 : 136: {0x9a, 0x9b, 0x9a, 0x9b, 0x9c, 0x9e, 0x9f, 0x9f, 0x9f, 0xa0, 0xa0, 0xa1, 0xa1, 0xa2, 0xa2, 0xa2, 0xa2, 0xa3, 0xa4, 0xa4, ..., 0x95, 0x96, 0x96}
0.445630 : dispatching packet: 
0.445666 : 569: {0x50, 0x11, 0x0, 0x0, 0x0, 0x63, 0x1e, 0x0, 0x0, 0xa1, 0x0, 0x0, 0x0, 0x7, 0x0, 0x0, 0x0, 0x1c, 0x0, 0x0, ..., 0x95, 0x96, 0x96}
0.448356 : 578: {0x7c, 0x7c, 0x7c, 0x7c, 0x39, 0x2, 0x0, 0x0, 0x0, 0x50, 0x11, 0x0, 0x0, 0x0, 0x63, 0x1e, 0x0, 0x0, 0xa1, 0x0, ..., 0x7d, 0x7f, 0x82}
0.448449 : dispatching packet: 
0.448479 : 569: {0x50, 0x11, 0x0, 0x0, 0x0, 0x63, 0x1e, 0x0, 0x0, 0xa1, 0x0, 0x0, 0x0, 0x9, 0x0, 0x0, 0x0, 0x1c, 0x0, 0x0, ..., 0x7d, 0x7f, 0x82}
0.451264 : 136: {0x92, 0x91, 0x90, 0x8f, 0x8f, 0x8f, 0x8f, 0x8f, 0x8e, 0x8d, 0x8d, 0x8c, 0x8c, 0x8c, 0x8c, 0x8b, 0x8b, 0x8b, 0x8b, 0x8b, ..., 0x77, 0x74, 0x6e}
0.454207 : 136: {0x83, 0x81, 0x7e, 0x7b, 0x7a, 0x7a, 0x7b, 0x7a, 0x7a, 0x7a, 0x7b, 0x7d, 0x7f, 0x80, 0x80, 0x81, 0x83, 0x84, 0x85, 0x86, ..., 0x79, 0x79, 0x79}
0.454295 : Error parsing incoming data: CRC error
0.454316 : Error parsing incoming data: lost bytes
0.454331 : Error parsing incoming data: CRC error
0.454345 : Error parsing incoming data: lost bytes
0.454358 : Error parsing incoming data: incomplete packer
0.457105 : 1020: {0x7c, 0x7c, 0x7c, 0x7c, 0x39, 0x2, 0x0, 0x0, 0x0, 0x50, 0x11, 0x0, 0x0, 0x0, 0x63, 0x1e, 0x0, 0x0, 0xa1, 0x0, ..., 0x73, 0x72, 0x74}
0.457238 : dispatching packet: 
0.457589 : 569: {0x50, 0x11, 0x0, 0x0, 0x0, 0x63, 0x1e, 0x0, 0x0, 0xa1, 0x0, 0x0, 0x0, 0xc, 0x0, 0x0, 0x0, 0x1c, 0x0, 0x0, ..., 0xb1, 0xb0, 0xa8}
0.460057 : 1020: {0x7c, 0x7c, 0x7c, 0x7c, 0x39, 0x2, 0x0, 0x0, 0x0, 0x50, 0x11, 0x0, 0x0, 0x0, 0x63, 0x1e, 0x0, 0x0, 0xa1, 0x0, ..., 0x6e, 0x6c, 0x73}
0.460100 : dispatching packet: 
0.460122 : 569: {0x50, 0x11, 0x0, 0x0, 0x0, 0x63, 0x1e, 0x0, 0x0, 0xa1, 0x0, 0x0, 0x0, 0xc, 0x0, 0x0, 0x0, 0x1c, 0x0, 0x0, ..., 0x83, 0x82, 0x82}
0.460148 : Error parsing incoming data: lost bytes
0.460163 : Error parsing incoming data: lost bytes
0.460176 : Error parsing incoming data: CRC error
0.460188 : Error parsing incoming data: CRC error
0.460197 : Error parsing incoming data: lost bytes
0.460214 : Error parsing incoming data: incomplete packer
0.460240 : dispatching packet: 
0.460296 : 20: {0x81, 0x83, 0x84, 0x84, 0x84, 0x82, 0x81, 0x80, 0x81, 0x83, 0x84, 0x85, 0x85, 0x85, 0x85, 0x84, 0x84, 0x83, 0x82, 0x81, }
0.460316 : Error parsing incoming data: CRC error
0.460329 : do_dispatch_packet, 84 -- we did not find a handler for this package
0.460372 : Error parsing incoming data: lost bytes
0.460414 : 20: {0x81, 0x83, 0x84, 0x84, 0x84, 0x82, 0x81, 0x80, 0x81, 0x83, 0x84, 0x85, 0x85, 0x85, 0x85, 0x84, 0x84, 0x83, 0x82, 0x81, }
0.460439 : Error parsing incoming data: CRC error
0.460469 : Error parsing incoming data: incomplete packer
0.460486 : Error parsing incoming data: lost bytes
0.460502 : Error parsing incoming data: incomplete packer
0.462973 : 1020: {0x7c, 0x7c, 0x7c, 0x7c, 0x39, 0x2, 0x0, 0x0, 0x0, 0x50, 0x11, 0x0, 0x0, 0x0, 0x63, 0x1e, 0x0, 0x0, 0xa1, 0x0, ..., 0x70, 0x6f, 0x73}
0.463042 : dispatching packet: 
0.463108 : 569: {0x50, 0x11, 0x0, 0x0, 0x0, 0x63, 0x1e, 0x0, 0x0, 0xa1, 0x0, 0x0, 0x0, 0xd, 0x0, 0x0, 0x0, 0x1c, 0x0, 0x0, ..., 0x81, 0x82, 0x83}
0.463154 : Error parsing incoming data: lost bytes
0.463185 : Error parsing incoming data: lost bytes
0.463198 : Error parsing incoming data: CRC error
0.463207 : Error parsing incoming data: CRC error
0.463216 : Error parsing incoming data: CRC error
0.463224 : Error parsing incoming data: lost bytes
0.463233 : Error parsing incoming data: CRC error
0.463242 : Error parsing incoming data: lost bytes
0.463251 : Error parsing incoming data: CRC error
0.463260 : Error parsing incoming data: lost bytes
0.463269 : Error parsing incoming data: CRC error
0.463279 : Error parsing incoming data: CRC error
0.463308 : Error parsing incoming data: CRC error
0.463340 : Error parsing incoming data: lost bytes
0.463351 : Error parsing incoming data: lost bytes
0.463359 : Error parsing incoming data: CRC error
0.463368 : Error parsing incoming data: lost bytes
0.463431 : Error parsing incoming data: CRC error
0.463449 : Error parsing incoming data: CRC error
0.463479 : Error parsing incoming data: incomplete packer
0.463490 : Error parsing incoming data: incomplete packer
0.463499 : Error parsing incoming data: incomplete packer
0.463508 : Error parsing incoming data: CRC error
0.463517 : Error parsing incoming data: CRC error
0.463526 : Error parsing incoming data: incomplete packer
0.463535 : Error parsing incoming data: lost bytes
0.465627 : 1020: {0x7c, 0x7c, 0x7c, 0x7c, 0x39, 0x2, 0x0, 0x0, 0x0, 0x50, 0x11, 0x0, 0x0, 0x0, 0x63, 0x1e, 0x0, 0x0, 0xa1, 0x0, ..., 0x6e, 0x6b, 0x64}
0.465690 : dispatching packet: 
0.465726 : 569: {0x50, 0x11, 0x0, 0x0, 0x0, 0x63, 0x1e, 0x0, 0x0, 0xa1, 0x0, 0x0, 0x0, 0xe, 0x0, 0x0, 0x0, 0x1c, 0x0, 0x0, ..., 0x7a, 0x7d, 0x7f}
0.465785 : Error parsing incoming data: lost bytes
0.465832 : Error parsing incoming data: lost bytes
0.465853 : Error parsing incoming data: CRC error
0.465868 : Error parsing incoming data: lost bytes
0.465877 : Error parsing incoming data: CRC error
0.465886 : Error parsing incoming data: CRC error
0.465895 : Error parsing incoming data: lost bytes
0.465915 : Error parsing incoming data: CRC error
0.465956 : Error parsing incoming data: lost bytes
0.466001 : Error parsing incoming data: lost bytes
0.466022 : Error parsing incoming data: lost bytes
0.466057 : Error parsing incoming data: lost bytes
0.466074 : Error parsing incoming data: lost bytes
0.466089 : Error parsing incoming data: CRC error
0.466104 : Error parsing incoming data: incomplete packer
0.466119 : Error parsing incoming data: lost bytes
0.466135 : Error parsing incoming data: CRC error
0.466165 : Error parsing incoming data: lost bytes
0.466220 : Error parsing incoming data: CRC error
0.466254 : Error parsing incoming data: CRC error
0.466271 : Error parsing incoming data: CRC error
0.466285 : Error parsing incoming data: CRC error
0.468569 : 136: {0x7d, 0x79, 0x76, 0x74, 0x76, 0x7a, 0x7d, 0x7f, 0x80, 0x80, 0x80, 0x81, 0x82, 0x81, 0x7e, 0x78, 0x72, 0x72, 0x75, 0x76, ..., 0x77, 0x7a, 0x77}
0.468623 : dispatching packet: 
0.468725 : 569: {0x50, 0x11, 0x0, 0x0, 0x0, 0x63, 0x1e, 0x0, 0x0, 0xa1, 0x0, 0x0, 0x0, 0xf, 0x0, 0x0, 0x0, 0x1c, 0x0, 0x0, ..., 0x77, 0x7a, 0x77}
0.471390 : 136: {0x8f, 0x8e, 0x8d, 0x8d, 0x8e, 0x8f, 0x90, 0x90, 0x90, 0x8f, 0x8e, 0x8f, 0x90, 0x90, 0x90, 0x8f, 0x8d, 0x8c, 0x8a, 0x89, ..., 0x85, 0x84, 0x81}
0.471456 : Error parsing incoming data: lost bytes
0.471475 : Error parsing incoming data: CRC error
0.471490 : Error parsing incoming data: lost bytes
0.471502 : Error parsing incoming data: CRC error
0.471518 : Error parsing incoming data: incomplete packer
0.471532 : Error parsing incoming data: lost bytes
0.471546 : Error parsing incoming data: lost bytes
0.474386 : 136: {0x9d, 0x9c, 0x9b, 0x9b, 0x9c, 0x9c, 0x9d, 0x9d, 0x9c, 0x9b, 0x9b, 0x9b, 0x9b, 0x9c, 0x9d, 0x9d, 0x9c, 0x9b, 0x99, 0x97, ..., 0x8c, 0x8b, 0x8b}
0.474469 : Error parsing incoming data: CRC error
0.474567 : Error parsing incoming data: CRC error
0.474599 : Error parsing incoming data: lost bytes
0.474613 : Error parsing incoming data: lost bytes
0.477088 : 136: {0xa4, 0xa3, 0xa2, 0xa2, 0xa2, 0xa2, 0xa2, 0xa2, 0xa2, 0xa1, 0xa1, 0xa0, 0xa1, 0xa1, 0xa2, 0xa2, 0xa2, 0xa1, 0x9f, 0x9d, ..., 0x91, 0x92, 0x93}
0.477163 : Error parsing incoming data: lost bytes
0.477184 : Error parsing incoming data: CRC error
0.477199 : Error parsing incoming data: CRC error
0.480236 : 1020: {0x7c, 0x7c, 0x7c, 0x7c, 0x39, 0x2, 0x0, 0x0, 0x0, 0x50, 0x11, 0x0, 0x0, 0x0, 0x63, 0x1e, 0x0, 0x0, 0xa1, 0x0, ..., 0xa6, 0xa6, 0xa6}
0.480317 : dispatching packet: 
0.480352 : 569: {0x50, 0x11, 0x0, 0x0, 0x0, 0x63, 0x1e, 0x0, 0x0, 0xa1, 0x0, 0x0, 0x0, 0x14, 0x0, 0x0, 0x0, 0x1c, 0x0, 0x0, ..., 0xbb, 0xb5, 0xb3}
0.483080 : 1020: {0x7c, 0x7c, 0x7c, 0x7c, 0x39, 0x2, 0x0, 0x0, 0x0, 0x50, 0x11, 0x0, 0x0, 0x0, 0x63, 0x1e, 0x0, 0x0, 0xa1, 0x0, ..., 0xa2, 0xa2, 0xa1}
0.483141 : dispatching packet: 
0.483172 : 569: {0x50, 0x11, 0x0, 0x0, 0x0, 0x63, 0x1e, 0x0, 0x0, 0xa1, 0x0, 0x0, 0x0, 0x14, 0x0, 0x0, 0x0, 0x1c, 0x0, 0x0, ..., 0xa1, 0xa2, 0xa3}
0.483235 : Error parsing incoming data: CRC error
0.485775 : 136: {0x9e, 0x9e, 0x9e, 0x9e, 0x9e, 0x9c, 0x9a, 0x99, 0x98, 0x97, 0x97, 0x99, 0x9a, 0x9b, 0x9b, 0x9b, 0x99, 0x96, 0x93, 0x91, ..., 0x89, 0x8d, 0x92}
0.485820 : dispatching packet: 
0.485884 : 569: {0x50, 0x11, 0x0, 0x0, 0x0, 0x63, 0x1e, 0x0, 0x0, 0xa1, 0x0, 0x0, 0x0, 0x15, 0x0, 0x0, 0x0, 0x1c, 0x0, 0x0, ..., 0x89, 0x8d, 0x92}
0.488599 : 136: {0x9d, 0x9d, 0x9e, 0x9e, 0x9e, 0x9c, 0x9a, 0x98, 0x97, 0x97, 0x97, 0x97, 0x98, 0x9a, 0x9b, 0x9b, 0x9a, 0x98, 0x95, 0x91, ..., 0x94, 0x95, 0x97}
0.488651 : Error parsing incoming data: lost bytes
0.488675 : Error parsing incoming data: CRC error
0.491340 : 136: {0x98, 0x9a, 0x9c, 0x9e, 0x9e, 0x9b, 0x97, 0x92, 0x8f, 0x8d, 0x8d, 0x8e, 0x92, 0x96, 0x99, 0x9a, 0x99, 0x97, 0x92, 0x8c, ..., 0x9a, 0x99, 0x99}
0.491388 : Error parsing incoming data: CRC error
0.494100 : 1020: {0x7c, 0x7c, 0x7c, 0x7c, 0x39, 0x2, 0x0, 0x0, 0x0, 0x50, 0x11, 0x0, 0x0, 0x0, 0x63, 0x1e, 0x0, 0x0, 0xa1, 0x0, ..., 0x8b, 0x8d, 0x8d}
0.494165 : dispatching packet: 
0.494192 : 569: {0x50, 0x11, 0x0, 0x0, 0x0, 0x63, 0x1e, 0x0, 0x0, 0xa1, 0x0, 0x0, 0x0, 0x19, 0x0, 0x0, 0x0, 0x1c, 0x0, 0x0, ..., 0xbe, 0xbc, 0xb5}
0.496944 : 1020: {0x7c, 0x7c, 0x7c, 0x7c, 0x39, 0x2, 0x0, 0x0, 0x0, 0x50, 0x11, 0x0, 0x0, 0x0, 0x63, 0x1e, 0x0, 0x0, 0xa1, 0x0, ..., 0x6e, 0x7d, 0x86}
0.499355 : dispatching packet: 
0.499413 : 569: {0x50, 0x11, 0x0, 0x0, 0x0, 0x63, 0x1e, 0x0, 0x0, 0xa1, 0x0, 0x0, 0x0, 0x19, 0x0, 0x0, 0x0, 0x1c, 0x0, 0x0, ..., 0x90, 0x8e, 0x8d}
0.499478 : Error parsing incoming data: CRC error
0.499597 : Error parsing incoming data: CRC error
0.499613 : Error parsing incoming data: CRC error
0.500275 : 36: {0x7d, 0x50, 0x6c, 0xa1, 0x75, 0x23, 0x63, 0x1e, 0x0, 0x0, 0x0, 0x0, 0x0, 0x0, 0x33, 0x34, 0x9e, 0x41, 0x92, 0xf4, ..., 0x41, 0x2, 0x7e}
0.500975 : 32: {0x7d, 0x50, 0x26, 0xfe, 0x75, 0x23, 0x63, 0x1e, 0x0, 0x0, 0x0, 0x0, 0x0, 0x0, 0x14, 0x0, 0x0, 0x0, 0x92, 0xf4, ..., 0x0, 0x5e, 0x7e}
0.538482 : 262: {0x7c, 0x7c, 0x7c, 0x7c, 0xfd, 0x0, 0x0, 0x0, 0x0, 0x50, 0xd, 0x0, 0x0, 0x0, 0x65, 0x1e, 0x0, 0x0, 0x1c, 0x0, ..., 0xcb, 0x2, 0x40}
0.538571 : dispatching packet: 
0.538681 : 569: {0x50, 0x11, 0x0, 0x0, 0x0, 0x63, 0x1e, 0x0, 0x0, 0xa1, 0x0, 0x0, 0x0, 0x1a, 0x0, 0x0, 0x0, 0x1c, 0x0, 0x0, ..., 0x38, 0xb6, 0x79}
0.597087 : 262: {0x7c, 0x7c, 0x7c, 0x7c, 0xfd, 0x0, 0x0, 0x0, 0x0, 0x50, 0xd, 0x0, 0x0, 0x0, 0x66, 0x1e, 0x0, 0x0, 0x1c, 0x0, ..., 0xbf, 0xeb, 0x3f}
0.597147 : dispatching packet: 
0.597185 : 253: {0x50, 0xd, 0x0, 0x0, 0x0, 0x66, 0x1e, 0x0, 0x0, 0x1c, 0x0, 0x0, 0x0, 0x18, 0xb3, 0x52, 0x3d, 0xa1, 0xce, 0x2d, ..., 0xbf, 0xeb, 0x3f}
0.655919 : 32: {0x7d, 0x50, 0x26, 0xfe, 0x75, 0x23, 0x63, 0x1e, 0x0, 0x0, 0x0, 0x0, 0x0, 0x0, 0x14, 0x0, 0x0, 0x0, 0x92, 0xf4, ..., 0x0, 0xa7, 0x7e}
0.656318 : dispatching packet: 
0.656428 : 29: {0x50, 0x26, 0xfe, 0x75, 0x23, 0x63, 0x1e, 0x0, 0x0, 0x0, 0x0, 0x0, 0x0, 0x14, 0x0, 0x0, 0x0, 0x92, 0xf4, 0x27, ..., 0x0, 0x0, 0x0}
0.714304 : 262: {0x7c, 0x7c, 0x7c, 0x7c, 0xfd, 0x0, 0x0, 0x0, 0x0, 0x50, 0xd, 0x0, 0x0, 0x0, 0x68, 0x1e, 0x0, 0x0, 0x1c, 0x0, ..., 0x5a, 0xaf, 0x3e}
0.714395 : dispatching packet: 
0.714455 : 253: {0x50, 0xd, 0x0, 0x0, 0x0, 0x68, 0x1e, 0x0, 0x0, 0x1c, 0x0, 0x0, 0x0, 0x18, 0xb3, 0x52, 0x3d, 0xa1, 0xce, 0x2d, ..., 0x5a, 0xaf, 0x3e}
0.772982 : 262: {0x7c, 0x7c, 0x7c, 0x7c, 0xfd, 0x0, 0x0, 0x0, 0x0, 0x50, 0xd, 0x0, 0x0, 0x0, 0x69, 0x1e, 0x0, 0x0, 0x1c, 0x0, ..., 0x14, 0xb9, 0xbe}
0.773066 : dispatching packet: 
0.773161 : 253: {0x50, 0xd, 0x0, 0x0, 0x0, 0x69, 0x1e, 0x0, 0x0, 0x1c, 0x0, 0x0, 0x0, 0x18, 0xb3, 0x52, 0x3d, 0xa1, 0xce, 0x2d, ..., 0x14, 0xb9, 0xbe}
0.833347 : 32: {0x7d, 0x50, 0x26, 0xfe, 0x75, 0x23, 0x63, 0x1e, 0x0, 0x0, 0x0, 0x0, 0x0, 0x0, 0x14, 0x0, 0x0, 0x0, 0x92, 0xf4, ..., 0x0, 0x31, 0x7e}
0.833403 : dispatching packet: 
0.833439 : 29: {0x50, 0x26, 0xfe, 0x75, 0x23, 0x63, 0x1e, 0x0, 0x0, 0x0, 0x0, 0x0, 0x0, 0x14, 0x0, 0x0, 0x0, 0x92, 0xf4, 0x27, ..., 0x0, 0x0, 0x0}
0.948976 : 262: {0x7c, 0x7c, 0x7c, 0x7c, 0xfd, 0x0, 0x0, 0x0, 0x0, 0x50, 0xd, 0x0, 0x0, 0x0, 0x6c, 0x1e, 0x0, 0x0, 0x1c, 0x0, ..., 0xdc, 0x49, 0xbe}
0.949066 : dispatching packet: 
0.949112 : 253: {0x50, 0xd, 0x0, 0x0, 0x0, 0x6c, 0x1e, 0x0, 0x0, 0x1c, 0x0, 0x0, 0x0, 0x18, 0xb3, 0x52, 0x3d, 0xa1, 0xce, 0x2d, ..., 0xdc, 0x49, 0xbe}
0.949393 : 260: {0x7c, 0x7c, 0x7c, 0x7c, 0x79, 0x0, 0x0, 0x0, 0x0, 0x50, 0x11, 0x0, 0x0, 0x0, 0x6c, 0x1e, 0x0, 0x0, 0xaf, 0x0, ..., 0x97, 0x98, 0x96}
0.949430 : dispatching packet: 
0.949458 : 121: {0x50, 0x11, 0x0, 0x0, 0x0, 0x6c, 0x1e, 0x0, 0x0, 0xaf, 0x0, 0x0, 0x0, 0x0, 0x0, 0x0, 0x0, 0x1c, 0x0, 0x0, ..., 0xbd, 0xb9, 0xcb}
0.949486 : dispatching packet: 
0.949524 : 121: {0x50, 0x11, 0x0, 0x0, 0x0, 0x6c, 0x1e, 0x0, 0x0, 0xaf, 0x0, 0x0, 0x0, 0x0, 0x0, 0x0, 0x0, 0x1c, 0x0, 0x0, ..., 0x97, 0x98, 0x96}
0.950448 : 130: {0x7c, 0x7c, 0x7c, 0x7c, 0x79, 0x0, 0x0, 0x0, 0x0, 0x50, 0x11, 0x0, 0x0, 0x0, 0x6c, 0x1e, 0x0, 0x0, 0xaf, 0x0, ..., 0x9f, 0xa5, 0xa8}
0.950572 : dispatching packet: 
0.950616 : 121: {0x50, 0x11, 0x0, 0x0, 0x0, 0x6c, 0x1e, 0x0, 0x0, 0xaf, 0x0, 0x0, 0x0, 0x2, 0x0, 0x0, 0x0, 0x1c, 0x0, 0x0, ..., 0x9f, 0xa5, 0xa8}
0.951149 : 130: {0x7c, 0x7c, 0x7c, 0x7c, 0x79, 0x0, 0x0, 0x0, 0x0, 0x50, 0x11, 0x0, 0x0, 0x0, 0x6c, 0x1e, 0x0, 0x0, 0xaf, 0x0, ..., 0xb1, 0xab, 0x97}
0.953923 : dispatching packet: 
0.953964 : 121: {0x50, 0x11, 0x0, 0x0, 0x0, 0x6c, 0x1e, 0x0, 0x0, 0xaf, 0x0, 0x0, 0x0, 0x3, 0x0, 0x0, 0x0, 0x1c, 0x0, 0x0, ..., 0xb1, 0xab, 0x97}
0.954159 : 130: {0x7c, 0x7c, 0x7c, 0x7c, 0x79, 0x0, 0x0, 0x0, 0x0, 0x50, 0x11, 0x0, 0x0, 0x0, 0x6c, 0x1e, 0x0, 0x0, 0xaf, 0x0, ..., 0x90, 0x90, 0x93}
0.954180 : dispatching packet: 
0.954197 : 121: {0x50, 0x11, 0x0, 0x0, 0x0, 0x6c, 0x1e, 0x0, 0x0, 0xaf, 0x0, 0x0, 0x0, 0x7, 0x0, 0x0, 0x0, 0x1c, 0x0, 0x0, ..., 0x90, 0x90, 0x93}
0.955709 : 130: {0x7c, 0x7c, 0x7c, 0x7c, 0x79, 0x0, 0x0, 0x0, 0x0, 0x50, 0x11, 0x0, 0x0, 0x0, 0x6c, 0x1e, 0x0, 0x0, 0xaf, 0x0, ..., 0x71, 0x63, 0x75}
0.955763 : dispatching packet: 
0.955803 : 121: {0x50, 0x11, 0x0, 0x0, 0x0, 0x6c, 0x1e, 0x0, 0x0, 0xaf, 0x0, 0x0, 0x0, 0x9, 0x0, 0x0, 0x0, 0x1c, 0x0, 0x0, ..., 0x71, 0x63, 0x75}
0.957245 : 130: {0x7c, 0x7c, 0x7c, 0x7c, 0x79, 0x0, 0x0, 0x0, 0x0, 0x50, 0x11, 0x0, 0x0, 0x0, 0x6c, 0x1e, 0x0, 0x0, 0xaf, 0x0, ..., 0xc4, 0xbd, 0xa8}
0.959100 : dispatching packet: 
0.959139 : 121: {0x50, 0x11, 0x0, 0x0, 0x0, 0x6c, 0x1e, 0x0, 0x0, 0xaf, 0x0, 0x0, 0x0, 0xb, 0x0, 0x0, 0x0, 0x1c, 0x0, 0x0, ..., 0xc4, 0xbd, 0xa8}
0.959393 : 130: {0x7c, 0x7c, 0x7c, 0x7c, 0x79, 0x0, 0x0, 0x0, 0x0, 0x50, 0x11, 0x0, 0x0, 0x0, 0x6c, 0x1e, 0x0, 0x0, 0xaf, 0x0, ..., 0xa4, 0xa0, 0x95}
0.959441 : dispatching packet: 
0.959471 : 121: {0x50, 0x11, 0x0, 0x0, 0x0, 0x6c, 0x1e, 0x0, 0x0, 0xaf, 0x0, 0x0, 0x0, 0xe, 0x0, 0x0, 0x0, 0x1c, 0x0, 0x0, ..., 0xa4, 0xa0, 0x95}
0.960203 : 130: {0x7c, 0x7c, 0x7c, 0x7c, 0x79, 0x0, 0x0, 0x0, 0x0, 0x50, 0x11, 0x0, 0x0, 0x0, 0x6c, 0x1e, 0x0, 0x0, 0xaf, 0x0, ..., 0x6b, 0x6f, 0x68}
0.960237 : dispatching packet: 
0.960276 : 121: {0x50, 0x11, 0x0, 0x0, 0x0, 0x6c, 0x1e, 0x0, 0x0, 0xaf, 0x0, 0x0, 0x0, 0xf, 0x0, 0x0, 0x0, 0x1c, 0x0, 0x0, ..., 0x6b, 0x6f, 0x68}
0.960992 : 260: {0x7c, 0x7c, 0x7c, 0x7c, 0x79, 0x0, 0x0, 0x0, 0x0, 0x50, 0x11, 0x0, 0x0, 0x0, 0x6c, 0x1e, 0x0, 0x0, 0xaf, 0x0, ..., 0x6c, 0x76, 0x78}
0.961026 : dispatching packet: 
0.961047 : 121: {0x50, 0x11, 0x0, 0x0, 0x0, 0x6c, 0x1e, 0x0, 0x0, 0xaf, 0x0, 0x0, 0x0, 0x10, 0x0, 0x0, 0x0, 0x1c, 0x0, 0x0, ..., 0x8b, 0xb2, 0xba}
0.961068 : dispatching packet: 
0.961114 : 121: {0x50, 0x11, 0x0, 0x0, 0x0, 0x6c, 0x1e, 0x0, 0x0, 0xaf, 0x0, 0x0, 0x0, 0x10, 0x0, 0x0, 0x0, 0x1c, 0x0, 0x0, ..., 0x6c, 0x76, 0x78}
0.963188 : 260: {0x7c, 0x7c, 0x7c, 0x7c, 0x79, 0x0, 0x0, 0x0, 0x0, 0x50, 0x11, 0x0, 0x0, 0x0, 0x6c, 0x1e, 0x0, 0x0, 0xaf, 0x0, ..., 0x7c, 0x75, 0x72}
0.963255 : dispatching packet: 
0.963296 : 121: {0x50, 0x11, 0x0, 0x0, 0x0, 0x6c, 0x1e, 0x0, 0x0, 0xaf, 0x0, 0x0, 0x0, 0x13, 0x0, 0x0, 0x0, 0x1c, 0x0, 0x0, ..., 0xca, 0xca, 0xc0}
0.963326 : dispatching packet: 
0.963351 : 121: {0x50, 0x11, 0x0, 0x0, 0x0, 0x6c, 0x1e, 0x0, 0x0, 0xaf, 0x0, 0x0, 0x0, 0x13, 0x0, 0x0, 0x0, 0x1c, 0x0, 0x0, ..., 0x7c, 0x75, 0x72}
0.963931 : 260: {0x7c, 0x7c, 0x7c, 0x7c, 0x79, 0x0, 0x0, 0x0, 0x0, 0x50, 0x11, 0x0, 0x0, 0x0, 0x6c, 0x1e, 0x0, 0x0, 0xaf, 0x0, ..., 0x7d, 0x78, 0x7b}
0.963956 : dispatching packet: 
0.963978 : 121: {0x50, 0x11, 0x0, 0x0, 0x0, 0x6c, 0x1e, 0x0, 0x0, 0xaf, 0x0, 0x0, 0x0, 0x14, 0x0, 0x0, 0x0, 0x1c, 0x0, 0x0, ..., 0xc8, 0xcc, 0xc2}
0.963997 : dispatching packet: 
0.964022 : 121: {0x50, 0x11, 0x0, 0x0, 0x0, 0x6c, 0x1e, 0x0, 0x0, 0xaf, 0x0, 0x0, 0x0, 0x14, 0x0, 0x0, 0x0, 0x1c, 0x0, 0x0, ..., 0x7d, 0x78, 0x7b}
0.964657 : 260: {0x7c, 0x7c, 0x7c, 0x7c, 0x79, 0x0, 0x0, 0x0, 0x0, 0x50, 0x11, 0x0, 0x0, 0x0, 0x6c, 0x1e, 0x0, 0x0, 0xaf, 0x0, ..., 0x76, 0x76, 0x83}
0.964682 : dispatching packet: 
0.964705 : 121: {0x50, 0x11, 0x0, 0x0, 0x0, 0x6c, 0x1e, 0x0, 0x0, 0xaf, 0x0, 0x0, 0x0, 0x15, 0x0, 0x0, 0x0, 0x1c, 0x0, 0x0, ..., 0xc1, 0xc5, 0xbe}
0.964729 : dispatching packet: 
0.964759 : 121: {0x50, 0x11, 0x0, 0x0, 0x0, 0x6c, 0x1e, 0x0, 0x0, 0xaf, 0x0, 0x0, 0x0, 0x15, 0x0, 0x0, 0x0, 0x1c, 0x0, 0x0, ..., 0x76, 0x76, 0x83}
0.965402 : 130: {0x7c, 0x7c, 0x7c, 0x7c, 0x79, 0x0, 0x0, 0x0, 0x0, 0x50, 0x11, 0x0, 0x0, 0x0, 0x6c, 0x1e, 0x0, 0x0, 0xaf, 0x0, ..., 0x79, 0x69, 0x82}
0.965440 : dispatching packet: 
0.965488 : 121: {0x50, 0x11, 0x0, 0x0, 0x0, 0x6c, 0x1e, 0x0, 0x0, 0xaf, 0x0, 0x0, 0x0, 0x16, 0x0, 0x0, 0x0, 0x1c, 0x0, 0x0, ..., 0x79, 0x69, 0x82}
0.966877 : 130: {0x7c, 0x7c, 0x7c, 0x7c, 0x79, 0x0, 0x0, 0x0, 0x0, 0x50, 0x11, 0x0, 0x0, 0x0, 0x6c, 0x1e, 0x0, 0x0, 0xaf, 0x0, ..., 0xc8, 0xbe, 0xc0}
0.966944 : dispatching packet: 
0.966993 : 121: {0x50, 0x11, 0x0, 0x0, 0x0, 0x6c, 0x1e, 0x0, 0x0, 0xaf, 0x0, 0x0, 0x0, 0x18, 0x0, 0x0, 0x0, 0x1c, 0x0, 0x0, ..., 0xc8, 0xbe, 0xc0}
0.967600 : 260: {0x7c, 0x7c, 0x7c, 0x7c, 0x79, 0x0, 0x0, 0x0, 0x0, 0x50, 0x11, 0x0, 0x0, 0x0, 0x6c, 0x1e, 0x0, 0x0, 0xaf, 0x0, ..., 0x86, 0x8b, 0x8f}
0.967624 : dispatching packet: 
0.967647 : 121: {0x50, 0x11, 0x0, 0x0, 0x0, 0x6c, 0x1e, 0x0, 0x0, 0xaf, 0x0, 0x0, 0x0, 0x19, 0x0, 0x0, 0x0, 0x1c, 0x0, 0x0, ..., 0xc8, 0xc3, 0xba}
0.967671 : dispatching packet: 
0.967702 : 121: {0x50, 0x11, 0x0, 0x0, 0x0, 0x6c, 0x1e, 0x0, 0x0, 0xaf, 0x0, 0x0, 0x0, 0x19, 0x0, 0x0, 0x0, 0x1c, 0x0, 0x0, ..., 0x86, 0x8b, 0x8f}
0.969039 : 260: {0x7c, 0x7c, 0x7c, 0x7c, 0x79, 0x0, 0x0, 0x0, 0x0, 0x50, 0x11, 0x0, 0x0, 0x0, 0x6c, 0x1e, 0x0, 0x0, 0xaf, 0x0, ..., 0x75, 0x84, 0x88}
0.969064 : dispatching packet: 
0.969100 : 121: {0x50, 0x11, 0x0, 0x0, 0x0, 0x6c, 0x1e, 0x0, 0x0, 0xaf, 0x0, 0x0, 0x0, 0x1b, 0x0, 0x0, 0x0, 0x1c, 0x0, 0x0, ..., 0xbe, 0xbf, 0xb0}
0.969128 : dispatching packet: 
0.969164 : 121: {0x50, 0x11, 0x0, 0x0, 0x0, 0x6c, 0x1e, 0x0, 0x0, 0xaf, 0x0, 0x0, 0x0, 0x1b, 0x0, 0x0, 0x0, 0x1c, 0x0, 0x0, ..., 0x75, 0x84, 0x88}
0.969565 : 229: {0x7d, 0x50, 0x0, 0x3b, 0xa, 0x61, 0x6c, 0x1e, 0x0, 0x0, 0x1a, 0x0, 0x0, 0x0, 0x25, 0x0, 0x33, 0x42, 0x9f, 0x93, ..., 0x41, 0x1b, 0x7e}
0.969597 : dispatching packet: 
0.969682 : 221: {0x50, 0x0, 0x3b, 0xa, 0x61, 0x6c, 0x1e, 0x0, 0x0, 0x1a, 0x0, 0x0, 0x0, 0x25, 0x0, 0x33, 0x42, 0x9f, 0x93, 0xe9, ..., 0x92, 0x64, 0x41}
0.969955 : 32: {0x7d, 0x50, 0x26, 0xfe, 0x75, 0x23, 0x63, 0x1e, 0x0, 0x0, 0x0, 0x0, 0x0, 0x0, 0x14, 0x0, 0x0, 0x0, 0x92, 0xf4, ..., 0x0, 0x7a, 0x7e}
0.970008 : dispatching packet: 
0.970132 : 29: {0x50, 0x26, 0xfe, 0x75, 0x23, 0x63, 0x1e, 0x0, 0x0, 0x0, 0x0, 0x0, 0x0, 0x14, 0x0, 0x0, 0x0, 0x92, 0xf4, 0x27, ..., 0x0, 0x0, 0x0}
1.007733 : 32: {0x7d, 0x50, 0x26, 0xfe, 0x75, 0x23, 0x63, 0x1e, 0x0, 0x0, 0x0, 0x0, 0x0, 0x0, 0x14, 0x0, 0x0, 0x0, 0x92, 0xf4, ..., 0x0, 0x84, 0x7e}
1.007794 : dispatching packet: 
1.007837 : 29: {0x50, 0x26, 0xfe, 0x75, 0x23, 0x63, 0x1e, 0x0, 0x0, 0x0, 0x0, 0x0, 0x0, 0x14, 0x0, 0x0, 0x0, 0x92, 0xf4, 0x27, ..., 0x0, 0x0, 0x0}
1.068057 : 32: {0x7d, 0x50, 0x26, 0xfe, 0x75, 0x23, 0x63, 0x1e, 0x0, 0x0, 0x0, 0x0, 0x0, 0x0, 0x14, 0x0, 0x0, 0x0, 0x92, 0xf4, ..., 0x0, 0x8a, 0x7e}
1.068124 : dispatching packet: 
1.068157 : 29: {0x50, 0x26, 0xfe, 0x75, 0x23, 0x63, 0x1e, 0x0, 0x0, 0x0, 0x0, 0x0, 0x0, 0x14, 0x0, 0x0, 0x0, 0x92, 0xf4, 0x27, ..., 0x0, 0x0, 0x0}
1.125053 : 32: {0x7d, 0x50, 0x26, 0xfe, 0x75, 0x23, 0x63, 0x1e, 0x0, 0x0, 0x0, 0x0, 0x0, 0x0, 0x14, 0x0, 0x0, 0x0, 0x92, 0xf4, ..., 0x0, 0xe1, 0x7e}
1.125127 : dispatching packet: 
1.125182 : 29: {0x50, 0x26, 0xfe, 0x75, 0x23, 0x63, 0x1e, 0x0, 0x0, 0x0, 0x0, 0x0, 0x0, 0x14, 0x0, 0x0, 0x0, 0x92, 0xf4, 0x27, ..., 0x0, 0x0, 0x0}
1.183612 : 32: {0x7d, 0x50, 0x26, 0xfe, 0x75, 0x23, 0x63, 0x1e, 0x0, 0x0, 0x0, 0x0, 0x0, 0x0, 0x14, 0x0, 0x0, 0x0, 0x92, 0xf4, ..., 0x0, 0xe, 0x7e}
1.183671 : dispatching packet: 
1.183709 : 29: {0x50, 0x26, 0xfe, 0x75, 0x23, 0x63, 0x1e, 0x0, 0x0, 0x0, 0x0, 0x0, 0x0, 0x14, 0x0, 0x0, 0x0, 0x92, 0xf4, 0x27, ..., 0x0, 0x0, 0x0}
1.300742 : 262: {0x7c, 0x7c, 0x7c, 0x7c, 0xfd, 0x0, 0x0, 0x0, 0x0, 0x50, 0xd, 0x0, 0x0, 0x0, 0x72, 0x1e, 0x0, 0x0, 0x1c, 0x0, ..., 0x95, 0xf8, 0x3f}
1.300803 : dispatching packet: 
1.300839 : 253: {0x50, 0xd, 0x0, 0x0, 0x0, 0x72, 0x1e, 0x0, 0x0, 0x1c, 0x0, 0x0, 0x0, 0x18, 0xb3, 0x52, 0x3d, 0xa1, 0xce, 0x2d, ..., 0x95, 0xf8, 0x3f}
1.359541 : 32: {0x7d, 0x50, 0x26, 0xfe, 0x75, 0x23, 0x63, 0x1e, 0x0, 0x0, 0x0, 0x0, 0x0, 0x0, 0x14, 0x0, 0x0, 0x0, 0x92, 0xf4, ..., 0x0, 0xd3, 0x7e}
1.359613 : dispatching packet: 
1.359656 : 29: {0x50, 0x26, 0xfe, 0x75, 0x23, 0x63, 0x1e, 0x0, 0x0, 0x0, 0x0, 0x0, 0x0, 0x14, 0x0, 0x0, 0x0, 0x92, 0xf4, 0x27, ..., 0x0, 0x0, 0x0}
1.417926 : 262: {0x7c, 0x7c, 0x7c, 0x7c, 0xfd, 0x0, 0x0, 0x0, 0x0, 0x50, 0xd, 0x0, 0x0, 0x0, 0x74, 0x1e, 0x0, 0x0, 0x1c, 0x0, ..., 0x28, 0xc, 0x40}
1.417972 : dispatching packet: 
1.418037 : 253: {0x50, 0xd, 0x0, 0x0, 0x0, 0x74, 0x1e, 0x0, 0x0, 0x1c, 0x0, 0x0, 0x0, 0x18, 0xb3, 0x52, 0x3d, 0xa1, 0xce, 0x2d, ..., 0x28, 0xc, 0x40}
1.420038 : 578: {0x7c, 0x7c, 0x7c, 0x7c, 0x39, 0x2, 0x0, 0x0, 0x0, 0x50, 0x11, 0x0, 0x0, 0x0, 0x74, 0x1e, 0x0, 0x0, 0xa2, 0x0, ..., 0xad, 0xad, 0xac}
1.420097 : dispatching packet: 
1.420153 : 569: {0x50, 0x11, 0x0, 0x0, 0x0, 0x74, 0x1e, 0x0, 0x0, 0xa2, 0x0, 0x0, 0x0, 0x0, 0x0, 0x0, 0x0, 0x1c, 0x0, 0x0, ..., 0xad, 0xad, 0xac}
1.422057 : 1020: {0x7c, 0x7c, 0x7c, 0x7c, 0x39, 0x2, 0x0, 0x0, 0x0, 0x50, 0x11, 0x0, 0x0, 0x0, 0x74, 0x1e, 0x0, 0x0, 0xa2, 0x0, ..., 0x97, 0x98, 0x9a}
1.422121 : dispatching packet: 
1.422145 : 569: {0x50, 0x11, 0x0, 0x0, 0x0, 0x74, 0x1e, 0x0, 0x0, 0xa2, 0x0, 0x0, 0x0, 0x1, 0x0, 0x0, 0x0, 0x1c, 0x0, 0x0, ..., 0xd3, 0xd1, 0xca}
1.424599 : 1020: {0x7c, 0x7c, 0x7c, 0x7c, 0x39, 0x2, 0x0, 0x0, 0x0, 0x50, 0x11, 0x0, 0x0, 0x0, 0x74, 0x1e, 0x0, 0x0, 0xa2, 0x0, ..., 0x96, 0x96, 0x97}
1.424651 : dispatching packet: 
1.424682 : 569: {0x50, 0x11, 0x0, 0x0, 0x0, 0x74, 0x1e, 0x0, 0x0, 0xa2, 0x0, 0x0, 0x0, 0x1, 0x0, 0x0, 0x0, 0x1c, 0x0, 0x0, ..., 0x8f, 0x90, 0x90}
1.424714 : Error parsing incoming data: lost bytes
1.424731 : Error parsing incoming data: CRC error
1.424746 : Error parsing incoming data: CRC error
1.430239 : 578: {0x7c, 0x7c, 0x7c, 0x7c, 0x39, 0x2, 0x0, 0x0, 0x0, 0x50, 0x11, 0x0, 0x0, 0x0, 0x74, 0x1e, 0x0, 0x0, 0xa2, 0x0, ..., 0xdf, 0xdd, 0xd5}
1.439968 : dispatching packet: 
1.440037 : 569: {0x50, 0x11, 0x0, 0x0, 0x0, 0x74, 0x1e, 0x0, 0x0, 0xa2, 0x0, 0x0, 0x0, 0x2, 0x0, 0x0, 0x0, 0x1c, 0x0, 0x0, ..., 0xad, 0xad, 0xad}
1.440088 : Error parsing incoming data: lost bytes
1.440115 : Error parsing incoming data: CRC error
1.440129 : Error parsing incoming data: CRC error
1.442284 : 136: {0x9b, 0x9b, 0x9b, 0x9c, 0x9d, 0x9e, 0x9f, 0x9f, 0x9f, 0x9f, 0xa0, 0xa0, 0xa1, 0xa2, 0xa2, 0xa2, 0xa2, 0xa3, 0xa4, 0xa4, ..., 0x94, 0x95, 0x96}
1.445215 : 136: {0x9b, 0x9a, 0x9a, 0x9a, 0x9a, 0x9b, 0x9b, 0x9c, 0x9c, 0x9c, 0x9c, 0x9c, 0x9c, 0x9d, 0x9d, 0x9d, 0x9d, 0x9e, 0x9e, 0x9e, ..., 0x7c, 0x7d, 0x81}
1.445302 : Error parsing incoming data: lost bytes
1.447960 : 1020: {0x7c, 0x7c, 0x7c, 0x7c, 0x39, 0x2, 0x0, 0x0, 0x0, 0x50, 0x11, 0x0, 0x0, 0x0, 0x74, 0x1e, 0x0, 0x0, 0xa2, 0x0, ..., 0x94, 0x93, 0x93}
1.448017 : dispatching packet: 
1.448061 : 569: {0x50, 0x11, 0x0, 0x0, 0x0, 0x74, 0x1e, 0x0, 0x0, 0xa2, 0x0, 0x0, 0x0, 0xa, 0x0, 0x0, 0x0, 0x1c, 0x0, 0x0, ..., 0xd5, 0xd3, 0xc9}
1.450792 : 1020: {0x7c, 0x7c, 0x7c, 0x7c, 0x39, 0x2, 0x0, 0x0, 0x0, 0x50, 0x11, 0x0, 0x0, 0x0, 0x74, 0x1e, 0x0, 0x0, 0xa2, 0x0, ..., 0x87, 0x85, 0x84}
1.450844 : dispatching packet: 
1.450876 : 569: {0x50, 0x11, 0x0, 0x0, 0x0, 0x74, 0x1e, 0x0, 0x0, 0xa2, 0x0, 0x0, 0x0, 0xa, 0x0, 0x0, 0x0, 0x1c, 0x0, 0x0, ..., 0x88, 0x88, 0x88}
1.450910 : Error parsing incoming data: CRC error
1.450946 : Error parsing incoming data: lost bytes
1.450979 : Error parsing incoming data: lost bytes
1.450999 : Error parsing incoming data: CRC error
1.451013 : Error parsing incoming data: CRC error
1.451030 : Error parsing incoming data: CRC error
1.451045 : Error parsing incoming data: CRC error
1.453786 : 1020: {0x7c, 0x7c, 0x7c, 0x7c, 0x39, 0x2, 0x0, 0x0, 0x0, 0x50, 0x11, 0x0, 0x0, 0x0, 0x74, 0x1e, 0x0, 0x0, 0xa2, 0x0, ..., 0x73, 0x72, 0x73}
1.453854 : dispatching packet: 
1.453909 : 569: {0x50, 0x11, 0x0, 0x0, 0x0, 0x74, 0x1e, 0x0, 0x0, 0xa2, 0x0, 0x0, 0x0, 0xb, 0x0, 0x0, 0x0, 0x1c, 0x0, 0x0, ..., 0x7e, 0x7d, 0x7d}
1.453954 : Error parsing incoming data: lost bytes
1.453974 : Error parsing incoming data: incomplete packer
1.453988 : Error parsing incoming data: incomplete packer
1.454000 : Error parsing incoming data: CRC error
1.454014 : Error parsing incoming data: CRC error
1.454031 : Error parsing incoming data: CRC error
1.454046 : Error parsing incoming data: CRC error
1.454055 : Error parsing incoming data: lost bytes
1.454065 : Error parsing incoming data: lost bytes
1.454074 : Error parsing incoming data: CRC error
1.456650 : 1020: {0x7c, 0x7c, 0x7c, 0x7c, 0x39, 0x2, 0x0, 0x0, 0x0, 0x50, 0x11, 0x0, 0x0, 0x0, 0x74, 0x1e, 0x0, 0x0, 0xa2, 0x0, ..., 0x6c, 0x6c, 0x72}
1.456789 : dispatching packet: 
1.456849 : 569: {0x50, 0x11, 0x0, 0x0, 0x0, 0x74, 0x1e, 0x0, 0x0, 0xa2, 0x0, 0x0, 0x0, 0xc, 0x0, 0x0, 0x0, 0x1c, 0x0, 0x0, ..., 0x83, 0x83, 0x82}
1.456918 : Error parsing incoming data: lost bytes
1.456946 : Error parsing incoming data: CRC error
1.456968 : Error parsing incoming data: CRC error
1.456986 : Error parsing incoming data: lost bytes
1.457002 : Error parsing incoming data: CRC error
1.457013 : Error parsing incoming data: CRC error
1.457024 : Error parsing incoming data: incomplete packer
1.457036 : Error parsing incoming data: lost bytes
1.457045 : Error parsing incoming data: lost bytes
1.459617 : 1020: {0x7c, 0x7c, 0x7c, 0x7c, 0x39, 0x2, 0x0, 0x0, 0x0, 0x50, 0x11, 0x0, 0x0, 0x0, 0x74, 0x1e, 0x0, 0x0, 0xa2, 0x0, ..., 0x70, 0x6f, 0x73}
1.459685 : dispatching packet: 
1.459732 : 569: {0x50, 0x11, 0x0, 0x0, 0x0, 0x74, 0x1e, 0x0, 0x0, 0xa2, 0x0, 0x0, 0x0, 0xd, 0x0, 0x0, 0x0, 0x1c, 0x0, 0x0, ..., 0x82, 0x82, 0x83}
1.459776 : Error parsing incoming data: lost bytes
1.459803 : Error parsing incoming data: lost bytes
1.459823 : Error parsing incoming data: incomplete packer
1.462409 : 1020: {0x7c, 0x7c, 0x7c, 0x7c, 0x39, 0x2, 0x0, 0x0, 0x0, 0x50, 0x11, 0x0, 0x0, 0x0, 0x74, 0x1e, 0x0, 0x0, 0xa2, 0x0, ..., 0x6f, 0x6c, 0x67}
1.465428 : 1020: {0x7c, 0x7c, 0x7c, 0x7c, 0x39, 0x2, 0x0, 0x0, 0x0, 0x50, 0x11, 0x0, 0x0, 0x0, 0x74, 0x1e, 0x0, 0x0, 0xa2, 0x0, ..., 0x81, 0x81, 0x80}
1.467930 : 1020: {0x7c, 0x7c, 0x7c, 0x7c, 0x39, 0x2, 0x0, 0x0, 0x0, 0x50, 0x11, 0x0, 0x0, 0x0, 0x74, 0x1e, 0x0, 0x0, 0xa2, 0x0, ..., 0x93, 0x93, 0x91}
1.470793 : 1020: {0x7c, 0x7c, 0x7c, 0x7c, 0x39, 0x2, 0x0, 0x0, 0x0, 0x50, 0x11, 0x0, 0x0, 0x0, 0x74, 0x1e, 0x0, 0x0, 0xa2, 0x0, ..., 0xa0, 0x9f, 0x9e}
1.473538 : 136: {0xa4, 0xa3, 0xa2, 0xa2, 0xa2, 0xa2, 0xa2, 0xa2, 0xa2, 0xa1, 0xa1, 0xa1, 0xa1, 0xa1, 0xa2, 0xa2, 0xa1, 0xa0, 0x9f, 0x9d, ..., 0x8d, 0x8e, 0x8f}
1.476522 : 136: {0xa5, 0xa3, 0xa2, 0xa1, 0xa0, 0xa0, 0xa0, 0xa0, 0xa1, 0xa0, 0xa0, 0xa0, 0x9f, 0xa0, 0xa0, 0xa0, 0x9f, 0x9e, 0x9c, 0x9a, ..., 0x90, 0x93, 0x95}
1.479230 : 136: {0xa1, 0xa0, 0x9f, 0x9f, 0x9e, 0x9c, 0x9b, 0x9a, 0x9a, 0x9a, 0x9a, 0x9b, 0x9c, 0x9c, 0x9d, 0x9c, 0x9a, 0x98, 0x95, 0x92, ..., 0x8b, 0x92, 0x95}
1.482010 : 1020: {0x7c, 0x7c, 0x7c, 0x7c, 0x39, 0x2, 0x0, 0x0, 0x0, 0x50, 0x11, 0x0, 0x0, 0x0, 0x74, 0x1e, 0x0, 0x0, 0xa2, 0x0, ..., 0x9e, 0x9f, 0x9f}
1.484730 : 136: {0x9e, 0x9e, 0x9f, 0x9f, 0x9e, 0x9c, 0x99, 0x97, 0x97, 0x97, 0x97, 0x98, 0x99, 0x9a, 0x9b, 0x9b, 0x9a, 0x98, 0x94, 0x8f, ..., 0x8f, 0x8f, 0x93}
1.487762 : 136: {0x9a, 0x9b, 0x9d, 0x9e, 0x9e, 0x9b, 0x96, 0x90, 0x8e, 0x8e, 0x8f, 0x90, 0x93, 0x97, 0x99, 0x9a, 0x99, 0x97, 0x92, 0x8a, ..., 0x96, 0x94, 0x94}
1.490419 : 136: {0x93, 0x98, 0x9c, 0x9d, 0x9c, 0x98, 0x91, 0x83, 0x62, 0x6f, 0x73, 0x7a, 0x85, 0x8d, 0x92, 0x94, 0x93, 0x90, 0x8a, 0x7f, ..., 0x98, 0x93, 0x90}
1.493123 : 136: {0x8f, 0x94, 0x96, 0x97, 0x95, 0x91, 0x8b, 0x87, 0x87, 0x87, 0x83, 0x77, 0x6d, 0x82, 0x8a, 0x8c, 0x8a, 0x84, 0x79, 0x78, ..., 0x95, 0x8f, 0x87}
1.495811 : 136: {0x8b, 0x8e, 0x90, 0x8e, 0x8a, 0x83, 0x82, 0x88, 0x8c, 0x8c, 0x88, 0x7e, 0x7d, 0x88, 0x8d, 0x8e, 0x8a, 0x7f, 0x53, 0x76, ..., 0x8d, 0x8b, 0x83}
1.496722 : 32: {0x7d, 0x50, 0x26, 0xfe, 0x75, 0x23, 0x74, 0x1e, 0x0, 0x0, 0x0, 0x0, 0x0, 0x0, 0x14, 0x0, 0x0, 0x0, 0x74, 0xcd, ..., 0x0, 0x12, 0x7e}
1.496939 : 262: {0x7c, 0x7c, 0x7c, 0x7c, 0xfd, 0x0, 0x0, 0x0, 0x0, 0x50, 0xd, 0x0, 0x0, 0x0, 0x75, 0x1e, 0x0, 0x0, 0x1c, 0x0, ..., 0x4c, 0x1c, 0x40}
1.537099 : 32: {0x7d, 0x50, 0x26, 0xfe, 0x75, 0x23, 0x74, 0x1e, 0x0, 0x0, 0x0, 0x0, 0x0, 0x0, 0x14, 0x0, 0x0, 0x0, 0x74, 0xcd, ..., 0x0, 0x54, 0x7e}
1.593963 : 262: {0x7c, 0x7c, 0x7c, 0x7c, 0xfd, 0x0, 0x0, 0x0, 0x0, 0x50, 0xd, 0x0, 0x0, 0x0, 0x77, 0x1e, 0x0, 0x0, 0x1c, 0x0, ..., 0x65, 0x2c, 0x40}
1.652483 : 262: {0x7c, 0x7c, 0x7c, 0x7c, 0xfd, 0x0, 0x0, 0x0, 0x0, 0x50, 0xd, 0x0, 0x0, 0x0, 0x78, 0x1e, 0x0, 0x0, 0x1c, 0x0, ..., 0xa9, 0x38, 0x40}
1.711388 : 32: {0x7d, 0x50, 0x26, 0xfe, 0x75, 0x23, 0x74, 0x1e, 0x0, 0x0, 0x0, 0x0, 0x0, 0x0, 0x14, 0x0, 0x0, 0x0, 0x74, 0xcd, ..., 0x0, 0xb, 0x7e}
1.769768 : 262: {0x7c, 0x7c, 0x7c, 0x7c, 0xfd, 0x0, 0x0, 0x0, 0x0, 0x50, 0xd, 0x0, 0x0, 0x0, 0x7a, 0x1e, 0x0, 0x0, 0x1c, 0x0, ..., 0xc8, 0x48, 0xc0}
1.828431 : 262: {0x7c, 0x7c, 0x7c, 0x7c, 0xfd, 0x0, 0x0, 0x0, 0x0, 0x50, 0xd, 0x0, 0x0, 0x0, 0x7b, 0x1e, 0x0, 0x0, 0x1c, 0x0, ..., 0x72, 0x38, 0xc0}
1.828700 : 32: {0x7d, 0x50, 0x26, 0xfe, 0x75, 0x23, 0x74, 0x1e, 0x0, 0x0, 0x0, 0x0, 0x0, 0x0, 0x14, 0x0, 0x0, 0x0, 0x74, 0xcd, ..., 0x0, 0x3e, 0x7e}
1.887068 : 262: {0x7c, 0x7c, 0x7c, 0x7c, 0xfd, 0x0, 0x0, 0x0, 0x0, 0x50, 0xd, 0x0, 0x0, 0x0, 0x7c, 0x1e, 0x0, 0x0, 0x1c, 0x0, ..., 0xa9, 0x31, 0xc0}
1.887330 : 32: {0x7d, 0x50, 0x26, 0xfe, 0x75, 0x23, 0x74, 0x1e, 0x0, 0x0, 0x0, 0x0, 0x0, 0x0, 0x14, 0x0, 0x0, 0x0, 0x74, 0xcd, ..., 0x0, 0x3b, 0x7e}
1.946572 : 130: {0x7c, 0x7c, 0x7c, 0x7c, 0x79, 0x0, 0x0, 0x0, 0x0, 0x50, 0x11, 0x0, 0x0, 0x0, 0x7d, 0x1e, 0x0, 0x0, 0xb0, 0x0, ..., 0x6a, 0x68, 0x6f}
1.947229 : 130: {0x7c, 0x7c, 0x7c, 0x7c, 0x79, 0x0, 0x0, 0x0, 0x0, 0x50, 0x11, 0x0, 0x0, 0x0, 0x7d, 0x1e, 0x0, 0x0, 0xb0, 0x0, ..., 0x8b, 0x90, 0x9c}
1.947969 : 130: {0x7c, 0x7c, 0x7c, 0x7c, 0x79, 0x0, 0x0, 0x0, 0x0, 0x50, 0x11, 0x0, 0x0, 0x0, 0x7d, 0x1e, 0x0, 0x0, 0xb0, 0x0, ..., 0x69, 0x6a, 0x6b}
1.948713 : 130: {0x7c, 0x7c, 0x7c, 0x7c, 0x79, 0x0, 0x0, 0x0, 0x0, 0x50, 0x11, 0x0, 0x0, 0x0, 0x7d, 0x1e, 0x0, 0x0, 0xb0, 0x0, ..., 0xcb, 0xc2, 0xab}
1.949441 : 130: {0x7c, 0x7c, 0x7c, 0x7c, 0x79, 0x0, 0x0, 0x0, 0x0, 0x50, 0x11, 0x0, 0x0, 0x0, 0x7d, 0x1e, 0x0, 0x0, 0xb0, 0x0, ..., 0xd8, 0xd0, 0xbc}
1.950179 : 130: {0x7c, 0x7c, 0x7c, 0x7c, 0x79, 0x0, 0x0, 0x0, 0x0, 0x50, 0x11, 0x0, 0x0, 0x0, 0x7d, 0x1e, 0x0, 0x0, 0xb0, 0x0, ..., 0x90, 0x99, 0x8e}
1.951758 : 130: {0x7c, 0x7c, 0x7c, 0x7c, 0x79, 0x0, 0x0, 0x0, 0x0, 0x50, 0x11, 0x0, 0x0, 0x0, 0x7d, 0x1e, 0x0, 0x0, 0xb0, 0x0, ..., 0xc4, 0xcd, 0xcc}
1.951830 : 130: {0x7c, 0x7c, 0x7c, 0x7c, 0x79, 0x0, 0x0, 0x0, 0x0, 0x50, 0x11, 0x0, 0x0, 0x0, 0x7d, 0x1e, 0x0, 0x0, 0xb0, 0x0, ..., 0x86, 0x8b, 0x88}
1.952561 : 130: {0x7c, 0x7c, 0x7c, 0x7c, 0x79, 0x0, 0x0, 0x0, 0x0, 0x50, 0x11, 0x0, 0x0, 0x0, 0x7d, 0x1e, 0x0, 0x0, 0xb0, 0x0, ..., 0x51, 0x6b, 0x6c}
1.953238 : 130: {0x7c, 0x7c, 0x7c, 0x7c, 0x79, 0x0, 0x0, 0x0, 0x0, 0x50, 0x11, 0x0, 0x0, 0x0, 0x7d, 0x1e, 0x0, 0x0, 0xb0, 0x0, ..., 0x79, 0x7f, 0x6e}
1.953990 : 130: {0x7c, 0x7c, 0x7c, 0x7c, 0x79, 0x0, 0x0, 0x0, 0x0, 0x50, 0x11, 0x0, 0x0, 0x0, 0x7d, 0x1e, 0x0, 0x0, 0xb0, 0x0, ..., 0x77, 0x77, 0x72}
1.954755 : 260: {0x7c, 0x7c, 0x7c, 0x7c, 0x79, 0x0, 0x0, 0x0, 0x0, 0x50, 0x11, 0x0, 0x0, 0x0, 0x7d, 0x1e, 0x0, 0x0, 0xb0, 0x0, ..., 0x65, 0x60, 0x69}
1.955502 : 260: {0x7c, 0x7c, 0x7c, 0x7c, 0x79, 0x0, 0x0, 0x0, 0x0, 0x50, 0x11, 0x0, 0x0, 0x0, 0x7d, 0x1e, 0x0, 0x0, 0xb0, 0x0, ..., 0x48, 0x59, 0x6a}
1.956953 : 130: {0x7c, 0x7c, 0x7c, 0x7c, 0x79, 0x0, 0x0, 0x0, 0x0, 0x50, 0x11, 0x0, 0x0, 0x0, 0x7d, 0x1e, 0x0, 0x0, 0xb0, 0x0, ..., 0x90, 0xa8, 0xac}
1.958552 : 260: {0x7c, 0x7c, 0x7c, 0x7c, 0x79, 0x0, 0x0, 0x0, 0x0, 0x50, 0x11, 0x0, 0x0, 0x0, 0x7d, 0x1e, 0x0, 0x0, 0xb0, 0x0, ..., 0x5b, 0x5c, 0x60}
1.960052 : 130: {0x7c, 0x7c, 0x7c, 0x7c, 0x79, 0x0, 0x0, 0x0, 0x0, 0x50, 0x11, 0x0, 0x0, 0x0, 0x7d, 0x1e, 0x0, 0x0, 0xb0, 0x0, ..., 0xcc, 0xc7, 0xb5}
1.960781 : 130: {0x7c, 0x7c, 0x7c, 0x7c, 0x79, 0x0, 0x0, 0x0, 0x0, 0x50, 0x11, 0x0, 0x0, 0x0, 0x7d, 0x1e, 0x0, 0x0, 0xb0, 0x0, ..., 0xc9, 0xcc, 0xbf}
1.961559 : 260: {0x7c, 0x7c, 0x7c, 0x7c, 0x79, 0x0, 0x0, 0x0, 0x0, 0x50, 0x11, 0x0, 0x0, 0x0, 0x7d, 0x1e, 0x0, 0x0, 0xb0, 0x0, ..., 0x71, 0x6c, 0x7a}
1.963101 : 260: {0x7c, 0x7c, 0x7c, 0x7c, 0x79, 0x0, 0x0, 0x0, 0x0, 0x50, 0x11, 0x0, 0x0, 0x0, 0x7d, 0x1e, 0x0, 0x0, 0xb0, 0x0, ..., 0x80, 0x85, 0x89}
1.963832 : 260: {0x7c, 0x7c, 0x7c, 0x7c, 0x79, 0x0, 0x0, 0x0, 0x0, 0x50, 0x11, 0x0, 0x0, 0x0, 0x7d, 0x1e, 0x0, 0x0, 0xb0, 0x0, ..., 0x80, 0x89, 0x8c}
1.966098 : 260: {0x7c, 0x7c, 0x7c, 0x7c, 0x79, 0x0, 0x0, 0x0, 0x0, 0x50, 0x11, 0x0, 0x0, 0x0, 0x7d, 0x1e, 0x0, 0x0, 0xb0, 0x0, ..., 0x66, 0x7b, 0x80}
2.006137 : 32: {0x7d, 0x50, 0x26, 0xfe, 0x75, 0x23, 0x74, 0x1e, 0x0, 0x0, 0x0, 0x0, 0x0, 0x0, 0x14, 0x0, 0x0, 0x0, 0x74, 0xcd, ..., 0x0, 0xfc, 0x7e}
2.019532 : Timeout waiting for response
2.019716 : ping -- end
2.019971 : unsubscribe -- begin
2.020007 : unsubscribe -- end
2.020061 : task ending: recorder
2.020159 : ~ActiveThread: recorder
2.020190 : ~RadarInterface -- begin
2.020204 : ~RadarInterface -- end
2.020259 : ~RadarCommunicator -- begin
2.020348 : task ending: writer
2.020418 : ~ActiveThread: writer
2.041858 : task ending: reader
2.041981 : ~ActiveThread: reader
2.042006 : Closing: /dev/cu.usbmodem1411
2.042092 : ~RadarCommunicator -- end
2.042140 : ~PacketDispatcher -- begin
2.042168 : task ending: dispatcher
2.042248 : ~PacketDispatcher -- end
2.042274 : ~ActiveThread: dispatcher
2.042297 : ~StdoutLogger
